ARM GAS  /var/folders/80/65lm4rm97rv_n74c85vt01040000gn/T//ccg7HbKu.s 			page 1


   1              		.cpu cortex-m4
   2              		.eabi_attribute 27, 1
   3              		.eabi_attribute 28, 1
   4              		.eabi_attribute 20, 1
   5              		.eabi_attribute 21, 1
   6              		.eabi_attribute 23, 3
   7              		.eabi_attribute 24, 1
   8              		.eabi_attribute 25, 1
   9              		.eabi_attribute 26, 1
  10              		.eabi_attribute 30, 1
  11              		.eabi_attribute 34, 1
  12              		.eabi_attribute 18, 4
  13              		.file	"dma.c"
  14              		.text
  15              	.Ltext0:
  16              		.cfi_sections	.debug_frame
  17              		.section	.text.MX_DMA_Init,"ax",%progbits
  18              		.align	1
  19              		.global	MX_DMA_Init
  20              		.arch armv7e-m
  21              		.syntax unified
  22              		.thumb
  23              		.thumb_func
  24              		.fpu fpv4-sp-d16
  26              	MX_DMA_Init:
  27              	.LFB126:
  28              		.file 1 "Src/dma.c"
   1:Src/dma.c     **** /**
   2:Src/dma.c     ****   ******************************************************************************
   3:Src/dma.c     ****   * File Name          : dma.c
   4:Src/dma.c     ****   * Description        : This file provides code for the configuration
   5:Src/dma.c     ****   *                      of all the requested memory to memory DMA transfers.
   6:Src/dma.c     ****   ******************************************************************************
   7:Src/dma.c     ****   * This notice applies to any and all portions of this file
   8:Src/dma.c     ****   * that are not between comment pairs USER CODE BEGIN and
   9:Src/dma.c     ****   * USER CODE END. Other portions of this file, whether 
  10:Src/dma.c     ****   * inserted by the user or by software development tools
  11:Src/dma.c     ****   * are owned by their respective copyright owners.
  12:Src/dma.c     ****   *
  13:Src/dma.c     ****   * Copyright (c) 2020 STMicroelectronics International N.V. 
  14:Src/dma.c     ****   * All rights reserved.
  15:Src/dma.c     ****   *
  16:Src/dma.c     ****   * Redistribution and use in source and binary forms, with or without 
  17:Src/dma.c     ****   * modification, are permitted, provided that the following conditions are met:
  18:Src/dma.c     ****   *
  19:Src/dma.c     ****   * 1. Redistribution of source code must retain the above copyright notice, 
  20:Src/dma.c     ****   *    this list of conditions and the following disclaimer.
  21:Src/dma.c     ****   * 2. Redistributions in binary form must reproduce the above copyright notice,
  22:Src/dma.c     ****   *    this list of conditions and the following disclaimer in the documentation
  23:Src/dma.c     ****   *    and/or other materials provided with the distribution.
  24:Src/dma.c     ****   * 3. Neither the name of STMicroelectronics nor the names of other 
  25:Src/dma.c     ****   *    contributors to this software may be used to endorse or promote products 
  26:Src/dma.c     ****   *    derived from this software without specific written permission.
  27:Src/dma.c     ****   * 4. This software, including modifications and/or derivative works of this 
  28:Src/dma.c     ****   *    software, must execute solely and exclusively on microcontroller or
  29:Src/dma.c     ****   *    microprocessor devices manufactured by or for STMicroelectronics.
  30:Src/dma.c     ****   * 5. Redistribution and use of this software other than as permitted under 
ARM GAS  /var/folders/80/65lm4rm97rv_n74c85vt01040000gn/T//ccg7HbKu.s 			page 2


  31:Src/dma.c     ****   *    this license is void and will automatically terminate your rights under 
  32:Src/dma.c     ****   *    this license. 
  33:Src/dma.c     ****   *
  34:Src/dma.c     ****   * THIS SOFTWARE IS PROVIDED BY STMICROELECTRONICS AND CONTRIBUTORS "AS IS" 
  35:Src/dma.c     ****   * AND ANY EXPRESS, IMPLIED OR STATUTORY WARRANTIES, INCLUDING, BUT NOT 
  36:Src/dma.c     ****   * LIMITED TO, THE IMPLIED WARRANTIES OF MERCHANTABILITY, FITNESS FOR A 
  37:Src/dma.c     ****   * PARTICULAR PURPOSE AND NON-INFRINGEMENT OF THIRD PARTY INTELLECTUAL PROPERTY
  38:Src/dma.c     ****   * RIGHTS ARE DISCLAIMED TO THE FULLEST EXTENT PERMITTED BY LAW. IN NO EVENT 
  39:Src/dma.c     ****   * SHALL STMICROELECTRONICS OR CONTRIBUTORS BE LIABLE FOR ANY DIRECT, INDIRECT,
  40:Src/dma.c     ****   * INCIDENTAL, SPECIAL, EXEMPLARY, OR CONSEQUENTIAL DAMAGES (INCLUDING, BUT NOT
  41:Src/dma.c     ****   * LIMITED TO, PROCUREMENT OF SUBSTITUTE GOODS OR SERVICES; LOSS OF USE, DATA, 
  42:Src/dma.c     ****   * OR PROFITS; OR BUSINESS INTERRUPTION) HOWEVER CAUSED AND ON ANY THEORY OF 
  43:Src/dma.c     ****   * LIABILITY, WHETHER IN CONTRACT, STRICT LIABILITY, OR TORT (INCLUDING 
  44:Src/dma.c     ****   * NEGLIGENCE OR OTHERWISE) ARISING IN ANY WAY OUT OF THE USE OF THIS SOFTWARE,
  45:Src/dma.c     ****   * EVEN IF ADVISED OF THE POSSIBILITY OF SUCH DAMAGE.
  46:Src/dma.c     ****   *
  47:Src/dma.c     ****   ******************************************************************************
  48:Src/dma.c     ****   */
  49:Src/dma.c     **** /* Includes ------------------------------------------------------------------*/
  50:Src/dma.c     **** #include "dma.h"
  51:Src/dma.c     **** 
  52:Src/dma.c     **** /* USER CODE BEGIN 0 */
  53:Src/dma.c     **** 
  54:Src/dma.c     **** /* USER CODE END 0 */
  55:Src/dma.c     **** 
  56:Src/dma.c     **** /*----------------------------------------------------------------------------*/
  57:Src/dma.c     **** /* Configure DMA                                                              */
  58:Src/dma.c     **** /*----------------------------------------------------------------------------*/
  59:Src/dma.c     **** 
  60:Src/dma.c     **** /* USER CODE BEGIN 1 */
  61:Src/dma.c     **** 
  62:Src/dma.c     **** /* USER CODE END 1 */
  63:Src/dma.c     **** 
  64:Src/dma.c     **** /** 
  65:Src/dma.c     ****   * Enable DMA controller clock
  66:Src/dma.c     ****   */
  67:Src/dma.c     **** void MX_DMA_Init(void) 
  68:Src/dma.c     **** {
  29              		.loc 1 68 1 view -0
  30              		.cfi_startproc
  31              		@ args = 0, pretend = 0, frame = 8
  32              		@ frame_needed = 0, uses_anonymous_args = 0
  33 0000 00B5     		push	{lr}
  34              	.LCFI0:
  35              		.cfi_def_cfa_offset 4
  36              		.cfi_offset 14, -4
  37 0002 83B0     		sub	sp, sp, #12
  38              	.LCFI1:
  39              		.cfi_def_cfa_offset 16
  69:Src/dma.c     ****   /* DMA controller clock enable */
  70:Src/dma.c     ****   __HAL_RCC_DMA1_CLK_ENABLE();
  40              		.loc 1 70 3 view .LVU1
  41              	.LBB2:
  42              		.loc 1 70 3 view .LVU2
  43              		.loc 1 70 3 view .LVU3
  44 0004 0A4B     		ldr	r3, .L3
  45 0006 5A69     		ldr	r2, [r3, #20]
ARM GAS  /var/folders/80/65lm4rm97rv_n74c85vt01040000gn/T//ccg7HbKu.s 			page 3


  46 0008 42F00102 		orr	r2, r2, #1
  47 000c 5A61     		str	r2, [r3, #20]
  48              		.loc 1 70 3 view .LVU4
  49 000e 5B69     		ldr	r3, [r3, #20]
  50 0010 03F00103 		and	r3, r3, #1
  51 0014 0193     		str	r3, [sp, #4]
  52              		.loc 1 70 3 view .LVU5
  53 0016 019B     		ldr	r3, [sp, #4]
  54              	.LBE2:
  55              		.loc 1 70 3 view .LVU6
  71:Src/dma.c     **** 
  72:Src/dma.c     ****   /* DMA interrupt init */
  73:Src/dma.c     ****   /* DMA1_Channel5_IRQn interrupt configuration */
  74:Src/dma.c     ****   HAL_NVIC_SetPriority(DMA1_Channel5_IRQn, 0, 0);
  56              		.loc 1 74 3 view .LVU7
  57 0018 0022     		movs	r2, #0
  58 001a 1146     		mov	r1, r2
  59 001c 0F20     		movs	r0, #15
  60 001e FFF7FEFF 		bl	HAL_NVIC_SetPriority
  61              	.LVL0:
  75:Src/dma.c     ****   HAL_NVIC_EnableIRQ(DMA1_Channel5_IRQn);
  62              		.loc 1 75 3 view .LVU8
  63 0022 0F20     		movs	r0, #15
  64 0024 FFF7FEFF 		bl	HAL_NVIC_EnableIRQ
  65              	.LVL1:
  76:Src/dma.c     **** 
  77:Src/dma.c     **** }
  66              		.loc 1 77 1 is_stmt 0 view .LVU9
  67 0028 03B0     		add	sp, sp, #12
  68              	.LCFI2:
  69              		.cfi_def_cfa_offset 4
  70              		@ sp needed
  71 002a 5DF804FB 		ldr	pc, [sp], #4
  72              	.L4:
  73 002e 00BF     		.align	2
  74              	.L3:
  75 0030 00100240 		.word	1073876992
  76              		.cfi_endproc
  77              	.LFE126:
  79              		.text
  80              	.Letext0:
  81              		.file 2 "/usr/local/Caskroom/gcc-arm-embedded/10-2020-q4-major/gcc-arm-none-eabi-10-2020-q4-major/
  82              		.file 3 "/usr/local/Caskroom/gcc-arm-embedded/10-2020-q4-major/gcc-arm-none-eabi-10-2020-q4-major/
  83              		.file 4 "Drivers/CMSIS/Device/ST/STM32F3xx/Include/stm32f373xc.h"
  84              		.file 5 "Drivers/STM32F3xx_HAL_Driver/Inc/stm32f3xx_hal_cortex.h"
ARM GAS  /var/folders/80/65lm4rm97rv_n74c85vt01040000gn/T//ccg7HbKu.s 			page 4


DEFINED SYMBOLS
                            *ABS*:0000000000000000 dma.c
/var/folders/80/65lm4rm97rv_n74c85vt01040000gn/T//ccg7HbKu.s:18     .text.MX_DMA_Init:0000000000000000 $t
/var/folders/80/65lm4rm97rv_n74c85vt01040000gn/T//ccg7HbKu.s:26     .text.MX_DMA_Init:0000000000000000 MX_DMA_Init
/var/folders/80/65lm4rm97rv_n74c85vt01040000gn/T//ccg7HbKu.s:75     .text.MX_DMA_Init:0000000000000030 $d

UNDEFINED SYMBOLS
HAL_NVIC_SetPriority
HAL_NVIC_EnableIRQ
