ARM GAS  /var/folders/80/65lm4rm97rv_n74c85vt01040000gn/T//ccP8UGhM.s 			page 1


   1              		.cpu cortex-m4
   2              		.eabi_attribute 27, 1
   3              		.eabi_attribute 28, 1
   4              		.eabi_attribute 20, 1
   5              		.eabi_attribute 21, 1
   6              		.eabi_attribute 23, 3
   7              		.eabi_attribute 24, 1
   8              		.eabi_attribute 25, 1
   9              		.eabi_attribute 26, 1
  10              		.eabi_attribute 30, 1
  11              		.eabi_attribute 34, 1
  12              		.eabi_attribute 18, 4
  13              		.file	"led.c"
  14              		.text
  15              	.Ltext0:
  16              		.cfi_sections	.debug_frame
  17              		.section	.text.LED_Update,"ax",%progbits
  18              		.align	1
  19              		.global	LED_Update
  20              		.arch armv7e-m
  21              		.syntax unified
  22              		.thumb
  23              		.thumb_func
  24              		.fpu fpv4-sp-d16
  26              	LED_Update:
  27              	.LFB127:
  28              		.file 1 "Src/led.c"
   1:Src/led.c     **** #include "led.h"
   2:Src/led.c     **** #include "tim.h"
   3:Src/led.c     **** #include "dac.h"
   4:Src/led.c     **** #include "stm32f3xx_hal_tim.h"
   5:Src/led.c     **** #include "digital.h"
   6:Src/led.c     **** #include "configuration.h"
   7:Src/led.c     **** 
   8:Src/led.c     **** bool ledupdate;
   9:Src/led.c     **** uint8_t ledupdatecounter;
  10:Src/led.c     **** Led_t leds[kNUMBER_OF_LEDS];
  11:Src/led.c     **** 
  12:Src/led.c     **** LED_ModeEnum ledmode;
  13:Src/led.c     **** uint16_t ledtimeout;
  14:Src/led.c     **** 
  15:Src/led.c     **** 
  16:Src/led.c     **** void LED_Init() {
  17:Src/led.c     ****   HAL_TIM_PWM_Start(&htim3,TIM_CHANNEL_1);
  18:Src/led.c     ****   HAL_TIM_PWM_Start(&htim3,TIM_CHANNEL_2);
  19:Src/led.c     ****   HAL_TIM_PWM_Start(&htim3,TIM_CHANNEL_3);
  20:Src/led.c     ****   HAL_TIM_PWM_Start(&htim3,TIM_CHANNEL_4);
  21:Src/led.c     ****   HAL_TIM_PWM_Start(&htim4,TIM_CHANNEL_1);
  22:Src/led.c     ****   HAL_TIM_PWM_Start(&htim4,TIM_CHANNEL_2);
  23:Src/led.c     ****   HAL_TIM_PWM_Start(&htim4,TIM_CHANNEL_3);
  24:Src/led.c     ****   HAL_TIM_PWM_Start(&htim4,TIM_CHANNEL_4);
  25:Src/led.c     ****   LED_Update();
  26:Src/led.c     **** }
  27:Src/led.c     **** 
  28:Src/led.c     **** void LED_Update() {
  29              		.loc 1 28 19 view -0
  30              		.cfi_startproc
ARM GAS  /var/folders/80/65lm4rm97rv_n74c85vt01040000gn/T//ccP8UGhM.s 			page 2


  31              		@ args = 0, pretend = 0, frame = 0
  32              		@ frame_needed = 0, uses_anonymous_args = 0
  33              		@ link register save eliminated.
  29:Src/led.c     ****   if(ledupdate) { 
  34              		.loc 1 29 3 view .LVU1
  35              		.loc 1 29 6 is_stmt 0 view .LVU2
  36 0000 A04B     		ldr	r3, .L50
  37 0002 1B78     		ldrb	r3, [r3]	@ zero_extendqisi2
  38              		.loc 1 29 5 view .LVU3
  39 0004 002B     		cmp	r3, #0
  40 0006 00F03B81 		beq	.L43
  28:Src/led.c     ****   if(ledupdate) { 
  41              		.loc 1 28 19 view .LVU4
  42 000a 30B4     		push	{r4, r5}
  43              	.LCFI0:
  44              		.cfi_def_cfa_offset 8
  45              		.cfi_offset 4, -8
  46              		.cfi_offset 5, -4
  30:Src/led.c     ****     switch(ledmode) {
  47              		.loc 1 30 5 is_stmt 1 view .LVU5
  48 000c 9E4B     		ldr	r3, .L50+4
  49 000e 1B78     		ldrb	r3, [r3]	@ zero_extendqisi2
  50 0010 032B     		cmp	r3, #3
  51 0012 00F20381 		bhi	.L3
  52 0016 DFE813F0 		tbh	[pc, r3, lsl #1]
  53              	.L5:
  54 001a 4C00     		.2byte	(.L37-.L5)/2
  55 001c 4E00     		.2byte	(.L7-.L5)/2
  56 001e E900     		.2byte	(.L6-.L5)/2
  57 0020 1B01     		.2byte	(.L4-.L5)/2
  58              	.LVL0:
  59              		.p2align 1
  60              	.L41:
  61              	.LBB2:
  31:Src/led.c     ****       case LED_Default:
  32:Src/led.c     ****         for (size_t i = 0; i < 4; i++)
  33:Src/led.c     ****         {
  34:Src/led.c     ****           if(dac.floatvalues[i] >= 0.0f) {
  35:Src/led.c     ****             leds[i].g = dac.floatvalues[i]*30 + (digital[i].state*90);
  36:Src/led.c     ****             leds[i].r = 0;
  37:Src/led.c     ****           } else {
  38:Src/led.c     ****             leds[i].g = 0;
  62              		.loc 1 38 13 view .LVU6
  63              		.loc 1 38 23 is_stmt 0 view .LVU7
  64 0022 9A48     		ldr	r0, .L50+8
  65 0024 03EB4301 		add	r1, r3, r3, lsl #1
  66 0028 4218     		adds	r2, r0, r1
  67 002a 0024     		movs	r4, #0
  68 002c 5470     		strb	r4, [r2, #1]
  39:Src/led.c     ****             leds[i].r = dac.floatvalues[i]*-30 + (digital[i].state*90);
  69              		.loc 1 39 13 is_stmt 1 view .LVU8
  70              		.loc 1 39 43 is_stmt 0 view .LVU9
  71 002e BBEE0E7A 		vmov.f32	s14, #-3.0e+1
  72 0032 67EE877A 		vmul.f32	s15, s15, s14
  73              		.loc 1 39 61 view .LVU10
  74 0036 03EB8102 		add	r2, r3, r1, lsl #2
  75 003a 954C     		ldr	r4, .L50+12
ARM GAS  /var/folders/80/65lm4rm97rv_n74c85vt01040000gn/T//ccP8UGhM.s 			page 3


  76 003c A25C     		ldrb	r2, [r4, r2]	@ zero_extendqisi2
  77              		.loc 1 39 67 view .LVU11
  78 003e 5A24     		movs	r4, #90
  79 0040 04FB02F2 		mul	r2, r4, r2
  80              		.loc 1 39 48 view .LVU12
  81 0044 07EE102A 		vmov	s14, r2	@ int
  82 0048 B8EEC77A 		vcvt.f32.s32	s14, s14
  83 004c 77EE277A 		vadd.f32	s15, s14, s15
  84              		.loc 1 39 23 view .LVU13
  85 0050 FCEEE77A 		vcvt.u32.f32	s15, s15
  86 0054 17EE902A 		vmov	r2, s15	@ int
  87 0058 4254     		strb	r2, [r0, r1]
  88              	.L11:
  32:Src/led.c     ****         {
  89              		.loc 1 32 35 is_stmt 1 discriminator 2 view .LVU14
  32:Src/led.c     ****         {
  90              		.loc 1 32 36 is_stmt 0 discriminator 2 view .LVU15
  91 005a 0133     		adds	r3, r3, #1
  92              	.LVL1:
  93              	.L8:
  32:Src/led.c     ****         {
  94              		.loc 1 32 28 is_stmt 1 discriminator 1 view .LVU16
  32:Src/led.c     ****         {
  95              		.loc 1 32 9 is_stmt 0 discriminator 1 view .LVU17
  96 005c 032B     		cmp	r3, #3
  97 005e 00F2DD80 		bhi	.L3
  34:Src/led.c     ****             leds[i].g = dac.floatvalues[i]*30 + (digital[i].state*90);
  98              		.loc 1 34 11 is_stmt 1 view .LVU18
  34:Src/led.c     ****             leds[i].g = dac.floatvalues[i]*30 + (digital[i].state*90);
  99              		.loc 1 34 29 is_stmt 0 view .LVU19
 100 0062 9A1C     		adds	r2, r3, #2
 101 0064 8B49     		ldr	r1, .L50+16
 102 0066 01EB8202 		add	r2, r1, r2, lsl #2
 103 006a D2ED007A 		vldr.32	s15, [r2]
  34:Src/led.c     ****             leds[i].g = dac.floatvalues[i]*30 + (digital[i].state*90);
 104              		.loc 1 34 13 view .LVU20
 105 006e F5EEC07A 		vcmpe.f32	s15, #0
 106 0072 F1EE10FA 		vmrs	APSR_nzcv, FPSCR
 107 0076 D4DB     		blt	.L41
  35:Src/led.c     ****             leds[i].r = 0;
 108              		.loc 1 35 13 is_stmt 1 view .LVU21
  35:Src/led.c     ****             leds[i].r = 0;
 109              		.loc 1 35 43 is_stmt 0 view .LVU22
 110 0078 B3EE0E7A 		vmov.f32	s14, #3.0e+1
 111 007c 27EE877A 		vmul.f32	s14, s15, s14
  35:Src/led.c     ****             leds[i].r = 0;
 112              		.loc 1 35 60 view .LVU23
 113 0080 03EB4301 		add	r1, r3, r3, lsl #1
 114 0084 03EB8102 		add	r2, r3, r1, lsl #2
 115 0088 8148     		ldr	r0, .L50+12
 116 008a 825C     		ldrb	r2, [r0, r2]	@ zero_extendqisi2
  35:Src/led.c     ****             leds[i].r = 0;
 117              		.loc 1 35 66 view .LVU24
 118 008c 5A20     		movs	r0, #90
 119 008e 00FB02F2 		mul	r2, r0, r2
 120 0092 07EE902A 		vmov	s15, r2	@ int
  35:Src/led.c     ****             leds[i].r = 0;
ARM GAS  /var/folders/80/65lm4rm97rv_n74c85vt01040000gn/T//ccP8UGhM.s 			page 4


 121              		.loc 1 35 47 view .LVU25
 122 0096 F8EEE77A 		vcvt.f32.s32	s15, s15
 123 009a 77EE877A 		vadd.f32	s15, s15, s14
  35:Src/led.c     ****             leds[i].r = 0;
 124              		.loc 1 35 23 view .LVU26
 125 009e 7B48     		ldr	r0, .L50+8
 126 00a0 4418     		adds	r4, r0, r1
 127 00a2 FCEEE77A 		vcvt.u32.f32	s15, s15
 128 00a6 17EE902A 		vmov	r2, s15	@ int
 129 00aa 6270     		strb	r2, [r4, #1]
  36:Src/led.c     ****           } else {
 130              		.loc 1 36 13 is_stmt 1 view .LVU27
  36:Src/led.c     ****           } else {
 131              		.loc 1 36 23 is_stmt 0 view .LVU28
 132 00ac 0022     		movs	r2, #0
 133 00ae 4254     		strb	r2, [r0, r1]
 134 00b0 D3E7     		b	.L11
 135              	.LVL2:
 136              	.L37:
  36:Src/led.c     ****           } else {
 137              		.loc 1 36 23 view .LVU29
 138              	.LBE2:
  30:Src/led.c     ****       case LED_Default:
 139              		.loc 1 30 5 view .LVU30
 140 00b2 0023     		movs	r3, #0
 141 00b4 D2E7     		b	.L8
 142              	.L7:
  40:Src/led.c     ****           }
  41:Src/led.c     ****         }
  42:Src/led.c     ****         break;
  43:Src/led.c     **** 
  44:Src/led.c     ****       case LED_Preset:
  45:Src/led.c     ****         ledtimeout -= 16;
 143              		.loc 1 45 9 is_stmt 1 view .LVU31
 144              		.loc 1 45 20 is_stmt 0 view .LVU32
 145 00b6 784A     		ldr	r2, .L50+20
 146 00b8 1388     		ldrh	r3, [r2]
 147 00ba 103B     		subs	r3, r3, #16
 148 00bc 9BB2     		uxth	r3, r3
 149 00be 1380     		strh	r3, [r2]	@ movhi
  46:Src/led.c     ****         if(ledtimeout == 0) {
 150              		.loc 1 46 9 is_stmt 1 view .LVU33
 151              		.loc 1 46 11 is_stmt 0 view .LVU34
 152 00c0 13B9     		cbnz	r3, .L13
  47:Src/led.c     ****           ledmode = LED_Default;
 153              		.loc 1 47 11 is_stmt 1 view .LVU35
 154              		.loc 1 47 19 is_stmt 0 view .LVU36
 155 00c2 714A     		ldr	r2, .L50+4
 156 00c4 0021     		movs	r1, #0
 157 00c6 1170     		strb	r1, [r2]
 158              	.L13:
  48:Src/led.c     ****         }
  49:Src/led.c     ****         if(configindex < 8) {
 159              		.loc 1 49 9 is_stmt 1 view .LVU37
 160              		.loc 1 49 24 is_stmt 0 view .LVU38
 161 00c8 744A     		ldr	r2, .L50+24
 162 00ca 1078     		ldrb	r0, [r2]	@ zero_extendqisi2
ARM GAS  /var/folders/80/65lm4rm97rv_n74c85vt01040000gn/T//ccP8UGhM.s 			page 5


 163              		.loc 1 49 11 view .LVU39
 164 00cc 0728     		cmp	r0, #7
 165 00ce 49D8     		bhi	.L14
  50:Src/led.c     ****           if(configindex < 4) {
 166              		.loc 1 50 11 is_stmt 1 view .LVU40
 167              		.loc 1 50 13 is_stmt 0 view .LVU41
 168 00d0 0328     		cmp	r0, #3
 169 00d2 23D9     		bls	.L38
 170              	.LBB3:
  51:Src/led.c     ****             for (size_t i = 0; i < 4; i++)
  52:Src/led.c     ****             { 
  53:Src/led.c     ****               leds[i].r = 0;
  54:Src/led.c     ****               if(configindex%4 == i) {
  55:Src/led.c     ****                 leds[i].g = 255*((ledtimeout/7)%2);
  56:Src/led.c     ****               } else {
  57:Src/led.c     ****                 leds[i].g = 0;
  58:Src/led.c     ****               }
  59:Src/led.c     ****             }
  60:Src/led.c     ****           } else {
  61:Src/led.c     ****             for (size_t i = 0; i < 4; i++)
 171              		.loc 1 61 25 view .LVU42
 172 00d4 0022     		movs	r2, #0
 173 00d6 2AE0     		b	.L16
 174              	.LVL3:
 175              	.L46:
 176              		.loc 1 61 25 view .LVU43
 177              	.LBE3:
 178              	.LBB4:
  55:Src/led.c     ****               } else {
 179              		.loc 1 55 17 is_stmt 1 view .LVU44
  55:Src/led.c     ****               } else {
 180              		.loc 1 55 27 is_stmt 0 view .LVU45
 181 00d8 02EB4201 		add	r1, r2, r2, lsl #1
 182 00dc 0C44     		add	r4, r4, r1
 183 00de 7049     		ldr	r1, .L50+28
 184 00e0 A1FB0351 		umull	r5, r1, r1, r3
 185 00e4 5D1A     		subs	r5, r3, r1
 186 00e6 01EB5501 		add	r1, r1, r5, lsr #1
 187 00ea 41F38001 		sbfx	r1, r1, #2, #1
 188 00ee 6170     		strb	r1, [r4, #1]
 189              	.L18:
  51:Src/led.c     ****             for (size_t i = 0; i < 4; i++)
 190              		.loc 1 51 39 is_stmt 1 discriminator 2 view .LVU46
  51:Src/led.c     ****             for (size_t i = 0; i < 4; i++)
 191              		.loc 1 51 40 is_stmt 0 discriminator 2 view .LVU47
 192 00f0 0132     		adds	r2, r2, #1
 193              	.LVL4:
 194              	.L15:
  51:Src/led.c     ****             for (size_t i = 0; i < 4; i++)
 195              		.loc 1 51 32 is_stmt 1 discriminator 1 view .LVU48
  51:Src/led.c     ****             for (size_t i = 0; i < 4; i++)
 196              		.loc 1 51 13 is_stmt 0 discriminator 1 view .LVU49
 197 00f2 032A     		cmp	r2, #3
 198 00f4 00F29280 		bhi	.L3
  53:Src/led.c     ****               if(configindex%4 == i) {
 199              		.loc 1 53 15 is_stmt 1 view .LVU50
  53:Src/led.c     ****               if(configindex%4 == i) {
ARM GAS  /var/folders/80/65lm4rm97rv_n74c85vt01040000gn/T//ccP8UGhM.s 			page 6


 200              		.loc 1 53 25 is_stmt 0 view .LVU51
 201 00f8 02EB4201 		add	r1, r2, r2, lsl #1
 202 00fc 634C     		ldr	r4, .L50+8
 203 00fe 4FF0000C 		mov	ip, #0
 204 0102 04F801C0 		strb	ip, [r4, r1]
  54:Src/led.c     ****                 leds[i].g = 255*((ledtimeout/7)%2);
 205              		.loc 1 54 15 is_stmt 1 view .LVU52
  54:Src/led.c     ****                 leds[i].g = 255*((ledtimeout/7)%2);
 206              		.loc 1 54 29 is_stmt 0 view .LVU53
 207 0106 00F00301 		and	r1, r0, #3
  54:Src/led.c     ****                 leds[i].g = 255*((ledtimeout/7)%2);
 208              		.loc 1 54 17 view .LVU54
 209 010a 9142     		cmp	r1, r2
 210 010c E4D0     		beq	.L46
  57:Src/led.c     ****               }
 211              		.loc 1 57 17 is_stmt 1 view .LVU55
  57:Src/led.c     ****               }
 212              		.loc 1 57 27 is_stmt 0 view .LVU56
 213 010e 02EB4204 		add	r4, r2, r2, lsl #1
 214 0112 5E49     		ldr	r1, .L50+8
 215 0114 2144     		add	r1, r1, r4
 216 0116 0024     		movs	r4, #0
 217 0118 4C70     		strb	r4, [r1, #1]
 218 011a E9E7     		b	.L18
 219              	.LVL5:
 220              	.L38:
  51:Src/led.c     ****             { 
 221              		.loc 1 51 25 view .LVU57
 222 011c 0022     		movs	r2, #0
 223 011e E8E7     		b	.L15
 224              	.LVL6:
 225              	.L47:
  51:Src/led.c     ****             { 
 226              		.loc 1 51 25 view .LVU58
 227              	.LBE4:
 228              	.LBB5:
  62:Src/led.c     ****             { 
  63:Src/led.c     ****               leds[i].r = 0;
  64:Src/led.c     ****               if(configindex%4 == i) {
  65:Src/led.c     ****                 leds[i].g = 0;
 229              		.loc 1 65 17 is_stmt 1 view .LVU59
 230              		.loc 1 65 27 is_stmt 0 view .LVU60
 231 0120 02EB4204 		add	r4, r2, r2, lsl #1
 232 0124 5949     		ldr	r1, .L50+8
 233 0126 2144     		add	r1, r1, r4
 234 0128 81F801C0 		strb	ip, [r1, #1]
 235              	.L21:
  61:Src/led.c     ****             { 
 236              		.loc 1 61 39 is_stmt 1 discriminator 2 view .LVU61
  61:Src/led.c     ****             { 
 237              		.loc 1 61 40 is_stmt 0 discriminator 2 view .LVU62
 238 012c 0132     		adds	r2, r2, #1
 239              	.LVL7:
 240              	.L16:
  61:Src/led.c     ****             { 
 241              		.loc 1 61 32 is_stmt 1 discriminator 1 view .LVU63
  61:Src/led.c     ****             { 
ARM GAS  /var/folders/80/65lm4rm97rv_n74c85vt01040000gn/T//ccP8UGhM.s 			page 7


 242              		.loc 1 61 13 is_stmt 0 discriminator 1 view .LVU64
 243 012e 032A     		cmp	r2, #3
 244 0130 74D8     		bhi	.L3
  63:Src/led.c     ****               if(configindex%4 == i) {
 245              		.loc 1 63 15 is_stmt 1 view .LVU65
  63:Src/led.c     ****               if(configindex%4 == i) {
 246              		.loc 1 63 25 is_stmt 0 view .LVU66
 247 0132 02EB4201 		add	r1, r2, r2, lsl #1
 248 0136 554C     		ldr	r4, .L50+8
 249 0138 4FF0000C 		mov	ip, #0
 250 013c 04F801C0 		strb	ip, [r4, r1]
  64:Src/led.c     ****                 leds[i].g = 0;
 251              		.loc 1 64 15 is_stmt 1 view .LVU67
  64:Src/led.c     ****                 leds[i].g = 0;
 252              		.loc 1 64 29 is_stmt 0 view .LVU68
 253 0140 00F00301 		and	r1, r0, #3
  64:Src/led.c     ****                 leds[i].g = 0;
 254              		.loc 1 64 17 view .LVU69
 255 0144 9142     		cmp	r1, r2
 256 0146 EBD0     		beq	.L47
  66:Src/led.c     ****               } else {
  67:Src/led.c     ****                 leds[i].g = 255*((ledtimeout/7)%2);
 257              		.loc 1 67 17 is_stmt 1 view .LVU70
 258              		.loc 1 67 27 is_stmt 0 view .LVU71
 259 0148 02EB4201 		add	r1, r2, r2, lsl #1
 260 014c 4F4C     		ldr	r4, .L50+8
 261 014e 0C44     		add	r4, r4, r1
 262 0150 5349     		ldr	r1, .L50+28
 263 0152 A1FB0351 		umull	r5, r1, r1, r3
 264 0156 5D1A     		subs	r5, r3, r1
 265 0158 01EB5501 		add	r1, r1, r5, lsr #1
 266 015c 41F38001 		sbfx	r1, r1, #2, #1
 267 0160 6170     		strb	r1, [r4, #1]
 268 0162 E3E7     		b	.L21
 269              	.LVL8:
 270              	.L14:
 271              		.loc 1 67 27 view .LVU72
 272              	.LBE5:
  68:Src/led.c     ****               }
  69:Src/led.c     ****             }
  70:Src/led.c     ****           }
  71:Src/led.c     ****         } else {
  72:Src/led.c     ****           if(configindex < 12) {
 273              		.loc 1 72 11 is_stmt 1 view .LVU73
 274              		.loc 1 72 13 is_stmt 0 view .LVU74
 275 0164 0B28     		cmp	r0, #11
 276 0166 20D9     		bls	.L39
 277              	.LBB6:
  73:Src/led.c     ****             for (size_t i = 0; i < 4; i++)
  74:Src/led.c     ****             { 
  75:Src/led.c     ****               leds[i].g = 0;
  76:Src/led.c     ****               if(configindex%4 == i) {
  77:Src/led.c     ****                 leds[i].r = 255*((ledtimeout/7)%2);
  78:Src/led.c     ****               } else {
  79:Src/led.c     ****                 leds[i].r = 0;
  80:Src/led.c     ****               }
  81:Src/led.c     ****             }
ARM GAS  /var/folders/80/65lm4rm97rv_n74c85vt01040000gn/T//ccP8UGhM.s 			page 8


  82:Src/led.c     ****           } else {
  83:Src/led.c     ****             for (size_t i = 0; i < 4; i++)
 278              		.loc 1 83 25 view .LVU75
 279 0168 0022     		movs	r2, #0
 280 016a 26E0     		b	.L24
 281              	.LVL9:
 282              	.L48:
 283              		.loc 1 83 25 view .LVU76
 284              	.LBE6:
 285              	.LBB7:
  77:Src/led.c     ****               } else {
 286              		.loc 1 77 17 is_stmt 1 view .LVU77
  77:Src/led.c     ****               } else {
 287              		.loc 1 77 27 is_stmt 0 view .LVU78
 288 016c 02EB4204 		add	r4, r2, r2, lsl #1
 289 0170 4B49     		ldr	r1, .L50+28
 290 0172 A1FB0351 		umull	r5, r1, r1, r3
 291 0176 5D1A     		subs	r5, r3, r1
 292 0178 01EB5501 		add	r1, r1, r5, lsr #1
 293 017c 41F38001 		sbfx	r1, r1, #2, #1
 294 0180 424D     		ldr	r5, .L50+8
 295 0182 2955     		strb	r1, [r5, r4]
 296              	.L26:
  73:Src/led.c     ****             for (size_t i = 0; i < 4; i++)
 297              		.loc 1 73 39 is_stmt 1 discriminator 2 view .LVU79
  73:Src/led.c     ****             for (size_t i = 0; i < 4; i++)
 298              		.loc 1 73 40 is_stmt 0 discriminator 2 view .LVU80
 299 0184 0132     		adds	r2, r2, #1
 300              	.LVL10:
 301              	.L23:
  73:Src/led.c     ****             for (size_t i = 0; i < 4; i++)
 302              		.loc 1 73 32 is_stmt 1 discriminator 1 view .LVU81
  73:Src/led.c     ****             for (size_t i = 0; i < 4; i++)
 303              		.loc 1 73 13 is_stmt 0 discriminator 1 view .LVU82
 304 0186 032A     		cmp	r2, #3
 305 0188 48D8     		bhi	.L3
  75:Src/led.c     ****               if(configindex%4 == i) {
 306              		.loc 1 75 15 is_stmt 1 view .LVU83
  75:Src/led.c     ****               if(configindex%4 == i) {
 307              		.loc 1 75 25 is_stmt 0 view .LVU84
 308 018a 02EB4204 		add	r4, r2, r2, lsl #1
 309 018e 3F49     		ldr	r1, .L50+8
 310 0190 2144     		add	r1, r1, r4
 311 0192 0024     		movs	r4, #0
 312 0194 4C70     		strb	r4, [r1, #1]
  76:Src/led.c     ****                 leds[i].r = 255*((ledtimeout/7)%2);
 313              		.loc 1 76 15 is_stmt 1 view .LVU85
  76:Src/led.c     ****                 leds[i].r = 255*((ledtimeout/7)%2);
 314              		.loc 1 76 29 is_stmt 0 view .LVU86
 315 0196 00F00301 		and	r1, r0, #3
  76:Src/led.c     ****                 leds[i].r = 255*((ledtimeout/7)%2);
 316              		.loc 1 76 17 view .LVU87
 317 019a 9142     		cmp	r1, r2
 318 019c E6D0     		beq	.L48
  79:Src/led.c     ****               }
 319              		.loc 1 79 17 is_stmt 1 view .LVU88
  79:Src/led.c     ****               }
ARM GAS  /var/folders/80/65lm4rm97rv_n74c85vt01040000gn/T//ccP8UGhM.s 			page 9


 320              		.loc 1 79 27 is_stmt 0 view .LVU89
 321 019e 02EB4201 		add	r1, r2, r2, lsl #1
 322 01a2 3A4C     		ldr	r4, .L50+8
 323 01a4 0025     		movs	r5, #0
 324 01a6 6554     		strb	r5, [r4, r1]
 325 01a8 ECE7     		b	.L26
 326              	.LVL11:
 327              	.L39:
  73:Src/led.c     ****             { 
 328              		.loc 1 73 25 view .LVU90
 329 01aa 0022     		movs	r2, #0
 330 01ac EBE7     		b	.L23
 331              	.LVL12:
 332              	.L49:
  73:Src/led.c     ****             { 
 333              		.loc 1 73 25 view .LVU91
 334              	.LBE7:
 335              	.LBB8:
  84:Src/led.c     ****             { 
  85:Src/led.c     ****               leds[i].g = 0;
  86:Src/led.c     ****               if(configindex%4 == i) {
  87:Src/led.c     ****                 leds[i].r = 0;
 336              		.loc 1 87 17 is_stmt 1 view .LVU92
 337              		.loc 1 87 27 is_stmt 0 view .LVU93
 338 01ae 02EB4201 		add	r1, r2, r2, lsl #1
 339 01b2 364C     		ldr	r4, .L50+8
 340 01b4 0025     		movs	r5, #0
 341 01b6 6554     		strb	r5, [r4, r1]
 342              	.L29:
  83:Src/led.c     ****             { 
 343              		.loc 1 83 39 is_stmt 1 discriminator 2 view .LVU94
  83:Src/led.c     ****             { 
 344              		.loc 1 83 40 is_stmt 0 discriminator 2 view .LVU95
 345 01b8 0132     		adds	r2, r2, #1
 346              	.LVL13:
 347              	.L24:
  83:Src/led.c     ****             { 
 348              		.loc 1 83 32 is_stmt 1 discriminator 1 view .LVU96
  83:Src/led.c     ****             { 
 349              		.loc 1 83 13 is_stmt 0 discriminator 1 view .LVU97
 350 01ba 032A     		cmp	r2, #3
 351 01bc 2ED8     		bhi	.L3
  85:Src/led.c     ****               if(configindex%4 == i) {
 352              		.loc 1 85 15 is_stmt 1 view .LVU98
  85:Src/led.c     ****               if(configindex%4 == i) {
 353              		.loc 1 85 25 is_stmt 0 view .LVU99
 354 01be 02EB4204 		add	r4, r2, r2, lsl #1
 355 01c2 3249     		ldr	r1, .L50+8
 356 01c4 2144     		add	r1, r1, r4
 357 01c6 0024     		movs	r4, #0
 358 01c8 4C70     		strb	r4, [r1, #1]
  86:Src/led.c     ****                 leds[i].r = 0;
 359              		.loc 1 86 15 is_stmt 1 view .LVU100
  86:Src/led.c     ****                 leds[i].r = 0;
 360              		.loc 1 86 29 is_stmt 0 view .LVU101
 361 01ca 00F00301 		and	r1, r0, #3
  86:Src/led.c     ****                 leds[i].r = 0;
ARM GAS  /var/folders/80/65lm4rm97rv_n74c85vt01040000gn/T//ccP8UGhM.s 			page 10


 362              		.loc 1 86 17 view .LVU102
 363 01ce 9142     		cmp	r1, r2
 364 01d0 EDD0     		beq	.L49
  88:Src/led.c     ****               } else {
  89:Src/led.c     ****                 leds[i].r = 255*((ledtimeout/7)%2);
 365              		.loc 1 89 17 is_stmt 1 view .LVU103
 366              		.loc 1 89 27 is_stmt 0 view .LVU104
 367 01d2 02EB4204 		add	r4, r2, r2, lsl #1
 368 01d6 3249     		ldr	r1, .L50+28
 369 01d8 A1FB0351 		umull	r5, r1, r1, r3
 370 01dc 5D1A     		subs	r5, r3, r1
 371 01de 01EB5501 		add	r1, r1, r5, lsr #1
 372 01e2 41F38001 		sbfx	r1, r1, #2, #1
 373 01e6 294D     		ldr	r5, .L50+8
 374 01e8 2955     		strb	r1, [r5, r4]
 375 01ea E5E7     		b	.L29
 376              	.LVL14:
 377              	.L6:
 378              		.loc 1 89 27 view .LVU105
 379              	.LBE8:
  90:Src/led.c     ****               }
  91:Src/led.c     ****             }
  92:Src/led.c     ****           }
  93:Src/led.c     ****         }
  94:Src/led.c     ****         break;
  95:Src/led.c     **** 
  96:Src/led.c     ****       case LED_Connected:
  97:Src/led.c     ****         ledtimeout -= 8;
 380              		.loc 1 97 9 is_stmt 1 view .LVU106
 381              		.loc 1 97 20 is_stmt 0 view .LVU107
 382 01ec 2A4B     		ldr	r3, .L50+20
 383 01ee 1C88     		ldrh	r4, [r3]
 384 01f0 083C     		subs	r4, r4, #8
 385 01f2 A4B2     		uxth	r4, r4
 386 01f4 1C80     		strh	r4, [r3]	@ movhi
  98:Src/led.c     ****         if(ledtimeout == 0) {
 387              		.loc 1 98 9 is_stmt 1 view .LVU108
 388              		.loc 1 98 11 is_stmt 0 view .LVU109
 389 01f6 14B9     		cbnz	r4, .L31
  99:Src/led.c     ****           ledmode = LED_Default;
 390              		.loc 1 99 11 is_stmt 1 view .LVU110
 391              		.loc 1 99 19 is_stmt 0 view .LVU111
 392 01f8 234B     		ldr	r3, .L50+4
 393 01fa 0022     		movs	r2, #0
 394 01fc 1A70     		strb	r2, [r3]
 395              	.L31:
 396              	.LBB9:
  83:Src/led.c     ****             { 
 397              		.loc 1 83 25 discriminator 1 view .LVU112
 398 01fe 0023     		movs	r3, #0
 399 0200 0AE0     		b	.L32
 400              	.LVL15:
 401              	.L33:
  83:Src/led.c     ****             { 
 402              		.loc 1 83 25 discriminator 1 view .LVU113
 403              	.LBE9:
 404              	.LBB10:
ARM GAS  /var/folders/80/65lm4rm97rv_n74c85vt01040000gn/T//ccP8UGhM.s 			page 11


 100:Src/led.c     ****         }
 101:Src/led.c     ****         for (size_t i = 0; i < 4; i++) {
 102:Src/led.c     ****           leds[i].r = -ledtimeout;
 405              		.loc 1 102 11 is_stmt 1 discriminator 3 view .LVU114
 406              		.loc 1 102 21 is_stmt 0 discriminator 3 view .LVU115
 407 0202 6242     		rsbs	r2, r4, #0
 408 0204 D2B2     		uxtb	r2, r2
 409 0206 2148     		ldr	r0, .L50+8
 410 0208 03EB4301 		add	r1, r3, r3, lsl #1
 411 020c 00EB010C 		add	ip, r0, r1
 412 0210 4254     		strb	r2, [r0, r1]
 103:Src/led.c     ****           leds[i].g = -ledtimeout; 
 413              		.loc 1 103 11 is_stmt 1 discriminator 3 view .LVU116
 414              		.loc 1 103 21 is_stmt 0 discriminator 3 view .LVU117
 415 0212 8CF80120 		strb	r2, [ip, #1]
 101:Src/led.c     ****           leds[i].r = -ledtimeout;
 416              		.loc 1 101 35 is_stmt 1 discriminator 3 view .LVU118
 101:Src/led.c     ****           leds[i].r = -ledtimeout;
 417              		.loc 1 101 36 is_stmt 0 discriminator 3 view .LVU119
 418 0216 0133     		adds	r3, r3, #1
 419              	.LVL16:
 420              	.L32:
 101:Src/led.c     ****           leds[i].r = -ledtimeout;
 421              		.loc 1 101 28 is_stmt 1 discriminator 1 view .LVU120
 101:Src/led.c     ****           leds[i].r = -ledtimeout;
 422              		.loc 1 101 9 is_stmt 0 discriminator 1 view .LVU121
 423 0218 032B     		cmp	r3, #3
 424 021a F2D9     		bls	.L33
 425              	.LVL17:
 426              	.L3:
 101:Src/led.c     ****           leds[i].r = -ledtimeout;
 427              		.loc 1 101 9 discriminator 1 view .LVU122
 428              	.LBE10:
 104:Src/led.c     ****         }
 105:Src/led.c     ****         break;
 106:Src/led.c     **** 
 107:Src/led.c     ****       case LED_Disconnected:
 108:Src/led.c     ****         ledtimeout -= 8;
 109:Src/led.c     ****         if(ledtimeout == 0) {
 110:Src/led.c     ****           ledmode = LED_Default;
 111:Src/led.c     ****         }
 112:Src/led.c     ****         for (size_t i = 0; i < 4; i++) {
 113:Src/led.c     ****           leds[i].r = ledtimeout;
 114:Src/led.c     ****           leds[i].g = ledtimeout; 
 115:Src/led.c     ****         }
 116:Src/led.c     ****         break;
 117:Src/led.c     **** 
 118:Src/led.c     ****       case LED_Uploading:
 119:Src/led.c     ****         break;
 120:Src/led.c     **** 
 121:Src/led.c     ****       case LED_Fixed:
 122:Src/led.c     ****         break;
 123:Src/led.c     ****   
 124:Src/led.c     ****     }
 125:Src/led.c     **** 
 126:Src/led.c     ****     __HAL_TIM_SET_COMPARE(&htim3,TIM_CHANNEL_1,leds[0].r);
 429              		.loc 1 126 5 is_stmt 1 view .LVU123
ARM GAS  /var/folders/80/65lm4rm97rv_n74c85vt01040000gn/T//ccP8UGhM.s 			page 12


 430 021c 214B     		ldr	r3, .L50+32
 431 021e 1A68     		ldr	r2, [r3]
 432 0220 1A4B     		ldr	r3, .L50+8
 433 0222 1978     		ldrb	r1, [r3]	@ zero_extendqisi2
 434 0224 5163     		str	r1, [r2, #52]
 127:Src/led.c     ****     __HAL_TIM_SET_COMPARE(&htim3,TIM_CHANNEL_2,leds[0].g);
 435              		.loc 1 127 5 view .LVU124
 436 0226 5978     		ldrb	r1, [r3, #1]	@ zero_extendqisi2
 437 0228 9163     		str	r1, [r2, #56]
 128:Src/led.c     **** 
 129:Src/led.c     ****     __HAL_TIM_SET_COMPARE(&htim3,TIM_CHANNEL_4,leds[1].r);
 438              		.loc 1 129 5 view .LVU125
 439 022a D978     		ldrb	r1, [r3, #3]	@ zero_extendqisi2
 440 022c 1164     		str	r1, [r2, #64]
 130:Src/led.c     ****     __HAL_TIM_SET_COMPARE(&htim3,TIM_CHANNEL_3,leds[1].g);
 441              		.loc 1 130 5 view .LVU126
 442 022e 1979     		ldrb	r1, [r3, #4]	@ zero_extendqisi2
 443 0230 D163     		str	r1, [r2, #60]
 131:Src/led.c     **** 
 132:Src/led.c     ****     __HAL_TIM_SET_COMPARE(&htim4,TIM_CHANNEL_3,leds[2].r);
 444              		.loc 1 132 5 view .LVU127
 445 0232 1D4A     		ldr	r2, .L50+36
 446 0234 1268     		ldr	r2, [r2]
 447 0236 9979     		ldrb	r1, [r3, #6]	@ zero_extendqisi2
 448 0238 D163     		str	r1, [r2, #60]
 133:Src/led.c     ****     __HAL_TIM_SET_COMPARE(&htim4,TIM_CHANNEL_4,leds[2].g);
 449              		.loc 1 133 5 view .LVU128
 450 023a D979     		ldrb	r1, [r3, #7]	@ zero_extendqisi2
 451 023c 1164     		str	r1, [r2, #64]
 134:Src/led.c     **** 
 135:Src/led.c     ****     __HAL_TIM_SET_COMPARE(&htim4,TIM_CHANNEL_1,leds[3].r);
 452              		.loc 1 135 5 view .LVU129
 453 023e 597A     		ldrb	r1, [r3, #9]	@ zero_extendqisi2
 454 0240 5163     		str	r1, [r2, #52]
 136:Src/led.c     ****     __HAL_TIM_SET_COMPARE(&htim4,TIM_CHANNEL_2,leds[3].g);
 455              		.loc 1 136 5 view .LVU130
 456 0242 9B7A     		ldrb	r3, [r3, #10]	@ zero_extendqisi2
 457 0244 9363     		str	r3, [r2, #56]
 137:Src/led.c     **** 
 138:Src/led.c     ****     ledupdate = false;
 458              		.loc 1 138 5 view .LVU131
 459              		.loc 1 138 15 is_stmt 0 view .LVU132
 460 0246 0F4B     		ldr	r3, .L50
 461 0248 0022     		movs	r2, #0
 462 024a 1A70     		strb	r2, [r3]
 139:Src/led.c     ****   }
 140:Src/led.c     **** }
 463              		.loc 1 140 1 view .LVU133
 464 024c 30BC     		pop	{r4, r5}
 465              	.LCFI1:
 466              		.cfi_remember_state
 467              		.cfi_restore 5
 468              		.cfi_restore 4
 469              		.cfi_def_cfa_offset 0
 470 024e 7047     		bx	lr
 471              	.L4:
 472              	.LCFI2:
ARM GAS  /var/folders/80/65lm4rm97rv_n74c85vt01040000gn/T//ccP8UGhM.s 			page 13


 473              		.cfi_restore_state
 108:Src/led.c     ****         if(ledtimeout == 0) {
 474              		.loc 1 108 9 is_stmt 1 view .LVU134
 108:Src/led.c     ****         if(ledtimeout == 0) {
 475              		.loc 1 108 20 is_stmt 0 view .LVU135
 476 0250 114B     		ldr	r3, .L50+20
 477 0252 1C88     		ldrh	r4, [r3]
 478 0254 083C     		subs	r4, r4, #8
 479 0256 A4B2     		uxth	r4, r4
 480 0258 1C80     		strh	r4, [r3]	@ movhi
 109:Src/led.c     ****           ledmode = LED_Default;
 481              		.loc 1 109 9 is_stmt 1 view .LVU136
 109:Src/led.c     ****           ledmode = LED_Default;
 482              		.loc 1 109 11 is_stmt 0 view .LVU137
 483 025a 14B9     		cbnz	r4, .L34
 110:Src/led.c     ****         }
 484              		.loc 1 110 11 is_stmt 1 view .LVU138
 110:Src/led.c     ****         }
 485              		.loc 1 110 19 is_stmt 0 view .LVU139
 486 025c 0A4B     		ldr	r3, .L50+4
 487 025e 0022     		movs	r2, #0
 488 0260 1A70     		strb	r2, [r3]
 489              	.L34:
 490              	.LBB11:
  83:Src/led.c     ****             { 
 491              		.loc 1 83 25 discriminator 1 view .LVU140
 492 0262 0023     		movs	r3, #0
 493 0264 09E0     		b	.L35
 494              	.LVL18:
 495              	.L36:
  83:Src/led.c     ****             { 
 496              		.loc 1 83 25 discriminator 1 view .LVU141
 497              	.LBE11:
 498              	.LBB12:
 113:Src/led.c     ****           leds[i].g = ledtimeout; 
 499              		.loc 1 113 11 is_stmt 1 discriminator 3 view .LVU142
 113:Src/led.c     ****           leds[i].g = ledtimeout; 
 500              		.loc 1 113 21 is_stmt 0 discriminator 3 view .LVU143
 501 0266 E2B2     		uxtb	r2, r4
 502 0268 0848     		ldr	r0, .L50+8
 503 026a 03EB4301 		add	r1, r3, r3, lsl #1
 504 026e 00EB010C 		add	ip, r0, r1
 505 0272 4254     		strb	r2, [r0, r1]
 114:Src/led.c     ****         }
 506              		.loc 1 114 11 is_stmt 1 discriminator 3 view .LVU144
 114:Src/led.c     ****         }
 507              		.loc 1 114 21 is_stmt 0 discriminator 3 view .LVU145
 508 0274 8CF80120 		strb	r2, [ip, #1]
 112:Src/led.c     ****           leds[i].r = ledtimeout;
 509              		.loc 1 112 35 is_stmt 1 discriminator 3 view .LVU146
 112:Src/led.c     ****           leds[i].r = ledtimeout;
 510              		.loc 1 112 36 is_stmt 0 discriminator 3 view .LVU147
 511 0278 0133     		adds	r3, r3, #1
 512              	.LVL19:
 513              	.L35:
 112:Src/led.c     ****           leds[i].r = ledtimeout;
 514              		.loc 1 112 28 is_stmt 1 discriminator 1 view .LVU148
ARM GAS  /var/folders/80/65lm4rm97rv_n74c85vt01040000gn/T//ccP8UGhM.s 			page 14


 112:Src/led.c     ****           leds[i].r = ledtimeout;
 515              		.loc 1 112 9 is_stmt 0 discriminator 1 view .LVU149
 516 027a 032B     		cmp	r3, #3
 517 027c F3D9     		bls	.L36
 518 027e CDE7     		b	.L3
 519              	.LVL20:
 520              	.L43:
 521              	.LCFI3:
 522              		.cfi_def_cfa_offset 0
 523              		.cfi_restore 4
 524              		.cfi_restore 5
 112:Src/led.c     ****           leds[i].r = ledtimeout;
 525              		.loc 1 112 9 discriminator 1 view .LVU150
 526 0280 7047     		bx	lr
 527              	.L51:
 528 0282 00BF     		.align	2
 529              	.L50:
 530 0284 00000000 		.word	.LANCHOR0
 531 0288 00000000 		.word	.LANCHOR1
 532 028c 00000000 		.word	.LANCHOR2
 533 0290 00000000 		.word	digital
 534 0294 00000000 		.word	dac
 535 0298 00000000 		.word	.LANCHOR3
 536 029c 00000000 		.word	configindex
 537 02a0 25499224 		.word	613566757
 538 02a4 00000000 		.word	htim3
 539 02a8 00000000 		.word	htim4
 540              	.LBE12:
 541              		.cfi_endproc
 542              	.LFE127:
 544              		.section	.text.LED_Init,"ax",%progbits
 545              		.align	1
 546              		.global	LED_Init
 547              		.syntax unified
 548              		.thumb
 549              		.thumb_func
 550              		.fpu fpv4-sp-d16
 552              	LED_Init:
 553              	.LFB126:
  16:Src/led.c     ****   HAL_TIM_PWM_Start(&htim3,TIM_CHANNEL_1);
 554              		.loc 1 16 17 is_stmt 1 view -0
 555              		.cfi_startproc
 556              		@ args = 0, pretend = 0, frame = 0
 557              		@ frame_needed = 0, uses_anonymous_args = 0
 558 0000 10B5     		push	{r4, lr}
 559              	.LCFI4:
 560              		.cfi_def_cfa_offset 8
 561              		.cfi_offset 4, -8
 562              		.cfi_offset 14, -4
  17:Src/led.c     ****   HAL_TIM_PWM_Start(&htim3,TIM_CHANNEL_2);
 563              		.loc 1 17 3 view .LVU152
 564 0002 124C     		ldr	r4, .L54
 565 0004 0021     		movs	r1, #0
 566 0006 2046     		mov	r0, r4
 567 0008 FFF7FEFF 		bl	HAL_TIM_PWM_Start
 568              	.LVL21:
  18:Src/led.c     ****   HAL_TIM_PWM_Start(&htim3,TIM_CHANNEL_3);
ARM GAS  /var/folders/80/65lm4rm97rv_n74c85vt01040000gn/T//ccP8UGhM.s 			page 15


 569              		.loc 1 18 3 view .LVU153
 570 000c 0421     		movs	r1, #4
 571 000e 2046     		mov	r0, r4
 572 0010 FFF7FEFF 		bl	HAL_TIM_PWM_Start
 573              	.LVL22:
  19:Src/led.c     ****   HAL_TIM_PWM_Start(&htim3,TIM_CHANNEL_4);
 574              		.loc 1 19 3 view .LVU154
 575 0014 0821     		movs	r1, #8
 576 0016 2046     		mov	r0, r4
 577 0018 FFF7FEFF 		bl	HAL_TIM_PWM_Start
 578              	.LVL23:
  20:Src/led.c     ****   HAL_TIM_PWM_Start(&htim4,TIM_CHANNEL_1);
 579              		.loc 1 20 3 view .LVU155
 580 001c 0C21     		movs	r1, #12
 581 001e 2046     		mov	r0, r4
 582 0020 FFF7FEFF 		bl	HAL_TIM_PWM_Start
 583              	.LVL24:
  21:Src/led.c     ****   HAL_TIM_PWM_Start(&htim4,TIM_CHANNEL_2);
 584              		.loc 1 21 3 view .LVU156
 585 0024 0A4C     		ldr	r4, .L54+4
 586 0026 0021     		movs	r1, #0
 587 0028 2046     		mov	r0, r4
 588 002a FFF7FEFF 		bl	HAL_TIM_PWM_Start
 589              	.LVL25:
  22:Src/led.c     ****   HAL_TIM_PWM_Start(&htim4,TIM_CHANNEL_3);
 590              		.loc 1 22 3 view .LVU157
 591 002e 0421     		movs	r1, #4
 592 0030 2046     		mov	r0, r4
 593 0032 FFF7FEFF 		bl	HAL_TIM_PWM_Start
 594              	.LVL26:
  23:Src/led.c     ****   HAL_TIM_PWM_Start(&htim4,TIM_CHANNEL_4);
 595              		.loc 1 23 3 view .LVU158
 596 0036 0821     		movs	r1, #8
 597 0038 2046     		mov	r0, r4
 598 003a FFF7FEFF 		bl	HAL_TIM_PWM_Start
 599              	.LVL27:
  24:Src/led.c     ****   LED_Update();
 600              		.loc 1 24 3 view .LVU159
 601 003e 0C21     		movs	r1, #12
 602 0040 2046     		mov	r0, r4
 603 0042 FFF7FEFF 		bl	HAL_TIM_PWM_Start
 604              	.LVL28:
  25:Src/led.c     **** }
 605              		.loc 1 25 3 view .LVU160
 606 0046 FFF7FEFF 		bl	LED_Update
 607              	.LVL29:
  26:Src/led.c     **** 
 608              		.loc 1 26 1 is_stmt 0 view .LVU161
 609 004a 10BD     		pop	{r4, pc}
 610              	.L55:
 611              		.align	2
 612              	.L54:
 613 004c 00000000 		.word	htim3
 614 0050 00000000 		.word	htim4
 615              		.cfi_endproc
 616              	.LFE126:
 618              		.section	.text.LED_Color,"ax",%progbits
ARM GAS  /var/folders/80/65lm4rm97rv_n74c85vt01040000gn/T//ccP8UGhM.s 			page 16


 619              		.align	1
 620              		.global	LED_Color
 621              		.syntax unified
 622              		.thumb
 623              		.thumb_func
 624              		.fpu fpv4-sp-d16
 626              	LED_Color:
 627              	.LVL30:
 628              	.LFB128:
 141:Src/led.c     **** 
 142:Src/led.c     **** 
 143:Src/led.c     **** 
 144:Src/led.c     **** 
 145:Src/led.c     **** void LED_Color(uint8_t g, uint8_t r) {
 629              		.loc 1 145 38 is_stmt 1 view -0
 630              		.cfi_startproc
 631              		@ args = 0, pretend = 0, frame = 0
 632              		@ frame_needed = 0, uses_anonymous_args = 0
 633              		@ link register save eliminated.
 146:Src/led.c     ****   for (size_t i = 0; i < 4; i++)
 634              		.loc 1 146 3 view .LVU163
 635              	.LBB13:
 636              		.loc 1 146 8 view .LVU164
 637              		.loc 1 146 15 is_stmt 0 view .LVU165
 638 0000 0023     		movs	r3, #0
 639              	.LVL31:
 640              		.loc 1 146 22 is_stmt 1 view .LVU166
 641              		.loc 1 146 3 is_stmt 0 view .LVU167
 642 0002 032B     		cmp	r3, #3
 643 0004 0ED8     		bhi	.L62
 644              	.LBE13:
 145:Src/led.c     ****   for (size_t i = 0; i < 4; i++)
 645              		.loc 1 145 38 view .LVU168
 646 0006 10B4     		push	{r4}
 647              	.LCFI5:
 648              		.cfi_def_cfa_offset 4
 649              		.cfi_offset 4, -4
 650              	.L58:
 651              	.LBB14:
 147:Src/led.c     ****   {
 148:Src/led.c     ****     leds[i].g = g;
 652              		.loc 1 148 5 is_stmt 1 discriminator 3 view .LVU169
 653              		.loc 1 148 15 is_stmt 0 discriminator 3 view .LVU170
 654 0008 074C     		ldr	r4, .L63
 655 000a 03EB4302 		add	r2, r3, r3, lsl #1
 656 000e 04EB020C 		add	ip, r4, r2
 657 0012 8CF80100 		strb	r0, [ip, #1]
 149:Src/led.c     ****     leds[i].r = r;
 658              		.loc 1 149 5 is_stmt 1 discriminator 3 view .LVU171
 659              		.loc 1 149 15 is_stmt 0 discriminator 3 view .LVU172
 660 0016 A154     		strb	r1, [r4, r2]
 146:Src/led.c     ****   {
 661              		.loc 1 146 29 is_stmt 1 discriminator 3 view .LVU173
 146:Src/led.c     ****   {
 662              		.loc 1 146 30 is_stmt 0 discriminator 3 view .LVU174
 663 0018 0133     		adds	r3, r3, #1
 664              	.LVL32:
ARM GAS  /var/folders/80/65lm4rm97rv_n74c85vt01040000gn/T//ccP8UGhM.s 			page 17


 146:Src/led.c     ****   {
 665              		.loc 1 146 22 is_stmt 1 discriminator 3 view .LVU175
 146:Src/led.c     ****   {
 666              		.loc 1 146 3 is_stmt 0 discriminator 3 view .LVU176
 667 001a 032B     		cmp	r3, #3
 668 001c F4D9     		bls	.L58
 146:Src/led.c     ****   {
 669              		.loc 1 146 3 discriminator 3 view .LVU177
 670              	.LBE14:
 150:Src/led.c     ****   }
 151:Src/led.c     **** }
 671              		.loc 1 151 1 view .LVU178
 672 001e 5DF8044B 		ldr	r4, [sp], #4
 673              	.LCFI6:
 674              		.cfi_restore 4
 675              		.cfi_def_cfa_offset 0
 676 0022 7047     		bx	lr
 677              	.L62:
 678              		.loc 1 151 1 view .LVU179
 679 0024 7047     		bx	lr
 680              	.L64:
 681 0026 00BF     		.align	2
 682              	.L63:
 683 0028 00000000 		.word	.LANCHOR2
 684              		.cfi_endproc
 685              	.LFE128:
 687              		.section	.text.LED_Gate,"ax",%progbits
 688              		.align	1
 689              		.global	LED_Gate
 690              		.syntax unified
 691              		.thumb
 692              		.thumb_func
 693              		.fpu fpv4-sp-d16
 695              	LED_Gate:
 696              	.LVL33:
 697              	.LFB129:
 152:Src/led.c     **** 
 153:Src/led.c     **** void LED_Gate(uint8_t channel) {
 698              		.loc 1 153 32 is_stmt 1 view -0
 699              		.cfi_startproc
 700              		@ args = 0, pretend = 0, frame = 0
 701              		@ frame_needed = 0, uses_anonymous_args = 0
 702              		@ link register save eliminated.
 154:Src/led.c     ****   leds[channel].gate = 20;
 703              		.loc 1 154 3 view .LVU181
 704              		.loc 1 154 22 is_stmt 0 view .LVU182
 705 0000 00EB4000 		add	r0, r0, r0, lsl #1
 706              	.LVL34:
 707              		.loc 1 154 22 view .LVU183
 708 0004 024B     		ldr	r3, .L66
 709 0006 1844     		add	r0, r0, r3
 710 0008 1423     		movs	r3, #20
 711 000a 8370     		strb	r3, [r0, #2]
 155:Src/led.c     **** }
 712              		.loc 1 155 1 view .LVU184
 713 000c 7047     		bx	lr
 714              	.L67:
ARM GAS  /var/folders/80/65lm4rm97rv_n74c85vt01040000gn/T//ccP8UGhM.s 			page 18


 715 000e 00BF     		.align	2
 716              	.L66:
 717 0010 00000000 		.word	.LANCHOR2
 718              		.cfi_endproc
 719              	.LFE129:
 721              		.section	.text.LED_ChangeMode,"ax",%progbits
 722              		.align	1
 723              		.global	LED_ChangeMode
 724              		.syntax unified
 725              		.thumb
 726              		.thumb_func
 727              		.fpu fpv4-sp-d16
 729              	LED_ChangeMode:
 730              	.LVL35:
 731              	.LFB130:
 156:Src/led.c     **** 
 157:Src/led.c     **** uint8_t ledinc = 0;
 158:Src/led.c     **** uint8_t uploadswitch;
 159:Src/led.c     **** void LED_ChangeMode(LED_ModeEnum mode) {
 732              		.loc 1 159 40 is_stmt 1 view -0
 733              		.cfi_startproc
 734              		@ args = 0, pretend = 0, frame = 0
 735              		@ frame_needed = 0, uses_anonymous_args = 0
 736              		@ link register save eliminated.
 160:Src/led.c     ****   ledmode = mode;
 737              		.loc 1 160 3 view .LVU186
 738              		.loc 1 160 11 is_stmt 0 view .LVU187
 739 0000 094B     		ldr	r3, .L72
 740 0002 1870     		strb	r0, [r3]
 161:Src/led.c     ****   if(mode == LED_Uploading) {
 741              		.loc 1 161 3 is_stmt 1 view .LVU188
 742              		.loc 1 161 5 is_stmt 0 view .LVU189
 743 0004 0428     		cmp	r0, #4
 744 0006 08D0     		beq	.L71
 745              	.L69:
 162:Src/led.c     ****     ledinc = 0;
 163:Src/led.c     ****     uploadswitch = 0;
 164:Src/led.c     ****   }
 165:Src/led.c     ****   if(mode == LED_Connected || mode == LED_Disconnected || mode == LED_Preset) {
 746              		.loc 1 165 3 is_stmt 1 view .LVU190
 747              		.loc 1 165 56 is_stmt 0 view .LVU191
 748 0008 0138     		subs	r0, r0, #1
 749              	.LVL36:
 750              		.loc 1 165 56 view .LVU192
 751 000a C0B2     		uxtb	r0, r0
 752              		.loc 1 165 5 view .LVU193
 753 000c 0228     		cmp	r0, #2
 754 000e 03D8     		bhi	.L68
 166:Src/led.c     ****     ledtimeout = 1024;
 755              		.loc 1 166 5 is_stmt 1 view .LVU194
 756              		.loc 1 166 16 is_stmt 0 view .LVU195
 757 0010 064B     		ldr	r3, .L72+4
 758 0012 4FF48062 		mov	r2, #1024
 759 0016 1A80     		strh	r2, [r3]	@ movhi
 760              	.L68:
 167:Src/led.c     ****   }
 168:Src/led.c     **** }
ARM GAS  /var/folders/80/65lm4rm97rv_n74c85vt01040000gn/T//ccP8UGhM.s 			page 19


 761              		.loc 1 168 1 view .LVU196
 762 0018 7047     		bx	lr
 763              	.LVL37:
 764              	.L71:
 162:Src/led.c     ****     uploadswitch = 0;
 765              		.loc 1 162 5 is_stmt 1 view .LVU197
 162:Src/led.c     ****     uploadswitch = 0;
 766              		.loc 1 162 12 is_stmt 0 view .LVU198
 767 001a 0023     		movs	r3, #0
 768 001c 044A     		ldr	r2, .L72+8
 769 001e 1370     		strb	r3, [r2]
 163:Src/led.c     ****   }
 770              		.loc 1 163 5 is_stmt 1 view .LVU199
 163:Src/led.c     ****   }
 771              		.loc 1 163 18 is_stmt 0 view .LVU200
 772 0020 044A     		ldr	r2, .L72+12
 773 0022 1370     		strb	r3, [r2]
 774 0024 F0E7     		b	.L69
 775              	.L73:
 776 0026 00BF     		.align	2
 777              	.L72:
 778 0028 00000000 		.word	.LANCHOR1
 779 002c 00000000 		.word	.LANCHOR3
 780 0030 00000000 		.word	.LANCHOR4
 781 0034 00000000 		.word	.LANCHOR5
 782              		.cfi_endproc
 783              	.LFE130:
 785              		.section	.text.LED_SwitchUpload,"ax",%progbits
 786              		.align	1
 787              		.global	LED_SwitchUpload
 788              		.syntax unified
 789              		.thumb
 790              		.thumb_func
 791              		.fpu fpv4-sp-d16
 793              	LED_SwitchUpload:
 794              	.LFB131:
 169:Src/led.c     **** 
 170:Src/led.c     **** void LED_SwitchUpload() {
 795              		.loc 1 170 25 is_stmt 1 view -0
 796              		.cfi_startproc
 797              		@ args = 0, pretend = 0, frame = 0
 798              		@ frame_needed = 0, uses_anonymous_args = 0
 799              		@ link register save eliminated.
 171:Src/led.c     ****   uploadswitch = 255;
 800              		.loc 1 171 3 view .LVU202
 801              		.loc 1 171 16 is_stmt 0 view .LVU203
 802 0000 014B     		ldr	r3, .L75
 803 0002 FF22     		movs	r2, #255
 804 0004 1A70     		strb	r2, [r3]
 172:Src/led.c     **** }
 805              		.loc 1 172 1 view .LVU204
 806 0006 7047     		bx	lr
 807              	.L76:
 808              		.align	2
 809              	.L75:
 810 0008 00000000 		.word	.LANCHOR5
 811              		.cfi_endproc
ARM GAS  /var/folders/80/65lm4rm97rv_n74c85vt01040000gn/T//ccP8UGhM.s 			page 20


 812              	.LFE131:
 814              		.section	.text.LED_UploadIncrement,"ax",%progbits
 815              		.align	1
 816              		.global	LED_UploadIncrement
 817              		.syntax unified
 818              		.thumb
 819              		.thumb_func
 820              		.fpu fpv4-sp-d16
 822              	LED_UploadIncrement:
 823              	.LFB132:
 173:Src/led.c     **** 
 174:Src/led.c     **** void LED_UploadIncrement() {
 824              		.loc 1 174 28 is_stmt 1 view -0
 825              		.cfi_startproc
 826              		@ args = 0, pretend = 0, frame = 0
 827              		@ frame_needed = 0, uses_anonymous_args = 0
 828              		@ link register save eliminated.
 175:Src/led.c     ****   for (size_t i = 0; i < 4; i++)
 829              		.loc 1 175 3 view .LVU206
 830              	.LBB15:
 831              		.loc 1 175 8 view .LVU207
 832              	.LVL38:
 833              		.loc 1 175 15 is_stmt 0 view .LVU208
 834 0000 0023     		movs	r3, #0
 835              		.loc 1 175 3 view .LVU209
 836 0002 08E0     		b	.L78
 837              	.LVL39:
 838              	.L79:
 839              	.LBB16:
 176:Src/led.c     ****   {
 177:Src/led.c     ****     uint8_t value = uploadswitch;
 178:Src/led.c     ****     if(ledinc == i) {
 179:Src/led.c     ****       value = ~uploadswitch;
 180:Src/led.c     ****     }
 181:Src/led.c     ****     leds[i].g = value;
 840              		.loc 1 181 5 is_stmt 1 discriminator 2 view .LVU210
 841              		.loc 1 181 15 is_stmt 0 discriminator 2 view .LVU211
 842 0004 1848     		ldr	r0, .L82
 843 0006 03EB4301 		add	r1, r3, r3, lsl #1
 844 000a 00EB010C 		add	ip, r0, r1
 845 000e 8CF80120 		strb	r2, [ip, #1]
 182:Src/led.c     ****     leds[i].r = value;
 846              		.loc 1 182 5 is_stmt 1 discriminator 2 view .LVU212
 847              		.loc 1 182 15 is_stmt 0 discriminator 2 view .LVU213
 848 0012 4254     		strb	r2, [r0, r1]
 849              	.LBE16:
 175:Src/led.c     ****   for (size_t i = 0; i < 4; i++)
 850              		.loc 1 175 29 is_stmt 1 discriminator 2 view .LVU214
 175:Src/led.c     ****   for (size_t i = 0; i < 4; i++)
 851              		.loc 1 175 30 is_stmt 0 discriminator 2 view .LVU215
 852 0014 0133     		adds	r3, r3, #1
 853              	.LVL40:
 854              	.L78:
 175:Src/led.c     ****   for (size_t i = 0; i < 4; i++)
 855              		.loc 1 175 22 is_stmt 1 discriminator 1 view .LVU216
 175:Src/led.c     ****   for (size_t i = 0; i < 4; i++)
 856              		.loc 1 175 3 is_stmt 0 discriminator 1 view .LVU217
ARM GAS  /var/folders/80/65lm4rm97rv_n74c85vt01040000gn/T//ccP8UGhM.s 			page 21


 857 0016 032B     		cmp	r3, #3
 858 0018 08D8     		bhi	.L81
 859              	.LBB17:
 177:Src/led.c     ****     if(ledinc == i) {
 860              		.loc 1 177 5 is_stmt 1 view .LVU218
 177:Src/led.c     ****     if(ledinc == i) {
 861              		.loc 1 177 13 is_stmt 0 view .LVU219
 862 001a 144A     		ldr	r2, .L82+4
 863 001c 1278     		ldrb	r2, [r2]	@ zero_extendqisi2
 864              	.LVL41:
 178:Src/led.c     ****       value = ~uploadswitch;
 865              		.loc 1 178 5 is_stmt 1 view .LVU220
 178:Src/led.c     ****       value = ~uploadswitch;
 866              		.loc 1 178 15 is_stmt 0 view .LVU221
 867 001e 1449     		ldr	r1, .L82+8
 868 0020 0978     		ldrb	r1, [r1]	@ zero_extendqisi2
 178:Src/led.c     ****       value = ~uploadswitch;
 869              		.loc 1 178 7 view .LVU222
 870 0022 9942     		cmp	r1, r3
 871 0024 EED1     		bne	.L79
 179:Src/led.c     ****     }
 872              		.loc 1 179 7 is_stmt 1 view .LVU223
 179:Src/led.c     ****     }
 873              		.loc 1 179 13 is_stmt 0 view .LVU224
 874 0026 D243     		mvns	r2, r2
 875              	.LVL42:
 179:Src/led.c     ****     }
 876              		.loc 1 179 13 view .LVU225
 877 0028 D2B2     		uxtb	r2, r2
 878              	.LVL43:
 179:Src/led.c     ****     }
 879              		.loc 1 179 13 view .LVU226
 880 002a EBE7     		b	.L79
 881              	.LVL44:
 882              	.L81:
 179:Src/led.c     ****     }
 883              		.loc 1 179 13 view .LVU227
 884              	.LBE17:
 885              	.LBE15:
 183:Src/led.c     ****   }
 184:Src/led.c     **** 
 185:Src/led.c     ****   __HAL_TIM_SET_COMPARE(&htim3,TIM_CHANNEL_1,leds[0].r);
 886              		.loc 1 185 3 is_stmt 1 view .LVU228
 887 002c 114B     		ldr	r3, .L82+12
 888              	.LVL45:
 889              		.loc 1 185 3 is_stmt 0 view .LVU229
 890 002e 1A68     		ldr	r2, [r3]
 891 0030 0D4B     		ldr	r3, .L82
 892 0032 1978     		ldrb	r1, [r3]	@ zero_extendqisi2
 893 0034 5163     		str	r1, [r2, #52]
 186:Src/led.c     ****   __HAL_TIM_SET_COMPARE(&htim3,TIM_CHANNEL_2,leds[0].g);
 894              		.loc 1 186 3 is_stmt 1 view .LVU230
 895 0036 5978     		ldrb	r1, [r3, #1]	@ zero_extendqisi2
 896 0038 9163     		str	r1, [r2, #56]
 187:Src/led.c     **** 
 188:Src/led.c     ****   __HAL_TIM_SET_COMPARE(&htim3,TIM_CHANNEL_4,leds[1].r);
 897              		.loc 1 188 3 view .LVU231
ARM GAS  /var/folders/80/65lm4rm97rv_n74c85vt01040000gn/T//ccP8UGhM.s 			page 22


 898 003a D978     		ldrb	r1, [r3, #3]	@ zero_extendqisi2
 899 003c 1164     		str	r1, [r2, #64]
 189:Src/led.c     ****   __HAL_TIM_SET_COMPARE(&htim3,TIM_CHANNEL_3,leds[1].g);
 900              		.loc 1 189 3 view .LVU232
 901 003e 1979     		ldrb	r1, [r3, #4]	@ zero_extendqisi2
 902 0040 D163     		str	r1, [r2, #60]
 190:Src/led.c     **** 
 191:Src/led.c     ****   __HAL_TIM_SET_COMPARE(&htim4,TIM_CHANNEL_3,leds[2].r);
 903              		.loc 1 191 3 view .LVU233
 904 0042 0D4A     		ldr	r2, .L82+16
 905 0044 1268     		ldr	r2, [r2]
 906 0046 9979     		ldrb	r1, [r3, #6]	@ zero_extendqisi2
 907 0048 D163     		str	r1, [r2, #60]
 192:Src/led.c     ****   __HAL_TIM_SET_COMPARE(&htim4,TIM_CHANNEL_4,leds[2].g);
 908              		.loc 1 192 3 view .LVU234
 909 004a D979     		ldrb	r1, [r3, #7]	@ zero_extendqisi2
 910 004c 1164     		str	r1, [r2, #64]
 193:Src/led.c     **** 
 194:Src/led.c     ****   __HAL_TIM_SET_COMPARE(&htim4,TIM_CHANNEL_1,leds[3].r);
 911              		.loc 1 194 3 view .LVU235
 912 004e 597A     		ldrb	r1, [r3, #9]	@ zero_extendqisi2
 913 0050 5163     		str	r1, [r2, #52]
 195:Src/led.c     ****   __HAL_TIM_SET_COMPARE(&htim4,TIM_CHANNEL_2,leds[3].g);
 914              		.loc 1 195 3 view .LVU236
 915 0052 9B7A     		ldrb	r3, [r3, #10]	@ zero_extendqisi2
 916 0054 9363     		str	r3, [r2, #56]
 196:Src/led.c     **** 
 197:Src/led.c     ****   ledinc++;
 917              		.loc 1 197 3 view .LVU237
 918              		.loc 1 197 9 is_stmt 0 view .LVU238
 919 0056 064A     		ldr	r2, .L82+8
 920 0058 1378     		ldrb	r3, [r2]	@ zero_extendqisi2
 921 005a 0133     		adds	r3, r3, #1
 922 005c DBB2     		uxtb	r3, r3
 923 005e 1370     		strb	r3, [r2]
 198:Src/led.c     ****   ledinc %= 4;
 924              		.loc 1 198 3 is_stmt 1 view .LVU239
 925              		.loc 1 198 10 is_stmt 0 view .LVU240
 926 0060 03F00303 		and	r3, r3, #3
 927 0064 1370     		strb	r3, [r2]
 199:Src/led.c     **** }...
 928              		.loc 1 199 1 view .LVU241
 929 0066 7047     		bx	lr
 930              	.L83:
 931              		.align	2
 932              	.L82:
 933 0068 00000000 		.word	.LANCHOR2
 934 006c 00000000 		.word	.LANCHOR5
 935 0070 00000000 		.word	.LANCHOR4
 936 0074 00000000 		.word	htim3
 937 0078 00000000 		.word	htim4
 938              		.cfi_endproc
 939              	.LFE132:
 941              		.global	uploadswitch
 942              		.global	ledinc
 943              		.global	ledtimeout
 944              		.global	ledmode
ARM GAS  /var/folders/80/65lm4rm97rv_n74c85vt01040000gn/T//ccP8UGhM.s 			page 23


 945              		.global	leds
 946              		.global	ledupdatecounter
 947              		.global	ledupdate
 948              		.section	.bss.ledinc,"aw",%nobits
 949              		.set	.LANCHOR4,. + 0
 952              	ledinc:
 953 0000 00       		.space	1
 954              		.section	.bss.ledmode,"aw",%nobits
 955              		.set	.LANCHOR1,. + 0
 958              	ledmode:
 959 0000 00       		.space	1
 960              		.section	.bss.leds,"aw",%nobits
 961              		.align	2
 962              		.set	.LANCHOR2,. + 0
 965              	leds:
 966 0000 00000000 		.space	12
 966      00000000 
 966      00000000 
 967              		.section	.bss.ledtimeout,"aw",%nobits
 968              		.align	1
 969              		.set	.LANCHOR3,. + 0
 972              	ledtimeout:
 973 0000 0000     		.space	2
 974              		.section	.bss.ledupdate,"aw",%nobits
 975              		.set	.LANCHOR0,. + 0
 978              	ledupdate:
 979 0000 00       		.space	1
 980              		.section	.bss.ledupdatecounter,"aw",%nobits
 983              	ledupdatecounter:
 984 0000 00       		.space	1
 985              		.section	.bss.uploadswitch,"aw",%nobits
 986              		.set	.LANCHOR5,. + 0
 989              	uploadswitch:
 990 0000 00       		.space	1
 991              		.text
 992              	.Letext0:
 993              		.file 2 "/usr/local/Caskroom/gcc-arm-embedded/10-2020-q4-major/gcc-arm-none-eabi-10-2020-q4-major/
 994              		.file 3 "/usr/local/Caskroom/gcc-arm-embedded/10-2020-q4-major/gcc-arm-none-eabi-10-2020-q4-major/
 995              		.file 4 "Inc/led.h"
 996              		.file 5 "Drivers/CMSIS/Device/ST/STM32F3xx/Include/stm32f373xc.h"
 997              		.file 6 "/usr/local/Caskroom/gcc-arm-embedded/10-2020-q4-major/gcc-arm-none-eabi-10-2020-q4-major/
 998              		.file 7 "Drivers/STM32F3xx_HAL_Driver/Inc/stm32f3xx_hal_def.h"
 999              		.file 8 "Drivers/STM32F3xx_HAL_Driver/Inc/stm32f3xx_hal_dma.h"
 1000              		.file 9 "Drivers/STM32F3xx_HAL_Driver/Inc/stm32f3xx_hal_tim.h"
 1001              		.file 10 "Inc/tim.h"
 1002              		.file 11 "Inc/dac.h"
 1003              		.file 12 "Inc/midisetting.h"
 1004              		.file 13 "Inc/digital.h"
 1005              		.file 14 "Inc/configuration.h"
ARM GAS  /var/folders/80/65lm4rm97rv_n74c85vt01040000gn/T//ccP8UGhM.s 			page 24


DEFINED SYMBOLS
                            *ABS*:0000000000000000 led.c
/var/folders/80/65lm4rm97rv_n74c85vt01040000gn/T//ccP8UGhM.s:18     .text.LED_Update:0000000000000000 $t
/var/folders/80/65lm4rm97rv_n74c85vt01040000gn/T//ccP8UGhM.s:26     .text.LED_Update:0000000000000000 LED_Update
/var/folders/80/65lm4rm97rv_n74c85vt01040000gn/T//ccP8UGhM.s:54     .text.LED_Update:000000000000001a $d
/var/folders/80/65lm4rm97rv_n74c85vt01040000gn/T//ccP8UGhM.s:59     .text.LED_Update:0000000000000022 $t
/var/folders/80/65lm4rm97rv_n74c85vt01040000gn/T//ccP8UGhM.s:530    .text.LED_Update:0000000000000284 $d
/var/folders/80/65lm4rm97rv_n74c85vt01040000gn/T//ccP8UGhM.s:545    .text.LED_Init:0000000000000000 $t
/var/folders/80/65lm4rm97rv_n74c85vt01040000gn/T//ccP8UGhM.s:552    .text.LED_Init:0000000000000000 LED_Init
/var/folders/80/65lm4rm97rv_n74c85vt01040000gn/T//ccP8UGhM.s:613    .text.LED_Init:000000000000004c $d
/var/folders/80/65lm4rm97rv_n74c85vt01040000gn/T//ccP8UGhM.s:619    .text.LED_Color:0000000000000000 $t
/var/folders/80/65lm4rm97rv_n74c85vt01040000gn/T//ccP8UGhM.s:626    .text.LED_Color:0000000000000000 LED_Color
/var/folders/80/65lm4rm97rv_n74c85vt01040000gn/T//ccP8UGhM.s:683    .text.LED_Color:0000000000000028 $d
/var/folders/80/65lm4rm97rv_n74c85vt01040000gn/T//ccP8UGhM.s:688    .text.LED_Gate:0000000000000000 $t
/var/folders/80/65lm4rm97rv_n74c85vt01040000gn/T//ccP8UGhM.s:695    .text.LED_Gate:0000000000000000 LED_Gate
/var/folders/80/65lm4rm97rv_n74c85vt01040000gn/T//ccP8UGhM.s:717    .text.LED_Gate:0000000000000010 $d
/var/folders/80/65lm4rm97rv_n74c85vt01040000gn/T//ccP8UGhM.s:722    .text.LED_ChangeMode:0000000000000000 $t
/var/folders/80/65lm4rm97rv_n74c85vt01040000gn/T//ccP8UGhM.s:729    .text.LED_ChangeMode:0000000000000000 LED_ChangeMode
/var/folders/80/65lm4rm97rv_n74c85vt01040000gn/T//ccP8UGhM.s:778    .text.LED_ChangeMode:0000000000000028 $d
/var/folders/80/65lm4rm97rv_n74c85vt01040000gn/T//ccP8UGhM.s:786    .text.LED_SwitchUpload:0000000000000000 $t
/var/folders/80/65lm4rm97rv_n74c85vt01040000gn/T//ccP8UGhM.s:793    .text.LED_SwitchUpload:0000000000000000 LED_SwitchUpload
/var/folders/80/65lm4rm97rv_n74c85vt01040000gn/T//ccP8UGhM.s:810    .text.LED_SwitchUpload:0000000000000008 $d
/var/folders/80/65lm4rm97rv_n74c85vt01040000gn/T//ccP8UGhM.s:815    .text.LED_UploadIncrement:0000000000000000 $t
/var/folders/80/65lm4rm97rv_n74c85vt01040000gn/T//ccP8UGhM.s:822    .text.LED_UploadIncrement:0000000000000000 LED_UploadIncrement
/var/folders/80/65lm4rm97rv_n74c85vt01040000gn/T//ccP8UGhM.s:933    .text.LED_UploadIncrement:0000000000000068 $d
/var/folders/80/65lm4rm97rv_n74c85vt01040000gn/T//ccP8UGhM.s:989    .bss.uploadswitch:0000000000000000 uploadswitch
/var/folders/80/65lm4rm97rv_n74c85vt01040000gn/T//ccP8UGhM.s:952    .bss.ledinc:0000000000000000 ledinc
/var/folders/80/65lm4rm97rv_n74c85vt01040000gn/T//ccP8UGhM.s:972    .bss.ledtimeout:0000000000000000 ledtimeout
/var/folders/80/65lm4rm97rv_n74c85vt01040000gn/T//ccP8UGhM.s:958    .bss.ledmode:0000000000000000 ledmode
/var/folders/80/65lm4rm97rv_n74c85vt01040000gn/T//ccP8UGhM.s:965    .bss.leds:0000000000000000 leds
/var/folders/80/65lm4rm97rv_n74c85vt01040000gn/T//ccP8UGhM.s:983    .bss.ledupdatecounter:0000000000000000 ledupdatecounter
/var/folders/80/65lm4rm97rv_n74c85vt01040000gn/T//ccP8UGhM.s:978    .bss.ledupdate:0000000000000000 ledupdate
/var/folders/80/65lm4rm97rv_n74c85vt01040000gn/T//ccP8UGhM.s:953    .bss.ledinc:0000000000000000 $d
/var/folders/80/65lm4rm97rv_n74c85vt01040000gn/T//ccP8UGhM.s:959    .bss.ledmode:0000000000000000 $d
/var/folders/80/65lm4rm97rv_n74c85vt01040000gn/T//ccP8UGhM.s:961    .bss.leds:0000000000000000 $d
/var/folders/80/65lm4rm97rv_n74c85vt01040000gn/T//ccP8UGhM.s:968    .bss.ledtimeout:0000000000000000 $d
/var/folders/80/65lm4rm97rv_n74c85vt01040000gn/T//ccP8UGhM.s:979    .bss.ledupdate:0000000000000000 $d
/var/folders/80/65lm4rm97rv_n74c85vt01040000gn/T//ccP8UGhM.s:984    .bss.ledupdatecounter:0000000000000000 $d
/var/folders/80/65lm4rm97rv_n74c85vt01040000gn/T//ccP8UGhM.s:990    .bss.uploadswitch:0000000000000000 $d

UNDEFINED SYMBOLS
digital
dac
configindex
htim3
htim4
HAL_TIM_PWM_Start
