ARM GAS  /var/folders/80/65lm4rm97rv_n74c85vt01040000gn/T//cc78PKxx.s 			page 1


   1              		.cpu cortex-m4
   2              		.eabi_attribute 27, 1
   3              		.eabi_attribute 28, 1
   4              		.eabi_attribute 20, 1
   5              		.eabi_attribute 21, 1
   6              		.eabi_attribute 23, 3
   7              		.eabi_attribute 24, 1
   8              		.eabi_attribute 25, 1
   9              		.eabi_attribute 26, 1
  10              		.eabi_attribute 30, 1
  11              		.eabi_attribute 34, 1
  12              		.eabi_attribute 18, 4
  13              		.file	"poly.c"
  14              		.text
  15              	.Ltext0:
  16              		.cfi_sections	.debug_frame
  17              		.section	.text.Poly_CheckVoices,"ax",%progbits
  18              		.align	1
  19              		.global	Poly_CheckVoices
  20              		.arch armv7e-m
  21              		.syntax unified
  22              		.thumb
  23              		.thumb_func
  24              		.fpu fpv4-sp-d16
  26              	Poly_CheckVoices:
  27              	.LVL0:
  28              	.LFB0:
  29              		.file 1 "Src/poly.c"
   1:Src/poly.c    **** #include "poly.h"
   2:Src/poly.c    **** #include "analog.h"
   3:Src/poly.c    **** 
   4:Src/poly.c    **** 
   5:Src/poly.c    **** Poly_t poly[2];
   6:Src/poly.c    **** 
   7:Src/poly.c    **** void Poly_CheckVoices(Poly_t *p){
  30              		.loc 1 7 33 view -0
  31              		.cfi_startproc
  32              		@ args = 0, pretend = 0, frame = 0
  33              		@ frame_needed = 0, uses_anonymous_args = 0
  34              		@ link register save eliminated.
  35              		.loc 1 7 33 is_stmt 0 view .LVU1
  36 0000 30B4     		push	{r4, r5}
  37              	.LCFI0:
  38              		.cfi_def_cfa_offset 8
  39              		.cfi_offset 4, -8
  40              		.cfi_offset 5, -4
   8:Src/poly.c    ****   uint8_t maxpoly = 0;
  41              		.loc 1 8 3 is_stmt 1 view .LVU2
  42              	.LVL1:
   9:Src/poly.c    ****   if(p->id == 0) {
  43              		.loc 1 9 3 view .LVU3
  44              		.loc 1 9 7 is_stmt 0 view .LVU4
  45 0002 837B     		ldrb	r3, [r0, #14]	@ zero_extendqisi2
  46              		.loc 1 9 5 view .LVU5
  47 0004 83BB     		cbnz	r3, .L2
  48              	.LBB2:
  10:Src/poly.c    ****     uint8_t maxcheck = 4;
ARM GAS  /var/folders/80/65lm4rm97rv_n74c85vt01040000gn/T//cc78PKxx.s 			page 2


  49              		.loc 1 10 5 is_stmt 1 view .LVU6
  50              	.LVL2:
  11:Src/poly.c    ****     if(analog[0].mode == ANALOG_POLY_DUO || analog[0].mode == ANALOG_POLY_OSC_PULSE_DUO || analog[0
  51              		.loc 1 11 5 view .LVU7
  52              		.loc 1 11 17 is_stmt 0 view .LVU8
  53 0006 284A     		ldr	r2, .L17
  54 0008 D278     		ldrb	r2, [r2, #3]	@ zero_extendqisi2
  55              		.loc 1 11 7 view .LVU9
  56 000a 032A     		cmp	r2, #3
  57 000c 09D0     		beq	.L11
  58              		.loc 1 11 42 discriminator 1 view .LVU10
  59 000e 122A     		cmp	r2, #18
  60 0010 0AD0     		beq	.L12
  61              		.loc 1 11 89 discriminator 2 view .LVU11
  62 0012 132A     		cmp	r2, #19
  63 0014 0AD0     		beq	.L13
  12:Src/poly.c    ****                                         || analog[0].mode == ANALOG_POLY_OSC_TRI_DUO || analog[0].m
  64              		.loc 1 12 41 view .LVU12
  65 0016 142A     		cmp	r2, #20
  66 0018 0AD0     		beq	.L14
  67              		.loc 1 12 86 discriminator 1 view .LVU13
  68 001a 152A     		cmp	r2, #21
  69 001c 0AD0     		beq	.L15
  10:Src/poly.c    ****     uint8_t maxcheck = 4;
  70              		.loc 1 10 13 view .LVU14
  71 001e 0425     		movs	r5, #4
  72 0020 00E0     		b	.L3
  73              	.L11:
  13:Src/poly.c    ****       maxcheck = 2;
  74              		.loc 1 13 16 view .LVU15
  75 0022 0225     		movs	r5, #2
  76              	.L3:
  77              	.LVL3:
  14:Src/poly.c    ****     }
  15:Src/poly.c    **** 
  16:Src/poly.c    ****     for (uint8_t i = 0; i < maxcheck; i++) { 
  78              		.loc 1 16 5 is_stmt 1 view .LVU16
  79              	.LBB3:
  80              		.loc 1 16 10 view .LVU17
  81              		.loc 1 16 10 is_stmt 0 view .LVU18
  82              	.LBE3:
  83              	.LBE2:
   8:Src/poly.c    ****   if(p->id == 0) {
  84              		.loc 1 8 11 view .LVU19
  85 0024 1A46     		mov	r2, r3
  86              	.LBB6:
  87              	.LBB4:
  88              		.loc 1 16 5 view .LVU20
  89 0026 0BE0     		b	.L4
  90              	.LVL4:
  91              	.L12:
  92              		.loc 1 16 5 view .LVU21
  93              	.LBE4:
  13:Src/poly.c    ****       maxcheck = 2;
  94              		.loc 1 13 16 view .LVU22
  95 0028 0225     		movs	r5, #2
  96 002a FBE7     		b	.L3
ARM GAS  /var/folders/80/65lm4rm97rv_n74c85vt01040000gn/T//cc78PKxx.s 			page 3


  97              	.L13:
  98 002c 0225     		movs	r5, #2
  99 002e F9E7     		b	.L3
 100              	.L14:
 101 0030 0225     		movs	r5, #2
 102 0032 F7E7     		b	.L3
 103              	.L15:
 104 0034 0225     		movs	r5, #2
 105 0036 F5E7     		b	.L3
 106              	.LVL5:
 107              	.L5:
 108              	.LBB5:
  17:Src/poly.c    ****       if (analog[i].mode == ANALOG_POLY_QUAD || analog[i].mode == ANALOG_POLY_DUO || analog[i].osci
  18:Src/poly.c    ****         maxpoly += 1;
 109              		.loc 1 18 9 is_stmt 1 discriminator 2 view .LVU23
 110              		.loc 1 18 17 is_stmt 0 discriminator 2 view .LVU24
 111 0038 0132     		adds	r2, r2, #1
 112              	.LVL6:
 113              		.loc 1 18 17 discriminator 2 view .LVU25
 114 003a D2B2     		uxtb	r2, r2
 115              	.LVL7:
  16:Src/poly.c    ****       if (analog[i].mode == ANALOG_POLY_QUAD || analog[i].mode == ANALOG_POLY_DUO || analog[i].osci
 116              		.loc 1 16 39 is_stmt 1 discriminator 2 view .LVU26
  16:Src/poly.c    ****       if (analog[i].mode == ANALOG_POLY_QUAD || analog[i].mode == ANALOG_POLY_DUO || analog[i].osci
 117              		.loc 1 16 40 is_stmt 0 discriminator 2 view .LVU27
 118 003c 0133     		adds	r3, r3, #1
 119              	.LVL8:
  16:Src/poly.c    ****       if (analog[i].mode == ANALOG_POLY_QUAD || analog[i].mode == ANALOG_POLY_DUO || analog[i].osci
 120              		.loc 1 16 40 discriminator 2 view .LVU28
 121 003e DBB2     		uxtb	r3, r3
 122              	.LVL9:
 123              	.L4:
  16:Src/poly.c    ****       if (analog[i].mode == ANALOG_POLY_QUAD || analog[i].mode == ANALOG_POLY_DUO || analog[i].osci
 124              		.loc 1 16 25 is_stmt 1 discriminator 1 view .LVU29
  16:Src/poly.c    ****       if (analog[i].mode == ANALOG_POLY_QUAD || analog[i].mode == ANALOG_POLY_DUO || analog[i].osci
 125              		.loc 1 16 5 is_stmt 0 discriminator 1 view .LVU30
 126 0040 9D42     		cmp	r5, r3
 127 0042 2ED9     		bls	.L6
  17:Src/poly.c    ****       if (analog[i].mode == ANALOG_POLY_QUAD || analog[i].mode == ANALOG_POLY_DUO || analog[i].osci
 128              		.loc 1 17 7 is_stmt 1 view .LVU31
  17:Src/poly.c    ****       if (analog[i].mode == ANALOG_POLY_QUAD || analog[i].mode == ANALOG_POLY_DUO || analog[i].osci
 129              		.loc 1 17 20 is_stmt 0 view .LVU32
 130 0044 03EB0311 		add	r1, r3, r3, lsl #4
 131 0048 174C     		ldr	r4, .L17
 132 004a 04EBC101 		add	r1, r4, r1, lsl #3
 133 004e C978     		ldrb	r1, [r1, #3]	@ zero_extendqisi2
  17:Src/poly.c    ****       if (analog[i].mode == ANALOG_POLY_QUAD || analog[i].mode == ANALOG_POLY_DUO || analog[i].osci
 134              		.loc 1 17 46 view .LVU33
 135 0050 0339     		subs	r1, r1, #3
 136 0052 C9B2     		uxtb	r1, r1
  17:Src/poly.c    ****       if (analog[i].mode == ANALOG_POLY_QUAD || analog[i].mode == ANALOG_POLY_DUO || analog[i].osci
 137              		.loc 1 17 10 view .LVU34
 138 0054 0129     		cmp	r1, #1
 139 0056 EFD9     		bls	.L5
  17:Src/poly.c    ****       if (analog[i].mode == ANALOG_POLY_QUAD || analog[i].mode == ANALOG_POLY_DUO || analog[i].osci
 140              		.loc 1 17 95 discriminator 1 view .LVU35
 141 0058 03EB0311 		add	r1, r3, r3, lsl #4
ARM GAS  /var/folders/80/65lm4rm97rv_n74c85vt01040000gn/T//cc78PKxx.s 			page 4


 142 005c 04EBC101 		add	r1, r4, r1, lsl #3
 143 0060 097D     		ldrb	r1, [r1, #20]	@ zero_extendqisi2
  17:Src/poly.c    ****       if (analog[i].mode == ANALOG_POLY_QUAD || analog[i].mode == ANALOG_POLY_DUO || analog[i].osci
 144              		.loc 1 17 83 discriminator 1 view .LVU36
 145 0062 0029     		cmp	r1, #0
 146 0064 E8D1     		bne	.L5
 147 0066 1CE0     		b	.L6
 148              	.LVL10:
 149              	.L2:
  17:Src/poly.c    ****       if (analog[i].mode == ANALOG_POLY_QUAD || analog[i].mode == ANALOG_POLY_DUO || analog[i].osci
 150              		.loc 1 17 83 discriminator 1 view .LVU37
 151              	.LBE5:
 152              	.LBE6:
  19:Src/poly.c    ****       } else {
  20:Src/poly.c    ****         break;
  21:Src/poly.c    ****       }
  22:Src/poly.c    ****     }
  23:Src/poly.c    ****   } else {
  24:Src/poly.c    ****     for (uint8_t i = p->id*2; i < p->id*2+2; i++) { 
 153              		.loc 1 24 5 is_stmt 1 view .LVU38
 154              	.LBB7:
 155              		.loc 1 24 10 view .LVU39
 156              		.loc 1 24 18 is_stmt 0 view .LVU40
 157 0068 5900     		lsls	r1, r3, #1
 158 006a C9B2     		uxtb	r1, r1
 159              	.LVL11:
 160              		.loc 1 24 18 view .LVU41
 161              	.LBE7:
   8:Src/poly.c    ****   if(p->id == 0) {
 162              		.loc 1 8 11 view .LVU42
 163 006c 0022     		movs	r2, #0
 164              	.LBB8:
 165              		.loc 1 24 5 view .LVU43
 166 006e 03E0     		b	.L8
 167              	.LVL12:
 168              	.L9:
  25:Src/poly.c    ****       if (analog[i].mode == ANALOG_POLY_DUO || analog[i].oscillator) {
  26:Src/poly.c    ****         maxpoly += 1;
 169              		.loc 1 26 9 is_stmt 1 discriminator 2 view .LVU44
 170              		.loc 1 26 17 is_stmt 0 discriminator 2 view .LVU45
 171 0070 0132     		adds	r2, r2, #1
 172              	.LVL13:
 173              		.loc 1 26 17 discriminator 2 view .LVU46
 174 0072 D2B2     		uxtb	r2, r2
 175              	.LVL14:
  24:Src/poly.c    ****       if (analog[i].mode == ANALOG_POLY_DUO || analog[i].oscillator) {
 176              		.loc 1 24 46 is_stmt 1 discriminator 2 view .LVU47
  24:Src/poly.c    ****       if (analog[i].mode == ANALOG_POLY_DUO || analog[i].oscillator) {
 177              		.loc 1 24 47 is_stmt 0 discriminator 2 view .LVU48
 178 0074 0131     		adds	r1, r1, #1
 179              	.LVL15:
  24:Src/poly.c    ****       if (analog[i].mode == ANALOG_POLY_DUO || analog[i].oscillator) {
 180              		.loc 1 24 47 discriminator 2 view .LVU49
 181 0076 C9B2     		uxtb	r1, r1
 182              	.LVL16:
 183              	.L8:
  24:Src/poly.c    ****       if (analog[i].mode == ANALOG_POLY_DUO || analog[i].oscillator) {
ARM GAS  /var/folders/80/65lm4rm97rv_n74c85vt01040000gn/T//cc78PKxx.s 			page 5


 184              		.loc 1 24 31 is_stmt 1 discriminator 1 view .LVU50
  24:Src/poly.c    ****       if (analog[i].mode == ANALOG_POLY_DUO || analog[i].oscillator) {
 185              		.loc 1 24 33 is_stmt 0 discriminator 1 view .LVU51
 186 0078 8C46     		mov	ip, r1
  24:Src/poly.c    ****       if (analog[i].mode == ANALOG_POLY_DUO || analog[i].oscillator) {
 187              		.loc 1 24 42 discriminator 1 view .LVU52
 188 007a 5C1C     		adds	r4, r3, #1
  24:Src/poly.c    ****       if (analog[i].mode == ANALOG_POLY_DUO || analog[i].oscillator) {
 189              		.loc 1 24 5 discriminator 1 view .LVU53
 190 007c B1EB440F 		cmp	r1, r4, lsl #1
 191 0080 0FDA     		bge	.L6
  25:Src/poly.c    ****       if (analog[i].mode == ANALOG_POLY_DUO || analog[i].oscillator) {
 192              		.loc 1 25 7 is_stmt 1 view .LVU54
  25:Src/poly.c    ****       if (analog[i].mode == ANALOG_POLY_DUO || analog[i].oscillator) {
 193              		.loc 1 25 20 is_stmt 0 view .LVU55
 194 0082 01EB0114 		add	r4, r1, r1, lsl #4
 195 0086 084D     		ldr	r5, .L17
 196 0088 05EBC404 		add	r4, r5, r4, lsl #3
 197 008c E478     		ldrb	r4, [r4, #3]	@ zero_extendqisi2
  25:Src/poly.c    ****       if (analog[i].mode == ANALOG_POLY_DUO || analog[i].oscillator) {
 198              		.loc 1 25 10 view .LVU56
 199 008e 032C     		cmp	r4, #3
 200 0090 EED0     		beq	.L9
  25:Src/poly.c    ****       if (analog[i].mode == ANALOG_POLY_DUO || analog[i].oscillator) {
 201              		.loc 1 25 57 discriminator 1 view .LVU57
 202 0092 0CEB0C1C 		add	ip, ip, ip, lsl #4
 203 0096 05EBCC0C 		add	ip, r5, ip, lsl #3
 204 009a 9CF81440 		ldrb	r4, [ip, #20]	@ zero_extendqisi2
  25:Src/poly.c    ****       if (analog[i].mode == ANALOG_POLY_DUO || analog[i].oscillator) {
 205              		.loc 1 25 45 discriminator 1 view .LVU58
 206 009e 002C     		cmp	r4, #0
 207 00a0 E6D1     		bne	.L9
 208              	.LVL17:
 209              	.L6:
  25:Src/poly.c    ****       if (analog[i].mode == ANALOG_POLY_DUO || analog[i].oscillator) {
 210              		.loc 1 25 45 discriminator 1 view .LVU59
 211              	.LBE8:
  27:Src/poly.c    ****       } else {
  28:Src/poly.c    ****         break;
  29:Src/poly.c    ****       }
  30:Src/poly.c    ****     }
  31:Src/poly.c    ****   }
  32:Src/poly.c    ****   p->polyamount = maxpoly;
 212              		.loc 1 32 3 is_stmt 1 view .LVU60
 213              		.loc 1 32 17 is_stmt 0 view .LVU61
 214 00a2 4273     		strb	r2, [r0, #13]
  33:Src/poly.c    **** }
 215              		.loc 1 33 1 view .LVU62
 216 00a4 30BC     		pop	{r4, r5}
 217              	.LCFI1:
 218              		.cfi_restore 5
 219              		.cfi_restore 4
 220              		.cfi_def_cfa_offset 0
 221 00a6 7047     		bx	lr
 222              	.L18:
 223              		.align	2
 224              	.L17:
ARM GAS  /var/folders/80/65lm4rm97rv_n74c85vt01040000gn/T//cc78PKxx.s 			page 6


 225 00a8 00000000 		.word	analog
 226              		.cfi_endproc
 227              	.LFE0:
 229              		.section	.text.Poly_Init,"ax",%progbits
 230              		.align	1
 231              		.global	Poly_Init
 232              		.syntax unified
 233              		.thumb
 234              		.thumb_func
 235              		.fpu fpv4-sp-d16
 237              	Poly_Init:
 238              	.LFB1:
  34:Src/poly.c    **** 
  35:Src/poly.c    **** void Poly_Init() {
 239              		.loc 1 35 18 is_stmt 1 view -0
 240              		.cfi_startproc
 241              		@ args = 0, pretend = 0, frame = 0
 242              		@ frame_needed = 0, uses_anonymous_args = 0
 243 0000 10B5     		push	{r4, lr}
 244              	.LCFI2:
 245              		.cfi_def_cfa_offset 8
 246              		.cfi_offset 4, -8
 247              		.cfi_offset 14, -4
  36:Src/poly.c    ****   poly[0].id = 0;
 248              		.loc 1 36 3 view .LVU64
 249              		.loc 1 36 14 is_stmt 0 view .LVU65
 250 0002 0E4A     		ldr	r2, .L23
 251 0004 0023     		movs	r3, #0
 252 0006 9373     		strb	r3, [r2, #14]
  37:Src/poly.c    ****   poly[1].id = 1;
 253              		.loc 1 37 3 is_stmt 1 view .LVU66
 254              		.loc 1 37 14 is_stmt 0 view .LVU67
 255 0008 0121     		movs	r1, #1
 256 000a 5177     		strb	r1, [r2, #29]
  38:Src/poly.c    ****   for (uint8_t i = 0; i < kMAX_POLYPHONY; ++i) {
 257              		.loc 1 38 3 is_stmt 1 view .LVU68
 258              	.LBB9:
 259              		.loc 1 38 8 view .LVU69
 260              	.LVL18:
 261              		.loc 1 38 3 is_stmt 0 view .LVU70
 262 000c 0AE0     		b	.L20
 263              	.LVL19:
 264              	.L21:
  39:Src/poly.c    ****     poly[0].prio[i] = i;
 265              		.loc 1 39 5 is_stmt 1 discriminator 3 view .LVU71
 266              		.loc 1 39 21 is_stmt 0 discriminator 3 view .LVU72
 267 000e 0B48     		ldr	r0, .L23
 268 0010 C218     		adds	r2, r0, r3
 269 0012 1372     		strb	r3, [r2, #8]
  40:Src/poly.c    ****     poly[1].prio[i] = i;
 270              		.loc 1 40 5 is_stmt 1 discriminator 3 view .LVU73
 271              		.loc 1 40 21 is_stmt 0 discriminator 3 view .LVU74
 272 0014 D375     		strb	r3, [r2, #23]
  41:Src/poly.c    ****     poly[0].notes[i] = 0xFF;
 273              		.loc 1 41 5 is_stmt 1 discriminator 3 view .LVU75
 274              		.loc 1 41 22 is_stmt 0 discriminator 3 view .LVU76
 275 0016 FF21     		movs	r1, #255
ARM GAS  /var/folders/80/65lm4rm97rv_n74c85vt01040000gn/T//cc78PKxx.s 			page 7


 276 0018 C154     		strb	r1, [r0, r3]
  42:Src/poly.c    ****     poly[0].velo[i] = 0xFF;
 277              		.loc 1 42 5 is_stmt 1 discriminator 3 view .LVU77
 278              		.loc 1 42 21 is_stmt 0 discriminator 3 view .LVU78
 279 001a 1171     		strb	r1, [r2, #4]
  43:Src/poly.c    ****     poly[1].notes[i] = 0xFF;
 280              		.loc 1 43 5 is_stmt 1 discriminator 3 view .LVU79
 281              		.loc 1 43 22 is_stmt 0 discriminator 3 view .LVU80
 282 001c D173     		strb	r1, [r2, #15]
  44:Src/poly.c    ****     poly[1].velo[i] = 0xFF;
 283              		.loc 1 44 5 is_stmt 1 discriminator 3 view .LVU81
 284              		.loc 1 44 21 is_stmt 0 discriminator 3 view .LVU82
 285 001e D174     		strb	r1, [r2, #19]
  38:Src/poly.c    ****     poly[0].prio[i] = i;
 286              		.loc 1 38 43 is_stmt 1 discriminator 3 view .LVU83
 287 0020 0133     		adds	r3, r3, #1
 288              	.LVL20:
  38:Src/poly.c    ****     poly[0].prio[i] = i;
 289              		.loc 1 38 43 is_stmt 0 discriminator 3 view .LVU84
 290 0022 DBB2     		uxtb	r3, r3
 291              	.LVL21:
 292              	.L20:
  38:Src/poly.c    ****     poly[0].prio[i] = i;
 293              		.loc 1 38 23 is_stmt 1 discriminator 1 view .LVU85
  38:Src/poly.c    ****     poly[0].prio[i] = i;
 294              		.loc 1 38 3 is_stmt 0 discriminator 1 view .LVU86
 295 0024 032B     		cmp	r3, #3
 296 0026 F2D9     		bls	.L21
 297              	.LBE9:
  45:Src/poly.c    ****   }
  46:Src/poly.c    ****   Poly_CheckVoices(&poly[0]);
 298              		.loc 1 46 3 is_stmt 1 view .LVU87
 299 0028 044C     		ldr	r4, .L23
 300 002a 2046     		mov	r0, r4
 301 002c FFF7FEFF 		bl	Poly_CheckVoices
 302              	.LVL22:
  47:Src/poly.c    ****   Poly_CheckVoices(&poly[1]);
 303              		.loc 1 47 3 view .LVU88
 304 0030 04F10F00 		add	r0, r4, #15
 305 0034 FFF7FEFF 		bl	Poly_CheckVoices
 306              	.LVL23:
  48:Src/poly.c    **** }
 307              		.loc 1 48 1 is_stmt 0 view .LVU89
 308 0038 10BD     		pop	{r4, pc}
 309              	.L24:
 310 003a 00BF     		.align	2
 311              	.L23:
 312 003c 00000000 		.word	.LANCHOR0
 313              		.cfi_endproc
 314              	.LFE1:
 316              		.section	.text.Poly_NoteOn,"ax",%progbits
 317              		.align	1
 318              		.global	Poly_NoteOn
 319              		.syntax unified
 320              		.thumb
 321              		.thumb_func
 322              		.fpu fpv4-sp-d16
ARM GAS  /var/folders/80/65lm4rm97rv_n74c85vt01040000gn/T//cc78PKxx.s 			page 8


 324              	Poly_NoteOn:
 325              	.LVL24:
 326              	.LFB2:
  49:Src/poly.c    **** 
  50:Src/poly.c    **** void Poly_NoteOn(uint8_t note, uint8_t velocity, Poly_t *p) {
 327              		.loc 1 50 61 is_stmt 1 view -0
 328              		.cfi_startproc
 329              		@ args = 0, pretend = 0, frame = 0
 330              		@ frame_needed = 0, uses_anonymous_args = 0
 331              		.loc 1 50 61 is_stmt 0 view .LVU91
 332 0000 70B5     		push	{r4, r5, r6, lr}
 333              	.LCFI3:
 334              		.cfi_def_cfa_offset 16
 335              		.cfi_offset 4, -16
 336              		.cfi_offset 5, -12
 337              		.cfi_offset 6, -8
 338              		.cfi_offset 14, -4
 339 0002 0546     		mov	r5, r0
 340 0004 0E46     		mov	r6, r1
 341 0006 1446     		mov	r4, r2
  51:Src/poly.c    ****   if(p->polyamount == 0) { 
 342              		.loc 1 51 3 is_stmt 1 view .LVU92
 343              		.loc 1 51 7 is_stmt 0 view .LVU93
 344 0008 537B     		ldrb	r3, [r2, #13]	@ zero_extendqisi2
 345              		.loc 1 51 5 view .LVU94
 346 000a 0BB1     		cbz	r3, .L40
 347              	.LVL25:
 348              	.L26:
  52:Src/poly.c    ****     Poly_CheckVoices(p);
  53:Src/poly.c    ****   }
  54:Src/poly.c    **** 
  55:Src/poly.c    ****   // Retrigger the note that already plays ????? This shouldn't happen. ( maybe on string controlle
  56:Src/poly.c    ****   for (uint8_t i = 0; i < p->polyamount; ++i) {
 349              		.loc 1 56 3 is_stmt 1 view .LVU95
 350              	.LBB10:
 351              		.loc 1 56 8 view .LVU96
 352              		.loc 1 56 16 is_stmt 0 view .LVU97
 353 000c 0023     		movs	r3, #0
 354              		.loc 1 56 3 view .LVU98
 355 000e 05E0     		b	.L27
 356              	.LVL26:
 357              	.L40:
 358              		.loc 1 56 3 view .LVU99
 359              	.LBE10:
  52:Src/poly.c    ****     Poly_CheckVoices(p);
 360              		.loc 1 52 5 is_stmt 1 view .LVU100
 361 0010 1046     		mov	r0, r2
 362              	.LVL27:
  52:Src/poly.c    ****     Poly_CheckVoices(p);
 363              		.loc 1 52 5 is_stmt 0 view .LVU101
 364 0012 FFF7FEFF 		bl	Poly_CheckVoices
 365              	.LVL28:
  52:Src/poly.c    ****     Poly_CheckVoices(p);
 366              		.loc 1 52 5 view .LVU102
 367 0016 F9E7     		b	.L26
 368              	.LVL29:
 369              	.L42:
ARM GAS  /var/folders/80/65lm4rm97rv_n74c85vt01040000gn/T//cc78PKxx.s 			page 9


 370              	.LBB11:
 371              		.loc 1 56 42 is_stmt 1 discriminator 2 view .LVU103
 372 0018 0133     		adds	r3, r3, #1
 373              	.LVL30:
 374              		.loc 1 56 42 is_stmt 0 discriminator 2 view .LVU104
 375 001a DBB2     		uxtb	r3, r3
 376              	.LVL31:
 377              	.L27:
 378              		.loc 1 56 23 is_stmt 1 discriminator 1 view .LVU105
 379              		.loc 1 56 28 is_stmt 0 discriminator 1 view .LVU106
 380 001c 627B     		ldrb	r2, [r4, #13]	@ zero_extendqisi2
 381              		.loc 1 56 3 discriminator 1 view .LVU107
 382 001e 9A42     		cmp	r2, r3
 383 0020 03D9     		bls	.L41
  57:Src/poly.c    ****     if (p->notes[i] == note) {
 384              		.loc 1 57 5 is_stmt 1 view .LVU108
 385              		.loc 1 57 17 is_stmt 0 view .LVU109
 386 0022 E25C     		ldrb	r2, [r4, r3]	@ zero_extendqisi2
 387              		.loc 1 57 8 view .LVU110
 388 0024 AA42     		cmp	r2, r5
 389 0026 F7D1     		bne	.L42
 390              	.LVL32:
 391              	.L25:
 392              		.loc 1 57 8 view .LVU111
 393              	.LBE11:
  58:Src/poly.c    ****       return;
  59:Src/poly.c    ****     }
  60:Src/poly.c    ****   }
  61:Src/poly.c    ****   
  62:Src/poly.c    ****   // If there are inactive voices simply add
  63:Src/poly.c    ****   if(p->size != p->polyamount) {
  64:Src/poly.c    ****     for (uint8_t i = 0; i < p->polyamount; i++) {
  65:Src/poly.c    ****       if(p->prio[i] == p->size) {
  66:Src/poly.c    ****         p->notes[i] = note;
  67:Src/poly.c    ****         p->velo[i] = velocity;
  68:Src/poly.c    ****         p->size++;
  69:Src/poly.c    **** 
  70:Src/poly.c    ****         Analog_PolyInput(note,velocity,true,&analog[p->id*2+i]);
  71:Src/poly.c    ****         return;
  72:Src/poly.c    ****       }
  73:Src/poly.c    ****     }  
  74:Src/poly.c    ****   } else { // If full replace prio 0
  75:Src/poly.c    ****     for (uint8_t i = 0; i < p->polyamount; i++) {
  76:Src/poly.c    ****       if(p->prio[i] == 0) {
  77:Src/poly.c    ****         p->notes[i] = note;
  78:Src/poly.c    ****         p->velo[i] = velocity;
  79:Src/poly.c    ****         for (uint8_t i = 0; i < p->polyamount; i++)
  80:Src/poly.c    ****         {
  81:Src/poly.c    ****           p->prio[i]--;
  82:Src/poly.c    ****           p->prio[i] %= p->polyamount;
  83:Src/poly.c    ****         }
  84:Src/poly.c    ****         Analog_PolyInput(note,velocity,true,&analog[p->id*2+i]);
  85:Src/poly.c    ****         return;
  86:Src/poly.c    ****       }
  87:Src/poly.c    ****     }  
  88:Src/poly.c    ****   }
  89:Src/poly.c    **** }
ARM GAS  /var/folders/80/65lm4rm97rv_n74c85vt01040000gn/T//cc78PKxx.s 			page 10


 394              		.loc 1 89 1 view .LVU112
 395 0028 70BD     		pop	{r4, r5, r6, pc}
 396              	.LVL33:
 397              	.L41:
  63:Src/poly.c    ****     for (uint8_t i = 0; i < p->polyamount; i++) {
 398              		.loc 1 63 3 is_stmt 1 view .LVU113
  63:Src/poly.c    ****     for (uint8_t i = 0; i < p->polyamount; i++) {
 399              		.loc 1 63 7 is_stmt 0 view .LVU114
 400 002a 207B     		ldrb	r0, [r4, #12]	@ zero_extendqisi2
  63:Src/poly.c    ****     for (uint8_t i = 0; i < p->polyamount; i++) {
 401              		.loc 1 63 5 view .LVU115
 402 002c 8242     		cmp	r2, r0
 403 002e 01D0     		beq	.L43
 404              	.LBB12:
  64:Src/poly.c    ****       if(p->prio[i] == p->size) {
 405              		.loc 1 64 18 view .LVU116
 406 0030 0023     		movs	r3, #0
 407              	.LVL34:
  64:Src/poly.c    ****       if(p->prio[i] == p->size) {
 408              		.loc 1 64 18 view .LVU117
 409 0032 0BE0     		b	.L30
 410              	.LVL35:
 411              	.L43:
  64:Src/poly.c    ****       if(p->prio[i] == p->size) {
 412              		.loc 1 64 18 view .LVU118
 413              	.LBE12:
 414              	.LBB13:
  75:Src/poly.c    ****       if(p->prio[i] == 0) {
 415              		.loc 1 75 18 view .LVU119
 416 0034 0023     		movs	r3, #0
 417              	.LVL36:
 418              	.L31:
  75:Src/poly.c    ****       if(p->prio[i] == 0) {
 419              		.loc 1 75 25 is_stmt 1 discriminator 1 view .LVU120
  75:Src/poly.c    ****       if(p->prio[i] == 0) {
 420              		.loc 1 75 5 is_stmt 0 discriminator 1 view .LVU121
 421 0036 9A42     		cmp	r2, r3
 422 0038 F6D9     		bls	.L25
  76:Src/poly.c    ****         p->notes[i] = note;
 423              		.loc 1 76 7 is_stmt 1 view .LVU122
  76:Src/poly.c    ****         p->notes[i] = note;
 424              		.loc 1 76 17 is_stmt 0 view .LVU123
 425 003a 1846     		mov	r0, r3
 426 003c E118     		adds	r1, r4, r3
 427 003e 097A     		ldrb	r1, [r1, #8]	@ zero_extendqisi2
  76:Src/poly.c    ****         p->notes[i] = note;
 428              		.loc 1 76 9 view .LVU124
 429 0040 F1B1     		cbz	r1, .L44
  75:Src/poly.c    ****       if(p->prio[i] == 0) {
 430              		.loc 1 75 44 is_stmt 1 discriminator 2 view .LVU125
  75:Src/poly.c    ****       if(p->prio[i] == 0) {
 431              		.loc 1 75 45 is_stmt 0 discriminator 2 view .LVU126
 432 0042 0133     		adds	r3, r3, #1
 433              	.LVL37:
  75:Src/poly.c    ****       if(p->prio[i] == 0) {
 434              		.loc 1 75 45 discriminator 2 view .LVU127
 435 0044 DBB2     		uxtb	r3, r3
ARM GAS  /var/folders/80/65lm4rm97rv_n74c85vt01040000gn/T//cc78PKxx.s 			page 11


 436              	.LVL38:
  75:Src/poly.c    ****       if(p->prio[i] == 0) {
 437              		.loc 1 75 45 discriminator 2 view .LVU128
 438 0046 F6E7     		b	.L31
 439              	.LVL39:
 440              	.L32:
  75:Src/poly.c    ****       if(p->prio[i] == 0) {
 441              		.loc 1 75 45 discriminator 2 view .LVU129
 442              	.LBE13:
 443              	.LBB15:
  64:Src/poly.c    ****       if(p->prio[i] == p->size) {
 444              		.loc 1 64 44 is_stmt 1 discriminator 2 view .LVU130
  64:Src/poly.c    ****       if(p->prio[i] == p->size) {
 445              		.loc 1 64 45 is_stmt 0 discriminator 2 view .LVU131
 446 0048 0133     		adds	r3, r3, #1
 447              	.LVL40:
  64:Src/poly.c    ****       if(p->prio[i] == p->size) {
 448              		.loc 1 64 45 discriminator 2 view .LVU132
 449 004a DBB2     		uxtb	r3, r3
 450              	.LVL41:
 451              	.L30:
  64:Src/poly.c    ****       if(p->prio[i] == p->size) {
 452              		.loc 1 64 25 is_stmt 1 discriminator 1 view .LVU133
  64:Src/poly.c    ****       if(p->prio[i] == p->size) {
 453              		.loc 1 64 5 is_stmt 0 discriminator 1 view .LVU134
 454 004c 9A42     		cmp	r2, r3
 455 004e EBD9     		bls	.L25
  65:Src/poly.c    ****         p->notes[i] = note;
 456              		.loc 1 65 7 is_stmt 1 view .LVU135
  65:Src/poly.c    ****         p->notes[i] = note;
 457              		.loc 1 65 17 is_stmt 0 view .LVU136
 458 0050 9C46     		mov	ip, r3
 459 0052 E118     		adds	r1, r4, r3
 460 0054 097A     		ldrb	r1, [r1, #8]	@ zero_extendqisi2
  65:Src/poly.c    ****         p->notes[i] = note;
 461              		.loc 1 65 9 view .LVU137
 462 0056 8842     		cmp	r0, r1
 463 0058 F6D1     		bne	.L32
  66:Src/poly.c    ****         p->velo[i] = velocity;
 464              		.loc 1 66 9 is_stmt 1 view .LVU138
  66:Src/poly.c    ****         p->velo[i] = velocity;
 465              		.loc 1 66 21 is_stmt 0 view .LVU139
 466 005a E554     		strb	r5, [r4, r3]
  67:Src/poly.c    ****         p->size++;
 467              		.loc 1 67 9 is_stmt 1 view .LVU140
  67:Src/poly.c    ****         p->size++;
 468              		.loc 1 67 20 is_stmt 0 view .LVU141
 469 005c E318     		adds	r3, r4, r3
 470              	.LVL42:
  67:Src/poly.c    ****         p->size++;
 471              		.loc 1 67 20 view .LVU142
 472 005e 1E71     		strb	r6, [r3, #4]
  68:Src/poly.c    **** 
 473              		.loc 1 68 9 is_stmt 1 view .LVU143
  68:Src/poly.c    **** 
 474              		.loc 1 68 16 is_stmt 0 view .LVU144
 475 0060 0130     		adds	r0, r0, #1
ARM GAS  /var/folders/80/65lm4rm97rv_n74c85vt01040000gn/T//cc78PKxx.s 			page 12


 476 0062 2073     		strb	r0, [r4, #12]
  70:Src/poly.c    ****         return;
 477              		.loc 1 70 9 is_stmt 1 view .LVU145
  70:Src/poly.c    ****         return;
 478              		.loc 1 70 54 is_stmt 0 view .LVU146
 479 0064 A37B     		ldrb	r3, [r4, #14]	@ zero_extendqisi2
  70:Src/poly.c    ****         return;
 480              		.loc 1 70 60 view .LVU147
 481 0066 0CEB430C 		add	ip, ip, r3, lsl #1
  70:Src/poly.c    ****         return;
 482              		.loc 1 70 9 view .LVU148
 483 006a 0CEB0C1C 		add	ip, ip, ip, lsl #4
 484 006e 164B     		ldr	r3, .L46
 485 0070 03EBCC03 		add	r3, r3, ip, lsl #3
 486 0074 0122     		movs	r2, #1
 487 0076 3146     		mov	r1, r6
 488 0078 2846     		mov	r0, r5
 489 007a FFF7FEFF 		bl	Analog_PolyInput
 490              	.LVL43:
  71:Src/poly.c    ****       }
 491              		.loc 1 71 9 is_stmt 1 view .LVU149
 492 007e D3E7     		b	.L25
 493              	.LVL44:
 494              	.L44:
  71:Src/poly.c    ****       }
 495              		.loc 1 71 9 is_stmt 0 view .LVU150
 496              	.LBE15:
 497              	.LBB16:
  77:Src/poly.c    ****         p->velo[i] = velocity;
 498              		.loc 1 77 9 is_stmt 1 view .LVU151
  77:Src/poly.c    ****         p->velo[i] = velocity;
 499              		.loc 1 77 21 is_stmt 0 view .LVU152
 500 0080 E554     		strb	r5, [r4, r3]
  78:Src/poly.c    ****         for (uint8_t i = 0; i < p->polyamount; i++)
 501              		.loc 1 78 9 is_stmt 1 view .LVU153
  78:Src/poly.c    ****         for (uint8_t i = 0; i < p->polyamount; i++)
 502              		.loc 1 78 20 is_stmt 0 view .LVU154
 503 0082 E318     		adds	r3, r4, r3
 504              	.LVL45:
  78:Src/poly.c    ****         for (uint8_t i = 0; i < p->polyamount; i++)
 505              		.loc 1 78 20 view .LVU155
 506 0084 1E71     		strb	r6, [r3, #4]
  79:Src/poly.c    ****         {
 507              		.loc 1 79 9 is_stmt 1 view .LVU156
 508              	.LBB14:
  79:Src/poly.c    ****         {
 509              		.loc 1 79 14 view .LVU157
 510              	.LVL46:
 511              	.L35:
  79:Src/poly.c    ****         {
 512              		.loc 1 79 29 discriminator 1 view .LVU158
  79:Src/poly.c    ****         {
 513              		.loc 1 79 9 is_stmt 0 discriminator 1 view .LVU159
 514 0086 8A42     		cmp	r2, r1
 515 0088 10D9     		bls	.L45
  81:Src/poly.c    ****           p->prio[i] %= p->polyamount;
 516              		.loc 1 81 11 is_stmt 1 discriminator 3 view .LVU160
ARM GAS  /var/folders/80/65lm4rm97rv_n74c85vt01040000gn/T//cc78PKxx.s 			page 13


  81:Src/poly.c    ****           p->prio[i] %= p->polyamount;
 517              		.loc 1 81 18 is_stmt 0 discriminator 3 view .LVU161
 518 008a 04EB010C 		add	ip, r4, r1
 519 008e 9CF80830 		ldrb	r3, [ip, #8]	@ zero_extendqisi2
  81:Src/poly.c    ****           p->prio[i] %= p->polyamount;
 520              		.loc 1 81 21 discriminator 3 view .LVU162
 521 0092 013B     		subs	r3, r3, #1
 522 0094 DBB2     		uxtb	r3, r3
 523 0096 8CF80830 		strb	r3, [ip, #8]
  82:Src/poly.c    ****         }
 524              		.loc 1 82 11 is_stmt 1 discriminator 3 view .LVU163
  82:Src/poly.c    ****         }
 525              		.loc 1 82 22 is_stmt 0 discriminator 3 view .LVU164
 526 009a B3FBF2FE 		udiv	lr, r3, r2
 527 009e 02FB1E33 		mls	r3, r2, lr, r3
 528 00a2 8CF80830 		strb	r3, [ip, #8]
  79:Src/poly.c    ****         {
 529              		.loc 1 79 48 is_stmt 1 discriminator 3 view .LVU165
  79:Src/poly.c    ****         {
 530              		.loc 1 79 49 is_stmt 0 discriminator 3 view .LVU166
 531 00a6 0131     		adds	r1, r1, #1
 532              	.LVL47:
  79:Src/poly.c    ****         {
 533              		.loc 1 79 49 discriminator 3 view .LVU167
 534 00a8 C9B2     		uxtb	r1, r1
 535              	.LVL48:
  79:Src/poly.c    ****         {
 536              		.loc 1 79 49 discriminator 3 view .LVU168
 537 00aa ECE7     		b	.L35
 538              	.L45:
  79:Src/poly.c    ****         {
 539              		.loc 1 79 49 discriminator 3 view .LVU169
 540              	.LBE14:
  84:Src/poly.c    ****         return;
 541              		.loc 1 84 9 is_stmt 1 view .LVU170
  84:Src/poly.c    ****         return;
 542              		.loc 1 84 54 is_stmt 0 view .LVU171
 543 00ac A37B     		ldrb	r3, [r4, #14]	@ zero_extendqisi2
  84:Src/poly.c    ****         return;
 544              		.loc 1 84 60 view .LVU172
 545 00ae 00EB4300 		add	r0, r0, r3, lsl #1
  84:Src/poly.c    ****         return;
 546              		.loc 1 84 9 view .LVU173
 547 00b2 00EB0010 		add	r0, r0, r0, lsl #4
 548 00b6 044B     		ldr	r3, .L46
 549 00b8 03EBC003 		add	r3, r3, r0, lsl #3
 550 00bc 0122     		movs	r2, #1
 551 00be 3146     		mov	r1, r6
 552              	.LVL49:
  84:Src/poly.c    ****         return;
 553              		.loc 1 84 9 view .LVU174
 554 00c0 2846     		mov	r0, r5
 555 00c2 FFF7FEFF 		bl	Analog_PolyInput
 556              	.LVL50:
  85:Src/poly.c    ****       }
 557              		.loc 1 85 9 is_stmt 1 view .LVU175
 558 00c6 AFE7     		b	.L25
ARM GAS  /var/folders/80/65lm4rm97rv_n74c85vt01040000gn/T//cc78PKxx.s 			page 14


 559              	.L47:
 560              		.align	2
 561              	.L46:
 562 00c8 00000000 		.word	analog
 563              	.LBE16:
 564              		.cfi_endproc
 565              	.LFE2:
 567              		.section	.text.Poly_NoteOff,"ax",%progbits
 568              		.align	1
 569              		.global	Poly_NoteOff
 570              		.syntax unified
 571              		.thumb
 572              		.thumb_func
 573              		.fpu fpv4-sp-d16
 575              	Poly_NoteOff:
 576              	.LVL51:
 577              	.LFB3:
  90:Src/poly.c    **** 
  91:Src/poly.c    **** void Poly_NoteOff(uint8_t note, Poly_t *p) {
 578              		.loc 1 91 44 view -0
 579              		.cfi_startproc
 580              		@ args = 0, pretend = 0, frame = 0
 581              		@ frame_needed = 0, uses_anonymous_args = 0
 582              		.loc 1 91 44 is_stmt 0 view .LVU177
 583 0000 70B5     		push	{r4, r5, r6, lr}
 584              	.LCFI4:
 585              		.cfi_def_cfa_offset 16
 586              		.cfi_offset 4, -16
 587              		.cfi_offset 5, -12
 588              		.cfi_offset 6, -8
 589              		.cfi_offset 14, -4
 590 0002 0646     		mov	r6, r0
 591 0004 0D46     		mov	r5, r1
  92:Src/poly.c    ****   for (uint8_t i = 0; i < p->polyamount; ++i) {
 592              		.loc 1 92 3 is_stmt 1 view .LVU178
 593              	.LBB17:
 594              		.loc 1 92 8 view .LVU179
 595              	.LVL52:
 596              		.loc 1 92 16 is_stmt 0 view .LVU180
 597 0006 0024     		movs	r4, #0
 598              		.loc 1 92 3 view .LVU181
 599 0008 24E0     		b	.L49
 600              	.LVL53:
 601              	.L52:
 602              	.LBB18:
 603              	.LBB19:
  93:Src/poly.c    ****     if (p->notes[i] == note) {
  94:Src/poly.c    ****       p->notes[i] = 0xFF;
  95:Src/poly.c    ****       uint8_t check = p->prio[i];
  96:Src/poly.c    ****       for (uint8_t j = 0; j < p->polyamount; j++)
 604              		.loc 1 96 46 is_stmt 1 discriminator 2 view .LVU182
 605              		.loc 1 96 47 is_stmt 0 discriminator 2 view .LVU183
 606 000a 0133     		adds	r3, r3, #1
 607              	.LVL54:
 608              		.loc 1 96 47 discriminator 2 view .LVU184
 609 000c DBB2     		uxtb	r3, r3
 610              	.LVL55:
ARM GAS  /var/folders/80/65lm4rm97rv_n74c85vt01040000gn/T//cc78PKxx.s 			page 15


 611              	.L51:
 612              		.loc 1 96 27 is_stmt 1 discriminator 1 view .LVU185
 613              		.loc 1 96 7 is_stmt 0 discriminator 1 view .LVU186
 614 000e 9A42     		cmp	r2, r3
 615 0010 0BD9     		bls	.L56
  97:Src/poly.c    ****       {
  98:Src/poly.c    ****         if(i != j && check < p->prio[j]) {
 616              		.loc 1 98 9 is_stmt 1 view .LVU187
 617              		.loc 1 98 11 is_stmt 0 view .LVU188
 618 0012 9C42     		cmp	r4, r3
 619 0014 F9D0     		beq	.L52
 620              		.loc 1 98 37 discriminator 1 view .LVU189
 621 0016 E818     		adds	r0, r5, r3
 622 0018 007A     		ldrb	r0, [r0, #8]	@ zero_extendqisi2
 623              		.loc 1 98 19 discriminator 1 view .LVU190
 624 001a 7045     		cmp	r0, lr
 625 001c F5D9     		bls	.L52
  99:Src/poly.c    ****           p->prio[j]--;
 626              		.loc 1 99 11 is_stmt 1 view .LVU191
 627              		.loc 1 99 21 is_stmt 0 view .LVU192
 628 001e 05EB030C 		add	ip, r5, r3
 629 0022 0138     		subs	r0, r0, #1
 630 0024 8CF80800 		strb	r0, [ip, #8]
 631 0028 EFE7     		b	.L52
 632              	.L56:
 633              		.loc 1 99 21 view .LVU193
 634              	.LBE19:
 100:Src/poly.c    ****         }
 101:Src/poly.c    ****       }
 102:Src/poly.c    ****       p->prio[i] = p->polyamount-1;
 635              		.loc 1 102 7 is_stmt 1 view .LVU194
 636              		.loc 1 102 33 is_stmt 0 view .LVU195
 637 002a 013A     		subs	r2, r2, #1
 638              		.loc 1 102 18 view .LVU196
 639 002c 6B18     		adds	r3, r5, r1
 640              	.LVL56:
 641              		.loc 1 102 18 view .LVU197
 642 002e 1A72     		strb	r2, [r3, #8]
 103:Src/poly.c    ****       p->size--;
 643              		.loc 1 103 7 is_stmt 1 view .LVU198
 644              		.loc 1 103 8 is_stmt 0 view .LVU199
 645 0030 2B7B     		ldrb	r3, [r5, #12]	@ zero_extendqisi2
 646              		.loc 1 103 14 view .LVU200
 647 0032 013B     		subs	r3, r3, #1
 648 0034 2B73     		strb	r3, [r5, #12]
 104:Src/poly.c    ****       Analog_PolyInput(0xFF,0xFF,false,&analog[p->id*2+i]);
 649              		.loc 1 104 7 is_stmt 1 view .LVU201
 650              		.loc 1 104 49 is_stmt 0 view .LVU202
 651 0036 AB7B     		ldrb	r3, [r5, #14]	@ zero_extendqisi2
 652              		.loc 1 104 55 view .LVU203
 653 0038 01EB4301 		add	r1, r1, r3, lsl #1
 654              		.loc 1 104 7 view .LVU204
 655 003c 01EB0111 		add	r1, r1, r1, lsl #4
 656 0040 0C4B     		ldr	r3, .L58
 657 0042 03EBC103 		add	r3, r3, r1, lsl #3
 658 0046 0022     		movs	r2, #0
 659 0048 FF21     		movs	r1, #255
ARM GAS  /var/folders/80/65lm4rm97rv_n74c85vt01040000gn/T//cc78PKxx.s 			page 16


 660 004a 0846     		mov	r0, r1
 661 004c FFF7FEFF 		bl	Analog_PolyInput
 662              	.LVL57:
 663              	.L50:
 664              		.loc 1 104 7 view .LVU205
 665              	.LBE18:
  92:Src/poly.c    ****     if (p->notes[i] == note) {
 666              		.loc 1 92 42 is_stmt 1 discriminator 2 view .LVU206
 667 0050 0134     		adds	r4, r4, #1
 668              	.LVL58:
  92:Src/poly.c    ****     if (p->notes[i] == note) {
 669              		.loc 1 92 42 is_stmt 0 discriminator 2 view .LVU207
 670 0052 E4B2     		uxtb	r4, r4
 671              	.LVL59:
 672              	.L49:
  92:Src/poly.c    ****     if (p->notes[i] == note) {
 673              		.loc 1 92 23 is_stmt 1 discriminator 1 view .LVU208
  92:Src/poly.c    ****     if (p->notes[i] == note) {
 674              		.loc 1 92 28 is_stmt 0 discriminator 1 view .LVU209
 675 0054 6A7B     		ldrb	r2, [r5, #13]	@ zero_extendqisi2
  92:Src/poly.c    ****     if (p->notes[i] == note) {
 676              		.loc 1 92 3 discriminator 1 view .LVU210
 677 0056 A242     		cmp	r2, r4
 678 0058 0AD9     		bls	.L57
  93:Src/poly.c    ****       p->notes[i] = 0xFF;
 679              		.loc 1 93 5 is_stmt 1 view .LVU211
  93:Src/poly.c    ****       p->notes[i] = 0xFF;
 680              		.loc 1 93 17 is_stmt 0 view .LVU212
 681 005a 2146     		mov	r1, r4
 682 005c 2B5D     		ldrb	r3, [r5, r4]	@ zero_extendqisi2
  93:Src/poly.c    ****       p->notes[i] = 0xFF;
 683              		.loc 1 93 8 view .LVU213
 684 005e B342     		cmp	r3, r6
 685 0060 F6D1     		bne	.L50
 686              	.LBB21:
  94:Src/poly.c    ****       uint8_t check = p->prio[i];
 687              		.loc 1 94 7 is_stmt 1 view .LVU214
  94:Src/poly.c    ****       uint8_t check = p->prio[i];
 688              		.loc 1 94 19 is_stmt 0 view .LVU215
 689 0062 FF23     		movs	r3, #255
 690 0064 2B55     		strb	r3, [r5, r4]
  95:Src/poly.c    ****       for (uint8_t j = 0; j < p->polyamount; j++)
 691              		.loc 1 95 7 is_stmt 1 view .LVU216
  95:Src/poly.c    ****       for (uint8_t j = 0; j < p->polyamount; j++)
 692              		.loc 1 95 15 is_stmt 0 view .LVU217
 693 0066 2B19     		adds	r3, r5, r4
 694 0068 93F808E0 		ldrb	lr, [r3, #8]	@ zero_extendqisi2
 695              	.LVL60:
  96:Src/poly.c    ****       {
 696              		.loc 1 96 7 is_stmt 1 view .LVU218
 697              	.LBB20:
  96:Src/poly.c    ****       {
 698              		.loc 1 96 12 view .LVU219
  96:Src/poly.c    ****       {
 699              		.loc 1 96 20 is_stmt 0 view .LVU220
 700 006c 0023     		movs	r3, #0
  96:Src/poly.c    ****       {
ARM GAS  /var/folders/80/65lm4rm97rv_n74c85vt01040000gn/T//cc78PKxx.s 			page 17


 701              		.loc 1 96 7 view .LVU221
 702 006e CEE7     		b	.L51
 703              	.LVL61:
 704              	.L57:
  96:Src/poly.c    ****       {
 705              		.loc 1 96 7 view .LVU222
 706              	.LBE20:
 707              	.LBE21:
 708              	.LBE17:
 105:Src/poly.c    ****     }
 106:Src/poly.c    ****   }
 107:Src/poly.c    **** }
 709              		.loc 1 107 1 view .LVU223
 710 0070 70BD     		pop	{r4, r5, r6, pc}
 711              	.LVL62:
 712              	.L59:
 713              		.loc 1 107 1 view .LVU224
 714 0072 00BF     		.align	2
 715              	.L58:
 716 0074 00000000 		.word	analog
 717              		.cfi_endproc
 718              	.LFE3:
 720              		.global	poly
 721              		.section	.bss.poly,"aw",%nobits
 722              		.align	2
 723              		.set	.LANCHOR0,. + 0
 726              	poly:
 727 0000 00000000 		.space	30
 727      00000000 
 727      00000000 
 727      00000000 
 727      00000000 
 728              		.text
 729              	.Letext0:
 730              		.file 2 "/usr/local/Caskroom/gcc-arm-embedded/10-2020-q4-major/gcc-arm-none-eabi-10-2020-q4-major/
 731              		.file 3 "/usr/local/Caskroom/gcc-arm-embedded/10-2020-q4-major/gcc-arm-none-eabi-10-2020-q4-major/
 732              		.file 4 "Inc/poly.h"
 733              		.file 5 "Inc/midisetting.h"
 734              		.file 6 "Inc/note_stack.h"
 735              		.file 7 "Inc/analog.h"
ARM GAS  /var/folders/80/65lm4rm97rv_n74c85vt01040000gn/T//cc78PKxx.s 			page 18


DEFINED SYMBOLS
                            *ABS*:0000000000000000 poly.c
/var/folders/80/65lm4rm97rv_n74c85vt01040000gn/T//cc78PKxx.s:18     .text.Poly_CheckVoices:0000000000000000 $t
/var/folders/80/65lm4rm97rv_n74c85vt01040000gn/T//cc78PKxx.s:26     .text.Poly_CheckVoices:0000000000000000 Poly_CheckVoices
/var/folders/80/65lm4rm97rv_n74c85vt01040000gn/T//cc78PKxx.s:225    .text.Poly_CheckVoices:00000000000000a8 $d
/var/folders/80/65lm4rm97rv_n74c85vt01040000gn/T//cc78PKxx.s:230    .text.Poly_Init:0000000000000000 $t
/var/folders/80/65lm4rm97rv_n74c85vt01040000gn/T//cc78PKxx.s:237    .text.Poly_Init:0000000000000000 Poly_Init
/var/folders/80/65lm4rm97rv_n74c85vt01040000gn/T//cc78PKxx.s:312    .text.Poly_Init:000000000000003c $d
/var/folders/80/65lm4rm97rv_n74c85vt01040000gn/T//cc78PKxx.s:317    .text.Poly_NoteOn:0000000000000000 $t
/var/folders/80/65lm4rm97rv_n74c85vt01040000gn/T//cc78PKxx.s:324    .text.Poly_NoteOn:0000000000000000 Poly_NoteOn
/var/folders/80/65lm4rm97rv_n74c85vt01040000gn/T//cc78PKxx.s:562    .text.Poly_NoteOn:00000000000000c8 $d
/var/folders/80/65lm4rm97rv_n74c85vt01040000gn/T//cc78PKxx.s:568    .text.Poly_NoteOff:0000000000000000 $t
/var/folders/80/65lm4rm97rv_n74c85vt01040000gn/T//cc78PKxx.s:575    .text.Poly_NoteOff:0000000000000000 Poly_NoteOff
/var/folders/80/65lm4rm97rv_n74c85vt01040000gn/T//cc78PKxx.s:716    .text.Poly_NoteOff:0000000000000074 $d
/var/folders/80/65lm4rm97rv_n74c85vt01040000gn/T//cc78PKxx.s:726    .bss.poly:0000000000000000 poly
/var/folders/80/65lm4rm97rv_n74c85vt01040000gn/T//cc78PKxx.s:722    .bss.poly:0000000000000000 $d

UNDEFINED SYMBOLS
analog
Analog_PolyInput
