ARM GAS  /var/folders/80/65lm4rm97rv_n74c85vt01040000gn/T//ccWvpPqj.s 			page 1


   1              		.cpu cortex-m4
   2              		.eabi_attribute 27, 1
   3              		.eabi_attribute 28, 1
   4              		.eabi_attribute 20, 1
   5              		.eabi_attribute 21, 1
   6              		.eabi_attribute 23, 3
   7              		.eabi_attribute 24, 1
   8              		.eabi_attribute 25, 1
   9              		.eabi_attribute 26, 1
  10              		.eabi_attribute 30, 1
  11              		.eabi_attribute 34, 1
  12              		.eabi_attribute 18, 4
  13              		.file	"stm32f3xx_hal_msp.c"
  14              		.text
  15              	.Ltext0:
  16              		.cfi_sections	.debug_frame
  17              		.section	.text.HAL_MspInit,"ax",%progbits
  18              		.align	1
  19              		.global	HAL_MspInit
  20              		.arch armv7e-m
  21              		.syntax unified
  22              		.thumb
  23              		.thumb_func
  24              		.fpu fpv4-sp-d16
  26              	HAL_MspInit:
  27              	.LFB126:
  28              		.file 1 "Src/stm32f3xx_hal_msp.c"
   1:Src/stm32f3xx_hal_msp.c **** /* USER CODE BEGIN Header */
   2:Src/stm32f3xx_hal_msp.c **** /**
   3:Src/stm32f3xx_hal_msp.c ****   ******************************************************************************
   4:Src/stm32f3xx_hal_msp.c ****   * File Name          : stm32f3xx_hal_msp.c
   5:Src/stm32f3xx_hal_msp.c ****   * Description        : This file provides code for the MSP Initialization 
   6:Src/stm32f3xx_hal_msp.c ****   *                      and de-Initialization codes.
   7:Src/stm32f3xx_hal_msp.c ****   ******************************************************************************
   8:Src/stm32f3xx_hal_msp.c ****   * This notice applies to any and all portions of this file
   9:Src/stm32f3xx_hal_msp.c ****   * that are not between comment pairs USER CODE BEGIN and
  10:Src/stm32f3xx_hal_msp.c ****   * USER CODE END. Other portions of this file, whether 
  11:Src/stm32f3xx_hal_msp.c ****   * inserted by the user or by software development tools
  12:Src/stm32f3xx_hal_msp.c ****   * are owned by their respective copyright owners.
  13:Src/stm32f3xx_hal_msp.c ****   *
  14:Src/stm32f3xx_hal_msp.c ****   * Copyright (c) 2020 STMicroelectronics International N.V. 
  15:Src/stm32f3xx_hal_msp.c ****   * All rights reserved.
  16:Src/stm32f3xx_hal_msp.c ****   *
  17:Src/stm32f3xx_hal_msp.c ****   * Redistribution and use in source and binary forms, with or without 
  18:Src/stm32f3xx_hal_msp.c ****   * modification, are permitted, provided that the following conditions are met:
  19:Src/stm32f3xx_hal_msp.c ****   *
  20:Src/stm32f3xx_hal_msp.c ****   * 1. Redistribution of source code must retain the above copyright notice, 
  21:Src/stm32f3xx_hal_msp.c ****   *    this list of conditions and the following disclaimer.
  22:Src/stm32f3xx_hal_msp.c ****   * 2. Redistributions in binary form must reproduce the above copyright notice,
  23:Src/stm32f3xx_hal_msp.c ****   *    this list of conditions and the following disclaimer in the documentation
  24:Src/stm32f3xx_hal_msp.c ****   *    and/or other materials provided with the distribution.
  25:Src/stm32f3xx_hal_msp.c ****   * 3. Neither the name of STMicroelectronics nor the names of other 
  26:Src/stm32f3xx_hal_msp.c ****   *    contributors to this software may be used to endorse or promote products 
  27:Src/stm32f3xx_hal_msp.c ****   *    derived from this software without specific written permission.
  28:Src/stm32f3xx_hal_msp.c ****   * 4. This software, including modifications and/or derivative works of this 
  29:Src/stm32f3xx_hal_msp.c ****   *    software, must execute solely and exclusively on microcontroller or
  30:Src/stm32f3xx_hal_msp.c ****   *    microprocessor devices manufactured by or for STMicroelectronics.
ARM GAS  /var/folders/80/65lm4rm97rv_n74c85vt01040000gn/T//ccWvpPqj.s 			page 2


  31:Src/stm32f3xx_hal_msp.c ****   * 5. Redistribution and use of this software other than as permitted under 
  32:Src/stm32f3xx_hal_msp.c ****   *    this license is void and will automatically terminate your rights under 
  33:Src/stm32f3xx_hal_msp.c ****   *    this license. 
  34:Src/stm32f3xx_hal_msp.c ****   *
  35:Src/stm32f3xx_hal_msp.c ****   * THIS SOFTWARE IS PROVIDED BY STMICROELECTRONICS AND CONTRIBUTORS "AS IS" 
  36:Src/stm32f3xx_hal_msp.c ****   * AND ANY EXPRESS, IMPLIED OR STATUTORY WARRANTIES, INCLUDING, BUT NOT 
  37:Src/stm32f3xx_hal_msp.c ****   * LIMITED TO, THE IMPLIED WARRANTIES OF MERCHANTABILITY, FITNESS FOR A 
  38:Src/stm32f3xx_hal_msp.c ****   * PARTICULAR PURPOSE AND NON-INFRINGEMENT OF THIRD PARTY INTELLECTUAL PROPERTY
  39:Src/stm32f3xx_hal_msp.c ****   * RIGHTS ARE DISCLAIMED TO THE FULLEST EXTENT PERMITTED BY LAW. IN NO EVENT 
  40:Src/stm32f3xx_hal_msp.c ****   * SHALL STMICROELECTRONICS OR CONTRIBUTORS BE LIABLE FOR ANY DIRECT, INDIRECT,
  41:Src/stm32f3xx_hal_msp.c ****   * INCIDENTAL, SPECIAL, EXEMPLARY, OR CONSEQUENTIAL DAMAGES (INCLUDING, BUT NOT
  42:Src/stm32f3xx_hal_msp.c ****   * LIMITED TO, PROCUREMENT OF SUBSTITUTE GOODS OR SERVICES; LOSS OF USE, DATA, 
  43:Src/stm32f3xx_hal_msp.c ****   * OR PROFITS; OR BUSINESS INTERRUPTION) HOWEVER CAUSED AND ON ANY THEORY OF 
  44:Src/stm32f3xx_hal_msp.c ****   * LIABILITY, WHETHER IN CONTRACT, STRICT LIABILITY, OR TORT (INCLUDING 
  45:Src/stm32f3xx_hal_msp.c ****   * NEGLIGENCE OR OTHERWISE) ARISING IN ANY WAY OUT OF THE USE OF THIS SOFTWARE,
  46:Src/stm32f3xx_hal_msp.c ****   * EVEN IF ADVISED OF THE POSSIBILITY OF SUCH DAMAGE.
  47:Src/stm32f3xx_hal_msp.c ****   *
  48:Src/stm32f3xx_hal_msp.c ****   ******************************************************************************
  49:Src/stm32f3xx_hal_msp.c ****   */
  50:Src/stm32f3xx_hal_msp.c **** /* USER CODE END Header */
  51:Src/stm32f3xx_hal_msp.c **** 
  52:Src/stm32f3xx_hal_msp.c **** /* Includes ------------------------------------------------------------------*/
  53:Src/stm32f3xx_hal_msp.c **** #include "main.h"
  54:Src/stm32f3xx_hal_msp.c **** /* USER CODE BEGIN Includes */
  55:Src/stm32f3xx_hal_msp.c **** 
  56:Src/stm32f3xx_hal_msp.c **** /* USER CODE END Includes */
  57:Src/stm32f3xx_hal_msp.c **** 
  58:Src/stm32f3xx_hal_msp.c **** /* Private typedef -----------------------------------------------------------*/
  59:Src/stm32f3xx_hal_msp.c **** /* USER CODE BEGIN TD */
  60:Src/stm32f3xx_hal_msp.c **** 
  61:Src/stm32f3xx_hal_msp.c **** /* USER CODE END TD */
  62:Src/stm32f3xx_hal_msp.c **** 
  63:Src/stm32f3xx_hal_msp.c **** /* Private define ------------------------------------------------------------*/
  64:Src/stm32f3xx_hal_msp.c **** /* USER CODE BEGIN Define */
  65:Src/stm32f3xx_hal_msp.c ****  
  66:Src/stm32f3xx_hal_msp.c **** /* USER CODE END Define */
  67:Src/stm32f3xx_hal_msp.c **** 
  68:Src/stm32f3xx_hal_msp.c **** /* Private macro -------------------------------------------------------------*/
  69:Src/stm32f3xx_hal_msp.c **** /* USER CODE BEGIN Macro */
  70:Src/stm32f3xx_hal_msp.c **** 
  71:Src/stm32f3xx_hal_msp.c **** /* USER CODE END Macro */
  72:Src/stm32f3xx_hal_msp.c **** 
  73:Src/stm32f3xx_hal_msp.c **** /* Private variables ---------------------------------------------------------*/
  74:Src/stm32f3xx_hal_msp.c **** /* USER CODE BEGIN PV */
  75:Src/stm32f3xx_hal_msp.c **** 
  76:Src/stm32f3xx_hal_msp.c **** /* USER CODE END PV */
  77:Src/stm32f3xx_hal_msp.c **** 
  78:Src/stm32f3xx_hal_msp.c **** /* Private function prototypes -----------------------------------------------*/
  79:Src/stm32f3xx_hal_msp.c **** /* USER CODE BEGIN PFP */
  80:Src/stm32f3xx_hal_msp.c **** 
  81:Src/stm32f3xx_hal_msp.c **** /* USER CODE END PFP */
  82:Src/stm32f3xx_hal_msp.c **** 
  83:Src/stm32f3xx_hal_msp.c **** /* External functions --------------------------------------------------------*/
  84:Src/stm32f3xx_hal_msp.c **** /* USER CODE BEGIN ExternalFunctions */
  85:Src/stm32f3xx_hal_msp.c **** 
  86:Src/stm32f3xx_hal_msp.c **** /* USER CODE END ExternalFunctions */
  87:Src/stm32f3xx_hal_msp.c **** 
ARM GAS  /var/folders/80/65lm4rm97rv_n74c85vt01040000gn/T//ccWvpPqj.s 			page 3


  88:Src/stm32f3xx_hal_msp.c **** /* USER CODE BEGIN 0 */
  89:Src/stm32f3xx_hal_msp.c **** 
  90:Src/stm32f3xx_hal_msp.c **** /* USER CODE END 0 */
  91:Src/stm32f3xx_hal_msp.c **** /**
  92:Src/stm32f3xx_hal_msp.c ****   * Initializes the Global MSP.
  93:Src/stm32f3xx_hal_msp.c ****   */
  94:Src/stm32f3xx_hal_msp.c **** void HAL_MspInit(void)
  95:Src/stm32f3xx_hal_msp.c **** {
  29              		.loc 1 95 1 view -0
  30              		.cfi_startproc
  31              		@ args = 0, pretend = 0, frame = 8
  32              		@ frame_needed = 0, uses_anonymous_args = 0
  33              		@ link register save eliminated.
  34 0000 82B0     		sub	sp, sp, #8
  35              	.LCFI0:
  36              		.cfi_def_cfa_offset 8
  96:Src/stm32f3xx_hal_msp.c ****   /* USER CODE BEGIN MspInit 0 */
  97:Src/stm32f3xx_hal_msp.c **** 
  98:Src/stm32f3xx_hal_msp.c ****   /* USER CODE END MspInit 0 */
  99:Src/stm32f3xx_hal_msp.c **** 
 100:Src/stm32f3xx_hal_msp.c ****   __HAL_RCC_SYSCFG_CLK_ENABLE();
  37              		.loc 1 100 3 view .LVU1
  38              	.LBB2:
  39              		.loc 1 100 3 view .LVU2
  40              		.loc 1 100 3 view .LVU3
  41 0002 0A4B     		ldr	r3, .L3
  42 0004 9A69     		ldr	r2, [r3, #24]
  43 0006 42F00102 		orr	r2, r2, #1
  44 000a 9A61     		str	r2, [r3, #24]
  45              		.loc 1 100 3 view .LVU4
  46 000c 9A69     		ldr	r2, [r3, #24]
  47 000e 02F00102 		and	r2, r2, #1
  48 0012 0092     		str	r2, [sp]
  49              		.loc 1 100 3 view .LVU5
  50 0014 009A     		ldr	r2, [sp]
  51              	.LBE2:
  52              		.loc 1 100 3 view .LVU6
 101:Src/stm32f3xx_hal_msp.c ****   __HAL_RCC_PWR_CLK_ENABLE();
  53              		.loc 1 101 3 view .LVU7
  54              	.LBB3:
  55              		.loc 1 101 3 view .LVU8
  56              		.loc 1 101 3 view .LVU9
  57 0016 DA69     		ldr	r2, [r3, #28]
  58 0018 42F08052 		orr	r2, r2, #268435456
  59 001c DA61     		str	r2, [r3, #28]
  60              		.loc 1 101 3 view .LVU10
  61 001e DB69     		ldr	r3, [r3, #28]
  62 0020 03F08053 		and	r3, r3, #268435456
  63 0024 0193     		str	r3, [sp, #4]
  64              		.loc 1 101 3 view .LVU11
  65 0026 019B     		ldr	r3, [sp, #4]
  66              	.LBE3:
  67              		.loc 1 101 3 view .LVU12
 102:Src/stm32f3xx_hal_msp.c **** 
 103:Src/stm32f3xx_hal_msp.c ****   /* System interrupt init*/
 104:Src/stm32f3xx_hal_msp.c **** 
 105:Src/stm32f3xx_hal_msp.c ****   /* USER CODE BEGIN MspInit 1 */
ARM GAS  /var/folders/80/65lm4rm97rv_n74c85vt01040000gn/T//ccWvpPqj.s 			page 4


 106:Src/stm32f3xx_hal_msp.c **** 
 107:Src/stm32f3xx_hal_msp.c ****   /* USER CODE END MspInit 1 */
 108:Src/stm32f3xx_hal_msp.c **** }
  68              		.loc 1 108 1 is_stmt 0 view .LVU13
  69 0028 02B0     		add	sp, sp, #8
  70              	.LCFI1:
  71              		.cfi_def_cfa_offset 0
  72              		@ sp needed
  73 002a 7047     		bx	lr
  74              	.L4:
  75              		.align	2
  76              	.L3:
  77 002c 00100240 		.word	1073876992
  78              		.cfi_endproc
  79              	.LFE126:
  81              		.text
  82              	.Letext0:
  83              		.file 2 "/usr/local/Caskroom/gcc-arm-embedded/10-2020-q4-major/gcc-arm-none-eabi-10-2020-q4-major/
  84              		.file 3 "/usr/local/Caskroom/gcc-arm-embedded/10-2020-q4-major/gcc-arm-none-eabi-10-2020-q4-major/
  85              		.file 4 "Drivers/CMSIS/Device/ST/STM32F3xx/Include/stm32f373xc.h"
ARM GAS  /var/folders/80/65lm4rm97rv_n74c85vt01040000gn/T//ccWvpPqj.s 			page 5


DEFINED SYMBOLS
                            *ABS*:0000000000000000 stm32f3xx_hal_msp.c
/var/folders/80/65lm4rm97rv_n74c85vt01040000gn/T//ccWvpPqj.s:18     .text.HAL_MspInit:0000000000000000 $t
/var/folders/80/65lm4rm97rv_n74c85vt01040000gn/T//ccWvpPqj.s:26     .text.HAL_MspInit:0000000000000000 HAL_MspInit
/var/folders/80/65lm4rm97rv_n74c85vt01040000gn/T//ccWvpPqj.s:77     .text.HAL_MspInit:000000000000002c $d

NO UNDEFINED SYMBOLS
