ARM GAS  /var/folders/80/65lm4rm97rv_n74c85vt01040000gn/T//cchrgrbQ.s 			page 1


   1              		.cpu cortex-m4
   2              		.eabi_attribute 27, 1
   3              		.eabi_attribute 28, 1
   4              		.eabi_attribute 20, 1
   5              		.eabi_attribute 21, 1
   6              		.eabi_attribute 23, 3
   7              		.eabi_attribute 24, 1
   8              		.eabi_attribute 25, 1
   9              		.eabi_attribute 26, 1
  10              		.eabi_attribute 30, 1
  11              		.eabi_attribute 34, 1
  12              		.eabi_attribute 18, 4
  13              		.file	"stm32f3xx_it.c"
  14              		.text
  15              	.Ltext0:
  16              		.cfi_sections	.debug_frame
  17              		.section	.text.NMI_Handler,"ax",%progbits
  18              		.align	1
  19              		.global	NMI_Handler
  20              		.arch armv7e-m
  21              		.syntax unified
  22              		.thumb
  23              		.thumb_func
  24              		.fpu fpv4-sp-d16
  26              	NMI_Handler:
  27              	.LFB126:
  28              		.file 1 "Src/stm32f3xx_it.c"
   1:Src/stm32f3xx_it.c **** /* USER CODE BEGIN Header */
   2:Src/stm32f3xx_it.c **** /**
   3:Src/stm32f3xx_it.c ****   ******************************************************************************
   4:Src/stm32f3xx_it.c ****   * @file    stm32f3xx_it.c
   5:Src/stm32f3xx_it.c ****   * @brief   Interrupt Service Routines.
   6:Src/stm32f3xx_it.c ****   ******************************************************************************
   7:Src/stm32f3xx_it.c ****   *
   8:Src/stm32f3xx_it.c ****   * COPYRIGHT(c) 2020 STMicroelectronics
   9:Src/stm32f3xx_it.c ****   *
  10:Src/stm32f3xx_it.c ****   * Redistribution and use in source and binary forms, with or without modification,
  11:Src/stm32f3xx_it.c ****   * are permitted provided that the following conditions are met:
  12:Src/stm32f3xx_it.c ****   *   1. Redistributions of source code must retain the above copyright notice,
  13:Src/stm32f3xx_it.c ****   *      this list of conditions and the following disclaimer.
  14:Src/stm32f3xx_it.c ****   *   2. Redistributions in binary form must reproduce the above copyright notice,
  15:Src/stm32f3xx_it.c ****   *      this list of conditions and the following disclaimer in the documentation
  16:Src/stm32f3xx_it.c ****   *      and/or other materials provided with the distribution.
  17:Src/stm32f3xx_it.c ****   *   3. Neither the name of STMicroelectronics nor the names of its contributors
  18:Src/stm32f3xx_it.c ****   *      may be used to endorse or promote products derived from this software
  19:Src/stm32f3xx_it.c ****   *      without specific prior written permission.
  20:Src/stm32f3xx_it.c ****   *
  21:Src/stm32f3xx_it.c ****   * THIS SOFTWARE IS PROVIDED BY THE COPYRIGHT HOLDERS AND CONTRIBUTORS "AS IS"
  22:Src/stm32f3xx_it.c ****   * AND ANY EXPRESS OR IMPLIED WARRANTIES, INCLUDING, BUT NOT LIMITED TO, THE
  23:Src/stm32f3xx_it.c ****   * IMPLIED WARRANTIES OF MERCHANTABILITY AND FITNESS FOR A PARTICULAR PURPOSE ARE
  24:Src/stm32f3xx_it.c ****   * DISCLAIMED. IN NO EVENT SHALL THE COPYRIGHT HOLDER OR CONTRIBUTORS BE LIABLE
  25:Src/stm32f3xx_it.c ****   * FOR ANY DIRECT, INDIRECT, INCIDENTAL, SPECIAL, EXEMPLARY, OR CONSEQUENTIAL
  26:Src/stm32f3xx_it.c ****   * DAMAGES (INCLUDING, BUT NOT LIMITED TO, PROCUREMENT OF SUBSTITUTE GOODS OR
  27:Src/stm32f3xx_it.c ****   * SERVICES; LOSS OF USE, DATA, OR PROFITS; OR BUSINESS INTERRUPTION) HOWEVER
  28:Src/stm32f3xx_it.c ****   * CAUSED AND ON ANY THEORY OF LIABILITY, WHETHER IN CONTRACT, STRICT LIABILITY,
  29:Src/stm32f3xx_it.c ****   * OR TORT (INCLUDING NEGLIGENCE OR OTHERWISE) ARISING IN ANY WAY OUT OF THE USE
  30:Src/stm32f3xx_it.c ****   * OF THIS SOFTWARE, EVEN IF ADVISED OF THE POSSIBILITY OF SUCH DAMAGE.
ARM GAS  /var/folders/80/65lm4rm97rv_n74c85vt01040000gn/T//cchrgrbQ.s 			page 2


  31:Src/stm32f3xx_it.c ****   *
  32:Src/stm32f3xx_it.c ****   ******************************************************************************
  33:Src/stm32f3xx_it.c ****   */
  34:Src/stm32f3xx_it.c **** /* USER CODE END Header */
  35:Src/stm32f3xx_it.c **** 
  36:Src/stm32f3xx_it.c **** /* Includes ------------------------------------------------------------------*/
  37:Src/stm32f3xx_it.c **** #include "main.h"
  38:Src/stm32f3xx_it.c **** #include "stm32f3xx_it.h"
  39:Src/stm32f3xx_it.c **** /* Private includes ----------------------------------------------------------*/
  40:Src/stm32f3xx_it.c **** /* USER CODE BEGIN Includes */
  41:Src/stm32f3xx_it.c **** /* USER CODE END Includes */
  42:Src/stm32f3xx_it.c **** 
  43:Src/stm32f3xx_it.c **** /* Private typedef -----------------------------------------------------------*/
  44:Src/stm32f3xx_it.c **** /* USER CODE BEGIN TD */
  45:Src/stm32f3xx_it.c **** 
  46:Src/stm32f3xx_it.c **** /* USER CODE END TD */
  47:Src/stm32f3xx_it.c **** 
  48:Src/stm32f3xx_it.c **** /* Private define ------------------------------------------------------------*/
  49:Src/stm32f3xx_it.c **** /* USER CODE BEGIN PD */
  50:Src/stm32f3xx_it.c ****  
  51:Src/stm32f3xx_it.c **** /* USER CODE END PD */
  52:Src/stm32f3xx_it.c **** 
  53:Src/stm32f3xx_it.c **** /* Private macro -------------------------------------------------------------*/
  54:Src/stm32f3xx_it.c **** /* USER CODE BEGIN PM */
  55:Src/stm32f3xx_it.c **** 
  56:Src/stm32f3xx_it.c **** /* USER CODE END PM */
  57:Src/stm32f3xx_it.c **** 
  58:Src/stm32f3xx_it.c **** /* Private variables ---------------------------------------------------------*/
  59:Src/stm32f3xx_it.c **** /* USER CODE BEGIN PV */
  60:Src/stm32f3xx_it.c **** 
  61:Src/stm32f3xx_it.c **** /* USER CODE END PV */
  62:Src/stm32f3xx_it.c **** 
  63:Src/stm32f3xx_it.c **** /* Private function prototypes -----------------------------------------------*/
  64:Src/stm32f3xx_it.c **** /* USER CODE BEGIN PFP */
  65:Src/stm32f3xx_it.c **** 
  66:Src/stm32f3xx_it.c **** /* USER CODE END PFP */
  67:Src/stm32f3xx_it.c **** 
  68:Src/stm32f3xx_it.c **** /* Private user code ---------------------------------------------------------*/
  69:Src/stm32f3xx_it.c **** /* USER CODE BEGIN 0 */
  70:Src/stm32f3xx_it.c **** 
  71:Src/stm32f3xx_it.c **** /* USER CODE END 0 */
  72:Src/stm32f3xx_it.c **** 
  73:Src/stm32f3xx_it.c **** /* External variables --------------------------------------------------------*/
  74:Src/stm32f3xx_it.c **** extern PCD_HandleTypeDef hpcd_USB_FS;
  75:Src/stm32f3xx_it.c **** extern DMA_HandleTypeDef hdma_spi2_tx;
  76:Src/stm32f3xx_it.c **** extern TIM_HandleTypeDef htim6;
  77:Src/stm32f3xx_it.c **** /* USER CODE BEGIN EV */
  78:Src/stm32f3xx_it.c **** 
  79:Src/stm32f3xx_it.c **** /* USER CODE END EV */
  80:Src/stm32f3xx_it.c **** 
  81:Src/stm32f3xx_it.c **** /******************************************************************************/
  82:Src/stm32f3xx_it.c **** /*           Cortex-M4 Processor Interruption and Exception Handlers          */ 
  83:Src/stm32f3xx_it.c **** /******************************************************************************/
  84:Src/stm32f3xx_it.c **** /**
  85:Src/stm32f3xx_it.c ****   * @brief This function handles Non maskable interrupt.
  86:Src/stm32f3xx_it.c ****   */
  87:Src/stm32f3xx_it.c **** void NMI_Handler(void)
ARM GAS  /var/folders/80/65lm4rm97rv_n74c85vt01040000gn/T//cchrgrbQ.s 			page 3


  88:Src/stm32f3xx_it.c **** {
  29              		.loc 1 88 1 view -0
  30              		.cfi_startproc
  31              		@ args = 0, pretend = 0, frame = 0
  32              		@ frame_needed = 0, uses_anonymous_args = 0
  33              		@ link register save eliminated.
  89:Src/stm32f3xx_it.c ****   /* USER CODE BEGIN NonMaskableInt_IRQn 0 */
  90:Src/stm32f3xx_it.c **** 
  91:Src/stm32f3xx_it.c ****   /* USER CODE END NonMaskableInt_IRQn 0 */
  92:Src/stm32f3xx_it.c ****   /* USER CODE BEGIN NonMaskableInt_IRQn 1 */
  93:Src/stm32f3xx_it.c **** 
  94:Src/stm32f3xx_it.c ****   /* USER CODE END NonMaskableInt_IRQn 1 */
  95:Src/stm32f3xx_it.c **** }
  34              		.loc 1 95 1 view .LVU1
  35 0000 7047     		bx	lr
  36              		.cfi_endproc
  37              	.LFE126:
  39              		.section	.text.HardFault_Handler,"ax",%progbits
  40              		.align	1
  41              		.global	HardFault_Handler
  42              		.syntax unified
  43              		.thumb
  44              		.thumb_func
  45              		.fpu fpv4-sp-d16
  47              	HardFault_Handler:
  48              	.LFB127:
  96:Src/stm32f3xx_it.c **** 
  97:Src/stm32f3xx_it.c **** /**
  98:Src/stm32f3xx_it.c ****   * @brief This function handles Hard fault interrupt.
  99:Src/stm32f3xx_it.c ****   */
 100:Src/stm32f3xx_it.c **** void HardFault_Handler(void)
 101:Src/stm32f3xx_it.c **** {
  49              		.loc 1 101 1 view -0
  50              		.cfi_startproc
  51              		@ Volatile: function does not return.
  52              		@ args = 0, pretend = 0, frame = 0
  53              		@ frame_needed = 0, uses_anonymous_args = 0
  54              		@ link register save eliminated.
  55              	.L3:
 102:Src/stm32f3xx_it.c ****   /* USER CODE BEGIN HardFault_IRQn 0 */
 103:Src/stm32f3xx_it.c **** 
 104:Src/stm32f3xx_it.c ****   /* USER CODE END HardFault_IRQn 0 */
 105:Src/stm32f3xx_it.c ****   while (1)
  56              		.loc 1 105 3 discriminator 1 view .LVU3
 106:Src/stm32f3xx_it.c ****   {
 107:Src/stm32f3xx_it.c ****     /* USER CODE BEGIN W1_HardFault_IRQn 0 */
 108:Src/stm32f3xx_it.c ****     /* USER CODE END W1_HardFault_IRQn 0 */
 109:Src/stm32f3xx_it.c ****   }
  57              		.loc 1 109 3 discriminator 1 view .LVU4
 105:Src/stm32f3xx_it.c ****   {
  58              		.loc 1 105 9 discriminator 1 view .LVU5
  59 0000 FEE7     		b	.L3
  60              		.cfi_endproc
  61              	.LFE127:
  63              		.section	.text.MemManage_Handler,"ax",%progbits
  64              		.align	1
  65              		.global	MemManage_Handler
ARM GAS  /var/folders/80/65lm4rm97rv_n74c85vt01040000gn/T//cchrgrbQ.s 			page 4


  66              		.syntax unified
  67              		.thumb
  68              		.thumb_func
  69              		.fpu fpv4-sp-d16
  71              	MemManage_Handler:
  72              	.LFB128:
 110:Src/stm32f3xx_it.c **** }
 111:Src/stm32f3xx_it.c **** 
 112:Src/stm32f3xx_it.c **** /**
 113:Src/stm32f3xx_it.c ****   * @brief This function handles Memory management fault.
 114:Src/stm32f3xx_it.c ****   */
 115:Src/stm32f3xx_it.c **** void MemManage_Handler(void)
 116:Src/stm32f3xx_it.c **** {
  73              		.loc 1 116 1 view -0
  74              		.cfi_startproc
  75              		@ Volatile: function does not return.
  76              		@ args = 0, pretend = 0, frame = 0
  77              		@ frame_needed = 0, uses_anonymous_args = 0
  78              		@ link register save eliminated.
  79              	.L5:
 117:Src/stm32f3xx_it.c ****   /* USER CODE BEGIN MemoryManagement_IRQn 0 */
 118:Src/stm32f3xx_it.c **** 
 119:Src/stm32f3xx_it.c ****   /* USER CODE END MemoryManagement_IRQn 0 */
 120:Src/stm32f3xx_it.c ****   while (1)
  80              		.loc 1 120 3 discriminator 1 view .LVU7
 121:Src/stm32f3xx_it.c ****   {
 122:Src/stm32f3xx_it.c ****     /* USER CODE BEGIN W1_MemoryManagement_IRQn 0 */
 123:Src/stm32f3xx_it.c ****     /* USER CODE END W1_MemoryManagement_IRQn 0 */
 124:Src/stm32f3xx_it.c ****   }
  81              		.loc 1 124 3 discriminator 1 view .LVU8
 120:Src/stm32f3xx_it.c ****   {
  82              		.loc 1 120 9 discriminator 1 view .LVU9
  83 0000 FEE7     		b	.L5
  84              		.cfi_endproc
  85              	.LFE128:
  87              		.section	.text.BusFault_Handler,"ax",%progbits
  88              		.align	1
  89              		.global	BusFault_Handler
  90              		.syntax unified
  91              		.thumb
  92              		.thumb_func
  93              		.fpu fpv4-sp-d16
  95              	BusFault_Handler:
  96              	.LFB129:
 125:Src/stm32f3xx_it.c **** }
 126:Src/stm32f3xx_it.c **** 
 127:Src/stm32f3xx_it.c **** /**
 128:Src/stm32f3xx_it.c ****   * @brief This function handles Prefetch fault, memory access fault.
 129:Src/stm32f3xx_it.c ****   */
 130:Src/stm32f3xx_it.c **** void BusFault_Handler(void)
 131:Src/stm32f3xx_it.c **** {
  97              		.loc 1 131 1 view -0
  98              		.cfi_startproc
  99              		@ Volatile: function does not return.
 100              		@ args = 0, pretend = 0, frame = 0
 101              		@ frame_needed = 0, uses_anonymous_args = 0
 102              		@ link register save eliminated.
ARM GAS  /var/folders/80/65lm4rm97rv_n74c85vt01040000gn/T//cchrgrbQ.s 			page 5


 103              	.L7:
 132:Src/stm32f3xx_it.c ****   /* USER CODE BEGIN BusFault_IRQn 0 */
 133:Src/stm32f3xx_it.c **** 
 134:Src/stm32f3xx_it.c ****   /* USER CODE END BusFault_IRQn 0 */
 135:Src/stm32f3xx_it.c ****   while (1)
 104              		.loc 1 135 3 discriminator 1 view .LVU11
 136:Src/stm32f3xx_it.c ****   {
 137:Src/stm32f3xx_it.c ****     /* USER CODE BEGIN W1_BusFault_IRQn 0 */
 138:Src/stm32f3xx_it.c ****     /* USER CODE END W1_BusFault_IRQn 0 */
 139:Src/stm32f3xx_it.c ****   }
 105              		.loc 1 139 3 discriminator 1 view .LVU12
 135:Src/stm32f3xx_it.c ****   {
 106              		.loc 1 135 9 discriminator 1 view .LVU13
 107 0000 FEE7     		b	.L7
 108              		.cfi_endproc
 109              	.LFE129:
 111              		.section	.text.UsageFault_Handler,"ax",%progbits
 112              		.align	1
 113              		.global	UsageFault_Handler
 114              		.syntax unified
 115              		.thumb
 116              		.thumb_func
 117              		.fpu fpv4-sp-d16
 119              	UsageFault_Handler:
 120              	.LFB130:
 140:Src/stm32f3xx_it.c **** }
 141:Src/stm32f3xx_it.c **** 
 142:Src/stm32f3xx_it.c **** /**
 143:Src/stm32f3xx_it.c ****   * @brief This function handles Undefined instruction or illegal state.
 144:Src/stm32f3xx_it.c ****   */
 145:Src/stm32f3xx_it.c **** void UsageFault_Handler(void)
 146:Src/stm32f3xx_it.c **** {
 121              		.loc 1 146 1 view -0
 122              		.cfi_startproc
 123              		@ Volatile: function does not return.
 124              		@ args = 0, pretend = 0, frame = 0
 125              		@ frame_needed = 0, uses_anonymous_args = 0
 126              		@ link register save eliminated.
 127              	.L9:
 147:Src/stm32f3xx_it.c ****   /* USER CODE BEGIN UsageFault_IRQn 0 */
 148:Src/stm32f3xx_it.c **** 
 149:Src/stm32f3xx_it.c ****   /* USER CODE END UsageFault_IRQn 0 */
 150:Src/stm32f3xx_it.c ****   while (1)
 128              		.loc 1 150 3 discriminator 1 view .LVU15
 151:Src/stm32f3xx_it.c ****   {
 152:Src/stm32f3xx_it.c ****     /* USER CODE BEGIN W1_UsageFault_IRQn 0 */
 153:Src/stm32f3xx_it.c ****     /* USER CODE END W1_UsageFault_IRQn 0 */
 154:Src/stm32f3xx_it.c ****   }
 129              		.loc 1 154 3 discriminator 1 view .LVU16
 150:Src/stm32f3xx_it.c ****   {
 130              		.loc 1 150 9 discriminator 1 view .LVU17
 131 0000 FEE7     		b	.L9
 132              		.cfi_endproc
 133              	.LFE130:
 135              		.section	.text.SVC_Handler,"ax",%progbits
 136              		.align	1
 137              		.global	SVC_Handler
ARM GAS  /var/folders/80/65lm4rm97rv_n74c85vt01040000gn/T//cchrgrbQ.s 			page 6


 138              		.syntax unified
 139              		.thumb
 140              		.thumb_func
 141              		.fpu fpv4-sp-d16
 143              	SVC_Handler:
 144              	.LFB131:
 155:Src/stm32f3xx_it.c **** }
 156:Src/stm32f3xx_it.c **** 
 157:Src/stm32f3xx_it.c **** /**
 158:Src/stm32f3xx_it.c ****   * @brief This function handles System service call via SWI instruction.
 159:Src/stm32f3xx_it.c ****   */
 160:Src/stm32f3xx_it.c **** void SVC_Handler(void)
 161:Src/stm32f3xx_it.c **** {
 145              		.loc 1 161 1 view -0
 146              		.cfi_startproc
 147              		@ args = 0, pretend = 0, frame = 0
 148              		@ frame_needed = 0, uses_anonymous_args = 0
 149              		@ link register save eliminated.
 162:Src/stm32f3xx_it.c ****   /* USER CODE BEGIN SVCall_IRQn 0 */
 163:Src/stm32f3xx_it.c **** 
 164:Src/stm32f3xx_it.c ****   /* USER CODE END SVCall_IRQn 0 */
 165:Src/stm32f3xx_it.c ****   /* USER CODE BEGIN SVCall_IRQn 1 */
 166:Src/stm32f3xx_it.c **** 
 167:Src/stm32f3xx_it.c ****   /* USER CODE END SVCall_IRQn 1 */
 168:Src/stm32f3xx_it.c **** }
 150              		.loc 1 168 1 view .LVU19
 151 0000 7047     		bx	lr
 152              		.cfi_endproc
 153              	.LFE131:
 155              		.section	.text.DebugMon_Handler,"ax",%progbits
 156              		.align	1
 157              		.global	DebugMon_Handler
 158              		.syntax unified
 159              		.thumb
 160              		.thumb_func
 161              		.fpu fpv4-sp-d16
 163              	DebugMon_Handler:
 164              	.LFB132:
 169:Src/stm32f3xx_it.c **** 
 170:Src/stm32f3xx_it.c **** /**
 171:Src/stm32f3xx_it.c ****   * @brief This function handles Debug monitor.
 172:Src/stm32f3xx_it.c ****   */
 173:Src/stm32f3xx_it.c **** void DebugMon_Handler(void)
 174:Src/stm32f3xx_it.c **** {
 165              		.loc 1 174 1 view -0
 166              		.cfi_startproc
 167              		@ args = 0, pretend = 0, frame = 0
 168              		@ frame_needed = 0, uses_anonymous_args = 0
 169              		@ link register save eliminated.
 175:Src/stm32f3xx_it.c ****   /* USER CODE BEGIN DebugMonitor_IRQn 0 */
 176:Src/stm32f3xx_it.c **** 
 177:Src/stm32f3xx_it.c ****   /* USER CODE END DebugMonitor_IRQn 0 */
 178:Src/stm32f3xx_it.c ****   /* USER CODE BEGIN DebugMonitor_IRQn 1 */
 179:Src/stm32f3xx_it.c **** 
 180:Src/stm32f3xx_it.c ****   /* USER CODE END DebugMonitor_IRQn 1 */
 181:Src/stm32f3xx_it.c **** }
 170              		.loc 1 181 1 view .LVU21
ARM GAS  /var/folders/80/65lm4rm97rv_n74c85vt01040000gn/T//cchrgrbQ.s 			page 7


 171 0000 7047     		bx	lr
 172              		.cfi_endproc
 173              	.LFE132:
 175              		.section	.text.PendSV_Handler,"ax",%progbits
 176              		.align	1
 177              		.global	PendSV_Handler
 178              		.syntax unified
 179              		.thumb
 180              		.thumb_func
 181              		.fpu fpv4-sp-d16
 183              	PendSV_Handler:
 184              	.LFB133:
 182:Src/stm32f3xx_it.c **** 
 183:Src/stm32f3xx_it.c **** /**
 184:Src/stm32f3xx_it.c ****   * @brief This function handles Pendable request for system service.
 185:Src/stm32f3xx_it.c ****   */
 186:Src/stm32f3xx_it.c **** void PendSV_Handler(void)
 187:Src/stm32f3xx_it.c **** {
 185              		.loc 1 187 1 view -0
 186              		.cfi_startproc
 187              		@ args = 0, pretend = 0, frame = 0
 188              		@ frame_needed = 0, uses_anonymous_args = 0
 189              		@ link register save eliminated.
 188:Src/stm32f3xx_it.c ****   /* USER CODE BEGIN PendSV_IRQn 0 */
 189:Src/stm32f3xx_it.c **** 
 190:Src/stm32f3xx_it.c ****   /* USER CODE END PendSV_IRQn 0 */
 191:Src/stm32f3xx_it.c ****   /* USER CODE BEGIN PendSV_IRQn 1 */
 192:Src/stm32f3xx_it.c **** 
 193:Src/stm32f3xx_it.c ****   /* USER CODE END PendSV_IRQn 1 */
 194:Src/stm32f3xx_it.c **** }
 190              		.loc 1 194 1 view .LVU23
 191 0000 7047     		bx	lr
 192              		.cfi_endproc
 193              	.LFE133:
 195              		.section	.text.DMA1_Channel5_IRQHandler,"ax",%progbits
 196              		.align	1
 197              		.global	DMA1_Channel5_IRQHandler
 198              		.syntax unified
 199              		.thumb
 200              		.thumb_func
 201              		.fpu fpv4-sp-d16
 203              	DMA1_Channel5_IRQHandler:
 204              	.LFB134:
 195:Src/stm32f3xx_it.c **** 
 196:Src/stm32f3xx_it.c **** /******************************************************************************/
 197:Src/stm32f3xx_it.c **** /* STM32F3xx Peripheral Interrupt Handlers                                    */
 198:Src/stm32f3xx_it.c **** /* Add here the Interrupt Handlers for the used peripherals.                  */
 199:Src/stm32f3xx_it.c **** /* For the available peripheral interrupt handler names,                      */
 200:Src/stm32f3xx_it.c **** /* please refer to the startup file (startup_stm32f3xx.s).                    */
 201:Src/stm32f3xx_it.c **** /******************************************************************************/
 202:Src/stm32f3xx_it.c **** 
 203:Src/stm32f3xx_it.c **** /**
 204:Src/stm32f3xx_it.c ****   * @brief This function handles DMA1 channel5 global interrupt.
 205:Src/stm32f3xx_it.c ****   */
 206:Src/stm32f3xx_it.c **** void DMA1_Channel5_IRQHandler(void)
 207:Src/stm32f3xx_it.c **** {
 205              		.loc 1 207 1 view -0
ARM GAS  /var/folders/80/65lm4rm97rv_n74c85vt01040000gn/T//cchrgrbQ.s 			page 8


 206              		.cfi_startproc
 207              		@ args = 0, pretend = 0, frame = 0
 208              		@ frame_needed = 0, uses_anonymous_args = 0
 209 0000 08B5     		push	{r3, lr}
 210              	.LCFI0:
 211              		.cfi_def_cfa_offset 8
 212              		.cfi_offset 3, -8
 213              		.cfi_offset 14, -4
 208:Src/stm32f3xx_it.c ****   /* USER CODE BEGIN DMA1_Channel5_IRQn 0 */
 209:Src/stm32f3xx_it.c **** 
 210:Src/stm32f3xx_it.c ****   /* USER CODE END DMA1_Channel5_IRQn 0 */
 211:Src/stm32f3xx_it.c ****   HAL_DMA_IRQHandler(&hdma_spi2_tx);
 214              		.loc 1 211 3 view .LVU25
 215 0002 0248     		ldr	r0, .L15
 216 0004 FFF7FEFF 		bl	HAL_DMA_IRQHandler
 217              	.LVL0:
 212:Src/stm32f3xx_it.c ****   /* USER CODE BEGIN DMA1_Channel5_IRQn 1 */
 213:Src/stm32f3xx_it.c **** 
 214:Src/stm32f3xx_it.c ****   /* USER CODE END DMA1_Channel5_IRQn 1 */
 215:Src/stm32f3xx_it.c **** }
 218              		.loc 1 215 1 is_stmt 0 view .LVU26
 219 0008 08BD     		pop	{r3, pc}
 220              	.L16:
 221 000a 00BF     		.align	2
 222              	.L15:
 223 000c 00000000 		.word	hdma_spi2_tx
 224              		.cfi_endproc
 225              	.LFE134:
 227              		.section	.text.USB_LP_IRQHandler,"ax",%progbits
 228              		.align	1
 229              		.global	USB_LP_IRQHandler
 230              		.syntax unified
 231              		.thumb
 232              		.thumb_func
 233              		.fpu fpv4-sp-d16
 235              	USB_LP_IRQHandler:
 236              	.LFB135:
 216:Src/stm32f3xx_it.c **** 
 217:Src/stm32f3xx_it.c **** /**
 218:Src/stm32f3xx_it.c ****   * @brief This function handles USB low priority global interrupt.
 219:Src/stm32f3xx_it.c ****   */
 220:Src/stm32f3xx_it.c **** void USB_LP_IRQHandler(void)
 221:Src/stm32f3xx_it.c **** {
 237              		.loc 1 221 1 is_stmt 1 view -0
 238              		.cfi_startproc
 239              		@ args = 0, pretend = 0, frame = 0
 240              		@ frame_needed = 0, uses_anonymous_args = 0
 241 0000 08B5     		push	{r3, lr}
 242              	.LCFI1:
 243              		.cfi_def_cfa_offset 8
 244              		.cfi_offset 3, -8
 245              		.cfi_offset 14, -4
 222:Src/stm32f3xx_it.c ****   /* USER CODE BEGIN USB_LP_IRQn 0 */
 223:Src/stm32f3xx_it.c **** 
 224:Src/stm32f3xx_it.c ****   /* USER CODE END USB_LP_IRQn 0 */
 225:Src/stm32f3xx_it.c ****   HAL_PCD_IRQHandler(&hpcd_USB_FS);
 246              		.loc 1 225 3 view .LVU28
ARM GAS  /var/folders/80/65lm4rm97rv_n74c85vt01040000gn/T//cchrgrbQ.s 			page 9


 247 0002 0248     		ldr	r0, .L19
 248 0004 FFF7FEFF 		bl	HAL_PCD_IRQHandler
 249              	.LVL1:
 226:Src/stm32f3xx_it.c ****   /* USER CODE BEGIN USB_LP_IRQn 1 */
 227:Src/stm32f3xx_it.c **** 
 228:Src/stm32f3xx_it.c ****   /* USER CODE END USB_LP_IRQn 1 */
 229:Src/stm32f3xx_it.c **** }
 250              		.loc 1 229 1 is_stmt 0 view .LVU29
 251 0008 08BD     		pop	{r3, pc}
 252              	.L20:
 253 000a 00BF     		.align	2
 254              	.L19:
 255 000c 00000000 		.word	hpcd_USB_FS
 256              		.cfi_endproc
 257              	.LFE135:
 259              		.text
 260              	.Letext0:
 261              		.file 2 "/usr/local/Caskroom/gcc-arm-embedded/10-2020-q4-major/gcc-arm-none-eabi-10-2020-q4-major/
 262              		.file 3 "/usr/local/Caskroom/gcc-arm-embedded/10-2020-q4-major/gcc-arm-none-eabi-10-2020-q4-major/
 263              		.file 4 "Drivers/CMSIS/Device/ST/STM32F3xx/Include/stm32f373xc.h"
 264              		.file 5 "Drivers/STM32F3xx_HAL_Driver/Inc/stm32f3xx_hal_def.h"
 265              		.file 6 "Drivers/STM32F3xx_HAL_Driver/Inc/stm32f3xx_hal_dma.h"
 266              		.file 7 "Drivers/STM32F3xx_HAL_Driver/Inc/stm32f3xx_hal_pcd.h"
ARM GAS  /var/folders/80/65lm4rm97rv_n74c85vt01040000gn/T//cchrgrbQ.s 			page 10


DEFINED SYMBOLS
                            *ABS*:0000000000000000 stm32f3xx_it.c
/var/folders/80/65lm4rm97rv_n74c85vt01040000gn/T//cchrgrbQ.s:18     .text.NMI_Handler:0000000000000000 $t
/var/folders/80/65lm4rm97rv_n74c85vt01040000gn/T//cchrgrbQ.s:26     .text.NMI_Handler:0000000000000000 NMI_Handler
/var/folders/80/65lm4rm97rv_n74c85vt01040000gn/T//cchrgrbQ.s:40     .text.HardFault_Handler:0000000000000000 $t
/var/folders/80/65lm4rm97rv_n74c85vt01040000gn/T//cchrgrbQ.s:47     .text.HardFault_Handler:0000000000000000 HardFault_Handler
/var/folders/80/65lm4rm97rv_n74c85vt01040000gn/T//cchrgrbQ.s:64     .text.MemManage_Handler:0000000000000000 $t
/var/folders/80/65lm4rm97rv_n74c85vt01040000gn/T//cchrgrbQ.s:71     .text.MemManage_Handler:0000000000000000 MemManage_Handler
/var/folders/80/65lm4rm97rv_n74c85vt01040000gn/T//cchrgrbQ.s:88     .text.BusFault_Handler:0000000000000000 $t
/var/folders/80/65lm4rm97rv_n74c85vt01040000gn/T//cchrgrbQ.s:95     .text.BusFault_Handler:0000000000000000 BusFault_Handler
/var/folders/80/65lm4rm97rv_n74c85vt01040000gn/T//cchrgrbQ.s:112    .text.UsageFault_Handler:0000000000000000 $t
/var/folders/80/65lm4rm97rv_n74c85vt01040000gn/T//cchrgrbQ.s:119    .text.UsageFault_Handler:0000000000000000 UsageFault_Handler
/var/folders/80/65lm4rm97rv_n74c85vt01040000gn/T//cchrgrbQ.s:136    .text.SVC_Handler:0000000000000000 $t
/var/folders/80/65lm4rm97rv_n74c85vt01040000gn/T//cchrgrbQ.s:143    .text.SVC_Handler:0000000000000000 SVC_Handler
/var/folders/80/65lm4rm97rv_n74c85vt01040000gn/T//cchrgrbQ.s:156    .text.DebugMon_Handler:0000000000000000 $t
/var/folders/80/65lm4rm97rv_n74c85vt01040000gn/T//cchrgrbQ.s:163    .text.DebugMon_Handler:0000000000000000 DebugMon_Handler
/var/folders/80/65lm4rm97rv_n74c85vt01040000gn/T//cchrgrbQ.s:176    .text.PendSV_Handler:0000000000000000 $t
/var/folders/80/65lm4rm97rv_n74c85vt01040000gn/T//cchrgrbQ.s:183    .text.PendSV_Handler:0000000000000000 PendSV_Handler
/var/folders/80/65lm4rm97rv_n74c85vt01040000gn/T//cchrgrbQ.s:196    .text.DMA1_Channel5_IRQHandler:0000000000000000 $t
/var/folders/80/65lm4rm97rv_n74c85vt01040000gn/T//cchrgrbQ.s:203    .text.DMA1_Channel5_IRQHandler:0000000000000000 DMA1_Channel5_IRQHandler
/var/folders/80/65lm4rm97rv_n74c85vt01040000gn/T//cchrgrbQ.s:223    .text.DMA1_Channel5_IRQHandler:000000000000000c $d
/var/folders/80/65lm4rm97rv_n74c85vt01040000gn/T//cchrgrbQ.s:228    .text.USB_LP_IRQHandler:0000000000000000 $t
/var/folders/80/65lm4rm97rv_n74c85vt01040000gn/T//cchrgrbQ.s:235    .text.USB_LP_IRQHandler:0000000000000000 USB_LP_IRQHandler
/var/folders/80/65lm4rm97rv_n74c85vt01040000gn/T//cchrgrbQ.s:255    .text.USB_LP_IRQHandler:000000000000000c $d

UNDEFINED SYMBOLS
HAL_DMA_IRQHandler
hdma_spi2_tx
HAL_PCD_IRQHandler
hpcd_USB_FS
