ARM GAS  /var/folders/80/65lm4rm97rv_n74c85vt01040000gn/T//cc2qZtxN.s 			page 1


   1              		.cpu cortex-m4
   2              		.eabi_attribute 27, 1
   3              		.eabi_attribute 28, 1
   4              		.eabi_attribute 20, 1
   5              		.eabi_attribute 21, 1
   6              		.eabi_attribute 23, 3
   7              		.eabi_attribute 24, 1
   8              		.eabi_attribute 25, 1
   9              		.eabi_attribute 26, 1
  10              		.eabi_attribute 30, 1
  11              		.eabi_attribute 34, 1
  12              		.eabi_attribute 18, 4
  13              		.file	"stm32f3xx_hal.c"
  14              		.text
  15              	.Ltext0:
  16              		.cfi_sections	.debug_frame
  17              		.section	.text.HAL_MspInit,"ax",%progbits
  18              		.align	1
  19              		.weak	HAL_MspInit
  20              		.arch armv7e-m
  21              		.syntax unified
  22              		.thumb
  23              		.thumb_func
  24              		.fpu fpv4-sp-d16
  26              	HAL_MspInit:
  27              	.LFB128:
  28              		.file 1 "Drivers/STM32F3xx_HAL_Driver/Src/stm32f3xx_hal.c"
   1:Drivers/STM32F3xx_HAL_Driver/Src/stm32f3xx_hal.c **** /**
   2:Drivers/STM32F3xx_HAL_Driver/Src/stm32f3xx_hal.c ****   ******************************************************************************
   3:Drivers/STM32F3xx_HAL_Driver/Src/stm32f3xx_hal.c ****   * @file    stm32f3xx_hal.c
   4:Drivers/STM32F3xx_HAL_Driver/Src/stm32f3xx_hal.c ****   * @author  MCD Application Team
   5:Drivers/STM32F3xx_HAL_Driver/Src/stm32f3xx_hal.c ****   * @version V1.4.0
   6:Drivers/STM32F3xx_HAL_Driver/Src/stm32f3xx_hal.c ****   * @date    16-December-2016
   7:Drivers/STM32F3xx_HAL_Driver/Src/stm32f3xx_hal.c ****   * @brief   HAL module driver.
   8:Drivers/STM32F3xx_HAL_Driver/Src/stm32f3xx_hal.c ****   *          This is the common part of the HAL initialization
   9:Drivers/STM32F3xx_HAL_Driver/Src/stm32f3xx_hal.c ****   *
  10:Drivers/STM32F3xx_HAL_Driver/Src/stm32f3xx_hal.c ****   @verbatim
  11:Drivers/STM32F3xx_HAL_Driver/Src/stm32f3xx_hal.c ****   ==============================================================================
  12:Drivers/STM32F3xx_HAL_Driver/Src/stm32f3xx_hal.c ****                      ##### How to use this driver #####
  13:Drivers/STM32F3xx_HAL_Driver/Src/stm32f3xx_hal.c ****   ==============================================================================
  14:Drivers/STM32F3xx_HAL_Driver/Src/stm32f3xx_hal.c ****     [..]
  15:Drivers/STM32F3xx_HAL_Driver/Src/stm32f3xx_hal.c ****     The common HAL driver contains a set of generic and common APIs that can be
  16:Drivers/STM32F3xx_HAL_Driver/Src/stm32f3xx_hal.c ****     used by the PPP peripheral drivers and the user to start using the HAL.
  17:Drivers/STM32F3xx_HAL_Driver/Src/stm32f3xx_hal.c ****     [..]
  18:Drivers/STM32F3xx_HAL_Driver/Src/stm32f3xx_hal.c ****     The HAL contains two APIs categories:
  19:Drivers/STM32F3xx_HAL_Driver/Src/stm32f3xx_hal.c ****          (+) HAL Initialization and de-initialization functions
  20:Drivers/STM32F3xx_HAL_Driver/Src/stm32f3xx_hal.c ****          (+) HAL Control functions
  21:Drivers/STM32F3xx_HAL_Driver/Src/stm32f3xx_hal.c **** 
  22:Drivers/STM32F3xx_HAL_Driver/Src/stm32f3xx_hal.c ****   @endverbatim
  23:Drivers/STM32F3xx_HAL_Driver/Src/stm32f3xx_hal.c ****   ******************************************************************************
  24:Drivers/STM32F3xx_HAL_Driver/Src/stm32f3xx_hal.c ****   * @attention
  25:Drivers/STM32F3xx_HAL_Driver/Src/stm32f3xx_hal.c ****   *
  26:Drivers/STM32F3xx_HAL_Driver/Src/stm32f3xx_hal.c ****   * <h2><center>&copy; COPYRIGHT(c) 2016 STMicroelectronics</center></h2>
  27:Drivers/STM32F3xx_HAL_Driver/Src/stm32f3xx_hal.c ****   *
  28:Drivers/STM32F3xx_HAL_Driver/Src/stm32f3xx_hal.c ****   * Redistribution and use in source and binary forms, with or without modification,
  29:Drivers/STM32F3xx_HAL_Driver/Src/stm32f3xx_hal.c ****   * are permitted provided that the following conditions are met:
  30:Drivers/STM32F3xx_HAL_Driver/Src/stm32f3xx_hal.c ****   *   1. Redistributions of source code must retain the above copyright notice,
ARM GAS  /var/folders/80/65lm4rm97rv_n74c85vt01040000gn/T//cc2qZtxN.s 			page 2


  31:Drivers/STM32F3xx_HAL_Driver/Src/stm32f3xx_hal.c ****   *      this list of conditions and the following disclaimer.
  32:Drivers/STM32F3xx_HAL_Driver/Src/stm32f3xx_hal.c ****   *   2. Redistributions in binary form must reproduce the above copyright notice,
  33:Drivers/STM32F3xx_HAL_Driver/Src/stm32f3xx_hal.c ****   *      this list of conditions and the following disclaimer in the documentation
  34:Drivers/STM32F3xx_HAL_Driver/Src/stm32f3xx_hal.c ****   *      and/or other materials provided with the distribution.
  35:Drivers/STM32F3xx_HAL_Driver/Src/stm32f3xx_hal.c ****   *   3. Neither the name of STMicroelectronics nor the names of its contributors
  36:Drivers/STM32F3xx_HAL_Driver/Src/stm32f3xx_hal.c ****   *      may be used to endorse or promote products derived from this software
  37:Drivers/STM32F3xx_HAL_Driver/Src/stm32f3xx_hal.c ****   *      without specific prior written permission.
  38:Drivers/STM32F3xx_HAL_Driver/Src/stm32f3xx_hal.c ****   *
  39:Drivers/STM32F3xx_HAL_Driver/Src/stm32f3xx_hal.c ****   * THIS SOFTWARE IS PROVIDED BY THE COPYRIGHT HOLDERS AND CONTRIBUTORS "AS IS"
  40:Drivers/STM32F3xx_HAL_Driver/Src/stm32f3xx_hal.c ****   * AND ANY EXPRESS OR IMPLIED WARRANTIES, INCLUDING, BUT NOT LIMITED TO, THE
  41:Drivers/STM32F3xx_HAL_Driver/Src/stm32f3xx_hal.c ****   * IMPLIED WARRANTIES OF MERCHANTABILITY AND FITNESS FOR A PARTICULAR PURPOSE ARE
  42:Drivers/STM32F3xx_HAL_Driver/Src/stm32f3xx_hal.c ****   * DISCLAIMED. IN NO EVENT SHALL THE COPYRIGHT HOLDER OR CONTRIBUTORS BE LIABLE
  43:Drivers/STM32F3xx_HAL_Driver/Src/stm32f3xx_hal.c ****   * FOR ANY DIRECT, INDIRECT, INCIDENTAL, SPECIAL, EXEMPLARY, OR CONSEQUENTIAL
  44:Drivers/STM32F3xx_HAL_Driver/Src/stm32f3xx_hal.c ****   * DAMAGES (INCLUDING, BUT NOT LIMITED TO, PROCUREMENT OF SUBSTITUTE GOODS OR
  45:Drivers/STM32F3xx_HAL_Driver/Src/stm32f3xx_hal.c ****   * SERVICES; LOSS OF USE, DATA, OR PROFITS; OR BUSINESS INTERRUPTION) HOWEVER
  46:Drivers/STM32F3xx_HAL_Driver/Src/stm32f3xx_hal.c ****   * CAUSED AND ON ANY THEORY OF LIABILITY, WHETHER IN CONTRACT, STRICT LIABILITY,
  47:Drivers/STM32F3xx_HAL_Driver/Src/stm32f3xx_hal.c ****   * OR TORT (INCLUDING NEGLIGENCE OR OTHERWISE) ARISING IN ANY WAY OUT OF THE USE
  48:Drivers/STM32F3xx_HAL_Driver/Src/stm32f3xx_hal.c ****   * OF THIS SOFTWARE, EVEN IF ADVISED OF THE POSSIBILITY OF SUCH DAMAGE.
  49:Drivers/STM32F3xx_HAL_Driver/Src/stm32f3xx_hal.c ****   *
  50:Drivers/STM32F3xx_HAL_Driver/Src/stm32f3xx_hal.c ****   ******************************************************************************  
  51:Drivers/STM32F3xx_HAL_Driver/Src/stm32f3xx_hal.c ****   */
  52:Drivers/STM32F3xx_HAL_Driver/Src/stm32f3xx_hal.c **** 
  53:Drivers/STM32F3xx_HAL_Driver/Src/stm32f3xx_hal.c **** /* Includes ------------------------------------------------------------------*/
  54:Drivers/STM32F3xx_HAL_Driver/Src/stm32f3xx_hal.c **** #include "stm32f3xx_hal.h"
  55:Drivers/STM32F3xx_HAL_Driver/Src/stm32f3xx_hal.c **** 
  56:Drivers/STM32F3xx_HAL_Driver/Src/stm32f3xx_hal.c **** /** @addtogroup STM32F3xx_HAL_Driver
  57:Drivers/STM32F3xx_HAL_Driver/Src/stm32f3xx_hal.c ****   * @{
  58:Drivers/STM32F3xx_HAL_Driver/Src/stm32f3xx_hal.c ****   */
  59:Drivers/STM32F3xx_HAL_Driver/Src/stm32f3xx_hal.c **** 
  60:Drivers/STM32F3xx_HAL_Driver/Src/stm32f3xx_hal.c **** /** @defgroup HAL HAL
  61:Drivers/STM32F3xx_HAL_Driver/Src/stm32f3xx_hal.c ****   * @brief HAL module driver.
  62:Drivers/STM32F3xx_HAL_Driver/Src/stm32f3xx_hal.c ****   * @{
  63:Drivers/STM32F3xx_HAL_Driver/Src/stm32f3xx_hal.c ****   */
  64:Drivers/STM32F3xx_HAL_Driver/Src/stm32f3xx_hal.c **** 
  65:Drivers/STM32F3xx_HAL_Driver/Src/stm32f3xx_hal.c **** #ifdef HAL_MODULE_ENABLED
  66:Drivers/STM32F3xx_HAL_Driver/Src/stm32f3xx_hal.c **** 
  67:Drivers/STM32F3xx_HAL_Driver/Src/stm32f3xx_hal.c **** /* Private typedef -----------------------------------------------------------*/
  68:Drivers/STM32F3xx_HAL_Driver/Src/stm32f3xx_hal.c **** /* Private define ------------------------------------------------------------*/
  69:Drivers/STM32F3xx_HAL_Driver/Src/stm32f3xx_hal.c **** /** @defgroup HAL_Private Constants
  70:Drivers/STM32F3xx_HAL_Driver/Src/stm32f3xx_hal.c ****   * @{
  71:Drivers/STM32F3xx_HAL_Driver/Src/stm32f3xx_hal.c ****   */
  72:Drivers/STM32F3xx_HAL_Driver/Src/stm32f3xx_hal.c **** /**
  73:Drivers/STM32F3xx_HAL_Driver/Src/stm32f3xx_hal.c ****  * @brief STM32F3xx HAL Driver version number V1.4.0
  74:Drivers/STM32F3xx_HAL_Driver/Src/stm32f3xx_hal.c ****    */
  75:Drivers/STM32F3xx_HAL_Driver/Src/stm32f3xx_hal.c **** #define __STM32F3xx_HAL_VERSION_MAIN   (0x01U) /*!< [31:24] main version */
  76:Drivers/STM32F3xx_HAL_Driver/Src/stm32f3xx_hal.c **** #define __STM32F3xx_HAL_VERSION_SUB1   (0x04U) /*!< [23:16] sub1 version */
  77:Drivers/STM32F3xx_HAL_Driver/Src/stm32f3xx_hal.c **** #define __STM32F3xx_HAL_VERSION_SUB2   (0x00U) /*!< [15:8]  sub2 version */
  78:Drivers/STM32F3xx_HAL_Driver/Src/stm32f3xx_hal.c **** #define __STM32F3xx_HAL_VERSION_RC     (0x00U) /*!< [7:0]  release candidate */
  79:Drivers/STM32F3xx_HAL_Driver/Src/stm32f3xx_hal.c **** #define __STM32F3xx_HAL_VERSION         ((__STM32F3xx_HAL_VERSION_MAIN << 24U)\
  80:Drivers/STM32F3xx_HAL_Driver/Src/stm32f3xx_hal.c ****                                         |(__STM32F3xx_HAL_VERSION_SUB1 << 16U)\
  81:Drivers/STM32F3xx_HAL_Driver/Src/stm32f3xx_hal.c ****                                         |(__STM32F3xx_HAL_VERSION_SUB2 << 8U )\
  82:Drivers/STM32F3xx_HAL_Driver/Src/stm32f3xx_hal.c ****                                         |(__STM32F3xx_HAL_VERSION_RC))
  83:Drivers/STM32F3xx_HAL_Driver/Src/stm32f3xx_hal.c **** 
  84:Drivers/STM32F3xx_HAL_Driver/Src/stm32f3xx_hal.c **** #define IDCODE_DEVID_MASK    (0x00000FFFU)
  85:Drivers/STM32F3xx_HAL_Driver/Src/stm32f3xx_hal.c **** /**
  86:Drivers/STM32F3xx_HAL_Driver/Src/stm32f3xx_hal.c ****   * @}
  87:Drivers/STM32F3xx_HAL_Driver/Src/stm32f3xx_hal.c ****   */
ARM GAS  /var/folders/80/65lm4rm97rv_n74c85vt01040000gn/T//cc2qZtxN.s 			page 3


  88:Drivers/STM32F3xx_HAL_Driver/Src/stm32f3xx_hal.c ****   
  89:Drivers/STM32F3xx_HAL_Driver/Src/stm32f3xx_hal.c **** /* Private macro -------------------------------------------------------------*/
  90:Drivers/STM32F3xx_HAL_Driver/Src/stm32f3xx_hal.c **** /* Private variables ---------------------------------------------------------*/
  91:Drivers/STM32F3xx_HAL_Driver/Src/stm32f3xx_hal.c **** /** @defgroup HAL_Private_Variables HAL Private Variables
  92:Drivers/STM32F3xx_HAL_Driver/Src/stm32f3xx_hal.c ****   * @{
  93:Drivers/STM32F3xx_HAL_Driver/Src/stm32f3xx_hal.c ****   */
  94:Drivers/STM32F3xx_HAL_Driver/Src/stm32f3xx_hal.c **** __IO uint32_t uwTick;
  95:Drivers/STM32F3xx_HAL_Driver/Src/stm32f3xx_hal.c **** /**
  96:Drivers/STM32F3xx_HAL_Driver/Src/stm32f3xx_hal.c ****   * @}
  97:Drivers/STM32F3xx_HAL_Driver/Src/stm32f3xx_hal.c ****   */
  98:Drivers/STM32F3xx_HAL_Driver/Src/stm32f3xx_hal.c **** /* Private function prototypes -----------------------------------------------*/
  99:Drivers/STM32F3xx_HAL_Driver/Src/stm32f3xx_hal.c **** /* Exported functions ---------------------------------------------------------*/
 100:Drivers/STM32F3xx_HAL_Driver/Src/stm32f3xx_hal.c **** 
 101:Drivers/STM32F3xx_HAL_Driver/Src/stm32f3xx_hal.c **** /** @defgroup HAL_Exported_Functions HAL Exported Functions
 102:Drivers/STM32F3xx_HAL_Driver/Src/stm32f3xx_hal.c ****   * @{
 103:Drivers/STM32F3xx_HAL_Driver/Src/stm32f3xx_hal.c ****   */
 104:Drivers/STM32F3xx_HAL_Driver/Src/stm32f3xx_hal.c **** 
 105:Drivers/STM32F3xx_HAL_Driver/Src/stm32f3xx_hal.c **** /** @defgroup HAL_Exported_Functions_Group1 Initialization and de-initialization Functions 
 106:Drivers/STM32F3xx_HAL_Driver/Src/stm32f3xx_hal.c ****  *  @brief    Initialization and de-initialization functions
 107:Drivers/STM32F3xx_HAL_Driver/Src/stm32f3xx_hal.c ****  *
 108:Drivers/STM32F3xx_HAL_Driver/Src/stm32f3xx_hal.c **** @verbatim
 109:Drivers/STM32F3xx_HAL_Driver/Src/stm32f3xx_hal.c ****  ===============================================================================
 110:Drivers/STM32F3xx_HAL_Driver/Src/stm32f3xx_hal.c ****               ##### Initialization and de-initialization functions #####
 111:Drivers/STM32F3xx_HAL_Driver/Src/stm32f3xx_hal.c ****  ===============================================================================
 112:Drivers/STM32F3xx_HAL_Driver/Src/stm32f3xx_hal.c ****     [..]  This section provides functions allowing to:
 113:Drivers/STM32F3xx_HAL_Driver/Src/stm32f3xx_hal.c ****       (+) Initializes the Flash interface, the NVIC allocation and initial clock 
 114:Drivers/STM32F3xx_HAL_Driver/Src/stm32f3xx_hal.c ****           configuration. It initializes the source of time base also when timeout 
 115:Drivers/STM32F3xx_HAL_Driver/Src/stm32f3xx_hal.c ****           is needed and the backup domain when enabled.
 116:Drivers/STM32F3xx_HAL_Driver/Src/stm32f3xx_hal.c ****       (+) de-Initializes common part of the HAL.
 117:Drivers/STM32F3xx_HAL_Driver/Src/stm32f3xx_hal.c ****       (+) Configure The time base source to have 1ms time base with a dedicated 
 118:Drivers/STM32F3xx_HAL_Driver/Src/stm32f3xx_hal.c ****           Tick interrupt priority. 
 119:Drivers/STM32F3xx_HAL_Driver/Src/stm32f3xx_hal.c ****         (++) Systick timer is used by default as source of time base, but user 
 120:Drivers/STM32F3xx_HAL_Driver/Src/stm32f3xx_hal.c ****              can eventually implement his proper time base source (a general purpose 
 121:Drivers/STM32F3xx_HAL_Driver/Src/stm32f3xx_hal.c ****              timer for example or other time source), keeping in mind that Time base 
 122:Drivers/STM32F3xx_HAL_Driver/Src/stm32f3xx_hal.c ****              duration should be kept 1ms since PPP_TIMEOUT_VALUEs are defined and 
 123:Drivers/STM32F3xx_HAL_Driver/Src/stm32f3xx_hal.c ****              handled in milliseconds basis.
 124:Drivers/STM32F3xx_HAL_Driver/Src/stm32f3xx_hal.c ****         (++) Time base configuration function (HAL_InitTick ()) is called automatically 
 125:Drivers/STM32F3xx_HAL_Driver/Src/stm32f3xx_hal.c ****              at the beginning of the program after reset by HAL_Init() or at any time 
 126:Drivers/STM32F3xx_HAL_Driver/Src/stm32f3xx_hal.c ****              when clock is configured, by HAL_RCC_ClockConfig(). 
 127:Drivers/STM32F3xx_HAL_Driver/Src/stm32f3xx_hal.c ****         (++) Source of time base is configured  to generate interrupts at regular 
 128:Drivers/STM32F3xx_HAL_Driver/Src/stm32f3xx_hal.c ****              time intervals. Care must be taken if HAL_Delay() is called from a 
 129:Drivers/STM32F3xx_HAL_Driver/Src/stm32f3xx_hal.c ****              peripheral ISR process, the Tick interrupt line must have higher priority 
 130:Drivers/STM32F3xx_HAL_Driver/Src/stm32f3xx_hal.c ****             (numerically lower) than the peripheral interrupt. Otherwise the caller 
 131:Drivers/STM32F3xx_HAL_Driver/Src/stm32f3xx_hal.c ****             ISR process will be blocked. 
 132:Drivers/STM32F3xx_HAL_Driver/Src/stm32f3xx_hal.c ****        (++) functions affecting time base configurations are declared as __Weak  
 133:Drivers/STM32F3xx_HAL_Driver/Src/stm32f3xx_hal.c ****              to make  override possible  in case of other  implementations in user file.
 134:Drivers/STM32F3xx_HAL_Driver/Src/stm32f3xx_hal.c **** 
 135:Drivers/STM32F3xx_HAL_Driver/Src/stm32f3xx_hal.c **** @endverbatim
 136:Drivers/STM32F3xx_HAL_Driver/Src/stm32f3xx_hal.c ****   * @{
 137:Drivers/STM32F3xx_HAL_Driver/Src/stm32f3xx_hal.c ****   */
 138:Drivers/STM32F3xx_HAL_Driver/Src/stm32f3xx_hal.c **** 
 139:Drivers/STM32F3xx_HAL_Driver/Src/stm32f3xx_hal.c **** /**
 140:Drivers/STM32F3xx_HAL_Driver/Src/stm32f3xx_hal.c ****   * @brief  This function configures the Flash prefetch, 
 141:Drivers/STM32F3xx_HAL_Driver/Src/stm32f3xx_hal.c ****   *         Configures time base source, NVIC and Low level hardware
 142:Drivers/STM32F3xx_HAL_Driver/Src/stm32f3xx_hal.c ****   * @note   This function is called at the beginning of program after reset and before 
 143:Drivers/STM32F3xx_HAL_Driver/Src/stm32f3xx_hal.c ****   *         the clock configuration
 144:Drivers/STM32F3xx_HAL_Driver/Src/stm32f3xx_hal.c ****   *             
ARM GAS  /var/folders/80/65lm4rm97rv_n74c85vt01040000gn/T//cc2qZtxN.s 			page 4


 145:Drivers/STM32F3xx_HAL_Driver/Src/stm32f3xx_hal.c ****   * @note   The Systick configuration is based on HSI clock, as HSI is the clock
 146:Drivers/STM32F3xx_HAL_Driver/Src/stm32f3xx_hal.c ****   *         used after a system Reset and the NVIC configuration is set to Priority group 4 
 147:Drivers/STM32F3xx_HAL_Driver/Src/stm32f3xx_hal.c ****   *            
 148:Drivers/STM32F3xx_HAL_Driver/Src/stm32f3xx_hal.c ****   * @note   The time base configuration is based on MSI clock when exting from Reset.
 149:Drivers/STM32F3xx_HAL_Driver/Src/stm32f3xx_hal.c ****   *         Once done, time base tick start incrementing.
 150:Drivers/STM32F3xx_HAL_Driver/Src/stm32f3xx_hal.c ****   *         In the default implementation,Systick is used as source of time base.
 151:Drivers/STM32F3xx_HAL_Driver/Src/stm32f3xx_hal.c ****   *       The tick variable is incremented each 1ms in its ISR.
 152:Drivers/STM32F3xx_HAL_Driver/Src/stm32f3xx_hal.c ****   * @retval HAL status
 153:Drivers/STM32F3xx_HAL_Driver/Src/stm32f3xx_hal.c ****   */
 154:Drivers/STM32F3xx_HAL_Driver/Src/stm32f3xx_hal.c **** HAL_StatusTypeDef HAL_Init(void)
 155:Drivers/STM32F3xx_HAL_Driver/Src/stm32f3xx_hal.c **** {
 156:Drivers/STM32F3xx_HAL_Driver/Src/stm32f3xx_hal.c ****   /* Configure Flash prefetch */
 157:Drivers/STM32F3xx_HAL_Driver/Src/stm32f3xx_hal.c **** #if (PREFETCH_ENABLE != 0U)
 158:Drivers/STM32F3xx_HAL_Driver/Src/stm32f3xx_hal.c ****   __HAL_FLASH_PREFETCH_BUFFER_ENABLE();
 159:Drivers/STM32F3xx_HAL_Driver/Src/stm32f3xx_hal.c **** #endif /* PREFETCH_ENABLE */
 160:Drivers/STM32F3xx_HAL_Driver/Src/stm32f3xx_hal.c **** 
 161:Drivers/STM32F3xx_HAL_Driver/Src/stm32f3xx_hal.c ****   /* Set Interrupt Group Priority */
 162:Drivers/STM32F3xx_HAL_Driver/Src/stm32f3xx_hal.c ****   HAL_NVIC_SetPriorityGrouping(NVIC_PRIORITYGROUP_4);
 163:Drivers/STM32F3xx_HAL_Driver/Src/stm32f3xx_hal.c **** 
 164:Drivers/STM32F3xx_HAL_Driver/Src/stm32f3xx_hal.c ****   /* Enable systick and configure 1ms tick (default clock after Reset is HSI) */
 165:Drivers/STM32F3xx_HAL_Driver/Src/stm32f3xx_hal.c ****   HAL_InitTick(TICK_INT_PRIORITY);
 166:Drivers/STM32F3xx_HAL_Driver/Src/stm32f3xx_hal.c **** 
 167:Drivers/STM32F3xx_HAL_Driver/Src/stm32f3xx_hal.c ****   /* Init the low level hardware */
 168:Drivers/STM32F3xx_HAL_Driver/Src/stm32f3xx_hal.c ****   HAL_MspInit();
 169:Drivers/STM32F3xx_HAL_Driver/Src/stm32f3xx_hal.c **** 
 170:Drivers/STM32F3xx_HAL_Driver/Src/stm32f3xx_hal.c ****   /* Return function status */
 171:Drivers/STM32F3xx_HAL_Driver/Src/stm32f3xx_hal.c ****   return HAL_OK;
 172:Drivers/STM32F3xx_HAL_Driver/Src/stm32f3xx_hal.c **** }
 173:Drivers/STM32F3xx_HAL_Driver/Src/stm32f3xx_hal.c **** 
 174:Drivers/STM32F3xx_HAL_Driver/Src/stm32f3xx_hal.c **** /**
 175:Drivers/STM32F3xx_HAL_Driver/Src/stm32f3xx_hal.c ****   * @brief  This function de-Initializes common part of the HAL and stops the source
 176:Drivers/STM32F3xx_HAL_Driver/Src/stm32f3xx_hal.c ****   *         of time base.
 177:Drivers/STM32F3xx_HAL_Driver/Src/stm32f3xx_hal.c ****   * @note This function is optional.
 178:Drivers/STM32F3xx_HAL_Driver/Src/stm32f3xx_hal.c ****   * @retval HAL status
 179:Drivers/STM32F3xx_HAL_Driver/Src/stm32f3xx_hal.c ****   */
 180:Drivers/STM32F3xx_HAL_Driver/Src/stm32f3xx_hal.c **** HAL_StatusTypeDef HAL_DeInit(void)
 181:Drivers/STM32F3xx_HAL_Driver/Src/stm32f3xx_hal.c **** {
 182:Drivers/STM32F3xx_HAL_Driver/Src/stm32f3xx_hal.c ****   /* Reset of all peripherals */
 183:Drivers/STM32F3xx_HAL_Driver/Src/stm32f3xx_hal.c ****   __HAL_RCC_APB1_FORCE_RESET();
 184:Drivers/STM32F3xx_HAL_Driver/Src/stm32f3xx_hal.c ****   __HAL_RCC_APB1_RELEASE_RESET();
 185:Drivers/STM32F3xx_HAL_Driver/Src/stm32f3xx_hal.c **** 
 186:Drivers/STM32F3xx_HAL_Driver/Src/stm32f3xx_hal.c ****   __HAL_RCC_APB2_FORCE_RESET();
 187:Drivers/STM32F3xx_HAL_Driver/Src/stm32f3xx_hal.c ****   __HAL_RCC_APB2_RELEASE_RESET();
 188:Drivers/STM32F3xx_HAL_Driver/Src/stm32f3xx_hal.c **** 
 189:Drivers/STM32F3xx_HAL_Driver/Src/stm32f3xx_hal.c ****   __HAL_RCC_AHB_FORCE_RESET();
 190:Drivers/STM32F3xx_HAL_Driver/Src/stm32f3xx_hal.c ****   __HAL_RCC_AHB_RELEASE_RESET();
 191:Drivers/STM32F3xx_HAL_Driver/Src/stm32f3xx_hal.c **** 
 192:Drivers/STM32F3xx_HAL_Driver/Src/stm32f3xx_hal.c ****   /* De-Init the low level hardware */
 193:Drivers/STM32F3xx_HAL_Driver/Src/stm32f3xx_hal.c ****   HAL_MspDeInit();
 194:Drivers/STM32F3xx_HAL_Driver/Src/stm32f3xx_hal.c **** 
 195:Drivers/STM32F3xx_HAL_Driver/Src/stm32f3xx_hal.c ****   /* Return function status */
 196:Drivers/STM32F3xx_HAL_Driver/Src/stm32f3xx_hal.c ****   return HAL_OK;
 197:Drivers/STM32F3xx_HAL_Driver/Src/stm32f3xx_hal.c **** }
 198:Drivers/STM32F3xx_HAL_Driver/Src/stm32f3xx_hal.c **** 
 199:Drivers/STM32F3xx_HAL_Driver/Src/stm32f3xx_hal.c **** /**
 200:Drivers/STM32F3xx_HAL_Driver/Src/stm32f3xx_hal.c ****   * @brief  Initializes the MSP.
 201:Drivers/STM32F3xx_HAL_Driver/Src/stm32f3xx_hal.c ****   * @retval None
ARM GAS  /var/folders/80/65lm4rm97rv_n74c85vt01040000gn/T//cc2qZtxN.s 			page 5


 202:Drivers/STM32F3xx_HAL_Driver/Src/stm32f3xx_hal.c ****   */
 203:Drivers/STM32F3xx_HAL_Driver/Src/stm32f3xx_hal.c **** __weak void HAL_MspInit(void)
 204:Drivers/STM32F3xx_HAL_Driver/Src/stm32f3xx_hal.c **** {
  29              		.loc 1 204 1 view -0
  30              		.cfi_startproc
  31              		@ args = 0, pretend = 0, frame = 0
  32              		@ frame_needed = 0, uses_anonymous_args = 0
  33              		@ link register save eliminated.
 205:Drivers/STM32F3xx_HAL_Driver/Src/stm32f3xx_hal.c ****   /* NOTE : This function Should not be modified, when the callback is needed,
 206:Drivers/STM32F3xx_HAL_Driver/Src/stm32f3xx_hal.c ****             the HAL_MspInit could be implemented in the user file
 207:Drivers/STM32F3xx_HAL_Driver/Src/stm32f3xx_hal.c ****    */
 208:Drivers/STM32F3xx_HAL_Driver/Src/stm32f3xx_hal.c **** }
  34              		.loc 1 208 1 view .LVU1
  35 0000 7047     		bx	lr
  36              		.cfi_endproc
  37              	.LFE128:
  39              		.section	.text.HAL_MspDeInit,"ax",%progbits
  40              		.align	1
  41              		.weak	HAL_MspDeInit
  42              		.syntax unified
  43              		.thumb
  44              		.thumb_func
  45              		.fpu fpv4-sp-d16
  47              	HAL_MspDeInit:
  48              	.LFB129:
 209:Drivers/STM32F3xx_HAL_Driver/Src/stm32f3xx_hal.c **** 
 210:Drivers/STM32F3xx_HAL_Driver/Src/stm32f3xx_hal.c **** /**
 211:Drivers/STM32F3xx_HAL_Driver/Src/stm32f3xx_hal.c ****   * @brief  DeInitializes the MSP.
 212:Drivers/STM32F3xx_HAL_Driver/Src/stm32f3xx_hal.c ****   * @retval None
 213:Drivers/STM32F3xx_HAL_Driver/Src/stm32f3xx_hal.c ****   */
 214:Drivers/STM32F3xx_HAL_Driver/Src/stm32f3xx_hal.c **** __weak void HAL_MspDeInit(void)
 215:Drivers/STM32F3xx_HAL_Driver/Src/stm32f3xx_hal.c **** {
  49              		.loc 1 215 1 view -0
  50              		.cfi_startproc
  51              		@ args = 0, pretend = 0, frame = 0
  52              		@ frame_needed = 0, uses_anonymous_args = 0
  53              		@ link register save eliminated.
 216:Drivers/STM32F3xx_HAL_Driver/Src/stm32f3xx_hal.c ****   /* NOTE : This function Should not be modified, when the callback is needed,
 217:Drivers/STM32F3xx_HAL_Driver/Src/stm32f3xx_hal.c ****             the HAL_MspDeInit could be implemented in the user file
 218:Drivers/STM32F3xx_HAL_Driver/Src/stm32f3xx_hal.c ****    */
 219:Drivers/STM32F3xx_HAL_Driver/Src/stm32f3xx_hal.c **** }
  54              		.loc 1 219 1 view .LVU3
  55 0000 7047     		bx	lr
  56              		.cfi_endproc
  57              	.LFE129:
  59              		.section	.text.HAL_DeInit,"ax",%progbits
  60              		.align	1
  61              		.global	HAL_DeInit
  62              		.syntax unified
  63              		.thumb
  64              		.thumb_func
  65              		.fpu fpv4-sp-d16
  67              	HAL_DeInit:
  68              	.LFB127:
 181:Drivers/STM32F3xx_HAL_Driver/Src/stm32f3xx_hal.c ****   /* Reset of all peripherals */
  69              		.loc 1 181 1 view -0
  70              		.cfi_startproc
ARM GAS  /var/folders/80/65lm4rm97rv_n74c85vt01040000gn/T//cc2qZtxN.s 			page 6


  71              		@ args = 0, pretend = 0, frame = 0
  72              		@ frame_needed = 0, uses_anonymous_args = 0
  73 0000 10B5     		push	{r4, lr}
  74              	.LCFI0:
  75              		.cfi_def_cfa_offset 8
  76              		.cfi_offset 4, -8
  77              		.cfi_offset 14, -4
 183:Drivers/STM32F3xx_HAL_Driver/Src/stm32f3xx_hal.c ****   __HAL_RCC_APB1_RELEASE_RESET();
  78              		.loc 1 183 3 view .LVU5
  79 0002 074B     		ldr	r3, .L5
  80 0004 4FF0FF32 		mov	r2, #-1
  81 0008 1A61     		str	r2, [r3, #16]
 184:Drivers/STM32F3xx_HAL_Driver/Src/stm32f3xx_hal.c **** 
  82              		.loc 1 184 3 view .LVU6
  83 000a 0024     		movs	r4, #0
  84 000c 1C61     		str	r4, [r3, #16]
 186:Drivers/STM32F3xx_HAL_Driver/Src/stm32f3xx_hal.c ****   __HAL_RCC_APB2_RELEASE_RESET();
  85              		.loc 1 186 3 view .LVU7
  86 000e DA60     		str	r2, [r3, #12]
 187:Drivers/STM32F3xx_HAL_Driver/Src/stm32f3xx_hal.c **** 
  87              		.loc 1 187 3 view .LVU8
  88 0010 DC60     		str	r4, [r3, #12]
 189:Drivers/STM32F3xx_HAL_Driver/Src/stm32f3xx_hal.c ****   __HAL_RCC_AHB_RELEASE_RESET();
  89              		.loc 1 189 3 view .LVU9
  90 0012 9A62     		str	r2, [r3, #40]
 190:Drivers/STM32F3xx_HAL_Driver/Src/stm32f3xx_hal.c **** 
  91              		.loc 1 190 3 view .LVU10
  92 0014 9C62     		str	r4, [r3, #40]
 193:Drivers/STM32F3xx_HAL_Driver/Src/stm32f3xx_hal.c **** 
  93              		.loc 1 193 3 view .LVU11
  94 0016 FFF7FEFF 		bl	HAL_MspDeInit
  95              	.LVL0:
 196:Drivers/STM32F3xx_HAL_Driver/Src/stm32f3xx_hal.c **** }
  96              		.loc 1 196 3 view .LVU12
 197:Drivers/STM32F3xx_HAL_Driver/Src/stm32f3xx_hal.c **** 
  97              		.loc 1 197 1 is_stmt 0 view .LVU13
  98 001a 2046     		mov	r0, r4
  99 001c 10BD     		pop	{r4, pc}
 100              	.L6:
 101 001e 00BF     		.align	2
 102              	.L5:
 103 0020 00100240 		.word	1073876992
 104              		.cfi_endproc
 105              	.LFE127:
 107              		.section	.text.HAL_InitTick,"ax",%progbits
 108              		.align	1
 109              		.weak	HAL_InitTick
 110              		.syntax unified
 111              		.thumb
 112              		.thumb_func
 113              		.fpu fpv4-sp-d16
 115              	HAL_InitTick:
 116              	.LVL1:
 117              	.LFB130:
 220:Drivers/STM32F3xx_HAL_Driver/Src/stm32f3xx_hal.c **** 
 221:Drivers/STM32F3xx_HAL_Driver/Src/stm32f3xx_hal.c **** /**
 222:Drivers/STM32F3xx_HAL_Driver/Src/stm32f3xx_hal.c ****   * @brief  This function configures the source of the time base. 
ARM GAS  /var/folders/80/65lm4rm97rv_n74c85vt01040000gn/T//cc2qZtxN.s 			page 7


 223:Drivers/STM32F3xx_HAL_Driver/Src/stm32f3xx_hal.c ****   *         The time source is configured  to have 1ms time base with a dedicated 
 224:Drivers/STM32F3xx_HAL_Driver/Src/stm32f3xx_hal.c ****   *         Tick interrupt priority. 
 225:Drivers/STM32F3xx_HAL_Driver/Src/stm32f3xx_hal.c ****   * @note   This function is called  automatically at the beginning of program after
 226:Drivers/STM32F3xx_HAL_Driver/Src/stm32f3xx_hal.c ****   *         reset by HAL_Init() or at any time when clock is reconfigured  by HAL_RCC_ClockConfig()
 227:Drivers/STM32F3xx_HAL_Driver/Src/stm32f3xx_hal.c ****   * @note   In the default implementation , SysTick timer is the source of time base. 
 228:Drivers/STM32F3xx_HAL_Driver/Src/stm32f3xx_hal.c ****   *         It is used to generate interrupts at regular time intervals. 
 229:Drivers/STM32F3xx_HAL_Driver/Src/stm32f3xx_hal.c ****   *         Care must be taken if HAL_Delay() is called from a peripheral ISR process, 
 230:Drivers/STM32F3xx_HAL_Driver/Src/stm32f3xx_hal.c ****   *         The the SysTick interrupt must have higher priority (numerically lower) 
 231:Drivers/STM32F3xx_HAL_Driver/Src/stm32f3xx_hal.c ****   *         than the peripheral interrupt. Otherwise the caller ISR process will be blocked.
 232:Drivers/STM32F3xx_HAL_Driver/Src/stm32f3xx_hal.c ****   *         The function is declared as __Weak  to be overwritten  in case of other
 233:Drivers/STM32F3xx_HAL_Driver/Src/stm32f3xx_hal.c ****   *         implementation  in user file.
 234:Drivers/STM32F3xx_HAL_Driver/Src/stm32f3xx_hal.c ****   * @param TickPriority: Tick interrupt priority.
 235:Drivers/STM32F3xx_HAL_Driver/Src/stm32f3xx_hal.c ****   * @retval HAL status
 236:Drivers/STM32F3xx_HAL_Driver/Src/stm32f3xx_hal.c ****   */
 237:Drivers/STM32F3xx_HAL_Driver/Src/stm32f3xx_hal.c **** __weak HAL_StatusTypeDef HAL_InitTick(uint32_t TickPriority)
 238:Drivers/STM32F3xx_HAL_Driver/Src/stm32f3xx_hal.c **** {
 118              		.loc 1 238 1 is_stmt 1 view -0
 119              		.cfi_startproc
 120              		@ args = 0, pretend = 0, frame = 0
 121              		@ frame_needed = 0, uses_anonymous_args = 0
 122              		.loc 1 238 1 is_stmt 0 view .LVU15
 123 0000 10B5     		push	{r4, lr}
 124              	.LCFI1:
 125              		.cfi_def_cfa_offset 8
 126              		.cfi_offset 4, -8
 127              		.cfi_offset 14, -4
 128 0002 0446     		mov	r4, r0
 239:Drivers/STM32F3xx_HAL_Driver/Src/stm32f3xx_hal.c ****   /*Configure the SysTick to have interrupt in 1ms time basis*/
 240:Drivers/STM32F3xx_HAL_Driver/Src/stm32f3xx_hal.c ****   HAL_SYSTICK_Config(SystemCoreClock / 1000U);
 129              		.loc 1 240 3 is_stmt 1 view .LVU16
 130 0004 074B     		ldr	r3, .L9
 131 0006 1868     		ldr	r0, [r3]
 132              	.LVL2:
 133              		.loc 1 240 3 is_stmt 0 view .LVU17
 134 0008 074B     		ldr	r3, .L9+4
 135 000a A3FB0030 		umull	r3, r0, r3, r0
 136 000e 8009     		lsrs	r0, r0, #6
 137 0010 FFF7FEFF 		bl	HAL_SYSTICK_Config
 138              	.LVL3:
 241:Drivers/STM32F3xx_HAL_Driver/Src/stm32f3xx_hal.c ****  
 242:Drivers/STM32F3xx_HAL_Driver/Src/stm32f3xx_hal.c ****   /*Configure the SysTick IRQ priority */
 243:Drivers/STM32F3xx_HAL_Driver/Src/stm32f3xx_hal.c ****   HAL_NVIC_SetPriority(SysTick_IRQn, TickPriority ,0U);
 139              		.loc 1 243 3 is_stmt 1 view .LVU18
 140 0014 0022     		movs	r2, #0
 141 0016 2146     		mov	r1, r4
 142 0018 4FF0FF30 		mov	r0, #-1
 143 001c FFF7FEFF 		bl	HAL_NVIC_SetPriority
 144              	.LVL4:
 244:Drivers/STM32F3xx_HAL_Driver/Src/stm32f3xx_hal.c **** 
 245:Drivers/STM32F3xx_HAL_Driver/Src/stm32f3xx_hal.c ****    /* Return function status */
 246:Drivers/STM32F3xx_HAL_Driver/Src/stm32f3xx_hal.c ****   return HAL_OK;
 145              		.loc 1 246 3 view .LVU19
 247:Drivers/STM32F3xx_HAL_Driver/Src/stm32f3xx_hal.c **** }
 146              		.loc 1 247 1 is_stmt 0 view .LVU20
 147 0020 0020     		movs	r0, #0
 148 0022 10BD     		pop	{r4, pc}
 149              	.LVL5:
ARM GAS  /var/folders/80/65lm4rm97rv_n74c85vt01040000gn/T//cc2qZtxN.s 			page 8


 150              	.L10:
 151              		.loc 1 247 1 view .LVU21
 152              		.align	2
 153              	.L9:
 154 0024 00000000 		.word	SystemCoreClock
 155 0028 D34D6210 		.word	274877907
 156              		.cfi_endproc
 157              	.LFE130:
 159              		.section	.text.HAL_Init,"ax",%progbits
 160              		.align	1
 161              		.global	HAL_Init
 162              		.syntax unified
 163              		.thumb
 164              		.thumb_func
 165              		.fpu fpv4-sp-d16
 167              	HAL_Init:
 168              	.LFB126:
 155:Drivers/STM32F3xx_HAL_Driver/Src/stm32f3xx_hal.c ****   /* Configure Flash prefetch */
 169              		.loc 1 155 1 is_stmt 1 view -0
 170              		.cfi_startproc
 171              		@ args = 0, pretend = 0, frame = 0
 172              		@ frame_needed = 0, uses_anonymous_args = 0
 173 0000 08B5     		push	{r3, lr}
 174              	.LCFI2:
 175              		.cfi_def_cfa_offset 8
 176              		.cfi_offset 3, -8
 177              		.cfi_offset 14, -4
 158:Drivers/STM32F3xx_HAL_Driver/Src/stm32f3xx_hal.c **** #endif /* PREFETCH_ENABLE */
 178              		.loc 1 158 3 view .LVU23
 179 0002 074A     		ldr	r2, .L13
 180 0004 1368     		ldr	r3, [r2]
 181 0006 43F01003 		orr	r3, r3, #16
 182 000a 1360     		str	r3, [r2]
 162:Drivers/STM32F3xx_HAL_Driver/Src/stm32f3xx_hal.c **** 
 183              		.loc 1 162 3 view .LVU24
 184 000c 0320     		movs	r0, #3
 185 000e FFF7FEFF 		bl	HAL_NVIC_SetPriorityGrouping
 186              	.LVL6:
 165:Drivers/STM32F3xx_HAL_Driver/Src/stm32f3xx_hal.c **** 
 187              		.loc 1 165 3 view .LVU25
 188 0012 0020     		movs	r0, #0
 189 0014 FFF7FEFF 		bl	HAL_InitTick
 190              	.LVL7:
 168:Drivers/STM32F3xx_HAL_Driver/Src/stm32f3xx_hal.c **** 
 191              		.loc 1 168 3 view .LVU26
 192 0018 FFF7FEFF 		bl	HAL_MspInit
 193              	.LVL8:
 171:Drivers/STM32F3xx_HAL_Driver/Src/stm32f3xx_hal.c **** }
 194              		.loc 1 171 3 view .LVU27
 172:Drivers/STM32F3xx_HAL_Driver/Src/stm32f3xx_hal.c **** 
 195              		.loc 1 172 1 is_stmt 0 view .LVU28
 196 001c 0020     		movs	r0, #0
 197 001e 08BD     		pop	{r3, pc}
 198              	.L14:
 199              		.align	2
 200              	.L13:
 201 0020 00200240 		.word	1073881088
ARM GAS  /var/folders/80/65lm4rm97rv_n74c85vt01040000gn/T//cc2qZtxN.s 			page 9


 202              		.cfi_endproc
 203              	.LFE126:
 205              		.section	.text.HAL_IncTick,"ax",%progbits
 206              		.align	1
 207              		.weak	HAL_IncTick
 208              		.syntax unified
 209              		.thumb
 210              		.thumb_func
 211              		.fpu fpv4-sp-d16
 213              	HAL_IncTick:
 214              	.LFB131:
 248:Drivers/STM32F3xx_HAL_Driver/Src/stm32f3xx_hal.c **** 
 249:Drivers/STM32F3xx_HAL_Driver/Src/stm32f3xx_hal.c **** /**
 250:Drivers/STM32F3xx_HAL_Driver/Src/stm32f3xx_hal.c ****   * @}
 251:Drivers/STM32F3xx_HAL_Driver/Src/stm32f3xx_hal.c ****   */
 252:Drivers/STM32F3xx_HAL_Driver/Src/stm32f3xx_hal.c **** 
 253:Drivers/STM32F3xx_HAL_Driver/Src/stm32f3xx_hal.c **** /** @defgroup HAL_Exported_Functions_Group2 HAL Control functions 
 254:Drivers/STM32F3xx_HAL_Driver/Src/stm32f3xx_hal.c ****  *  @brief    HAL Control functions
 255:Drivers/STM32F3xx_HAL_Driver/Src/stm32f3xx_hal.c ****  *
 256:Drivers/STM32F3xx_HAL_Driver/Src/stm32f3xx_hal.c **** @verbatim
 257:Drivers/STM32F3xx_HAL_Driver/Src/stm32f3xx_hal.c ****  ===============================================================================
 258:Drivers/STM32F3xx_HAL_Driver/Src/stm32f3xx_hal.c ****                       ##### HAL Control functions #####
 259:Drivers/STM32F3xx_HAL_Driver/Src/stm32f3xx_hal.c ****  ===============================================================================
 260:Drivers/STM32F3xx_HAL_Driver/Src/stm32f3xx_hal.c ****     [..]  This section provides functions allowing to:
 261:Drivers/STM32F3xx_HAL_Driver/Src/stm32f3xx_hal.c ****       (+) Provide a tick value in millisecond
 262:Drivers/STM32F3xx_HAL_Driver/Src/stm32f3xx_hal.c ****       (+) Provide a blocking delay in millisecond
 263:Drivers/STM32F3xx_HAL_Driver/Src/stm32f3xx_hal.c ****       (+) Suspend the time base source interrupt
 264:Drivers/STM32F3xx_HAL_Driver/Src/stm32f3xx_hal.c ****       (+) Resume the time base source interrupt
 265:Drivers/STM32F3xx_HAL_Driver/Src/stm32f3xx_hal.c ****       (+) Get the HAL API driver version
 266:Drivers/STM32F3xx_HAL_Driver/Src/stm32f3xx_hal.c ****       (+) Get the device identifier
 267:Drivers/STM32F3xx_HAL_Driver/Src/stm32f3xx_hal.c ****       (+) Get the device revision identifier
 268:Drivers/STM32F3xx_HAL_Driver/Src/stm32f3xx_hal.c ****       (+) Enable/Disable Debug module during Sleep mode
 269:Drivers/STM32F3xx_HAL_Driver/Src/stm32f3xx_hal.c ****       (+) Enable/Disable Debug module during STOP mode
 270:Drivers/STM32F3xx_HAL_Driver/Src/stm32f3xx_hal.c ****       (+) Enable/Disable Debug module during STANDBY mode
 271:Drivers/STM32F3xx_HAL_Driver/Src/stm32f3xx_hal.c ****       
 272:Drivers/STM32F3xx_HAL_Driver/Src/stm32f3xx_hal.c **** @endverbatim
 273:Drivers/STM32F3xx_HAL_Driver/Src/stm32f3xx_hal.c ****   * @{
 274:Drivers/STM32F3xx_HAL_Driver/Src/stm32f3xx_hal.c ****   */
 275:Drivers/STM32F3xx_HAL_Driver/Src/stm32f3xx_hal.c **** 
 276:Drivers/STM32F3xx_HAL_Driver/Src/stm32f3xx_hal.c **** /**
 277:Drivers/STM32F3xx_HAL_Driver/Src/stm32f3xx_hal.c ****   * @brief  This function is called to increment  a global variable "uwTick"
 278:Drivers/STM32F3xx_HAL_Driver/Src/stm32f3xx_hal.c ****   *         used as application time base.
 279:Drivers/STM32F3xx_HAL_Driver/Src/stm32f3xx_hal.c ****   * @note In the default implementation, this variable is incremented each 1ms
 280:Drivers/STM32F3xx_HAL_Driver/Src/stm32f3xx_hal.c ****   *         in Systick ISR.
 281:Drivers/STM32F3xx_HAL_Driver/Src/stm32f3xx_hal.c ****   * @note This function is declared as __weak to be overwritten in case of other 
 282:Drivers/STM32F3xx_HAL_Driver/Src/stm32f3xx_hal.c ****   *         implementations  in user file.
 283:Drivers/STM32F3xx_HAL_Driver/Src/stm32f3xx_hal.c ****   * @retval None
 284:Drivers/STM32F3xx_HAL_Driver/Src/stm32f3xx_hal.c ****   */
 285:Drivers/STM32F3xx_HAL_Driver/Src/stm32f3xx_hal.c **** __weak void HAL_IncTick(void)
 286:Drivers/STM32F3xx_HAL_Driver/Src/stm32f3xx_hal.c **** {
 215              		.loc 1 286 1 is_stmt 1 view -0
 216              		.cfi_startproc
 217              		@ args = 0, pretend = 0, frame = 0
 218              		@ frame_needed = 0, uses_anonymous_args = 0
 219              		@ link register save eliminated.
 287:Drivers/STM32F3xx_HAL_Driver/Src/stm32f3xx_hal.c ****   uwTick++;
 220              		.loc 1 287 3 view .LVU30
ARM GAS  /var/folders/80/65lm4rm97rv_n74c85vt01040000gn/T//cc2qZtxN.s 			page 10


 221              		.loc 1 287 9 is_stmt 0 view .LVU31
 222 0000 024A     		ldr	r2, .L16
 223 0002 1368     		ldr	r3, [r2]
 224 0004 0133     		adds	r3, r3, #1
 225 0006 1360     		str	r3, [r2]
 288:Drivers/STM32F3xx_HAL_Driver/Src/stm32f3xx_hal.c **** }
 226              		.loc 1 288 1 view .LVU32
 227 0008 7047     		bx	lr
 228              	.L17:
 229 000a 00BF     		.align	2
 230              	.L16:
 231 000c 00000000 		.word	.LANCHOR0
 232              		.cfi_endproc
 233              	.LFE131:
 235              		.section	.text.HAL_GetTick,"ax",%progbits
 236              		.align	1
 237              		.weak	HAL_GetTick
 238              		.syntax unified
 239              		.thumb
 240              		.thumb_func
 241              		.fpu fpv4-sp-d16
 243              	HAL_GetTick:
 244              	.LFB132:
 289:Drivers/STM32F3xx_HAL_Driver/Src/stm32f3xx_hal.c **** 
 290:Drivers/STM32F3xx_HAL_Driver/Src/stm32f3xx_hal.c **** /**
 291:Drivers/STM32F3xx_HAL_Driver/Src/stm32f3xx_hal.c ****   * @brief  Povides a tick value in millisecond.
 292:Drivers/STM32F3xx_HAL_Driver/Src/stm32f3xx_hal.c ****   * @note   The function is declared as __Weak  to be overwritten  in case of other 
 293:Drivers/STM32F3xx_HAL_Driver/Src/stm32f3xx_hal.c ****   *         implementations  in user file.
 294:Drivers/STM32F3xx_HAL_Driver/Src/stm32f3xx_hal.c ****   * @retval tick value
 295:Drivers/STM32F3xx_HAL_Driver/Src/stm32f3xx_hal.c ****   */
 296:Drivers/STM32F3xx_HAL_Driver/Src/stm32f3xx_hal.c **** __weak uint32_t HAL_GetTick(void)
 297:Drivers/STM32F3xx_HAL_Driver/Src/stm32f3xx_hal.c **** {
 245              		.loc 1 297 1 is_stmt 1 view -0
 246              		.cfi_startproc
 247              		@ args = 0, pretend = 0, frame = 0
 248              		@ frame_needed = 0, uses_anonymous_args = 0
 249              		@ link register save eliminated.
 298:Drivers/STM32F3xx_HAL_Driver/Src/stm32f3xx_hal.c ****   return uwTick;  
 250              		.loc 1 298 3 view .LVU34
 251              		.loc 1 298 10 is_stmt 0 view .LVU35
 252 0000 014B     		ldr	r3, .L19
 253 0002 1868     		ldr	r0, [r3]
 299:Drivers/STM32F3xx_HAL_Driver/Src/stm32f3xx_hal.c **** }
 254              		.loc 1 299 1 view .LVU36
 255 0004 7047     		bx	lr
 256              	.L20:
 257 0006 00BF     		.align	2
 258              	.L19:
 259 0008 00000000 		.word	.LANCHOR0
 260              		.cfi_endproc
 261              	.LFE132:
 263              		.section	.text.HAL_Delay,"ax",%progbits
 264              		.align	1
 265              		.weak	HAL_Delay
 266              		.syntax unified
 267              		.thumb
 268              		.thumb_func
ARM GAS  /var/folders/80/65lm4rm97rv_n74c85vt01040000gn/T//cc2qZtxN.s 			page 11


 269              		.fpu fpv4-sp-d16
 271              	HAL_Delay:
 272              	.LVL9:
 273              	.LFB133:
 300:Drivers/STM32F3xx_HAL_Driver/Src/stm32f3xx_hal.c **** 
 301:Drivers/STM32F3xx_HAL_Driver/Src/stm32f3xx_hal.c **** /**
 302:Drivers/STM32F3xx_HAL_Driver/Src/stm32f3xx_hal.c ****   * @brief  This function provides accurate delay (in milliseconds) based 
 303:Drivers/STM32F3xx_HAL_Driver/Src/stm32f3xx_hal.c ****   *         on variable incremented.
 304:Drivers/STM32F3xx_HAL_Driver/Src/stm32f3xx_hal.c ****   * @note   In the default implementation , SysTick timer is the source of time base. 
 305:Drivers/STM32F3xx_HAL_Driver/Src/stm32f3xx_hal.c ****   *         It is used to generate interrupts at regular time intervals where uwTick
 306:Drivers/STM32F3xx_HAL_Driver/Src/stm32f3xx_hal.c ****   *         is incremented.
 307:Drivers/STM32F3xx_HAL_Driver/Src/stm32f3xx_hal.c ****   *         The function is declared as __Weak  to be overwritten  in case of other
 308:Drivers/STM32F3xx_HAL_Driver/Src/stm32f3xx_hal.c ****   *         implementations  in user file.
 309:Drivers/STM32F3xx_HAL_Driver/Src/stm32f3xx_hal.c ****   * @param  Delay: specifies the delay time length, in milliseconds.
 310:Drivers/STM32F3xx_HAL_Driver/Src/stm32f3xx_hal.c ****   * @retval None
 311:Drivers/STM32F3xx_HAL_Driver/Src/stm32f3xx_hal.c ****   */
 312:Drivers/STM32F3xx_HAL_Driver/Src/stm32f3xx_hal.c **** __weak void HAL_Delay(__IO uint32_t Delay)
 313:Drivers/STM32F3xx_HAL_Driver/Src/stm32f3xx_hal.c **** {
 274              		.loc 1 313 1 is_stmt 1 view -0
 275              		.cfi_startproc
 276              		@ args = 0, pretend = 0, frame = 8
 277              		@ frame_needed = 0, uses_anonymous_args = 0
 278              		.loc 1 313 1 is_stmt 0 view .LVU38
 279 0000 10B5     		push	{r4, lr}
 280              	.LCFI3:
 281              		.cfi_def_cfa_offset 8
 282              		.cfi_offset 4, -8
 283              		.cfi_offset 14, -4
 284 0002 82B0     		sub	sp, sp, #8
 285              	.LCFI4:
 286              		.cfi_def_cfa_offset 16
 287 0004 0190     		str	r0, [sp, #4]
 314:Drivers/STM32F3xx_HAL_Driver/Src/stm32f3xx_hal.c ****   uint32_t tickstart = HAL_GetTick();
 288              		.loc 1 314 3 is_stmt 1 view .LVU39
 289              		.loc 1 314 24 is_stmt 0 view .LVU40
 290 0006 FFF7FEFF 		bl	HAL_GetTick
 291              	.LVL10:
 292              		.loc 1 314 24 view .LVU41
 293 000a 0446     		mov	r4, r0
 294              	.LVL11:
 315:Drivers/STM32F3xx_HAL_Driver/Src/stm32f3xx_hal.c ****   while((HAL_GetTick() - tickstart) < Delay)
 295              		.loc 1 315 3 is_stmt 1 view .LVU42
 296              	.L22:
 316:Drivers/STM32F3xx_HAL_Driver/Src/stm32f3xx_hal.c ****   {
 317:Drivers/STM32F3xx_HAL_Driver/Src/stm32f3xx_hal.c ****   }
 297              		.loc 1 317 3 discriminator 1 view .LVU43
 315:Drivers/STM32F3xx_HAL_Driver/Src/stm32f3xx_hal.c ****   while((HAL_GetTick() - tickstart) < Delay)
 298              		.loc 1 315 8 discriminator 1 view .LVU44
 315:Drivers/STM32F3xx_HAL_Driver/Src/stm32f3xx_hal.c ****   while((HAL_GetTick() - tickstart) < Delay)
 299              		.loc 1 315 10 is_stmt 0 discriminator 1 view .LVU45
 300 000c FFF7FEFF 		bl	HAL_GetTick
 301              	.LVL12:
 315:Drivers/STM32F3xx_HAL_Driver/Src/stm32f3xx_hal.c ****   while((HAL_GetTick() - tickstart) < Delay)
 302              		.loc 1 315 24 discriminator 1 view .LVU46
 303 0010 001B     		subs	r0, r0, r4
 315:Drivers/STM32F3xx_HAL_Driver/Src/stm32f3xx_hal.c ****   while((HAL_GetTick() - tickstart) < Delay)
 304              		.loc 1 315 37 discriminator 1 view .LVU47
ARM GAS  /var/folders/80/65lm4rm97rv_n74c85vt01040000gn/T//cc2qZtxN.s 			page 12


 305 0012 019B     		ldr	r3, [sp, #4]
 315:Drivers/STM32F3xx_HAL_Driver/Src/stm32f3xx_hal.c ****   while((HAL_GetTick() - tickstart) < Delay)
 306              		.loc 1 315 8 discriminator 1 view .LVU48
 307 0014 9842     		cmp	r0, r3
 308 0016 F9D3     		bcc	.L22
 318:Drivers/STM32F3xx_HAL_Driver/Src/stm32f3xx_hal.c **** }
 309              		.loc 1 318 1 view .LVU49
 310 0018 02B0     		add	sp, sp, #8
 311              	.LCFI5:
 312              		.cfi_def_cfa_offset 8
 313              		@ sp needed
 314 001a 10BD     		pop	{r4, pc}
 315              		.loc 1 318 1 view .LVU50
 316              		.cfi_endproc
 317              	.LFE133:
 319              		.section	.text.HAL_SuspendTick,"ax",%progbits
 320              		.align	1
 321              		.weak	HAL_SuspendTick
 322              		.syntax unified
 323              		.thumb
 324              		.thumb_func
 325              		.fpu fpv4-sp-d16
 327              	HAL_SuspendTick:
 328              	.LFB134:
 319:Drivers/STM32F3xx_HAL_Driver/Src/stm32f3xx_hal.c **** 
 320:Drivers/STM32F3xx_HAL_Driver/Src/stm32f3xx_hal.c **** /**
 321:Drivers/STM32F3xx_HAL_Driver/Src/stm32f3xx_hal.c ****   * @brief  Suspend Tick increment.
 322:Drivers/STM32F3xx_HAL_Driver/Src/stm32f3xx_hal.c ****   * @note   In the default implementation , SysTick timer is the source of time base. It is  
 323:Drivers/STM32F3xx_HAL_Driver/Src/stm32f3xx_hal.c ****   *         used to generate interrupts at regular time intervals. Once HAL_SuspendTick()
 324:Drivers/STM32F3xx_HAL_Driver/Src/stm32f3xx_hal.c ****   *         is called, the the SysTick interrupt will be disabled and so Tick increment 
 325:Drivers/STM32F3xx_HAL_Driver/Src/stm32f3xx_hal.c ****   *         is suspended.
 326:Drivers/STM32F3xx_HAL_Driver/Src/stm32f3xx_hal.c ****   * @note This function is declared as __weak to be overwritten in case of other
 327:Drivers/STM32F3xx_HAL_Driver/Src/stm32f3xx_hal.c ****   *         implementations  in user file.
 328:Drivers/STM32F3xx_HAL_Driver/Src/stm32f3xx_hal.c ****   * @retval None
 329:Drivers/STM32F3xx_HAL_Driver/Src/stm32f3xx_hal.c ****   */
 330:Drivers/STM32F3xx_HAL_Driver/Src/stm32f3xx_hal.c **** __weak void HAL_SuspendTick(void)
 331:Drivers/STM32F3xx_HAL_Driver/Src/stm32f3xx_hal.c **** 
 332:Drivers/STM32F3xx_HAL_Driver/Src/stm32f3xx_hal.c **** {
 329              		.loc 1 332 1 is_stmt 1 view -0
 330              		.cfi_startproc
 331              		@ args = 0, pretend = 0, frame = 0
 332              		@ frame_needed = 0, uses_anonymous_args = 0
 333              		@ link register save eliminated.
 333:Drivers/STM32F3xx_HAL_Driver/Src/stm32f3xx_hal.c ****   /* Disable SysTick Interrupt */
 334:Drivers/STM32F3xx_HAL_Driver/Src/stm32f3xx_hal.c ****   SysTick->CTRL &= ~SysTick_CTRL_TICKINT_Msk;
 334              		.loc 1 334 3 view .LVU52
 335              		.loc 1 334 17 is_stmt 0 view .LVU53
 336 0000 4FF0E022 		mov	r2, #-536813568
 337 0004 1369     		ldr	r3, [r2, #16]
 338 0006 23F00203 		bic	r3, r3, #2
 339 000a 1361     		str	r3, [r2, #16]
 335:Drivers/STM32F3xx_HAL_Driver/Src/stm32f3xx_hal.c ****                                                    
 336:Drivers/STM32F3xx_HAL_Driver/Src/stm32f3xx_hal.c **** }
 340              		.loc 1 336 1 view .LVU54
 341 000c 7047     		bx	lr
 342              		.cfi_endproc
 343              	.LFE134:
ARM GAS  /var/folders/80/65lm4rm97rv_n74c85vt01040000gn/T//cc2qZtxN.s 			page 13


 345              		.section	.text.HAL_ResumeTick,"ax",%progbits
 346              		.align	1
 347              		.weak	HAL_ResumeTick
 348              		.syntax unified
 349              		.thumb
 350              		.thumb_func
 351              		.fpu fpv4-sp-d16
 353              	HAL_ResumeTick:
 354              	.LFB135:
 337:Drivers/STM32F3xx_HAL_Driver/Src/stm32f3xx_hal.c **** 
 338:Drivers/STM32F3xx_HAL_Driver/Src/stm32f3xx_hal.c **** /**
 339:Drivers/STM32F3xx_HAL_Driver/Src/stm32f3xx_hal.c ****   * @brief  Resume Tick increment.
 340:Drivers/STM32F3xx_HAL_Driver/Src/stm32f3xx_hal.c ****   * @note   In the default implementation , SysTick timer is the source of time base. It is  
 341:Drivers/STM32F3xx_HAL_Driver/Src/stm32f3xx_hal.c ****   *         used to generate interrupts at regular time intervals. Once HAL_ResumeTick()
 342:Drivers/STM32F3xx_HAL_Driver/Src/stm32f3xx_hal.c ****   *         is called, the the SysTick interrupt will be enabled and so Tick increment 
 343:Drivers/STM32F3xx_HAL_Driver/Src/stm32f3xx_hal.c ****   *         is resumed.
 344:Drivers/STM32F3xx_HAL_Driver/Src/stm32f3xx_hal.c ****   *         The function is declared as __Weak  to be overwritten  in case of other
 345:Drivers/STM32F3xx_HAL_Driver/Src/stm32f3xx_hal.c ****   *         implementations  in user file.
 346:Drivers/STM32F3xx_HAL_Driver/Src/stm32f3xx_hal.c ****   * @retval None
 347:Drivers/STM32F3xx_HAL_Driver/Src/stm32f3xx_hal.c ****   */
 348:Drivers/STM32F3xx_HAL_Driver/Src/stm32f3xx_hal.c **** __weak void HAL_ResumeTick(void)
 349:Drivers/STM32F3xx_HAL_Driver/Src/stm32f3xx_hal.c **** {
 355              		.loc 1 349 1 is_stmt 1 view -0
 356              		.cfi_startproc
 357              		@ args = 0, pretend = 0, frame = 0
 358              		@ frame_needed = 0, uses_anonymous_args = 0
 359              		@ link register save eliminated.
 350:Drivers/STM32F3xx_HAL_Driver/Src/stm32f3xx_hal.c ****   /* Enable SysTick Interrupt */
 351:Drivers/STM32F3xx_HAL_Driver/Src/stm32f3xx_hal.c ****   SysTick->CTRL  |= SysTick_CTRL_TICKINT_Msk;
 360              		.loc 1 351 3 view .LVU56
 361              		.loc 1 351 18 is_stmt 0 view .LVU57
 362 0000 4FF0E022 		mov	r2, #-536813568
 363 0004 1369     		ldr	r3, [r2, #16]
 364 0006 43F00203 		orr	r3, r3, #2
 365 000a 1361     		str	r3, [r2, #16]
 352:Drivers/STM32F3xx_HAL_Driver/Src/stm32f3xx_hal.c ****   
 353:Drivers/STM32F3xx_HAL_Driver/Src/stm32f3xx_hal.c **** }
 366              		.loc 1 353 1 view .LVU58
 367 000c 7047     		bx	lr
 368              		.cfi_endproc
 369              	.LFE135:
 371              		.section	.text.HAL_GetHalVersion,"ax",%progbits
 372              		.align	1
 373              		.global	HAL_GetHalVersion
 374              		.syntax unified
 375              		.thumb
 376              		.thumb_func
 377              		.fpu fpv4-sp-d16
 379              	HAL_GetHalVersion:
 380              	.LFB136:
 354:Drivers/STM32F3xx_HAL_Driver/Src/stm32f3xx_hal.c **** 
 355:Drivers/STM32F3xx_HAL_Driver/Src/stm32f3xx_hal.c **** /**
 356:Drivers/STM32F3xx_HAL_Driver/Src/stm32f3xx_hal.c ****   * @brief  This function returns the HAL revision
 357:Drivers/STM32F3xx_HAL_Driver/Src/stm32f3xx_hal.c ****   * @retval version : 0xXYZR (8bits for each decimal, R for RC)
 358:Drivers/STM32F3xx_HAL_Driver/Src/stm32f3xx_hal.c ****   */
 359:Drivers/STM32F3xx_HAL_Driver/Src/stm32f3xx_hal.c **** uint32_t HAL_GetHalVersion(void)
 360:Drivers/STM32F3xx_HAL_Driver/Src/stm32f3xx_hal.c **** {
ARM GAS  /var/folders/80/65lm4rm97rv_n74c85vt01040000gn/T//cc2qZtxN.s 			page 14


 381              		.loc 1 360 1 is_stmt 1 view -0
 382              		.cfi_startproc
 383              		@ args = 0, pretend = 0, frame = 0
 384              		@ frame_needed = 0, uses_anonymous_args = 0
 385              		@ link register save eliminated.
 361:Drivers/STM32F3xx_HAL_Driver/Src/stm32f3xx_hal.c ****  return __STM32F3xx_HAL_VERSION;
 386              		.loc 1 361 2 view .LVU60
 362:Drivers/STM32F3xx_HAL_Driver/Src/stm32f3xx_hal.c **** }
 387              		.loc 1 362 1 is_stmt 0 view .LVU61
 388 0000 4FF08270 		mov	r0, #17039360
 389 0004 7047     		bx	lr
 390              		.cfi_endproc
 391              	.LFE136:
 393              		.section	.text.HAL_GetREVID,"ax",%progbits
 394              		.align	1
 395              		.global	HAL_GetREVID
 396              		.syntax unified
 397              		.thumb
 398              		.thumb_func
 399              		.fpu fpv4-sp-d16
 401              	HAL_GetREVID:
 402              	.LFB137:
 363:Drivers/STM32F3xx_HAL_Driver/Src/stm32f3xx_hal.c **** 
 364:Drivers/STM32F3xx_HAL_Driver/Src/stm32f3xx_hal.c **** /**
 365:Drivers/STM32F3xx_HAL_Driver/Src/stm32f3xx_hal.c ****   * @brief  Returns the device revision identifier.
 366:Drivers/STM32F3xx_HAL_Driver/Src/stm32f3xx_hal.c ****   * @retval Device revision identifier
 367:Drivers/STM32F3xx_HAL_Driver/Src/stm32f3xx_hal.c ****   */
 368:Drivers/STM32F3xx_HAL_Driver/Src/stm32f3xx_hal.c **** uint32_t HAL_GetREVID(void)
 369:Drivers/STM32F3xx_HAL_Driver/Src/stm32f3xx_hal.c **** {
 403              		.loc 1 369 1 is_stmt 1 view -0
 404              		.cfi_startproc
 405              		@ args = 0, pretend = 0, frame = 0
 406              		@ frame_needed = 0, uses_anonymous_args = 0
 407              		@ link register save eliminated.
 370:Drivers/STM32F3xx_HAL_Driver/Src/stm32f3xx_hal.c ****   return((DBGMCU->IDCODE) >> 16U);
 408              		.loc 1 370 3 view .LVU63
 409              		.loc 1 370 17 is_stmt 0 view .LVU64
 410 0000 014B     		ldr	r3, .L28
 411 0002 1868     		ldr	r0, [r3]
 371:Drivers/STM32F3xx_HAL_Driver/Src/stm32f3xx_hal.c **** }
 412              		.loc 1 371 1 view .LVU65
 413 0004 000C     		lsrs	r0, r0, #16
 414 0006 7047     		bx	lr
 415              	.L29:
 416              		.align	2
 417              	.L28:
 418 0008 002004E0 		.word	-536600576
 419              		.cfi_endproc
 420              	.LFE137:
 422              		.section	.text.HAL_GetDEVID,"ax",%progbits
 423              		.align	1
 424              		.global	HAL_GetDEVID
 425              		.syntax unified
 426              		.thumb
 427              		.thumb_func
 428              		.fpu fpv4-sp-d16
 430              	HAL_GetDEVID:
ARM GAS  /var/folders/80/65lm4rm97rv_n74c85vt01040000gn/T//cc2qZtxN.s 			page 15


 431              	.LFB138:
 372:Drivers/STM32F3xx_HAL_Driver/Src/stm32f3xx_hal.c **** 
 373:Drivers/STM32F3xx_HAL_Driver/Src/stm32f3xx_hal.c **** /**
 374:Drivers/STM32F3xx_HAL_Driver/Src/stm32f3xx_hal.c ****   * @brief  Returns the device identifier.
 375:Drivers/STM32F3xx_HAL_Driver/Src/stm32f3xx_hal.c ****   * @retval Device identifier
 376:Drivers/STM32F3xx_HAL_Driver/Src/stm32f3xx_hal.c ****   */
 377:Drivers/STM32F3xx_HAL_Driver/Src/stm32f3xx_hal.c **** uint32_t HAL_GetDEVID(void)
 378:Drivers/STM32F3xx_HAL_Driver/Src/stm32f3xx_hal.c **** {
 432              		.loc 1 378 1 is_stmt 1 view -0
 433              		.cfi_startproc
 434              		@ args = 0, pretend = 0, frame = 0
 435              		@ frame_needed = 0, uses_anonymous_args = 0
 436              		@ link register save eliminated.
 379:Drivers/STM32F3xx_HAL_Driver/Src/stm32f3xx_hal.c ****   return((DBGMCU->IDCODE) & IDCODE_DEVID_MASK);
 437              		.loc 1 379 3 view .LVU67
 438              		.loc 1 379 17 is_stmt 0 view .LVU68
 439 0000 024B     		ldr	r3, .L31
 440 0002 1868     		ldr	r0, [r3]
 380:Drivers/STM32F3xx_HAL_Driver/Src/stm32f3xx_hal.c **** }
 441              		.loc 1 380 1 view .LVU69
 442 0004 C0F30B00 		ubfx	r0, r0, #0, #12
 443 0008 7047     		bx	lr
 444              	.L32:
 445 000a 00BF     		.align	2
 446              	.L31:
 447 000c 002004E0 		.word	-536600576
 448              		.cfi_endproc
 449              	.LFE138:
 451              		.section	.text.HAL_DBGMCU_EnableDBGSleepMode,"ax",%progbits
 452              		.align	1
 453              		.global	HAL_DBGMCU_EnableDBGSleepMode
 454              		.syntax unified
 455              		.thumb
 456              		.thumb_func
 457              		.fpu fpv4-sp-d16
 459              	HAL_DBGMCU_EnableDBGSleepMode:
 460              	.LFB139:
 381:Drivers/STM32F3xx_HAL_Driver/Src/stm32f3xx_hal.c **** 
 382:Drivers/STM32F3xx_HAL_Driver/Src/stm32f3xx_hal.c **** /**
 383:Drivers/STM32F3xx_HAL_Driver/Src/stm32f3xx_hal.c ****   * @brief  Enable the Debug Module during SLEEP mode
 384:Drivers/STM32F3xx_HAL_Driver/Src/stm32f3xx_hal.c ****   * @retval None
 385:Drivers/STM32F3xx_HAL_Driver/Src/stm32f3xx_hal.c ****   */
 386:Drivers/STM32F3xx_HAL_Driver/Src/stm32f3xx_hal.c **** void HAL_DBGMCU_EnableDBGSleepMode(void)
 387:Drivers/STM32F3xx_HAL_Driver/Src/stm32f3xx_hal.c **** {
 461              		.loc 1 387 1 is_stmt 1 view -0
 462              		.cfi_startproc
 463              		@ args = 0, pretend = 0, frame = 0
 464              		@ frame_needed = 0, uses_anonymous_args = 0
 465              		@ link register save eliminated.
 388:Drivers/STM32F3xx_HAL_Driver/Src/stm32f3xx_hal.c ****   SET_BIT(DBGMCU->CR, DBGMCU_CR_DBG_SLEEP);
 466              		.loc 1 388 3 view .LVU71
 467 0000 024A     		ldr	r2, .L34
 468 0002 5368     		ldr	r3, [r2, #4]
 469 0004 43F00103 		orr	r3, r3, #1
 470 0008 5360     		str	r3, [r2, #4]
 389:Drivers/STM32F3xx_HAL_Driver/Src/stm32f3xx_hal.c **** }
 471              		.loc 1 389 1 is_stmt 0 view .LVU72
ARM GAS  /var/folders/80/65lm4rm97rv_n74c85vt01040000gn/T//cc2qZtxN.s 			page 16


 472 000a 7047     		bx	lr
 473              	.L35:
 474              		.align	2
 475              	.L34:
 476 000c 002004E0 		.word	-536600576
 477              		.cfi_endproc
 478              	.LFE139:
 480              		.section	.text.HAL_DBGMCU_DisableDBGSleepMode,"ax",%progbits
 481              		.align	1
 482              		.global	HAL_DBGMCU_DisableDBGSleepMode
 483              		.syntax unified
 484              		.thumb
 485              		.thumb_func
 486              		.fpu fpv4-sp-d16
 488              	HAL_DBGMCU_DisableDBGSleepMode:
 489              	.LFB140:
 390:Drivers/STM32F3xx_HAL_Driver/Src/stm32f3xx_hal.c **** 
 391:Drivers/STM32F3xx_HAL_Driver/Src/stm32f3xx_hal.c **** /**
 392:Drivers/STM32F3xx_HAL_Driver/Src/stm32f3xx_hal.c ****   * @brief  Disable the Debug Module during SLEEP mode
 393:Drivers/STM32F3xx_HAL_Driver/Src/stm32f3xx_hal.c ****   * @retval None
 394:Drivers/STM32F3xx_HAL_Driver/Src/stm32f3xx_hal.c ****   */
 395:Drivers/STM32F3xx_HAL_Driver/Src/stm32f3xx_hal.c **** void HAL_DBGMCU_DisableDBGSleepMode(void)
 396:Drivers/STM32F3xx_HAL_Driver/Src/stm32f3xx_hal.c **** {
 490              		.loc 1 396 1 is_stmt 1 view -0
 491              		.cfi_startproc
 492              		@ args = 0, pretend = 0, frame = 0
 493              		@ frame_needed = 0, uses_anonymous_args = 0
 494              		@ link register save eliminated.
 397:Drivers/STM32F3xx_HAL_Driver/Src/stm32f3xx_hal.c ****   CLEAR_BIT(DBGMCU->CR, DBGMCU_CR_DBG_SLEEP);
 495              		.loc 1 397 3 view .LVU74
 496 0000 024A     		ldr	r2, .L37
 497 0002 5368     		ldr	r3, [r2, #4]
 498 0004 23F00103 		bic	r3, r3, #1
 499 0008 5360     		str	r3, [r2, #4]
 398:Drivers/STM32F3xx_HAL_Driver/Src/stm32f3xx_hal.c **** }
 500              		.loc 1 398 1 is_stmt 0 view .LVU75
 501 000a 7047     		bx	lr
 502              	.L38:
 503              		.align	2
 504              	.L37:
 505 000c 002004E0 		.word	-536600576
 506              		.cfi_endproc
 507              	.LFE140:
 509              		.section	.text.HAL_DBGMCU_EnableDBGStopMode,"ax",%progbits
 510              		.align	1
 511              		.global	HAL_DBGMCU_EnableDBGStopMode
 512              		.syntax unified
 513              		.thumb
 514              		.thumb_func
 515              		.fpu fpv4-sp-d16
 517              	HAL_DBGMCU_EnableDBGStopMode:
 518              	.LFB141:
 399:Drivers/STM32F3xx_HAL_Driver/Src/stm32f3xx_hal.c **** 
 400:Drivers/STM32F3xx_HAL_Driver/Src/stm32f3xx_hal.c **** /**
 401:Drivers/STM32F3xx_HAL_Driver/Src/stm32f3xx_hal.c ****   * @brief  Enable the Debug Module during STOP mode
 402:Drivers/STM32F3xx_HAL_Driver/Src/stm32f3xx_hal.c ****   * @retval None
 403:Drivers/STM32F3xx_HAL_Driver/Src/stm32f3xx_hal.c ****   */
ARM GAS  /var/folders/80/65lm4rm97rv_n74c85vt01040000gn/T//cc2qZtxN.s 			page 17


 404:Drivers/STM32F3xx_HAL_Driver/Src/stm32f3xx_hal.c **** void HAL_DBGMCU_EnableDBGStopMode(void)
 405:Drivers/STM32F3xx_HAL_Driver/Src/stm32f3xx_hal.c **** {
 519              		.loc 1 405 1 is_stmt 1 view -0
 520              		.cfi_startproc
 521              		@ args = 0, pretend = 0, frame = 0
 522              		@ frame_needed = 0, uses_anonymous_args = 0
 523              		@ link register save eliminated.
 406:Drivers/STM32F3xx_HAL_Driver/Src/stm32f3xx_hal.c ****   SET_BIT(DBGMCU->CR, DBGMCU_CR_DBG_STOP);
 524              		.loc 1 406 3 view .LVU77
 525 0000 024A     		ldr	r2, .L40
 526 0002 5368     		ldr	r3, [r2, #4]
 527 0004 43F00203 		orr	r3, r3, #2
 528 0008 5360     		str	r3, [r2, #4]
 407:Drivers/STM32F3xx_HAL_Driver/Src/stm32f3xx_hal.c **** }
 529              		.loc 1 407 1 is_stmt 0 view .LVU78
 530 000a 7047     		bx	lr
 531              	.L41:
 532              		.align	2
 533              	.L40:
 534 000c 002004E0 		.word	-536600576
 535              		.cfi_endproc
 536              	.LFE141:
 538              		.section	.text.HAL_DBGMCU_DisableDBGStopMode,"ax",%progbits
 539              		.align	1
 540              		.global	HAL_DBGMCU_DisableDBGStopMode
 541              		.syntax unified
 542              		.thumb
 543              		.thumb_func
 544              		.fpu fpv4-sp-d16
 546              	HAL_DBGMCU_DisableDBGStopMode:
 547              	.LFB142:
 408:Drivers/STM32F3xx_HAL_Driver/Src/stm32f3xx_hal.c **** 
 409:Drivers/STM32F3xx_HAL_Driver/Src/stm32f3xx_hal.c **** /**
 410:Drivers/STM32F3xx_HAL_Driver/Src/stm32f3xx_hal.c ****   * @brief  Disable the Debug Module during STOP mode
 411:Drivers/STM32F3xx_HAL_Driver/Src/stm32f3xx_hal.c ****   * @retval None
 412:Drivers/STM32F3xx_HAL_Driver/Src/stm32f3xx_hal.c ****   */
 413:Drivers/STM32F3xx_HAL_Driver/Src/stm32f3xx_hal.c **** void HAL_DBGMCU_DisableDBGStopMode(void)
 414:Drivers/STM32F3xx_HAL_Driver/Src/stm32f3xx_hal.c **** {
 548              		.loc 1 414 1 is_stmt 1 view -0
 549              		.cfi_startproc
 550              		@ args = 0, pretend = 0, frame = 0
 551              		@ frame_needed = 0, uses_anonymous_args = 0
 552              		@ link register save eliminated.
 415:Drivers/STM32F3xx_HAL_Driver/Src/stm32f3xx_hal.c ****   CLEAR_BIT(DBGMCU->CR, DBGMCU_CR_DBG_STOP);
 553              		.loc 1 415 3 view .LVU80
 554 0000 024A     		ldr	r2, .L43
 555 0002 5368     		ldr	r3, [r2, #4]
 556 0004 23F00203 		bic	r3, r3, #2
 557 0008 5360     		str	r3, [r2, #4]
 416:Drivers/STM32F3xx_HAL_Driver/Src/stm32f3xx_hal.c **** }
 558              		.loc 1 416 1 is_stmt 0 view .LVU81
 559 000a 7047     		bx	lr
 560              	.L44:
 561              		.align	2
 562              	.L43:
 563 000c 002004E0 		.word	-536600576
 564              		.cfi_endproc
ARM GAS  /var/folders/80/65lm4rm97rv_n74c85vt01040000gn/T//cc2qZtxN.s 			page 18


 565              	.LFE142:
 567              		.section	.text.HAL_DBGMCU_EnableDBGStandbyMode,"ax",%progbits
 568              		.align	1
 569              		.global	HAL_DBGMCU_EnableDBGStandbyMode
 570              		.syntax unified
 571              		.thumb
 572              		.thumb_func
 573              		.fpu fpv4-sp-d16
 575              	HAL_DBGMCU_EnableDBGStandbyMode:
 576              	.LFB143:
 417:Drivers/STM32F3xx_HAL_Driver/Src/stm32f3xx_hal.c **** 
 418:Drivers/STM32F3xx_HAL_Driver/Src/stm32f3xx_hal.c **** /**
 419:Drivers/STM32F3xx_HAL_Driver/Src/stm32f3xx_hal.c ****   * @brief  Enable the Debug Module during STANDBY mode
 420:Drivers/STM32F3xx_HAL_Driver/Src/stm32f3xx_hal.c ****   * @retval None
 421:Drivers/STM32F3xx_HAL_Driver/Src/stm32f3xx_hal.c ****   */
 422:Drivers/STM32F3xx_HAL_Driver/Src/stm32f3xx_hal.c **** void HAL_DBGMCU_EnableDBGStandbyMode(void)
 423:Drivers/STM32F3xx_HAL_Driver/Src/stm32f3xx_hal.c **** {
 577              		.loc 1 423 1 is_stmt 1 view -0
 578              		.cfi_startproc
 579              		@ args = 0, pretend = 0, frame = 0
 580              		@ frame_needed = 0, uses_anonymous_args = 0
 581              		@ link register save eliminated.
 424:Drivers/STM32F3xx_HAL_Driver/Src/stm32f3xx_hal.c ****   SET_BIT(DBGMCU->CR, DBGMCU_CR_DBG_STANDBY);
 582              		.loc 1 424 3 view .LVU83
 583 0000 024A     		ldr	r2, .L46
 584 0002 5368     		ldr	r3, [r2, #4]
 585 0004 43F00403 		orr	r3, r3, #4
 586 0008 5360     		str	r3, [r2, #4]
 425:Drivers/STM32F3xx_HAL_Driver/Src/stm32f3xx_hal.c **** }
 587              		.loc 1 425 1 is_stmt 0 view .LVU84
 588 000a 7047     		bx	lr
 589              	.L47:
 590              		.align	2
 591              	.L46:
 592 000c 002004E0 		.word	-536600576
 593              		.cfi_endproc
 594              	.LFE143:
 596              		.section	.text.HAL_DBGMCU_DisableDBGStandbyMode,"ax",%progbits
 597              		.align	1
 598              		.global	HAL_DBGMCU_DisableDBGStandbyMode
 599              		.syntax unified
 600              		.thumb
 601              		.thumb_func
 602              		.fpu fpv4-sp-d16
 604              	HAL_DBGMCU_DisableDBGStandbyMode:
 605              	.LFB144:
 426:Drivers/STM32F3xx_HAL_Driver/Src/stm32f3xx_hal.c **** 
 427:Drivers/STM32F3xx_HAL_Driver/Src/stm32f3xx_hal.c **** /**
 428:Drivers/STM32F3xx_HAL_Driver/Src/stm32f3xx_hal.c ****   * @brief  Disable the Debug Module during STANDBY mode
 429:Drivers/STM32F3xx_HAL_Driver/Src/stm32f3xx_hal.c ****   * @retval None
 430:Drivers/STM32F3xx_HAL_Driver/Src/stm32f3xx_hal.c ****   */
 431:Drivers/STM32F3xx_HAL_Driver/Src/stm32f3xx_hal.c **** void HAL_DBGMCU_DisableDBGStandbyMode(void)
 432:Drivers/STM32F3xx_HAL_Driver/Src/stm32f3xx_hal.c **** {
 606              		.loc 1 432 1 is_stmt 1 view -0
 607              		.cfi_startproc
 608              		@ args = 0, pretend = 0, frame = 0
 609              		@ frame_needed = 0, uses_anonymous_args = 0
ARM GAS  /var/folders/80/65lm4rm97rv_n74c85vt01040000gn/T//cc2qZtxN.s 			page 19


 610              		@ link register save eliminated.
 433:Drivers/STM32F3xx_HAL_Driver/Src/stm32f3xx_hal.c ****   CLEAR_BIT(DBGMCU->CR, DBGMCU_CR_DBG_STANDBY);
 611              		.loc 1 433 3 view .LVU86
 612 0000 024A     		ldr	r2, .L49
 613 0002 5368     		ldr	r3, [r2, #4]
 614 0004 23F00403 		bic	r3, r3, #4
 615 0008 5360     		str	r3, [r2, #4]
 434:Drivers/STM32F3xx_HAL_Driver/Src/stm32f3xx_hal.c **** }
 616              		.loc 1 434 1 is_stmt 0 view .LVU87
 617 000a 7047     		bx	lr
 618              	.L50:
 619              		.align	2
 620              	.L49:
 621 000c 002004E0 		.word	-536600576
 622              		.cfi_endproc
 623              	.LFE144:
 625              		.global	uwTick
 626              		.section	.bss.uwTick,"aw",%nobits
 627              		.align	2
 628              		.set	.LANCHOR0,. + 0
 631              	uwTick:
 632 0000 00000000 		.space	4
 633              		.text
 634              	.Letext0:
 635              		.file 2 "/usr/local/Caskroom/gcc-arm-embedded/10-2020-q4-major/gcc-arm-none-eabi-10-2020-q4-major/
 636              		.file 3 "/usr/local/Caskroom/gcc-arm-embedded/10-2020-q4-major/gcc-arm-none-eabi-10-2020-q4-major/
 637              		.file 4 "Drivers/CMSIS/Include/core_cm4.h"
 638              		.file 5 "Drivers/CMSIS/Device/ST/STM32F3xx/Include/stm32f373xc.h"
 639              		.file 6 "Drivers/STM32F3xx_HAL_Driver/Inc/stm32f3xx_hal_def.h"
 640              		.file 7 "Drivers/CMSIS/Device/ST/STM32F3xx/Include/system_stm32f3xx.h"
 641              		.file 8 "Drivers/STM32F3xx_HAL_Driver/Inc/stm32f3xx_hal_cortex.h"
ARM GAS  /var/folders/80/65lm4rm97rv_n74c85vt01040000gn/T//cc2qZtxN.s 			page 20


DEFINED SYMBOLS
                            *ABS*:0000000000000000 stm32f3xx_hal.c
/var/folders/80/65lm4rm97rv_n74c85vt01040000gn/T//cc2qZtxN.s:18     .text.HAL_MspInit:0000000000000000 $t
/var/folders/80/65lm4rm97rv_n74c85vt01040000gn/T//cc2qZtxN.s:26     .text.HAL_MspInit:0000000000000000 HAL_MspInit
/var/folders/80/65lm4rm97rv_n74c85vt01040000gn/T//cc2qZtxN.s:40     .text.HAL_MspDeInit:0000000000000000 $t
/var/folders/80/65lm4rm97rv_n74c85vt01040000gn/T//cc2qZtxN.s:47     .text.HAL_MspDeInit:0000000000000000 HAL_MspDeInit
/var/folders/80/65lm4rm97rv_n74c85vt01040000gn/T//cc2qZtxN.s:60     .text.HAL_DeInit:0000000000000000 $t
/var/folders/80/65lm4rm97rv_n74c85vt01040000gn/T//cc2qZtxN.s:67     .text.HAL_DeInit:0000000000000000 HAL_DeInit
/var/folders/80/65lm4rm97rv_n74c85vt01040000gn/T//cc2qZtxN.s:103    .text.HAL_DeInit:0000000000000020 $d
/var/folders/80/65lm4rm97rv_n74c85vt01040000gn/T//cc2qZtxN.s:108    .text.HAL_InitTick:0000000000000000 $t
/var/folders/80/65lm4rm97rv_n74c85vt01040000gn/T//cc2qZtxN.s:115    .text.HAL_InitTick:0000000000000000 HAL_InitTick
/var/folders/80/65lm4rm97rv_n74c85vt01040000gn/T//cc2qZtxN.s:154    .text.HAL_InitTick:0000000000000024 $d
/var/folders/80/65lm4rm97rv_n74c85vt01040000gn/T//cc2qZtxN.s:160    .text.HAL_Init:0000000000000000 $t
/var/folders/80/65lm4rm97rv_n74c85vt01040000gn/T//cc2qZtxN.s:167    .text.HAL_Init:0000000000000000 HAL_Init
/var/folders/80/65lm4rm97rv_n74c85vt01040000gn/T//cc2qZtxN.s:201    .text.HAL_Init:0000000000000020 $d
/var/folders/80/65lm4rm97rv_n74c85vt01040000gn/T//cc2qZtxN.s:206    .text.HAL_IncTick:0000000000000000 $t
/var/folders/80/65lm4rm97rv_n74c85vt01040000gn/T//cc2qZtxN.s:213    .text.HAL_IncTick:0000000000000000 HAL_IncTick
/var/folders/80/65lm4rm97rv_n74c85vt01040000gn/T//cc2qZtxN.s:231    .text.HAL_IncTick:000000000000000c $d
/var/folders/80/65lm4rm97rv_n74c85vt01040000gn/T//cc2qZtxN.s:236    .text.HAL_GetTick:0000000000000000 $t
/var/folders/80/65lm4rm97rv_n74c85vt01040000gn/T//cc2qZtxN.s:243    .text.HAL_GetTick:0000000000000000 HAL_GetTick
/var/folders/80/65lm4rm97rv_n74c85vt01040000gn/T//cc2qZtxN.s:259    .text.HAL_GetTick:0000000000000008 $d
/var/folders/80/65lm4rm97rv_n74c85vt01040000gn/T//cc2qZtxN.s:264    .text.HAL_Delay:0000000000000000 $t
/var/folders/80/65lm4rm97rv_n74c85vt01040000gn/T//cc2qZtxN.s:271    .text.HAL_Delay:0000000000000000 HAL_Delay
/var/folders/80/65lm4rm97rv_n74c85vt01040000gn/T//cc2qZtxN.s:320    .text.HAL_SuspendTick:0000000000000000 $t
/var/folders/80/65lm4rm97rv_n74c85vt01040000gn/T//cc2qZtxN.s:327    .text.HAL_SuspendTick:0000000000000000 HAL_SuspendTick
/var/folders/80/65lm4rm97rv_n74c85vt01040000gn/T//cc2qZtxN.s:346    .text.HAL_ResumeTick:0000000000000000 $t
/var/folders/80/65lm4rm97rv_n74c85vt01040000gn/T//cc2qZtxN.s:353    .text.HAL_ResumeTick:0000000000000000 HAL_ResumeTick
/var/folders/80/65lm4rm97rv_n74c85vt01040000gn/T//cc2qZtxN.s:372    .text.HAL_GetHalVersion:0000000000000000 $t
/var/folders/80/65lm4rm97rv_n74c85vt01040000gn/T//cc2qZtxN.s:379    .text.HAL_GetHalVersion:0000000000000000 HAL_GetHalVersion
/var/folders/80/65lm4rm97rv_n74c85vt01040000gn/T//cc2qZtxN.s:394    .text.HAL_GetREVID:0000000000000000 $t
/var/folders/80/65lm4rm97rv_n74c85vt01040000gn/T//cc2qZtxN.s:401    .text.HAL_GetREVID:0000000000000000 HAL_GetREVID
/var/folders/80/65lm4rm97rv_n74c85vt01040000gn/T//cc2qZtxN.s:418    .text.HAL_GetREVID:0000000000000008 $d
/var/folders/80/65lm4rm97rv_n74c85vt01040000gn/T//cc2qZtxN.s:423    .text.HAL_GetDEVID:0000000000000000 $t
/var/folders/80/65lm4rm97rv_n74c85vt01040000gn/T//cc2qZtxN.s:430    .text.HAL_GetDEVID:0000000000000000 HAL_GetDEVID
/var/folders/80/65lm4rm97rv_n74c85vt01040000gn/T//cc2qZtxN.s:447    .text.HAL_GetDEVID:000000000000000c $d
/var/folders/80/65lm4rm97rv_n74c85vt01040000gn/T//cc2qZtxN.s:452    .text.HAL_DBGMCU_EnableDBGSleepMode:0000000000000000 $t
/var/folders/80/65lm4rm97rv_n74c85vt01040000gn/T//cc2qZtxN.s:459    .text.HAL_DBGMCU_EnableDBGSleepMode:0000000000000000 HAL_DBGMCU_EnableDBGSleepMode
/var/folders/80/65lm4rm97rv_n74c85vt01040000gn/T//cc2qZtxN.s:476    .text.HAL_DBGMCU_EnableDBGSleepMode:000000000000000c $d
/var/folders/80/65lm4rm97rv_n74c85vt01040000gn/T//cc2qZtxN.s:481    .text.HAL_DBGMCU_DisableDBGSleepMode:0000000000000000 $t
/var/folders/80/65lm4rm97rv_n74c85vt01040000gn/T//cc2qZtxN.s:488    .text.HAL_DBGMCU_DisableDBGSleepMode:0000000000000000 HAL_DBGMCU_DisableDBGSleepMode
/var/folders/80/65lm4rm97rv_n74c85vt01040000gn/T//cc2qZtxN.s:505    .text.HAL_DBGMCU_DisableDBGSleepMode:000000000000000c $d
/var/folders/80/65lm4rm97rv_n74c85vt01040000gn/T//cc2qZtxN.s:510    .text.HAL_DBGMCU_EnableDBGStopMode:0000000000000000 $t
/var/folders/80/65lm4rm97rv_n74c85vt01040000gn/T//cc2qZtxN.s:517    .text.HAL_DBGMCU_EnableDBGStopMode:0000000000000000 HAL_DBGMCU_EnableDBGStopMode
/var/folders/80/65lm4rm97rv_n74c85vt01040000gn/T//cc2qZtxN.s:534    .text.HAL_DBGMCU_EnableDBGStopMode:000000000000000c $d
/var/folders/80/65lm4rm97rv_n74c85vt01040000gn/T//cc2qZtxN.s:539    .text.HAL_DBGMCU_DisableDBGStopMode:0000000000000000 $t
/var/folders/80/65lm4rm97rv_n74c85vt01040000gn/T//cc2qZtxN.s:546    .text.HAL_DBGMCU_DisableDBGStopMode:0000000000000000 HAL_DBGMCU_DisableDBGStopMode
/var/folders/80/65lm4rm97rv_n74c85vt01040000gn/T//cc2qZtxN.s:563    .text.HAL_DBGMCU_DisableDBGStopMode:000000000000000c $d
/var/folders/80/65lm4rm97rv_n74c85vt01040000gn/T//cc2qZtxN.s:568    .text.HAL_DBGMCU_EnableDBGStandbyMode:0000000000000000 $t
/var/folders/80/65lm4rm97rv_n74c85vt01040000gn/T//cc2qZtxN.s:575    .text.HAL_DBGMCU_EnableDBGStandbyMode:0000000000000000 HAL_DBGMCU_EnableDBGStandbyMode
/var/folders/80/65lm4rm97rv_n74c85vt01040000gn/T//cc2qZtxN.s:592    .text.HAL_DBGMCU_EnableDBGStandbyMode:000000000000000c $d
/var/folders/80/65lm4rm97rv_n74c85vt01040000gn/T//cc2qZtxN.s:597    .text.HAL_DBGMCU_DisableDBGStandbyMode:0000000000000000 $t
/var/folders/80/65lm4rm97rv_n74c85vt01040000gn/T//cc2qZtxN.s:604    .text.HAL_DBGMCU_DisableDBGStandbyMode:0000000000000000 HAL_DBGMCU_DisableDBGStandbyMode
/var/folders/80/65lm4rm97rv_n74c85vt01040000gn/T//cc2qZtxN.s:621    .text.HAL_DBGMCU_DisableDBGStandbyMode:000000000000000c $d
/var/folders/80/65lm4rm97rv_n74c85vt01040000gn/T//cc2qZtxN.s:631    .bss.uwTick:0000000000000000 uwTick
/var/folders/80/65lm4rm97rv_n74c85vt01040000gn/T//cc2qZtxN.s:627    .bss.uwTick:0000000000000000 $d

UNDEFINED SYMBOLS
ARM GAS  /var/folders/80/65lm4rm97rv_n74c85vt01040000gn/T//cc2qZtxN.s 			page 21


HAL_SYSTICK_Config
HAL_NVIC_SetPriority
SystemCoreClock
HAL_NVIC_SetPriorityGrouping
