ARM GAS  /var/folders/80/65lm4rm97rv_n74c85vt01040000gn/T//ccb3SGhM.s 			page 1


   1              		.cpu cortex-m4
   2              		.eabi_attribute 27, 1
   3              		.eabi_attribute 28, 1
   4              		.eabi_attribute 20, 1
   5              		.eabi_attribute 21, 1
   6              		.eabi_attribute 23, 3
   7              		.eabi_attribute 24, 1
   8              		.eabi_attribute 25, 1
   9              		.eabi_attribute 26, 1
  10              		.eabi_attribute 30, 1
  11              		.eabi_attribute 34, 1
  12              		.eabi_attribute 18, 4
  13              		.file	"usbd_desc.c"
  14              		.text
  15              	.Ltext0:
  16              		.cfi_sections	.debug_frame
  17              		.section	.text.USBD_FS_DeviceDescriptor,"ax",%progbits
  18              		.align	1
  19              		.global	USBD_FS_DeviceDescriptor
  20              		.arch armv7e-m
  21              		.syntax unified
  22              		.thumb
  23              		.thumb_func
  24              		.fpu fpv4-sp-d16
  26              	USBD_FS_DeviceDescriptor:
  27              	.LVL0:
  28              	.LFB126:
  29              		.file 1 "Src/usbd_desc.c"
   1:Src/usbd_desc.c **** /**
   2:Src/usbd_desc.c ****   ******************************************************************************
   3:Src/usbd_desc.c ****   * @file           : usbd_desc.c
   4:Src/usbd_desc.c ****   * @version        : v2.0_Cube
   5:Src/usbd_desc.c ****   * @brief          : This file implements the USB device descriptors.
   6:Src/usbd_desc.c ****   ******************************************************************************
   7:Src/usbd_desc.c ****   * This notice applies to any and all portions of this file
   8:Src/usbd_desc.c ****   * that are not between comment pairs USER CODE BEGIN and
   9:Src/usbd_desc.c ****   * USER CODE END. Other portions of this file, whether 
  10:Src/usbd_desc.c ****   * inserted by the user or by software development tools
  11:Src/usbd_desc.c ****   * are owned by their respective copyright owners.
  12:Src/usbd_desc.c ****   *
  13:Src/usbd_desc.c ****   * Copyright (c) 2020 STMicroelectronics International N.V. 
  14:Src/usbd_desc.c ****   * All rights reserved.
  15:Src/usbd_desc.c ****   *
  16:Src/usbd_desc.c ****   * Redistribution and use in source and binary forms, with or without 
  17:Src/usbd_desc.c ****   * modification, are permitted, provided that the following conditions are met:
  18:Src/usbd_desc.c ****   *
  19:Src/usbd_desc.c ****   * 1. Redistribution of source code must retain the above copyright notice, 
  20:Src/usbd_desc.c ****   *    this list of conditions and the following disclaimer.
  21:Src/usbd_desc.c ****   * 2. Redistributions in binary form must reproduce the above copyright notice,
  22:Src/usbd_desc.c ****   *    this list of conditions and the following disclaimer in the documentation
  23:Src/usbd_desc.c ****   *    and/or other materials provided with the distribution.
  24:Src/usbd_desc.c ****   * 3. Neither the name of STMicroelectronics nor the names of other 
  25:Src/usbd_desc.c ****   *    contributors to this software may be used to endorse or promote products 
  26:Src/usbd_desc.c ****   *    derived from this software without specific written permission.
  27:Src/usbd_desc.c ****   * 4. This software, including modifications and/or derivative works of this 
  28:Src/usbd_desc.c ****   *    software, must execute solely and exclusively on microcontroller or
  29:Src/usbd_desc.c ****   *    microprocessor devices manufactured by or for STMicroelectronics.
ARM GAS  /var/folders/80/65lm4rm97rv_n74c85vt01040000gn/T//ccb3SGhM.s 			page 2


  30:Src/usbd_desc.c ****   * 5. Redistribution and use of this software other than as permitted under 
  31:Src/usbd_desc.c ****   *    this license is void and will automatically terminate your rights under 
  32:Src/usbd_desc.c ****   *    this license. 
  33:Src/usbd_desc.c ****   *
  34:Src/usbd_desc.c ****   * THIS SOFTWARE IS PROVIDED BY STMICROELECTRONICS AND CONTRIBUTORS "AS IS" 
  35:Src/usbd_desc.c ****   * AND ANY EXPRESS, IMPLIED OR STATUTORY WARRANTIES, INCLUDING, BUT NOT 
  36:Src/usbd_desc.c ****   * LIMITED TO, THE IMPLIED WARRANTIES OF MERCHANTABILITY, FITNESS FOR A 
  37:Src/usbd_desc.c ****   * PARTICULAR PURPOSE AND NON-INFRINGEMENT OF THIRD PARTY INTELLECTUAL PROPERTY
  38:Src/usbd_desc.c ****   * RIGHTS ARE DISCLAIMED TO THE FULLEST EXTENT PERMITTED BY LAW. IN NO EVENT 
  39:Src/usbd_desc.c ****   * SHALL STMICROELECTRONICS OR CONTRIBUTORS BE LIABLE FOR ANY DIRECT, INDIRECT,
  40:Src/usbd_desc.c ****   * INCIDENTAL, SPECIAL, EXEMPLARY, OR CONSEQUENTIAL DAMAGES (INCLUDING, BUT NOT
  41:Src/usbd_desc.c ****   * LIMITED TO, PROCUREMENT OF SUBSTITUTE GOODS OR SERVICES; LOSS OF USE, DATA, 
  42:Src/usbd_desc.c ****   * OR PROFITS; OR BUSINESS INTERRUPTION) HOWEVER CAUSED AND ON ANY THEORY OF 
  43:Src/usbd_desc.c ****   * LIABILITY, WHETHER IN CONTRACT, STRICT LIABILITY, OR TORT (INCLUDING 
  44:Src/usbd_desc.c ****   * NEGLIGENCE OR OTHERWISE) ARISING IN ANY WAY OUT OF THE USE OF THIS SOFTWARE,
  45:Src/usbd_desc.c ****   * EVEN IF ADVISED OF THE POSSIBILITY OF SUCH DAMAGE.
  46:Src/usbd_desc.c ****   *
  47:Src/usbd_desc.c ****   ******************************************************************************
  48:Src/usbd_desc.c ****   */
  49:Src/usbd_desc.c **** 
  50:Src/usbd_desc.c **** /* Includes ------------------------------------------------------------------*/
  51:Src/usbd_desc.c **** #include "usbd_core.h"
  52:Src/usbd_desc.c **** #include "usbd_desc.h"
  53:Src/usbd_desc.c **** #include "usbd_conf.h"
  54:Src/usbd_desc.c **** 
  55:Src/usbd_desc.c **** /* USER CODE BEGIN INCLUDE */
  56:Src/usbd_desc.c **** 
  57:Src/usbd_desc.c **** /* USER CODE END INCLUDE */
  58:Src/usbd_desc.c **** 
  59:Src/usbd_desc.c **** /* Private typedef -----------------------------------------------------------*/
  60:Src/usbd_desc.c **** /* Private define ------------------------------------------------------------*/
  61:Src/usbd_desc.c **** /* Private macro -------------------------------------------------------------*/
  62:Src/usbd_desc.c **** 
  63:Src/usbd_desc.c **** /* USER CODE BEGIN PV */
  64:Src/usbd_desc.c **** /* Private variables ---------------------------------------------------------*/
  65:Src/usbd_desc.c **** 
  66:Src/usbd_desc.c **** /* USER CODE END PV */
  67:Src/usbd_desc.c **** 
  68:Src/usbd_desc.c **** /** @addtogroup STM32_USB_OTG_DEVICE_LIBRARY
  69:Src/usbd_desc.c ****   * @{
  70:Src/usbd_desc.c ****   */
  71:Src/usbd_desc.c **** 
  72:Src/usbd_desc.c **** /** @addtogroup USBD_DESC
  73:Src/usbd_desc.c ****   * @{
  74:Src/usbd_desc.c ****   */
  75:Src/usbd_desc.c **** 
  76:Src/usbd_desc.c **** /** @defgroup USBD_DESC_Private_TypesDefinitions USBD_DESC_Private_TypesDefinitions
  77:Src/usbd_desc.c ****   * @brief Private types.
  78:Src/usbd_desc.c ****   * @{
  79:Src/usbd_desc.c ****   */
  80:Src/usbd_desc.c **** 
  81:Src/usbd_desc.c **** /* USER CODE BEGIN PRIVATE_TYPES */
  82:Src/usbd_desc.c **** 
  83:Src/usbd_desc.c **** /* USER CODE END PRIVATE_TYPES */
  84:Src/usbd_desc.c **** 
  85:Src/usbd_desc.c **** /**
  86:Src/usbd_desc.c ****   * @}
ARM GAS  /var/folders/80/65lm4rm97rv_n74c85vt01040000gn/T//ccb3SGhM.s 			page 3


  87:Src/usbd_desc.c ****   */
  88:Src/usbd_desc.c **** 
  89:Src/usbd_desc.c **** /** @defgroup USBD_DESC_Private_Defines USBD_DESC_Private_Defines
  90:Src/usbd_desc.c ****   * @brief Private defines.
  91:Src/usbd_desc.c ****   * @{
  92:Src/usbd_desc.c ****   */
  93:Src/usbd_desc.c **** 
  94:Src/usbd_desc.c **** #define USBD_VID     1234
  95:Src/usbd_desc.c **** #define USBD_LANGID_STRING     1033
  96:Src/usbd_desc.c **** #define USBD_MANUFACTURER_STRING     "Bitfox"
  97:Src/usbd_desc.c **** #define USBD_PID_FS     12345
  98:Src/usbd_desc.c **** #define USBD_PRODUCT_STRING_FS     "Bitfox USBMIDI"
  99:Src/usbd_desc.c **** #define USBD_SERIALNUMBER_STRING_FS     "00000000001A"
 100:Src/usbd_desc.c **** #define USBD_CONFIGURATION_STRING_FS     "MIDI Config"
 101:Src/usbd_desc.c **** #define USBD_INTERFACE_STRING_FS     "MIDI Interface"
 102:Src/usbd_desc.c **** 
 103:Src/usbd_desc.c **** /* USER CODE BEGIN PRIVATE_DEFINES */
 104:Src/usbd_desc.c **** 
 105:Src/usbd_desc.c **** /* USER CODE END PRIVATE_DEFINES */
 106:Src/usbd_desc.c **** 
 107:Src/usbd_desc.c **** /**
 108:Src/usbd_desc.c ****   * @}
 109:Src/usbd_desc.c ****   */
 110:Src/usbd_desc.c **** 
 111:Src/usbd_desc.c **** /* USER CODE BEGIN 0 */
 112:Src/usbd_desc.c **** 
 113:Src/usbd_desc.c **** /* USER CODE END 0 */
 114:Src/usbd_desc.c **** 
 115:Src/usbd_desc.c **** /** @defgroup USBD_DESC_Private_Macros USBD_DESC_Private_Macros
 116:Src/usbd_desc.c ****   * @brief Private macros.
 117:Src/usbd_desc.c ****   * @{
 118:Src/usbd_desc.c ****   */
 119:Src/usbd_desc.c **** 
 120:Src/usbd_desc.c **** /* USER CODE BEGIN PRIVATE_MACRO */
 121:Src/usbd_desc.c **** 
 122:Src/usbd_desc.c **** /* USER CODE END PRIVATE_MACRO */
 123:Src/usbd_desc.c **** 
 124:Src/usbd_desc.c **** /**
 125:Src/usbd_desc.c ****   * @}
 126:Src/usbd_desc.c ****   */
 127:Src/usbd_desc.c **** 
 128:Src/usbd_desc.c **** /** @defgroup USBD_DESC_Private_FunctionPrototypes USBD_DESC_Private_FunctionPrototypes
 129:Src/usbd_desc.c ****   * @brief Private functions declaration.
 130:Src/usbd_desc.c ****   * @{
 131:Src/usbd_desc.c ****   */
 132:Src/usbd_desc.c **** 
 133:Src/usbd_desc.c **** uint8_t * USBD_FS_DeviceDescriptor(USBD_SpeedTypeDef speed, uint16_t *length);
 134:Src/usbd_desc.c **** uint8_t * USBD_FS_LangIDStrDescriptor(USBD_SpeedTypeDef speed, uint16_t *length);
 135:Src/usbd_desc.c **** uint8_t * USBD_FS_ManufacturerStrDescriptor(USBD_SpeedTypeDef speed, uint16_t *length);
 136:Src/usbd_desc.c **** uint8_t * USBD_FS_ProductStrDescriptor(USBD_SpeedTypeDef speed, uint16_t *length);
 137:Src/usbd_desc.c **** uint8_t * USBD_FS_SerialStrDescriptor(USBD_SpeedTypeDef speed, uint16_t *length);
 138:Src/usbd_desc.c **** uint8_t * USBD_FS_ConfigStrDescriptor(USBD_SpeedTypeDef speed, uint16_t *length);
 139:Src/usbd_desc.c **** uint8_t * USBD_FS_InterfaceStrDescriptor(USBD_SpeedTypeDef speed, uint16_t *length);
 140:Src/usbd_desc.c **** 
 141:Src/usbd_desc.c **** #ifdef USB_SUPPORT_USER_STRING_DESC
 142:Src/usbd_desc.c **** uint8_t * USBD_FS_USRStringDesc(USBD_SpeedTypeDef speed, uint8_t idx, uint16_t *length);
 143:Src/usbd_desc.c **** #endif /* USB_SUPPORT_USER_STRING_DESC */
ARM GAS  /var/folders/80/65lm4rm97rv_n74c85vt01040000gn/T//ccb3SGhM.s 			page 4


 144:Src/usbd_desc.c **** 
 145:Src/usbd_desc.c **** /**
 146:Src/usbd_desc.c ****   * @}
 147:Src/usbd_desc.c ****   */
 148:Src/usbd_desc.c **** 
 149:Src/usbd_desc.c **** /** @defgroup USBD_DESC_Private_Variables USBD_DESC_Private_Variables
 150:Src/usbd_desc.c ****   * @brief Private variables.
 151:Src/usbd_desc.c ****   * @{
 152:Src/usbd_desc.c ****   */
 153:Src/usbd_desc.c **** 
 154:Src/usbd_desc.c **** USBD_DescriptorsTypeDef FS_Desc =
 155:Src/usbd_desc.c **** {
 156:Src/usbd_desc.c ****   USBD_FS_DeviceDescriptor
 157:Src/usbd_desc.c **** , USBD_FS_LangIDStrDescriptor
 158:Src/usbd_desc.c **** , USBD_FS_ManufacturerStrDescriptor
 159:Src/usbd_desc.c **** , USBD_FS_ProductStrDescriptor
 160:Src/usbd_desc.c **** , USBD_FS_SerialStrDescriptor
 161:Src/usbd_desc.c **** , USBD_FS_ConfigStrDescriptor
 162:Src/usbd_desc.c **** , USBD_FS_InterfaceStrDescriptor
 163:Src/usbd_desc.c **** };
 164:Src/usbd_desc.c **** 
 165:Src/usbd_desc.c **** #if defined ( __ICCARM__ ) /* IAR Compiler */
 166:Src/usbd_desc.c ****   #pragma data_alignment=4
 167:Src/usbd_desc.c **** #endif /* defined ( __ICCARM__ ) */
 168:Src/usbd_desc.c **** /** USB standard device descriptor. */
 169:Src/usbd_desc.c **** __ALIGN_BEGIN uint8_t USBD_FS_DeviceDesc[USB_LEN_DEV_DESC] __ALIGN_END =
 170:Src/usbd_desc.c **** {
 171:Src/usbd_desc.c ****   0x12,                       /*bLength */
 172:Src/usbd_desc.c ****   USB_DESC_TYPE_DEVICE,       /*bDescriptorType*/
 173:Src/usbd_desc.c ****   0x00,                       /*bcdUSB */
 174:Src/usbd_desc.c ****   0x02,
 175:Src/usbd_desc.c ****   0x02,                       /*bDeviceClass*/
 176:Src/usbd_desc.c ****   0x02,                       /*bDeviceSubClass*/
 177:Src/usbd_desc.c ****   0x00,                       /*bDeviceProtocol*/
 178:Src/usbd_desc.c ****   USB_MAX_EP0_SIZE,           /*bMaxPacketSize*/
 179:Src/usbd_desc.c ****   LOBYTE(USBD_VID),           /*idVendor*/
 180:Src/usbd_desc.c ****   HIBYTE(USBD_VID),           /*idVendor*/
 181:Src/usbd_desc.c ****   LOBYTE(USBD_PID_FS),        /*idProduct*/
 182:Src/usbd_desc.c ****   HIBYTE(USBD_PID_FS),        /*idProduct*/
 183:Src/usbd_desc.c ****   0x00,                       /*bcdDevice rel. 2.00*/
 184:Src/usbd_desc.c ****   0x02,
 185:Src/usbd_desc.c ****   USBD_IDX_MFC_STR,           /*Index of manufacturer  string*/
 186:Src/usbd_desc.c ****   USBD_IDX_PRODUCT_STR,       /*Index of product string*/
 187:Src/usbd_desc.c ****   USBD_IDX_SERIAL_STR,        /*Index of serial number string*/
 188:Src/usbd_desc.c ****   USBD_MAX_NUM_CONFIGURATION  /*bNumConfigurations*/
 189:Src/usbd_desc.c **** };
 190:Src/usbd_desc.c **** 
 191:Src/usbd_desc.c **** /* USB_DeviceDescriptor */
 192:Src/usbd_desc.c **** 
 193:Src/usbd_desc.c **** /**
 194:Src/usbd_desc.c ****   * @}
 195:Src/usbd_desc.c ****   */
 196:Src/usbd_desc.c **** 
 197:Src/usbd_desc.c **** /** @defgroup USBD_DESC_Private_Variables USBD_DESC_Private_Variables
 198:Src/usbd_desc.c ****   * @brief Private variables.
 199:Src/usbd_desc.c ****   * @{
 200:Src/usbd_desc.c ****   */
ARM GAS  /var/folders/80/65lm4rm97rv_n74c85vt01040000gn/T//ccb3SGhM.s 			page 5


 201:Src/usbd_desc.c **** 
 202:Src/usbd_desc.c **** #if defined ( __ICCARM__ ) /* IAR Compiler */
 203:Src/usbd_desc.c ****   #pragma data_alignment=4
 204:Src/usbd_desc.c **** #endif /* defined ( __ICCARM__ ) */
 205:Src/usbd_desc.c **** 
 206:Src/usbd_desc.c **** /** USB lang indentifier descriptor. */
 207:Src/usbd_desc.c **** __ALIGN_BEGIN uint8_t USBD_LangIDDesc[USB_LEN_LANGID_STR_DESC] __ALIGN_END =
 208:Src/usbd_desc.c **** {
 209:Src/usbd_desc.c ****      USB_LEN_LANGID_STR_DESC,
 210:Src/usbd_desc.c ****      USB_DESC_TYPE_STRING,
 211:Src/usbd_desc.c ****      LOBYTE(USBD_LANGID_STRING),
 212:Src/usbd_desc.c ****      HIBYTE(USBD_LANGID_STRING)
 213:Src/usbd_desc.c **** };
 214:Src/usbd_desc.c **** 
 215:Src/usbd_desc.c **** #if defined ( __ICCARM__ ) /* IAR Compiler */
 216:Src/usbd_desc.c ****   #pragma data_alignment=4
 217:Src/usbd_desc.c **** #endif /* defined ( __ICCARM__ ) */
 218:Src/usbd_desc.c **** /* Internal string descriptor. */
 219:Src/usbd_desc.c **** __ALIGN_BEGIN uint8_t USBD_StrDesc[USBD_MAX_STR_DESC_SIZ] __ALIGN_END;
 220:Src/usbd_desc.c **** 
 221:Src/usbd_desc.c **** /**
 222:Src/usbd_desc.c ****   * @}
 223:Src/usbd_desc.c ****   */
 224:Src/usbd_desc.c **** 
 225:Src/usbd_desc.c **** /** @defgroup USBD_DESC_Private_Functions USBD_DESC_Private_Functions
 226:Src/usbd_desc.c ****   * @brief Private functions.
 227:Src/usbd_desc.c ****   * @{
 228:Src/usbd_desc.c ****   */
 229:Src/usbd_desc.c **** 
 230:Src/usbd_desc.c **** /**
 231:Src/usbd_desc.c ****   * @brief  Return the device descriptor
 232:Src/usbd_desc.c ****   * @param  speed : Current device speed
 233:Src/usbd_desc.c ****   * @param  length : Pointer to data length variable
 234:Src/usbd_desc.c ****   * @retval Pointer to descriptor buffer
 235:Src/usbd_desc.c ****   */
 236:Src/usbd_desc.c **** uint8_t * USBD_FS_DeviceDescriptor(USBD_SpeedTypeDef speed, uint16_t *length)
 237:Src/usbd_desc.c **** {
  30              		.loc 1 237 1 view -0
  31              		.cfi_startproc
  32              		@ args = 0, pretend = 0, frame = 0
  33              		@ frame_needed = 0, uses_anonymous_args = 0
  34              		@ link register save eliminated.
 238:Src/usbd_desc.c ****   *length = sizeof(USBD_FS_DeviceDesc);
  35              		.loc 1 238 3 view .LVU1
  36              		.loc 1 238 11 is_stmt 0 view .LVU2
  37 0000 1223     		movs	r3, #18
  38 0002 0B80     		strh	r3, [r1]	@ movhi
 239:Src/usbd_desc.c ****   return USBD_FS_DeviceDesc;
  39              		.loc 1 239 3 is_stmt 1 view .LVU3
 240:Src/usbd_desc.c **** }
  40              		.loc 1 240 1 is_stmt 0 view .LVU4
  41 0004 0048     		ldr	r0, .L2
  42              	.LVL1:
  43              		.loc 1 240 1 view .LVU5
  44 0006 7047     		bx	lr
  45              	.L3:
  46              		.align	2
ARM GAS  /var/folders/80/65lm4rm97rv_n74c85vt01040000gn/T//ccb3SGhM.s 			page 6


  47              	.L2:
  48 0008 00000000 		.word	.LANCHOR0
  49              		.cfi_endproc
  50              	.LFE126:
  52              		.section	.text.USBD_FS_LangIDStrDescriptor,"ax",%progbits
  53              		.align	1
  54              		.global	USBD_FS_LangIDStrDescriptor
  55              		.syntax unified
  56              		.thumb
  57              		.thumb_func
  58              		.fpu fpv4-sp-d16
  60              	USBD_FS_LangIDStrDescriptor:
  61              	.LVL2:
  62              	.LFB127:
 241:Src/usbd_desc.c **** 
 242:Src/usbd_desc.c **** /**
 243:Src/usbd_desc.c ****   * @brief  Return the LangID string descriptor
 244:Src/usbd_desc.c ****   * @param  speed : Current device speed
 245:Src/usbd_desc.c ****   * @param  length : Pointer to data length variable
 246:Src/usbd_desc.c ****   * @retval Pointer to descriptor buffer
 247:Src/usbd_desc.c ****   */
 248:Src/usbd_desc.c **** uint8_t * USBD_FS_LangIDStrDescriptor(USBD_SpeedTypeDef speed, uint16_t *length)
 249:Src/usbd_desc.c **** {
  63              		.loc 1 249 1 is_stmt 1 view -0
  64              		.cfi_startproc
  65              		@ args = 0, pretend = 0, frame = 0
  66              		@ frame_needed = 0, uses_anonymous_args = 0
  67              		@ link register save eliminated.
 250:Src/usbd_desc.c ****   *length = sizeof(USBD_LangIDDesc);
  68              		.loc 1 250 3 view .LVU7
  69              		.loc 1 250 11 is_stmt 0 view .LVU8
  70 0000 0423     		movs	r3, #4
  71 0002 0B80     		strh	r3, [r1]	@ movhi
 251:Src/usbd_desc.c ****   return USBD_LangIDDesc;
  72              		.loc 1 251 3 is_stmt 1 view .LVU9
 252:Src/usbd_desc.c **** }
  73              		.loc 1 252 1 is_stmt 0 view .LVU10
  74 0004 0048     		ldr	r0, .L5
  75              	.LVL3:
  76              		.loc 1 252 1 view .LVU11
  77 0006 7047     		bx	lr
  78              	.L6:
  79              		.align	2
  80              	.L5:
  81 0008 00000000 		.word	.LANCHOR1
  82              		.cfi_endproc
  83              	.LFE127:
  85              		.section	.rodata.USBD_FS_ProductStrDescriptor.str1.4,"aMS",%progbits,1
  86              		.align	2
  87              	.LC0:
  88 0000 42697466 		.ascii	"Bitfox USBMIDI\000"
  88      6F782055 
  88      53424D49 
  88      444900
  89              		.section	.text.USBD_FS_ProductStrDescriptor,"ax",%progbits
  90              		.align	1
  91              		.global	USBD_FS_ProductStrDescriptor
ARM GAS  /var/folders/80/65lm4rm97rv_n74c85vt01040000gn/T//ccb3SGhM.s 			page 7


  92              		.syntax unified
  93              		.thumb
  94              		.thumb_func
  95              		.fpu fpv4-sp-d16
  97              	USBD_FS_ProductStrDescriptor:
  98              	.LVL4:
  99              	.LFB128:
 253:Src/usbd_desc.c **** 
 254:Src/usbd_desc.c **** /**
 255:Src/usbd_desc.c ****   * @brief  Return the product string descriptor
 256:Src/usbd_desc.c ****   * @param  speed : Current device speed
 257:Src/usbd_desc.c ****   * @param  length : Pointer to data length variable
 258:Src/usbd_desc.c ****   * @retval Pointer to descriptor buffer
 259:Src/usbd_desc.c ****   */
 260:Src/usbd_desc.c **** uint8_t * USBD_FS_ProductStrDescriptor(USBD_SpeedTypeDef speed, uint16_t *length)
 261:Src/usbd_desc.c **** {
 100              		.loc 1 261 1 is_stmt 1 view -0
 101              		.cfi_startproc
 102              		@ args = 0, pretend = 0, frame = 0
 103              		@ frame_needed = 0, uses_anonymous_args = 0
 104              		.loc 1 261 1 is_stmt 0 view .LVU13
 105 0000 08B5     		push	{r3, lr}
 106              	.LCFI0:
 107              		.cfi_def_cfa_offset 8
 108              		.cfi_offset 3, -8
 109              		.cfi_offset 14, -4
 110 0002 0A46     		mov	r2, r1
 262:Src/usbd_desc.c ****   if(speed == 0)
 111              		.loc 1 262 3 is_stmt 1 view .LVU14
 112              		.loc 1 262 5 is_stmt 0 view .LVU15
 113 0004 28B9     		cbnz	r0, .L8
 263:Src/usbd_desc.c ****   {
 264:Src/usbd_desc.c ****     USBD_GetString((uint8_t *)USBD_PRODUCT_STRING_FS, USBD_StrDesc, length);
 114              		.loc 1 264 5 is_stmt 1 view .LVU16
 115 0006 0549     		ldr	r1, .L11
 116              	.LVL5:
 117              		.loc 1 264 5 is_stmt 0 view .LVU17
 118 0008 0548     		ldr	r0, .L11+4
 119              	.LVL6:
 120              		.loc 1 264 5 view .LVU18
 121 000a FFF7FEFF 		bl	USBD_GetString
 122              	.LVL7:
 123              	.L9:
 265:Src/usbd_desc.c ****   }
 266:Src/usbd_desc.c ****   else
 267:Src/usbd_desc.c ****   {
 268:Src/usbd_desc.c ****     USBD_GetString((uint8_t *)USBD_PRODUCT_STRING_FS, USBD_StrDesc, length);
 269:Src/usbd_desc.c ****   }
 270:Src/usbd_desc.c ****   return USBD_StrDesc;
 124              		.loc 1 270 3 is_stmt 1 view .LVU19
 271:Src/usbd_desc.c **** }
 125              		.loc 1 271 1 is_stmt 0 view .LVU20
 126 000e 0348     		ldr	r0, .L11
 127 0010 08BD     		pop	{r3, pc}
 128              	.LVL8:
 129              	.L8:
 268:Src/usbd_desc.c ****   }
ARM GAS  /var/folders/80/65lm4rm97rv_n74c85vt01040000gn/T//ccb3SGhM.s 			page 8


 130              		.loc 1 268 5 is_stmt 1 view .LVU21
 131 0012 0249     		ldr	r1, .L11
 132              	.LVL9:
 268:Src/usbd_desc.c ****   }
 133              		.loc 1 268 5 is_stmt 0 view .LVU22
 134 0014 0248     		ldr	r0, .L11+4
 135              	.LVL10:
 268:Src/usbd_desc.c ****   }
 136              		.loc 1 268 5 view .LVU23
 137 0016 FFF7FEFF 		bl	USBD_GetString
 138              	.LVL11:
 268:Src/usbd_desc.c ****   }
 139              		.loc 1 268 5 view .LVU24
 140 001a F8E7     		b	.L9
 141              	.L12:
 142              		.align	2
 143              	.L11:
 144 001c 00000000 		.word	.LANCHOR2
 145 0020 00000000 		.word	.LC0
 146              		.cfi_endproc
 147              	.LFE128:
 149              		.section	.rodata.USBD_FS_ManufacturerStrDescriptor.str1.4,"aMS",%progbits,1
 150              		.align	2
 151              	.LC1:
 152 0000 42697466 		.ascii	"Bitfox\000"
 152      6F7800
 153              		.section	.text.USBD_FS_ManufacturerStrDescriptor,"ax",%progbits
 154              		.align	1
 155              		.global	USBD_FS_ManufacturerStrDescriptor
 156              		.syntax unified
 157              		.thumb
 158              		.thumb_func
 159              		.fpu fpv4-sp-d16
 161              	USBD_FS_ManufacturerStrDescriptor:
 162              	.LVL12:
 163              	.LFB129:
 272:Src/usbd_desc.c **** 
 273:Src/usbd_desc.c **** /**
 274:Src/usbd_desc.c ****   * @brief  Return the manufacturer string descriptor
 275:Src/usbd_desc.c ****   * @param  speed : Current device speed
 276:Src/usbd_desc.c ****   * @param  length : Pointer to data length variable
 277:Src/usbd_desc.c ****   * @retval Pointer to descriptor buffer
 278:Src/usbd_desc.c ****   */
 279:Src/usbd_desc.c **** uint8_t * USBD_FS_ManufacturerStrDescriptor(USBD_SpeedTypeDef speed, uint16_t *length)
 280:Src/usbd_desc.c **** {
 164              		.loc 1 280 1 is_stmt 1 view -0
 165              		.cfi_startproc
 166              		@ args = 0, pretend = 0, frame = 0
 167              		@ frame_needed = 0, uses_anonymous_args = 0
 168              		.loc 1 280 1 is_stmt 0 view .LVU26
 169 0000 10B5     		push	{r4, lr}
 170              	.LCFI1:
 171              		.cfi_def_cfa_offset 8
 172              		.cfi_offset 4, -8
 173              		.cfi_offset 14, -4
 174 0002 0A46     		mov	r2, r1
 281:Src/usbd_desc.c ****   USBD_GetString((uint8_t *)USBD_MANUFACTURER_STRING, USBD_StrDesc, length);
ARM GAS  /var/folders/80/65lm4rm97rv_n74c85vt01040000gn/T//ccb3SGhM.s 			page 9


 175              		.loc 1 281 3 is_stmt 1 view .LVU27
 176 0004 034C     		ldr	r4, .L15
 177 0006 2146     		mov	r1, r4
 178              	.LVL13:
 179              		.loc 1 281 3 is_stmt 0 view .LVU28
 180 0008 0348     		ldr	r0, .L15+4
 181              	.LVL14:
 182              		.loc 1 281 3 view .LVU29
 183 000a FFF7FEFF 		bl	USBD_GetString
 184              	.LVL15:
 282:Src/usbd_desc.c ****   return USBD_StrDesc;
 185              		.loc 1 282 3 is_stmt 1 view .LVU30
 283:Src/usbd_desc.c **** }
 186              		.loc 1 283 1 is_stmt 0 view .LVU31
 187 000e 2046     		mov	r0, r4
 188 0010 10BD     		pop	{r4, pc}
 189              	.L16:
 190 0012 00BF     		.align	2
 191              	.L15:
 192 0014 00000000 		.word	.LANCHOR2
 193 0018 00000000 		.word	.LC1
 194              		.cfi_endproc
 195              	.LFE129:
 197              		.section	.rodata.USBD_FS_SerialStrDescriptor.str1.4,"aMS",%progbits,1
 198              		.align	2
 199              	.LC2:
 200 0000 30303030 		.ascii	"00000000001A\000"
 200      30303030 
 200      30303141 
 200      00
 201              		.section	.text.USBD_FS_SerialStrDescriptor,"ax",%progbits
 202              		.align	1
 203              		.global	USBD_FS_SerialStrDescriptor
 204              		.syntax unified
 205              		.thumb
 206              		.thumb_func
 207              		.fpu fpv4-sp-d16
 209              	USBD_FS_SerialStrDescriptor:
 210              	.LVL16:
 211              	.LFB130:
 284:Src/usbd_desc.c **** 
 285:Src/usbd_desc.c **** /**
 286:Src/usbd_desc.c ****   * @brief  Return the serial number string descriptor
 287:Src/usbd_desc.c ****   * @param  speed : Current device speed
 288:Src/usbd_desc.c ****   * @param  length : Pointer to data length variable
 289:Src/usbd_desc.c ****   * @retval Pointer to descriptor buffer
 290:Src/usbd_desc.c ****   */
 291:Src/usbd_desc.c **** uint8_t * USBD_FS_SerialStrDescriptor(USBD_SpeedTypeDef speed, uint16_t *length)
 292:Src/usbd_desc.c **** {
 212              		.loc 1 292 1 is_stmt 1 view -0
 213              		.cfi_startproc
 214              		@ args = 0, pretend = 0, frame = 0
 215              		@ frame_needed = 0, uses_anonymous_args = 0
 216              		.loc 1 292 1 is_stmt 0 view .LVU33
 217 0000 08B5     		push	{r3, lr}
 218              	.LCFI2:
 219              		.cfi_def_cfa_offset 8
ARM GAS  /var/folders/80/65lm4rm97rv_n74c85vt01040000gn/T//ccb3SGhM.s 			page 10


 220              		.cfi_offset 3, -8
 221              		.cfi_offset 14, -4
 222 0002 0A46     		mov	r2, r1
 293:Src/usbd_desc.c ****   if(speed == USBD_SPEED_HIGH)
 223              		.loc 1 293 3 is_stmt 1 view .LVU34
 224              		.loc 1 293 5 is_stmt 0 view .LVU35
 225 0004 28B9     		cbnz	r0, .L18
 294:Src/usbd_desc.c ****   {
 295:Src/usbd_desc.c ****     USBD_GetString((uint8_t *)USBD_SERIALNUMBER_STRING_FS, USBD_StrDesc, length);
 226              		.loc 1 295 5 is_stmt 1 view .LVU36
 227 0006 0549     		ldr	r1, .L21
 228              	.LVL17:
 229              		.loc 1 295 5 is_stmt 0 view .LVU37
 230 0008 0548     		ldr	r0, .L21+4
 231              	.LVL18:
 232              		.loc 1 295 5 view .LVU38
 233 000a FFF7FEFF 		bl	USBD_GetString
 234              	.LVL19:
 235              	.L19:
 296:Src/usbd_desc.c ****   }
 297:Src/usbd_desc.c ****   else
 298:Src/usbd_desc.c ****   {
 299:Src/usbd_desc.c ****     USBD_GetString((uint8_t *)USBD_SERIALNUMBER_STRING_FS, USBD_StrDesc, length);
 300:Src/usbd_desc.c ****   }
 301:Src/usbd_desc.c ****   return USBD_StrDesc;
 236              		.loc 1 301 3 is_stmt 1 view .LVU39
 302:Src/usbd_desc.c **** }
 237              		.loc 1 302 1 is_stmt 0 view .LVU40
 238 000e 0348     		ldr	r0, .L21
 239 0010 08BD     		pop	{r3, pc}
 240              	.LVL20:
 241              	.L18:
 299:Src/usbd_desc.c ****   }
 242              		.loc 1 299 5 is_stmt 1 view .LVU41
 243 0012 0249     		ldr	r1, .L21
 244              	.LVL21:
 299:Src/usbd_desc.c ****   }
 245              		.loc 1 299 5 is_stmt 0 view .LVU42
 246 0014 0248     		ldr	r0, .L21+4
 247              	.LVL22:
 299:Src/usbd_desc.c ****   }
 248              		.loc 1 299 5 view .LVU43
 249 0016 FFF7FEFF 		bl	USBD_GetString
 250              	.LVL23:
 299:Src/usbd_desc.c ****   }
 251              		.loc 1 299 5 view .LVU44
 252 001a F8E7     		b	.L19
 253              	.L22:
 254              		.align	2
 255              	.L21:
 256 001c 00000000 		.word	.LANCHOR2
 257 0020 00000000 		.word	.LC2
 258              		.cfi_endproc
 259              	.LFE130:
 261              		.section	.rodata.USBD_FS_ConfigStrDescriptor.str1.4,"aMS",%progbits,1
 262              		.align	2
 263              	.LC3:
ARM GAS  /var/folders/80/65lm4rm97rv_n74c85vt01040000gn/T//ccb3SGhM.s 			page 11


 264 0000 4D494449 		.ascii	"MIDI Config\000"
 264      20436F6E 
 264      66696700 
 265              		.section	.text.USBD_FS_ConfigStrDescriptor,"ax",%progbits
 266              		.align	1
 267              		.global	USBD_FS_ConfigStrDescriptor
 268              		.syntax unified
 269              		.thumb
 270              		.thumb_func
 271              		.fpu fpv4-sp-d16
 273              	USBD_FS_ConfigStrDescriptor:
 274              	.LVL24:
 275              	.LFB131:
 303:Src/usbd_desc.c **** 
 304:Src/usbd_desc.c **** /**
 305:Src/usbd_desc.c ****   * @brief  Return the configuration string descriptor
 306:Src/usbd_desc.c ****   * @param  speed : Current device speed
 307:Src/usbd_desc.c ****   * @param  length : Pointer to data length variable
 308:Src/usbd_desc.c ****   * @retval Pointer to descriptor buffer
 309:Src/usbd_desc.c ****   */
 310:Src/usbd_desc.c **** uint8_t * USBD_FS_ConfigStrDescriptor(USBD_SpeedTypeDef speed, uint16_t *length)
 311:Src/usbd_desc.c **** {
 276              		.loc 1 311 1 is_stmt 1 view -0
 277              		.cfi_startproc
 278              		@ args = 0, pretend = 0, frame = 0
 279              		@ frame_needed = 0, uses_anonymous_args = 0
 280              		.loc 1 311 1 is_stmt 0 view .LVU46
 281 0000 08B5     		push	{r3, lr}
 282              	.LCFI3:
 283              		.cfi_def_cfa_offset 8
 284              		.cfi_offset 3, -8
 285              		.cfi_offset 14, -4
 286 0002 0A46     		mov	r2, r1
 312:Src/usbd_desc.c ****   if(speed == USBD_SPEED_HIGH)
 287              		.loc 1 312 3 is_stmt 1 view .LVU47
 288              		.loc 1 312 5 is_stmt 0 view .LVU48
 289 0004 28B9     		cbnz	r0, .L24
 313:Src/usbd_desc.c ****   {
 314:Src/usbd_desc.c ****     USBD_GetString((uint8_t *)USBD_CONFIGURATION_STRING_FS, USBD_StrDesc, length);
 290              		.loc 1 314 5 is_stmt 1 view .LVU49
 291 0006 0549     		ldr	r1, .L27
 292              	.LVL25:
 293              		.loc 1 314 5 is_stmt 0 view .LVU50
 294 0008 0548     		ldr	r0, .L27+4
 295              	.LVL26:
 296              		.loc 1 314 5 view .LVU51
 297 000a FFF7FEFF 		bl	USBD_GetString
 298              	.LVL27:
 299              	.L25:
 315:Src/usbd_desc.c ****   }
 316:Src/usbd_desc.c ****   else
 317:Src/usbd_desc.c ****   {
 318:Src/usbd_desc.c ****     USBD_GetString((uint8_t *)USBD_CONFIGURATION_STRING_FS, USBD_StrDesc, length);
 319:Src/usbd_desc.c ****   }
 320:Src/usbd_desc.c ****   return USBD_StrDesc;
 300              		.loc 1 320 3 is_stmt 1 view .LVU52
 321:Src/usbd_desc.c **** }
ARM GAS  /var/folders/80/65lm4rm97rv_n74c85vt01040000gn/T//ccb3SGhM.s 			page 12


 301              		.loc 1 321 1 is_stmt 0 view .LVU53
 302 000e 0348     		ldr	r0, .L27
 303 0010 08BD     		pop	{r3, pc}
 304              	.LVL28:
 305              	.L24:
 318:Src/usbd_desc.c ****   }
 306              		.loc 1 318 5 is_stmt 1 view .LVU54
 307 0012 0249     		ldr	r1, .L27
 308              	.LVL29:
 318:Src/usbd_desc.c ****   }
 309              		.loc 1 318 5 is_stmt 0 view .LVU55
 310 0014 0248     		ldr	r0, .L27+4
 311              	.LVL30:
 318:Src/usbd_desc.c ****   }
 312              		.loc 1 318 5 view .LVU56
 313 0016 FFF7FEFF 		bl	USBD_GetString
 314              	.LVL31:
 318:Src/usbd_desc.c ****   }
 315              		.loc 1 318 5 view .LVU57
 316 001a F8E7     		b	.L25
 317              	.L28:
 318              		.align	2
 319              	.L27:
 320 001c 00000000 		.word	.LANCHOR2
 321 0020 00000000 		.word	.LC3
 322              		.cfi_endproc
 323              	.LFE131:
 325              		.section	.rodata.USBD_FS_InterfaceStrDescriptor.str1.4,"aMS",%progbits,1
 326              		.align	2
 327              	.LC4:
 328 0000 4D494449 		.ascii	"MIDI Interface\000"
 328      20496E74 
 328      65726661 
 328      636500
 329              		.section	.text.USBD_FS_InterfaceStrDescriptor,"ax",%progbits
 330              		.align	1
 331              		.global	USBD_FS_InterfaceStrDescriptor
 332              		.syntax unified
 333              		.thumb
 334              		.thumb_func
 335              		.fpu fpv4-sp-d16
 337              	USBD_FS_InterfaceStrDescriptor:
 338              	.LVL32:
 339              	.LFB132:
 322:Src/usbd_desc.c **** 
 323:Src/usbd_desc.c **** /**
 324:Src/usbd_desc.c ****   * @brief  Return the interface string descriptor
 325:Src/usbd_desc.c ****   * @param  speed : Current device speed
 326:Src/usbd_desc.c ****   * @param  length : Pointer to data length variable
 327:Src/usbd_desc.c ****   * @retval Pointer to descriptor buffer
 328:Src/usbd_desc.c ****   */
 329:Src/usbd_desc.c **** uint8_t * USBD_FS_InterfaceStrDescriptor(USBD_SpeedTypeDef speed, uint16_t *length)
 330:Src/usbd_desc.c **** {
 340              		.loc 1 330 1 is_stmt 1 view -0
 341              		.cfi_startproc
 342              		@ args = 0, pretend = 0, frame = 0
 343              		@ frame_needed = 0, uses_anonymous_args = 0
ARM GAS  /var/folders/80/65lm4rm97rv_n74c85vt01040000gn/T//ccb3SGhM.s 			page 13


 344              		.loc 1 330 1 is_stmt 0 view .LVU59
 345 0000 08B5     		push	{r3, lr}
 346              	.LCFI4:
 347              		.cfi_def_cfa_offset 8
 348              		.cfi_offset 3, -8
 349              		.cfi_offset 14, -4
 350 0002 0A46     		mov	r2, r1
 331:Src/usbd_desc.c ****   if(speed == 0)
 351              		.loc 1 331 3 is_stmt 1 view .LVU60
 352              		.loc 1 331 5 is_stmt 0 view .LVU61
 353 0004 28B9     		cbnz	r0, .L30
 332:Src/usbd_desc.c ****   {
 333:Src/usbd_desc.c ****     USBD_GetString((uint8_t *)USBD_INTERFACE_STRING_FS, USBD_StrDesc, length);
 354              		.loc 1 333 5 is_stmt 1 view .LVU62
 355 0006 0549     		ldr	r1, .L33
 356              	.LVL33:
 357              		.loc 1 333 5 is_stmt 0 view .LVU63
 358 0008 0548     		ldr	r0, .L33+4
 359              	.LVL34:
 360              		.loc 1 333 5 view .LVU64
 361 000a FFF7FEFF 		bl	USBD_GetString
 362              	.LVL35:
 363              	.L31:
 334:Src/usbd_desc.c ****   }
 335:Src/usbd_desc.c ****   else
 336:Src/usbd_desc.c ****   {
 337:Src/usbd_desc.c ****     USBD_GetString((uint8_t *)USBD_INTERFACE_STRING_FS, USBD_StrDesc, length);
 338:Src/usbd_desc.c ****   }
 339:Src/usbd_desc.c ****   return USBD_StrDesc;
 364              		.loc 1 339 3 is_stmt 1 view .LVU65
 340:Src/usbd_desc.c **** }
 365              		.loc 1 340 1 is_stmt 0 view .LVU66
 366 000e 0348     		ldr	r0, .L33
 367 0010 08BD     		pop	{r3, pc}
 368              	.LVL36:
 369              	.L30:
 337:Src/usbd_desc.c ****   }
 370              		.loc 1 337 5 is_stmt 1 view .LVU67
 371 0012 0249     		ldr	r1, .L33
 372              	.LVL37:
 337:Src/usbd_desc.c ****   }
 373              		.loc 1 337 5 is_stmt 0 view .LVU68
 374 0014 0248     		ldr	r0, .L33+4
 375              	.LVL38:
 337:Src/usbd_desc.c ****   }
 376              		.loc 1 337 5 view .LVU69
 377 0016 FFF7FEFF 		bl	USBD_GetString
 378              	.LVL39:
 337:Src/usbd_desc.c ****   }
 379              		.loc 1 337 5 view .LVU70
 380 001a F8E7     		b	.L31
 381              	.L34:
 382              		.align	2
 383              	.L33:
 384 001c 00000000 		.word	.LANCHOR2
 385 0020 00000000 		.word	.LC4
 386              		.cfi_endproc
ARM GAS  /var/folders/80/65lm4rm97rv_n74c85vt01040000gn/T//ccb3SGhM.s 			page 14


 387              	.LFE132:
 389              		.global	USBD_StrDesc
 390              		.global	USBD_LangIDDesc
 391              		.global	USBD_FS_DeviceDesc
 392              		.global	FS_Desc
 393              		.section	.bss.USBD_StrDesc,"aw",%nobits
 394              		.align	2
 395              		.set	.LANCHOR2,. + 0
 398              	USBD_StrDesc:
 399 0000 00000000 		.space	512
 399      00000000 
 399      00000000 
 399      00000000 
 399      00000000 
 400              		.section	.data.FS_Desc,"aw"
 401              		.align	2
 404              	FS_Desc:
 405 0000 00000000 		.word	USBD_FS_DeviceDescriptor
 406 0004 00000000 		.word	USBD_FS_LangIDStrDescriptor
 407 0008 00000000 		.word	USBD_FS_ManufacturerStrDescriptor
 408 000c 00000000 		.word	USBD_FS_ProductStrDescriptor
 409 0010 00000000 		.word	USBD_FS_SerialStrDescriptor
 410 0014 00000000 		.word	USBD_FS_ConfigStrDescriptor
 411 0018 00000000 		.word	USBD_FS_InterfaceStrDescriptor
 412              		.section	.data.USBD_FS_DeviceDesc,"aw"
 413              		.align	2
 414              		.set	.LANCHOR0,. + 0
 417              	USBD_FS_DeviceDesc:
 418 0000 12010002 		.ascii	"\022\001\000\002\002\002\000@\322\00490\000\002\001"
 418      02020040 
 418      D2043930 
 418      000201
 419 000f 020301   		.ascii	"\002\003\001"
 420              		.section	.data.USBD_LangIDDesc,"aw"
 421              		.align	2
 422              		.set	.LANCHOR1,. + 0
 425              	USBD_LangIDDesc:
 426 0000 04030904 		.ascii	"\004\003\011\004"
 427              		.text
 428              	.Letext0:
 429              		.file 2 "/usr/local/Caskroom/gcc-arm-embedded/10-2020-q4-major/gcc-arm-none-eabi-10-2020-q4-major/
 430              		.file 3 "/usr/local/Caskroom/gcc-arm-embedded/10-2020-q4-major/gcc-arm-none-eabi-10-2020-q4-major/
 431              		.file 4 "Middlewares/ST/STM32_USB_Device_Library/Core/Inc/usbd_def.h"
 432              		.file 5 "Inc/usbd_desc.h"
 433              		.file 6 "Middlewares/ST/STM32_USB_Device_Library/Core/Inc/usbd_ctlreq.h"
ARM GAS  /var/folders/80/65lm4rm97rv_n74c85vt01040000gn/T//ccb3SGhM.s 			page 15


DEFINED SYMBOLS
                            *ABS*:0000000000000000 usbd_desc.c
/var/folders/80/65lm4rm97rv_n74c85vt01040000gn/T//ccb3SGhM.s:18     .text.USBD_FS_DeviceDescriptor:0000000000000000 $t
/var/folders/80/65lm4rm97rv_n74c85vt01040000gn/T//ccb3SGhM.s:26     .text.USBD_FS_DeviceDescriptor:0000000000000000 USBD_FS_DeviceDescriptor
/var/folders/80/65lm4rm97rv_n74c85vt01040000gn/T//ccb3SGhM.s:48     .text.USBD_FS_DeviceDescriptor:0000000000000008 $d
/var/folders/80/65lm4rm97rv_n74c85vt01040000gn/T//ccb3SGhM.s:53     .text.USBD_FS_LangIDStrDescriptor:0000000000000000 $t
/var/folders/80/65lm4rm97rv_n74c85vt01040000gn/T//ccb3SGhM.s:60     .text.USBD_FS_LangIDStrDescriptor:0000000000000000 USBD_FS_LangIDStrDescriptor
/var/folders/80/65lm4rm97rv_n74c85vt01040000gn/T//ccb3SGhM.s:81     .text.USBD_FS_LangIDStrDescriptor:0000000000000008 $d
/var/folders/80/65lm4rm97rv_n74c85vt01040000gn/T//ccb3SGhM.s:86     .rodata.USBD_FS_ProductStrDescriptor.str1.4:0000000000000000 $d
/var/folders/80/65lm4rm97rv_n74c85vt01040000gn/T//ccb3SGhM.s:90     .text.USBD_FS_ProductStrDescriptor:0000000000000000 $t
/var/folders/80/65lm4rm97rv_n74c85vt01040000gn/T//ccb3SGhM.s:97     .text.USBD_FS_ProductStrDescriptor:0000000000000000 USBD_FS_ProductStrDescriptor
/var/folders/80/65lm4rm97rv_n74c85vt01040000gn/T//ccb3SGhM.s:144    .text.USBD_FS_ProductStrDescriptor:000000000000001c $d
/var/folders/80/65lm4rm97rv_n74c85vt01040000gn/T//ccb3SGhM.s:150    .rodata.USBD_FS_ManufacturerStrDescriptor.str1.4:0000000000000000 $d
/var/folders/80/65lm4rm97rv_n74c85vt01040000gn/T//ccb3SGhM.s:154    .text.USBD_FS_ManufacturerStrDescriptor:0000000000000000 $t
/var/folders/80/65lm4rm97rv_n74c85vt01040000gn/T//ccb3SGhM.s:161    .text.USBD_FS_ManufacturerStrDescriptor:0000000000000000 USBD_FS_ManufacturerStrDescriptor
/var/folders/80/65lm4rm97rv_n74c85vt01040000gn/T//ccb3SGhM.s:192    .text.USBD_FS_ManufacturerStrDescriptor:0000000000000014 $d
/var/folders/80/65lm4rm97rv_n74c85vt01040000gn/T//ccb3SGhM.s:198    .rodata.USBD_FS_SerialStrDescriptor.str1.4:0000000000000000 $d
/var/folders/80/65lm4rm97rv_n74c85vt01040000gn/T//ccb3SGhM.s:202    .text.USBD_FS_SerialStrDescriptor:0000000000000000 $t
/var/folders/80/65lm4rm97rv_n74c85vt01040000gn/T//ccb3SGhM.s:209    .text.USBD_FS_SerialStrDescriptor:0000000000000000 USBD_FS_SerialStrDescriptor
/var/folders/80/65lm4rm97rv_n74c85vt01040000gn/T//ccb3SGhM.s:256    .text.USBD_FS_SerialStrDescriptor:000000000000001c $d
/var/folders/80/65lm4rm97rv_n74c85vt01040000gn/T//ccb3SGhM.s:262    .rodata.USBD_FS_ConfigStrDescriptor.str1.4:0000000000000000 $d
/var/folders/80/65lm4rm97rv_n74c85vt01040000gn/T//ccb3SGhM.s:266    .text.USBD_FS_ConfigStrDescriptor:0000000000000000 $t
/var/folders/80/65lm4rm97rv_n74c85vt01040000gn/T//ccb3SGhM.s:273    .text.USBD_FS_ConfigStrDescriptor:0000000000000000 USBD_FS_ConfigStrDescriptor
/var/folders/80/65lm4rm97rv_n74c85vt01040000gn/T//ccb3SGhM.s:320    .text.USBD_FS_ConfigStrDescriptor:000000000000001c $d
/var/folders/80/65lm4rm97rv_n74c85vt01040000gn/T//ccb3SGhM.s:326    .rodata.USBD_FS_InterfaceStrDescriptor.str1.4:0000000000000000 $d
/var/folders/80/65lm4rm97rv_n74c85vt01040000gn/T//ccb3SGhM.s:330    .text.USBD_FS_InterfaceStrDescriptor:0000000000000000 $t
/var/folders/80/65lm4rm97rv_n74c85vt01040000gn/T//ccb3SGhM.s:337    .text.USBD_FS_InterfaceStrDescriptor:0000000000000000 USBD_FS_InterfaceStrDescriptor
/var/folders/80/65lm4rm97rv_n74c85vt01040000gn/T//ccb3SGhM.s:384    .text.USBD_FS_InterfaceStrDescriptor:000000000000001c $d
/var/folders/80/65lm4rm97rv_n74c85vt01040000gn/T//ccb3SGhM.s:398    .bss.USBD_StrDesc:0000000000000000 USBD_StrDesc
/var/folders/80/65lm4rm97rv_n74c85vt01040000gn/T//ccb3SGhM.s:425    .data.USBD_LangIDDesc:0000000000000000 USBD_LangIDDesc
/var/folders/80/65lm4rm97rv_n74c85vt01040000gn/T//ccb3SGhM.s:417    .data.USBD_FS_DeviceDesc:0000000000000000 USBD_FS_DeviceDesc
/var/folders/80/65lm4rm97rv_n74c85vt01040000gn/T//ccb3SGhM.s:404    .data.FS_Desc:0000000000000000 FS_Desc
/var/folders/80/65lm4rm97rv_n74c85vt01040000gn/T//ccb3SGhM.s:394    .bss.USBD_StrDesc:0000000000000000 $d
/var/folders/80/65lm4rm97rv_n74c85vt01040000gn/T//ccb3SGhM.s:401    .data.FS_Desc:0000000000000000 $d
/var/folders/80/65lm4rm97rv_n74c85vt01040000gn/T//ccb3SGhM.s:413    .data.USBD_FS_DeviceDesc:0000000000000000 $d
/var/folders/80/65lm4rm97rv_n74c85vt01040000gn/T//ccb3SGhM.s:421    .data.USBD_LangIDDesc:0000000000000000 $d

UNDEFINED SYMBOLS
USBD_GetString
