ARM GAS  /var/folders/k_/r2bh2pj93_jff4n9gmtn9jvr0000gn/T//cc3CPplG.s 			page 1


   1              		.cpu cortex-m4
   2              		.eabi_attribute 27, 1
   3              		.eabi_attribute 28, 1
   4              		.eabi_attribute 20, 1
   5              		.eabi_attribute 21, 1
   6              		.eabi_attribute 23, 3
   7              		.eabi_attribute 24, 1
   8              		.eabi_attribute 25, 1
   9              		.eabi_attribute 26, 1
  10              		.eabi_attribute 30, 1
  11              		.eabi_attribute 34, 1
  12              		.eabi_attribute 18, 4
  13              		.file	"stm32f3xx_hal_msp.c"
  14              		.text
  15              	.Ltext0:
  16              		.cfi_sections	.debug_frame
  17              		.section	.text.HAL_MspInit,"ax",%progbits
  18              		.align	1
  19              		.global	HAL_MspInit
  20              		.syntax unified
  21              		.thumb
  22              		.thumb_func
  23              		.fpu fpv4-sp-d16
  25              	HAL_MspInit:
  26              	.LFB126:
  27              		.file 1 "stm32f3xx_hal_msp.c"
   1:stm32f3xx_hal_msp.c **** /* USER CODE BEGIN Header */
   2:stm32f3xx_hal_msp.c **** /**
   3:stm32f3xx_hal_msp.c ****   ******************************************************************************
   4:stm32f3xx_hal_msp.c ****   * File Name          : stm32f3xx_hal_msp.c
   5:stm32f3xx_hal_msp.c ****   * Description        : This file provides code for the MSP Initialization 
   6:stm32f3xx_hal_msp.c ****   *                      and de-Initialization codes.
   7:stm32f3xx_hal_msp.c ****   ******************************************************************************
   8:stm32f3xx_hal_msp.c ****   * This notice applies to any and all portions of this file
   9:stm32f3xx_hal_msp.c ****   * that are not between comment pairs USER CODE BEGIN and
  10:stm32f3xx_hal_msp.c ****   * USER CODE END. Other portions of this file, whether 
  11:stm32f3xx_hal_msp.c ****   * inserted by the user or by software development tools
  12:stm32f3xx_hal_msp.c ****   * are owned by their respective copyright owners.
  13:stm32f3xx_hal_msp.c ****   *
  14:stm32f3xx_hal_msp.c ****   * Copyright (c) 2020 STMicroelectronics International N.V. 
  15:stm32f3xx_hal_msp.c ****   * All rights reserved.
  16:stm32f3xx_hal_msp.c ****   *
  17:stm32f3xx_hal_msp.c ****   * Redistribution and use in source and binary forms, with or without 
  18:stm32f3xx_hal_msp.c ****   * modification, are permitted, provided that the following conditions are met:
  19:stm32f3xx_hal_msp.c ****   *
  20:stm32f3xx_hal_msp.c ****   * 1. Redistribution of source code must retain the above copyright notice, 
  21:stm32f3xx_hal_msp.c ****   *    this list of conditions and the following disclaimer.
  22:stm32f3xx_hal_msp.c ****   * 2. Redistributions in binary form must reproduce the above copyright notice,
  23:stm32f3xx_hal_msp.c ****   *    this list of conditions and the following disclaimer in the documentation
  24:stm32f3xx_hal_msp.c ****   *    and/or other materials provided with the distribution.
  25:stm32f3xx_hal_msp.c ****   * 3. Neither the name of STMicroelectronics nor the names of other 
  26:stm32f3xx_hal_msp.c ****   *    contributors to this software may be used to endorse or promote products 
  27:stm32f3xx_hal_msp.c ****   *    derived from this software without specific written permission.
  28:stm32f3xx_hal_msp.c ****   * 4. This software, including modifications and/or derivative works of this 
  29:stm32f3xx_hal_msp.c ****   *    software, must execute solely and exclusively on microcontroller or
  30:stm32f3xx_hal_msp.c ****   *    microprocessor devices manufactured by or for STMicroelectronics.
  31:stm32f3xx_hal_msp.c ****   * 5. Redistribution and use of this software other than as permitted under 
ARM GAS  /var/folders/k_/r2bh2pj93_jff4n9gmtn9jvr0000gn/T//cc3CPplG.s 			page 2


  32:stm32f3xx_hal_msp.c ****   *    this license is void and will automatically terminate your rights under 
  33:stm32f3xx_hal_msp.c ****   *    this license. 
  34:stm32f3xx_hal_msp.c ****   *
  35:stm32f3xx_hal_msp.c ****   * THIS SOFTWARE IS PROVIDED BY STMICROELECTRONICS AND CONTRIBUTORS "AS IS" 
  36:stm32f3xx_hal_msp.c ****   * AND ANY EXPRESS, IMPLIED OR STATUTORY WARRANTIES, INCLUDING, BUT NOT 
  37:stm32f3xx_hal_msp.c ****   * LIMITED TO, THE IMPLIED WARRANTIES OF MERCHANTABILITY, FITNESS FOR A 
  38:stm32f3xx_hal_msp.c ****   * PARTICULAR PURPOSE AND NON-INFRINGEMENT OF THIRD PARTY INTELLECTUAL PROPERTY
  39:stm32f3xx_hal_msp.c ****   * RIGHTS ARE DISCLAIMED TO THE FULLEST EXTENT PERMITTED BY LAW. IN NO EVENT 
  40:stm32f3xx_hal_msp.c ****   * SHALL STMICROELECTRONICS OR CONTRIBUTORS BE LIABLE FOR ANY DIRECT, INDIRECT,
  41:stm32f3xx_hal_msp.c ****   * INCIDENTAL, SPECIAL, EXEMPLARY, OR CONSEQUENTIAL DAMAGES (INCLUDING, BUT NOT
  42:stm32f3xx_hal_msp.c ****   * LIMITED TO, PROCUREMENT OF SUBSTITUTE GOODS OR SERVICES; LOSS OF USE, DATA, 
  43:stm32f3xx_hal_msp.c ****   * OR PROFITS; OR BUSINESS INTERRUPTION) HOWEVER CAUSED AND ON ANY THEORY OF 
  44:stm32f3xx_hal_msp.c ****   * LIABILITY, WHETHER IN CONTRACT, STRICT LIABILITY, OR TORT (INCLUDING 
  45:stm32f3xx_hal_msp.c ****   * NEGLIGENCE OR OTHERWISE) ARISING IN ANY WAY OUT OF THE USE OF THIS SOFTWARE,
  46:stm32f3xx_hal_msp.c ****   * EVEN IF ADVISED OF THE POSSIBILITY OF SUCH DAMAGE.
  47:stm32f3xx_hal_msp.c ****   *
  48:stm32f3xx_hal_msp.c ****   ******************************************************************************
  49:stm32f3xx_hal_msp.c ****   */
  50:stm32f3xx_hal_msp.c **** /* USER CODE END Header */
  51:stm32f3xx_hal_msp.c **** 
  52:stm32f3xx_hal_msp.c **** /* Includes ------------------------------------------------------------------*/
  53:stm32f3xx_hal_msp.c **** #include "main.h"
  54:stm32f3xx_hal_msp.c **** /* USER CODE BEGIN Includes */
  55:stm32f3xx_hal_msp.c **** 
  56:stm32f3xx_hal_msp.c **** /* USER CODE END Includes */
  57:stm32f3xx_hal_msp.c **** 
  58:stm32f3xx_hal_msp.c **** /* Private typedef -----------------------------------------------------------*/
  59:stm32f3xx_hal_msp.c **** /* USER CODE BEGIN TD */
  60:stm32f3xx_hal_msp.c **** 
  61:stm32f3xx_hal_msp.c **** /* USER CODE END TD */
  62:stm32f3xx_hal_msp.c **** 
  63:stm32f3xx_hal_msp.c **** /* Private define ------------------------------------------------------------*/
  64:stm32f3xx_hal_msp.c **** /* USER CODE BEGIN Define */
  65:stm32f3xx_hal_msp.c ****  
  66:stm32f3xx_hal_msp.c **** /* USER CODE END Define */
  67:stm32f3xx_hal_msp.c **** 
  68:stm32f3xx_hal_msp.c **** /* Private macro -------------------------------------------------------------*/
  69:stm32f3xx_hal_msp.c **** /* USER CODE BEGIN Macro */
  70:stm32f3xx_hal_msp.c **** 
  71:stm32f3xx_hal_msp.c **** /* USER CODE END Macro */
  72:stm32f3xx_hal_msp.c **** 
  73:stm32f3xx_hal_msp.c **** /* Private variables ---------------------------------------------------------*/
  74:stm32f3xx_hal_msp.c **** /* USER CODE BEGIN PV */
  75:stm32f3xx_hal_msp.c **** 
  76:stm32f3xx_hal_msp.c **** /* USER CODE END PV */
  77:stm32f3xx_hal_msp.c **** 
  78:stm32f3xx_hal_msp.c **** /* Private function prototypes -----------------------------------------------*/
  79:stm32f3xx_hal_msp.c **** /* USER CODE BEGIN PFP */
  80:stm32f3xx_hal_msp.c **** 
  81:stm32f3xx_hal_msp.c **** /* USER CODE END PFP */
  82:stm32f3xx_hal_msp.c **** 
  83:stm32f3xx_hal_msp.c **** /* External functions --------------------------------------------------------*/
  84:stm32f3xx_hal_msp.c **** /* USER CODE BEGIN ExternalFunctions */
  85:stm32f3xx_hal_msp.c **** 
  86:stm32f3xx_hal_msp.c **** /* USER CODE END ExternalFunctions */
  87:stm32f3xx_hal_msp.c **** 
  88:stm32f3xx_hal_msp.c **** /* USER CODE BEGIN 0 */
ARM GAS  /var/folders/k_/r2bh2pj93_jff4n9gmtn9jvr0000gn/T//cc3CPplG.s 			page 3


  89:stm32f3xx_hal_msp.c **** 
  90:stm32f3xx_hal_msp.c **** /* USER CODE END 0 */
  91:stm32f3xx_hal_msp.c **** /**
  92:stm32f3xx_hal_msp.c ****   * Initializes the Global MSP.
  93:stm32f3xx_hal_msp.c ****   */
  94:stm32f3xx_hal_msp.c **** void HAL_MspInit(void)
  95:stm32f3xx_hal_msp.c **** {
  28              		.loc 1 95 0
  29              		.cfi_startproc
  30              		@ args = 0, pretend = 0, frame = 8
  31              		@ frame_needed = 0, uses_anonymous_args = 0
  32              		@ link register save eliminated.
  33 0000 82B0     		sub	sp, sp, #8
  34              	.LCFI0:
  35              		.cfi_def_cfa_offset 8
  36              	.LBB2:
  96:stm32f3xx_hal_msp.c ****   /* USER CODE BEGIN MspInit 0 */
  97:stm32f3xx_hal_msp.c **** 
  98:stm32f3xx_hal_msp.c ****   /* USER CODE END MspInit 0 */
  99:stm32f3xx_hal_msp.c **** 
 100:stm32f3xx_hal_msp.c ****   __HAL_RCC_SYSCFG_CLK_ENABLE();
  37              		.loc 1 100 0
  38 0002 0A4B     		ldr	r3, .L3
  39 0004 9A69     		ldr	r2, [r3, #24]
  40 0006 42F00102 		orr	r2, r2, #1
  41 000a 9A61     		str	r2, [r3, #24]
  42 000c 9A69     		ldr	r2, [r3, #24]
  43 000e 02F00102 		and	r2, r2, #1
  44 0012 0092     		str	r2, [sp]
  45 0014 009A     		ldr	r2, [sp]
  46              	.LBE2:
  47              	.LBB3:
 101:stm32f3xx_hal_msp.c ****   __HAL_RCC_PWR_CLK_ENABLE();
  48              		.loc 1 101 0
  49 0016 DA69     		ldr	r2, [r3, #28]
  50 0018 42F08052 		orr	r2, r2, #268435456
  51 001c DA61     		str	r2, [r3, #28]
  52 001e DB69     		ldr	r3, [r3, #28]
  53 0020 03F08053 		and	r3, r3, #268435456
  54 0024 0193     		str	r3, [sp, #4]
  55 0026 019B     		ldr	r3, [sp, #4]
  56              	.LBE3:
 102:stm32f3xx_hal_msp.c **** 
 103:stm32f3xx_hal_msp.c ****   /* System interrupt init*/
 104:stm32f3xx_hal_msp.c **** 
 105:stm32f3xx_hal_msp.c ****   /* USER CODE BEGIN MspInit 1 */
 106:stm32f3xx_hal_msp.c **** 
 107:stm32f3xx_hal_msp.c ****   /* USER CODE END MspInit 1 */
 108:stm32f3xx_hal_msp.c **** }
  57              		.loc 1 108 0
  58 0028 02B0     		add	sp, sp, #8
  59              	.LCFI1:
  60              		.cfi_def_cfa_offset 0
  61              		@ sp needed
  62 002a 7047     		bx	lr
  63              	.L4:
  64              		.align	2
ARM GAS  /var/folders/k_/r2bh2pj93_jff4n9gmtn9jvr0000gn/T//cc3CPplG.s 			page 4


  65              	.L3:
  66 002c 00100240 		.word	1073876992
  67              		.cfi_endproc
  68              	.LFE126:
  70              		.text
  71              	.Letext0:
  72              		.file 2 "/usr/local/Cellar/arm-none-eabi-gcc/7-2018-q2-update/gcc/arm-none-eabi/include/machine/_d
  73              		.file 3 "/usr/local/Cellar/arm-none-eabi-gcc/7-2018-q2-update/gcc/arm-none-eabi/include/sys/_stdin
  74              		.file 4 "../Drivers/CMSIS/Include/core_cm4.h"
  75              		.file 5 "../Drivers/CMSIS/Device/ST/STM32F3xx/Include/system_stm32f3xx.h"
  76              		.file 6 "../Drivers/CMSIS/Device/ST/STM32F3xx/Include/stm32f373xc.h"
  77              		.file 7 "/usr/local/Cellar/arm-none-eabi-gcc/7-2018-q2-update/gcc/arm-none-eabi/include/sys/lock.h
  78              		.file 8 "/usr/local/Cellar/arm-none-eabi-gcc/7-2018-q2-update/gcc/arm-none-eabi/include/sys/_types
  79              		.file 9 "/usr/local/Cellar/arm-none-eabi-gcc/7-2018-q2-update/gcc/lib/gcc/arm-none-eabi/7.3.1/incl
  80              		.file 10 "/usr/local/Cellar/arm-none-eabi-gcc/7-2018-q2-update/gcc/arm-none-eabi/include/sys/reent
ARM GAS  /var/folders/k_/r2bh2pj93_jff4n9gmtn9jvr0000gn/T//cc3CPplG.s 			page 5


DEFINED SYMBOLS
                            *ABS*:0000000000000000 stm32f3xx_hal_msp.c
/var/folders/k_/r2bh2pj93_jff4n9gmtn9jvr0000gn/T//cc3CPplG.s:18     .text.HAL_MspInit:0000000000000000 $t
/var/folders/k_/r2bh2pj93_jff4n9gmtn9jvr0000gn/T//cc3CPplG.s:25     .text.HAL_MspInit:0000000000000000 HAL_MspInit
/var/folders/k_/r2bh2pj93_jff4n9gmtn9jvr0000gn/T//cc3CPplG.s:66     .text.HAL_MspInit:000000000000002c $d

NO UNDEFINED SYMBOLS
