ARM GAS  /var/folders/k_/r2bh2pj93_jff4n9gmtn9jvr0000gn/T//cckhUX40.s 			page 1


   1              		.cpu cortex-m4
   2              		.eabi_attribute 27, 1
   3              		.eabi_attribute 28, 1
   4              		.eabi_attribute 20, 1
   5              		.eabi_attribute 21, 1
   6              		.eabi_attribute 23, 3
   7              		.eabi_attribute 24, 1
   8              		.eabi_attribute 25, 1
   9              		.eabi_attribute 26, 1
  10              		.eabi_attribute 30, 1
  11              		.eabi_attribute 34, 1
  12              		.eabi_attribute 18, 4
  13              		.file	"dma.c"
  14              		.text
  15              	.Ltext0:
  16              		.cfi_sections	.debug_frame
  17              		.section	.text.MX_DMA_Init,"ax",%progbits
  18              		.align	1
  19              		.global	MX_DMA_Init
  20              		.syntax unified
  21              		.thumb
  22              		.thumb_func
  23              		.fpu fpv4-sp-d16
  25              	MX_DMA_Init:
  26              	.LFB126:
  27              		.file 1 "Src/dma.c"
   1:Src/dma.c     **** /**
   2:Src/dma.c     ****   ******************************************************************************
   3:Src/dma.c     ****   * File Name          : dma.c
   4:Src/dma.c     ****   * Description        : This file provides code for the configuration
   5:Src/dma.c     ****   *                      of all the requested memory to memory DMA transfers.
   6:Src/dma.c     ****   ******************************************************************************
   7:Src/dma.c     ****   ** This notice applies to any and all portions of this file
   8:Src/dma.c     ****   * that are not between comment pairs USER CODE BEGIN and
   9:Src/dma.c     ****   * USER CODE END. Other portions of this file, whether 
  10:Src/dma.c     ****   * inserted by the user or by software development tools
  11:Src/dma.c     ****   * are owned by their respective copyright owners.
  12:Src/dma.c     ****   *
  13:Src/dma.c     ****   * COPYRIGHT(c) 2020 STMicroelectronics
  14:Src/dma.c     ****   *
  15:Src/dma.c     ****   * Redistribution and use in source and binary forms, with or without modification,
  16:Src/dma.c     ****   * are permitted provided that the following conditions are met:
  17:Src/dma.c     ****   *   1. Redistributions of source code must retain the above copyright notice,
  18:Src/dma.c     ****   *      this list of conditions and the following disclaimer.
  19:Src/dma.c     ****   *   2. Redistributions in binary form must reproduce the above copyright notice,
  20:Src/dma.c     ****   *      this list of conditions and the following disclaimer in the documentation
  21:Src/dma.c     ****   *      and/or other materials provided with the distribution.
  22:Src/dma.c     ****   *   3. Neither the name of STMicroelectronics nor the names of its contributors
  23:Src/dma.c     ****   *      may be used to endorse or promote products derived from this software
  24:Src/dma.c     ****   *      without specific prior written permission.
  25:Src/dma.c     ****   *
  26:Src/dma.c     ****   * THIS SOFTWARE IS PROVIDED BY THE COPYRIGHT HOLDERS AND CONTRIBUTORS "AS IS"
  27:Src/dma.c     ****   * AND ANY EXPRESS OR IMPLIED WARRANTIES, INCLUDING, BUT NOT LIMITED TO, THE
  28:Src/dma.c     ****   * IMPLIED WARRANTIES OF MERCHANTABILITY AND FITNESS FOR A PARTICULAR PURPOSE ARE
  29:Src/dma.c     ****   * DISCLAIMED. IN NO EVENT SHALL THE COPYRIGHT HOLDER OR CONTRIBUTORS BE LIABLE
  30:Src/dma.c     ****   * FOR ANY DIRECT, INDIRECT, INCIDENTAL, SPECIAL, EXEMPLARY, OR CONSEQUENTIAL
  31:Src/dma.c     ****   * DAMAGES (INCLUDING, BUT NOT LIMITED TO, PROCUREMENT OF SUBSTITUTE GOODS OR
ARM GAS  /var/folders/k_/r2bh2pj93_jff4n9gmtn9jvr0000gn/T//cckhUX40.s 			page 2


  32:Src/dma.c     ****   * SERVICES; LOSS OF USE, DATA, OR PROFITS; OR BUSINESS INTERRUPTION) HOWEVER
  33:Src/dma.c     ****   * CAUSED AND ON ANY THEORY OF LIABILITY, WHETHER IN CONTRACT, STRICT LIABILITY,
  34:Src/dma.c     ****   * OR TORT (INCLUDING NEGLIGENCE OR OTHERWISE) ARISING IN ANY WAY OUT OF THE USE
  35:Src/dma.c     ****   * OF THIS SOFTWARE, EVEN IF ADVISED OF THE POSSIBILITY OF SUCH DAMAGE.
  36:Src/dma.c     ****   *
  37:Src/dma.c     ****   ******************************************************************************
  38:Src/dma.c     ****   */
  39:Src/dma.c     **** /* Includes ------------------------------------------------------------------*/
  40:Src/dma.c     **** #include "dma.h"
  41:Src/dma.c     **** 
  42:Src/dma.c     **** /* USER CODE BEGIN 0 */
  43:Src/dma.c     **** 
  44:Src/dma.c     **** /* USER CODE END 0 */
  45:Src/dma.c     **** 
  46:Src/dma.c     **** /*----------------------------------------------------------------------------*/
  47:Src/dma.c     **** /* Configure DMA                                                              */
  48:Src/dma.c     **** /*----------------------------------------------------------------------------*/
  49:Src/dma.c     **** 
  50:Src/dma.c     **** /* USER CODE BEGIN 1 */
  51:Src/dma.c     **** 
  52:Src/dma.c     **** /* USER CODE END 1 */
  53:Src/dma.c     **** 
  54:Src/dma.c     **** /** 
  55:Src/dma.c     ****   * Enable DMA controller clock
  56:Src/dma.c     ****   */
  57:Src/dma.c     **** void MX_DMA_Init(void) 
  58:Src/dma.c     **** {
  28              		.loc 1 58 0
  29              		.cfi_startproc
  30              		@ args = 0, pretend = 0, frame = 8
  31              		@ frame_needed = 0, uses_anonymous_args = 0
  32 0000 00B5     		push	{lr}
  33              	.LCFI0:
  34              		.cfi_def_cfa_offset 4
  35              		.cfi_offset 14, -4
  36 0002 83B0     		sub	sp, sp, #12
  37              	.LCFI1:
  38              		.cfi_def_cfa_offset 16
  39              	.LBB2:
  59:Src/dma.c     ****   /* DMA controller clock enable */
  60:Src/dma.c     ****   __HAL_RCC_DMA2_CLK_ENABLE();
  40              		.loc 1 60 0
  41 0004 124B     		ldr	r3, .L3
  42 0006 5A69     		ldr	r2, [r3, #20]
  43 0008 42F00202 		orr	r2, r2, #2
  44 000c 5A61     		str	r2, [r3, #20]
  45 000e 5B69     		ldr	r3, [r3, #20]
  46 0010 03F00203 		and	r3, r3, #2
  47 0014 0193     		str	r3, [sp, #4]
  48 0016 019B     		ldr	r3, [sp, #4]
  49              	.LBE2:
  61:Src/dma.c     **** 
  62:Src/dma.c     ****   /* DMA interrupt init */
  63:Src/dma.c     ****   /* DMA2_Channel3_IRQn interrupt configuration */
  64:Src/dma.c     ****   HAL_NVIC_SetPriority(DMA2_Channel3_IRQn, 0, 0);
  50              		.loc 1 64 0
  51 0018 0022     		movs	r2, #0
ARM GAS  /var/folders/k_/r2bh2pj93_jff4n9gmtn9jvr0000gn/T//cckhUX40.s 			page 3


  52 001a 1146     		mov	r1, r2
  53 001c 3A20     		movs	r0, #58
  54 001e FFF7FEFF 		bl	HAL_NVIC_SetPriority
  55              	.LVL0:
  65:Src/dma.c     ****   HAL_NVIC_EnableIRQ(DMA2_Channel3_IRQn);
  56              		.loc 1 65 0
  57 0022 3A20     		movs	r0, #58
  58 0024 FFF7FEFF 		bl	HAL_NVIC_EnableIRQ
  59              	.LVL1:
  66:Src/dma.c     ****   /* DMA2_Channel4_IRQn interrupt configuration */
  67:Src/dma.c     ****   HAL_NVIC_SetPriority(DMA2_Channel4_IRQn, 0, 0);
  60              		.loc 1 67 0
  61 0028 0022     		movs	r2, #0
  62 002a 1146     		mov	r1, r2
  63 002c 3B20     		movs	r0, #59
  64 002e FFF7FEFF 		bl	HAL_NVIC_SetPriority
  65              	.LVL2:
  68:Src/dma.c     ****   HAL_NVIC_EnableIRQ(DMA2_Channel4_IRQn);
  66              		.loc 1 68 0
  67 0032 3B20     		movs	r0, #59
  68 0034 FFF7FEFF 		bl	HAL_NVIC_EnableIRQ
  69              	.LVL3:
  69:Src/dma.c     ****   /* DMA2_Channel5_IRQn interrupt configuration */
  70:Src/dma.c     ****   HAL_NVIC_SetPriority(DMA2_Channel5_IRQn, 0, 0);
  70              		.loc 1 70 0
  71 0038 0022     		movs	r2, #0
  72 003a 1146     		mov	r1, r2
  73 003c 3C20     		movs	r0, #60
  74 003e FFF7FEFF 		bl	HAL_NVIC_SetPriority
  75              	.LVL4:
  71:Src/dma.c     ****   HAL_NVIC_EnableIRQ(DMA2_Channel5_IRQn);
  76              		.loc 1 71 0
  77 0042 3C20     		movs	r0, #60
  78 0044 FFF7FEFF 		bl	HAL_NVIC_EnableIRQ
  79              	.LVL5:
  72:Src/dma.c     **** 
  73:Src/dma.c     **** }
  80              		.loc 1 73 0
  81 0048 03B0     		add	sp, sp, #12
  82              	.LCFI2:
  83              		.cfi_def_cfa_offset 4
  84              		@ sp needed
  85 004a 5DF804FB 		ldr	pc, [sp], #4
  86              	.L4:
  87 004e 00BF     		.align	2
  88              	.L3:
  89 0050 00100240 		.word	1073876992
  90              		.cfi_endproc
  91              	.LFE126:
  93              		.text
  94              	.Letext0:
  95              		.file 2 "/usr/local/Cellar/arm-none-eabi-gcc/7-2018-q2-update/gcc/arm-none-eabi/include/machine/_d
  96              		.file 3 "/usr/local/Cellar/arm-none-eabi-gcc/7-2018-q2-update/gcc/arm-none-eabi/include/sys/_stdin
  97              		.file 4 "Drivers/CMSIS/Include/core_cm4.h"
  98              		.file 5 "Drivers/CMSIS/Device/ST/STM32F3xx/Include/system_stm32f3xx.h"
  99              		.file 6 "Drivers/CMSIS/Device/ST/STM32F3xx/Include/stm32f373xc.h"
 100              		.file 7 "/usr/local/Cellar/arm-none-eabi-gcc/7-2018-q2-update/gcc/arm-none-eabi/include/sys/lock.h
ARM GAS  /var/folders/k_/r2bh2pj93_jff4n9gmtn9jvr0000gn/T//cckhUX40.s 			page 4


 101              		.file 8 "/usr/local/Cellar/arm-none-eabi-gcc/7-2018-q2-update/gcc/arm-none-eabi/include/sys/_types
 102              		.file 9 "/usr/local/Cellar/arm-none-eabi-gcc/7-2018-q2-update/gcc/lib/gcc/arm-none-eabi/7.3.1/incl
 103              		.file 10 "/usr/local/Cellar/arm-none-eabi-gcc/7-2018-q2-update/gcc/arm-none-eabi/include/sys/reent
 104              		.file 11 "Drivers/STM32F3xx_HAL_Driver/Inc/stm32f3xx_hal.h"
 105              		.file 12 "Drivers/STM32F3xx_HAL_Driver/Inc/stm32f3xx_hal_cortex.h"
ARM GAS  /var/folders/k_/r2bh2pj93_jff4n9gmtn9jvr0000gn/T//cckhUX40.s 			page 5


DEFINED SYMBOLS
                            *ABS*:0000000000000000 dma.c
/var/folders/k_/r2bh2pj93_jff4n9gmtn9jvr0000gn/T//cckhUX40.s:18     .text.MX_DMA_Init:0000000000000000 $t
/var/folders/k_/r2bh2pj93_jff4n9gmtn9jvr0000gn/T//cckhUX40.s:25     .text.MX_DMA_Init:0000000000000000 MX_DMA_Init
/var/folders/k_/r2bh2pj93_jff4n9gmtn9jvr0000gn/T//cckhUX40.s:89     .text.MX_DMA_Init:0000000000000050 $d

UNDEFINED SYMBOLS
HAL_NVIC_SetPriority
HAL_NVIC_EnableIRQ
