ARM GAS  /var/folders/80/65lm4rm97rv_n74c85vt01040000gn/T//cckpz0JK.s 			page 1


   1              		.cpu cortex-m4
   2              		.eabi_attribute 27, 1
   3              		.eabi_attribute 28, 1
   4              		.eabi_attribute 20, 1
   5              		.eabi_attribute 21, 1
   6              		.eabi_attribute 23, 3
   7              		.eabi_attribute 24, 1
   8              		.eabi_attribute 25, 1
   9              		.eabi_attribute 26, 1
  10              		.eabi_attribute 30, 1
  11              		.eabi_attribute 34, 1
  12              		.eabi_attribute 18, 4
  13              		.file	"sdadc.c"
  14              		.text
  15              	.Ltext0:
  16              		.cfi_sections	.debug_frame
  17              		.section	.text.MX_SDADC1_Init,"ax",%progbits
  18              		.align	1
  19              		.global	MX_SDADC1_Init
  20              		.arch armv7e-m
  21              		.syntax unified
  22              		.thumb
  23              		.thumb_func
  24              		.fpu fpv4-sp-d16
  26              	MX_SDADC1_Init:
  27              	.LFB126:
  28              		.file 1 "Src/sdadc.c"
   1:Src/sdadc.c   **** /**
   2:Src/sdadc.c   ****   ******************************************************************************
   3:Src/sdadc.c   ****   * File Name          : SDADC.c
   4:Src/sdadc.c   ****   * Description        : This file provides code for the configuration
   5:Src/sdadc.c   ****   *                      of the SDADC instances.
   6:Src/sdadc.c   ****   ******************************************************************************
   7:Src/sdadc.c   ****   ** This notice applies to any and all portions of this file
   8:Src/sdadc.c   ****   * that are not between comment pairs USER CODE BEGIN and
   9:Src/sdadc.c   ****   * USER CODE END. Other portions of this file, whether 
  10:Src/sdadc.c   ****   * inserted by the user or by software development tools
  11:Src/sdadc.c   ****   * are owned by their respective copyright owners.
  12:Src/sdadc.c   ****   *
  13:Src/sdadc.c   ****   * COPYRIGHT(c) 2020 STMicroelectronics
  14:Src/sdadc.c   ****   *
  15:Src/sdadc.c   ****   * Redistribution and use in source and binary forms, with or without modification,
  16:Src/sdadc.c   ****   * are permitted provided that the following conditions are met:
  17:Src/sdadc.c   ****   *   1. Redistributions of source code must retain the above copyright notice,
  18:Src/sdadc.c   ****   *      this list of conditions and the following disclaimer.
  19:Src/sdadc.c   ****   *   2. Redistributions in binary form must reproduce the above copyright notice,
  20:Src/sdadc.c   ****   *      this list of conditions and the following disclaimer in the documentation
  21:Src/sdadc.c   ****   *      and/or other materials provided with the distribution.
  22:Src/sdadc.c   ****   *   3. Neither the name of STMicroelectronics nor the names of its contributors
  23:Src/sdadc.c   ****   *      may be used to endorse or promote products derived from this software
  24:Src/sdadc.c   ****   *      without specific prior written permission.
  25:Src/sdadc.c   ****   *
  26:Src/sdadc.c   ****   * THIS SOFTWARE IS PROVIDED BY THE COPYRIGHT HOLDERS AND CONTRIBUTORS "AS IS"
  27:Src/sdadc.c   ****   * AND ANY EXPRESS OR IMPLIED WARRANTIES, INCLUDING, BUT NOT LIMITED TO, THE
  28:Src/sdadc.c   ****   * IMPLIED WARRANTIES OF MERCHANTABILITY AND FITNESS FOR A PARTICULAR PURPOSE ARE
  29:Src/sdadc.c   ****   * DISCLAIMED. IN NO EVENT SHALL THE COPYRIGHT HOLDER OR CONTRIBUTORS BE LIABLE
  30:Src/sdadc.c   ****   * FOR ANY DIRECT, INDIRECT, INCIDENTAL, SPECIAL, EXEMPLARY, OR CONSEQUENTIAL
ARM GAS  /var/folders/80/65lm4rm97rv_n74c85vt01040000gn/T//cckpz0JK.s 			page 2


  31:Src/sdadc.c   ****   * DAMAGES (INCLUDING, BUT NOT LIMITED TO, PROCUREMENT OF SUBSTITUTE GOODS OR
  32:Src/sdadc.c   ****   * SERVICES; LOSS OF USE, DATA, OR PROFITS; OR BUSINESS INTERRUPTION) HOWEVER
  33:Src/sdadc.c   ****   * CAUSED AND ON ANY THEORY OF LIABILITY, WHETHER IN CONTRACT, STRICT LIABILITY,
  34:Src/sdadc.c   ****   * OR TORT (INCLUDING NEGLIGENCE OR OTHERWISE) ARISING IN ANY WAY OUT OF THE USE
  35:Src/sdadc.c   ****   * OF THIS SOFTWARE, EVEN IF ADVISED OF THE POSSIBILITY OF SUCH DAMAGE.
  36:Src/sdadc.c   ****   *
  37:Src/sdadc.c   ****   ******************************************************************************
  38:Src/sdadc.c   ****   */
  39:Src/sdadc.c   **** 
  40:Src/sdadc.c   **** /* Includes ------------------------------------------------------------------*/
  41:Src/sdadc.c   **** #include "sdadc.h"
  42:Src/sdadc.c   **** 
  43:Src/sdadc.c   **** /* USER CODE BEGIN 0 */
  44:Src/sdadc.c   **** 
  45:Src/sdadc.c   **** /* USER CODE END 0 */
  46:Src/sdadc.c   **** 
  47:Src/sdadc.c   **** SDADC_HandleTypeDef hsdadc1;
  48:Src/sdadc.c   **** SDADC_HandleTypeDef hsdadc2;
  49:Src/sdadc.c   **** SDADC_HandleTypeDef hsdadc3;
  50:Src/sdadc.c   **** DMA_HandleTypeDef hdma_sdadc1;
  51:Src/sdadc.c   **** DMA_HandleTypeDef hdma_sdadc2;
  52:Src/sdadc.c   **** DMA_HandleTypeDef hdma_sdadc3;
  53:Src/sdadc.c   **** 
  54:Src/sdadc.c   **** /* SDADC1 init function */
  55:Src/sdadc.c   **** void MX_SDADC1_Init(void)
  56:Src/sdadc.c   **** {
  29              		.loc 1 56 1 view -0
  30              		.cfi_startproc
  31              		@ args = 0, pretend = 0, frame = 16
  32              		@ frame_needed = 0, uses_anonymous_args = 0
  33 0000 00B5     		push	{lr}
  34              	.LCFI0:
  35              		.cfi_def_cfa_offset 4
  36              		.cfi_offset 14, -4
  37 0002 85B0     		sub	sp, sp, #20
  38              	.LCFI1:
  39              		.cfi_def_cfa_offset 24
  57:Src/sdadc.c   ****   SDADC_ConfParamTypeDef ConfParamStruct = {0};
  40              		.loc 1 57 3 view .LVU1
  41              		.loc 1 57 26 is_stmt 0 view .LVU2
  42 0004 0023     		movs	r3, #0
  43 0006 0093     		str	r3, [sp]
  44 0008 0193     		str	r3, [sp, #4]
  45 000a 0293     		str	r3, [sp, #8]
  46 000c 0393     		str	r3, [sp, #12]
  58:Src/sdadc.c   **** 
  59:Src/sdadc.c   ****   /**Configure the SDADC low power mode, fast conversion mode,
  60:Src/sdadc.c   ****   slow clock mode and SDADC1 reference voltage 
  61:Src/sdadc.c   ****   */
  62:Src/sdadc.c   ****   hsdadc1.Instance = SDADC1;
  47              		.loc 1 62 3 is_stmt 1 view .LVU3
  48              		.loc 1 62 20 is_stmt 0 view .LVU4
  49 000e 2A48     		ldr	r0, .L17
  50 0010 2A4A     		ldr	r2, .L17+4
  51 0012 0260     		str	r2, [r0]
  63:Src/sdadc.c   ****   hsdadc1.Init.IdleLowPowerMode = SDADC_LOWPOWER_NONE;
  52              		.loc 1 63 3 is_stmt 1 view .LVU5
ARM GAS  /var/folders/80/65lm4rm97rv_n74c85vt01040000gn/T//cckpz0JK.s 			page 3


  53              		.loc 1 63 33 is_stmt 0 view .LVU6
  54 0014 4360     		str	r3, [r0, #4]
  64:Src/sdadc.c   ****   hsdadc1.Init.FastConversionMode = SDADC_FAST_CONV_ENABLE;
  55              		.loc 1 64 3 is_stmt 1 view .LVU7
  56              		.loc 1 64 35 is_stmt 0 view .LVU8
  57 0016 4FF08072 		mov	r2, #16777216
  58 001a 8260     		str	r2, [r0, #8]
  65:Src/sdadc.c   ****   hsdadc1.Init.SlowClockMode = SDADC_SLOW_CLOCK_DISABLE;
  59              		.loc 1 65 3 is_stmt 1 view .LVU9
  60              		.loc 1 65 30 is_stmt 0 view .LVU10
  61 001c C360     		str	r3, [r0, #12]
  66:Src/sdadc.c   ****   hsdadc1.Init.ReferenceVoltage = SDADC_VREF_VDDA;
  62              		.loc 1 66 3 is_stmt 1 view .LVU11
  63              		.loc 1 66 33 is_stmt 0 view .LVU12
  64 001e 4FF44073 		mov	r3, #768
  65 0022 0361     		str	r3, [r0, #16]
  67:Src/sdadc.c   ****   hsdadc1.InjectedTrigger = SDADC_EXTERNAL_TRIGGER;
  66              		.loc 1 67 3 is_stmt 1 view .LVU13
  67              		.loc 1 67 27 is_stmt 0 view .LVU14
  68 0024 0223     		movs	r3, #2
  69 0026 C362     		str	r3, [r0, #44]
  68:Src/sdadc.c   ****   hsdadc1.ExtTriggerEdge = SDADC_EXT_TRIG_RISING_EDGE;
  70              		.loc 1 68 3 is_stmt 1 view .LVU15
  71              		.loc 1 68 26 is_stmt 0 view .LVU16
  72 0028 4FF40053 		mov	r3, #8192
  73 002c 0363     		str	r3, [r0, #48]
  69:Src/sdadc.c   ****   if (HAL_SDADC_Init(&hsdadc1) != HAL_OK)
  74              		.loc 1 69 3 is_stmt 1 view .LVU17
  75              		.loc 1 69 7 is_stmt 0 view .LVU18
  76 002e FFF7FEFF 		bl	HAL_SDADC_Init
  77              	.LVL0:
  78              		.loc 1 69 6 view .LVU19
  79 0032 58BB     		cbnz	r0, .L10
  80              	.L2:
  70:Src/sdadc.c   ****   {
  71:Src/sdadc.c   ****     Error_Handler();
  72:Src/sdadc.c   ****   }
  73:Src/sdadc.c   ****   /**Configure the Injected Mode 
  74:Src/sdadc.c   ****   */
  75:Src/sdadc.c   ****   if (HAL_SDADC_SelectInjectedDelay(&hsdadc1, SDADC_INJECTED_DELAY_NONE) != HAL_OK)
  81              		.loc 1 75 3 is_stmt 1 view .LVU20
  82              		.loc 1 75 7 is_stmt 0 view .LVU21
  83 0034 0021     		movs	r1, #0
  84 0036 2048     		ldr	r0, .L17
  85 0038 FFF7FEFF 		bl	HAL_SDADC_SelectInjectedDelay
  86              	.LVL1:
  87              		.loc 1 75 6 view .LVU22
  88 003c 48BB     		cbnz	r0, .L11
  89              	.L3:
  76:Src/sdadc.c   ****   {
  77:Src/sdadc.c   ****     Error_Handler();
  78:Src/sdadc.c   ****   }
  79:Src/sdadc.c   ****   if (HAL_SDADC_SelectInjectedExtTrigger(&hsdadc1, SDADC_EXT_TRIG_TIM13_CC1, SDADC_EXT_TRIG_RISING_
  90              		.loc 1 79 3 is_stmt 1 view .LVU23
  91              		.loc 1 79 7 is_stmt 0 view .LVU24
  92 003e 4FF40052 		mov	r2, #8192
  93 0042 0021     		movs	r1, #0
ARM GAS  /var/folders/80/65lm4rm97rv_n74c85vt01040000gn/T//cckpz0JK.s 			page 4


  94 0044 1C48     		ldr	r0, .L17
  95 0046 FFF7FEFF 		bl	HAL_SDADC_SelectInjectedExtTrigger
  96              	.LVL2:
  97              		.loc 1 79 6 view .LVU25
  98 004a 28BB     		cbnz	r0, .L12
  99              	.L4:
  80:Src/sdadc.c   ****   {
  81:Src/sdadc.c   ****     Error_Handler();
  82:Src/sdadc.c   ****   }
  83:Src/sdadc.c   ****   if (HAL_SDADC_SelectInjectedTrigger(&hsdadc1, SDADC_EXTERNAL_TRIGGER) != HAL_OK)
 100              		.loc 1 83 3 is_stmt 1 view .LVU26
 101              		.loc 1 83 7 is_stmt 0 view .LVU27
 102 004c 0221     		movs	r1, #2
 103 004e 1A48     		ldr	r0, .L17
 104 0050 FFF7FEFF 		bl	HAL_SDADC_SelectInjectedTrigger
 105              	.LVL3:
 106              		.loc 1 83 6 view .LVU28
 107 0054 18BB     		cbnz	r0, .L13
 108              	.L5:
  84:Src/sdadc.c   ****   {
  85:Src/sdadc.c   ****     Error_Handler();
  86:Src/sdadc.c   ****   }
  87:Src/sdadc.c   ****   if (HAL_SDADC_InjectedConfigChannel(&hsdadc1, SDADC_CHANNEL_6, SDADC_CONTINUOUS_CONV_ON) != HAL_O
 109              		.loc 1 87 3 is_stmt 1 view .LVU29
 110              		.loc 1 87 7 is_stmt 0 view .LVU30
 111 0056 0122     		movs	r2, #1
 112 0058 1949     		ldr	r1, .L17+8
 113 005a 1748     		ldr	r0, .L17
 114 005c FFF7FEFF 		bl	HAL_SDADC_InjectedConfigChannel
 115              	.LVL4:
 116              		.loc 1 87 6 view .LVU31
 117 0060 00BB     		cbnz	r0, .L14
 118              	.L6:
  88:Src/sdadc.c   ****   {
  89:Src/sdadc.c   ****     Error_Handler();
  90:Src/sdadc.c   ****   }
  91:Src/sdadc.c   ****   /**Set parameters for SDADC configuration 0 Register 
  92:Src/sdadc.c   ****   */
  93:Src/sdadc.c   ****   ConfParamStruct.InputMode = SDADC_INPUT_MODE_SE_ZERO_REFERENCE;
 119              		.loc 1 93 3 is_stmt 1 view .LVU32
 120              		.loc 1 93 29 is_stmt 0 view .LVU33
 121 0062 4FF04063 		mov	r3, #201326592
 122 0066 0093     		str	r3, [sp]
  94:Src/sdadc.c   ****   ConfParamStruct.Gain = SDADC_GAIN_1;
 123              		.loc 1 94 3 is_stmt 1 view .LVU34
 124              		.loc 1 94 24 is_stmt 0 view .LVU35
 125 0068 0021     		movs	r1, #0
 126 006a 0191     		str	r1, [sp, #4]
  95:Src/sdadc.c   ****   ConfParamStruct.CommonMode = SDADC_COMMON_MODE_VSSA;
 127              		.loc 1 95 3 is_stmt 1 view .LVU36
 128              		.loc 1 95 30 is_stmt 0 view .LVU37
 129 006c 0291     		str	r1, [sp, #8]
  96:Src/sdadc.c   ****   ConfParamStruct.Offset = 0;
 130              		.loc 1 96 3 is_stmt 1 view .LVU38
 131              		.loc 1 96 26 is_stmt 0 view .LVU39
 132 006e 0391     		str	r1, [sp, #12]
  97:Src/sdadc.c   ****   if (HAL_SDADC_PrepareChannelConfig(&hsdadc1, SDADC_CONF_INDEX_0, &ConfParamStruct) != HAL_OK)
ARM GAS  /var/folders/80/65lm4rm97rv_n74c85vt01040000gn/T//cckpz0JK.s 			page 5


 133              		.loc 1 97 3 is_stmt 1 view .LVU40
 134              		.loc 1 97 7 is_stmt 0 view .LVU41
 135 0070 6A46     		mov	r2, sp
 136 0072 1148     		ldr	r0, .L17
 137 0074 FFF7FEFF 		bl	HAL_SDADC_PrepareChannelConfig
 138              	.LVL5:
 139              		.loc 1 97 6 view .LVU42
 140 0078 B8B9     		cbnz	r0, .L15
 141              	.L7:
  98:Src/sdadc.c   ****   {
  99:Src/sdadc.c   ****     Error_Handler();
 100:Src/sdadc.c   ****   }
 101:Src/sdadc.c   ****   /**Configure the Injected Channel 
 102:Src/sdadc.c   ****   */
 103:Src/sdadc.c   ****   if (HAL_SDADC_AssociateChannelConfig(&hsdadc1, SDADC_CHANNEL_6, SDADC_CONF_INDEX_0) != HAL_OK)
 142              		.loc 1 103 3 is_stmt 1 view .LVU43
 143              		.loc 1 103 7 is_stmt 0 view .LVU44
 144 007a 0022     		movs	r2, #0
 145 007c 1049     		ldr	r1, .L17+8
 146 007e 0E48     		ldr	r0, .L17
 147 0080 FFF7FEFF 		bl	HAL_SDADC_AssociateChannelConfig
 148              	.LVL6:
 149              		.loc 1 103 6 view .LVU45
 150 0084 A0B9     		cbnz	r0, .L16
 151              	.L1:
 104:Src/sdadc.c   ****   {
 105:Src/sdadc.c   ****     Error_Handler();
 106:Src/sdadc.c   ****   }
 107:Src/sdadc.c   **** 
 108:Src/sdadc.c   **** }
 152              		.loc 1 108 1 view .LVU46
 153 0086 05B0     		add	sp, sp, #20
 154              	.LCFI2:
 155              		.cfi_remember_state
 156              		.cfi_def_cfa_offset 4
 157              		@ sp needed
 158 0088 5DF804FB 		ldr	pc, [sp], #4
 159              	.L10:
 160              	.LCFI3:
 161              		.cfi_restore_state
  71:Src/sdadc.c   ****   }
 162              		.loc 1 71 5 is_stmt 1 view .LVU47
 163 008c FFF7FEFF 		bl	Error_Handler
 164              	.LVL7:
 165 0090 D0E7     		b	.L2
 166              	.L11:
  77:Src/sdadc.c   ****   }
 167              		.loc 1 77 5 view .LVU48
 168 0092 FFF7FEFF 		bl	Error_Handler
 169              	.LVL8:
 170 0096 D2E7     		b	.L3
 171              	.L12:
  81:Src/sdadc.c   ****   }
 172              		.loc 1 81 5 view .LVU49
 173 0098 FFF7FEFF 		bl	Error_Handler
 174              	.LVL9:
 175 009c D6E7     		b	.L4
ARM GAS  /var/folders/80/65lm4rm97rv_n74c85vt01040000gn/T//cckpz0JK.s 			page 6


 176              	.L13:
  85:Src/sdadc.c   ****   }
 177              		.loc 1 85 5 view .LVU50
 178 009e FFF7FEFF 		bl	Error_Handler
 179              	.LVL10:
 180 00a2 D8E7     		b	.L5
 181              	.L14:
  89:Src/sdadc.c   ****   }
 182              		.loc 1 89 5 view .LVU51
 183 00a4 FFF7FEFF 		bl	Error_Handler
 184              	.LVL11:
 185 00a8 DBE7     		b	.L6
 186              	.L15:
  99:Src/sdadc.c   ****   }
 187              		.loc 1 99 5 view .LVU52
 188 00aa FFF7FEFF 		bl	Error_Handler
 189              	.LVL12:
 190 00ae E4E7     		b	.L7
 191              	.L16:
 105:Src/sdadc.c   ****   }
 192              		.loc 1 105 5 view .LVU53
 193 00b0 FFF7FEFF 		bl	Error_Handler
 194              	.LVL13:
 195              		.loc 1 108 1 is_stmt 0 view .LVU54
 196 00b4 E7E7     		b	.L1
 197              	.L18:
 198 00b6 00BF     		.align	2
 199              	.L17:
 200 00b8 00000000 		.word	.LANCHOR0
 201 00bc 00600140 		.word	1073831936
 202 00c0 40000600 		.word	393280
 203              		.cfi_endproc
 204              	.LFE126:
 206              		.section	.text.MX_SDADC2_Init,"ax",%progbits
 207              		.align	1
 208              		.global	MX_SDADC2_Init
 209              		.syntax unified
 210              		.thumb
 211              		.thumb_func
 212              		.fpu fpv4-sp-d16
 214              	MX_SDADC2_Init:
 215              	.LFB127:
 109:Src/sdadc.c   **** /* SDADC2 init function */
 110:Src/sdadc.c   **** void MX_SDADC2_Init(void)
 111:Src/sdadc.c   **** {
 216              		.loc 1 111 1 is_stmt 1 view -0
 217              		.cfi_startproc
 218              		@ args = 0, pretend = 0, frame = 16
 219              		@ frame_needed = 0, uses_anonymous_args = 0
 220 0000 00B5     		push	{lr}
 221              	.LCFI4:
 222              		.cfi_def_cfa_offset 4
 223              		.cfi_offset 14, -4
 224 0002 85B0     		sub	sp, sp, #20
 225              	.LCFI5:
 226              		.cfi_def_cfa_offset 24
 112:Src/sdadc.c   ****   SDADC_ConfParamTypeDef ConfParamStruct = {0};
ARM GAS  /var/folders/80/65lm4rm97rv_n74c85vt01040000gn/T//cckpz0JK.s 			page 7


 227              		.loc 1 112 3 view .LVU56
 228              		.loc 1 112 26 is_stmt 0 view .LVU57
 229 0004 0023     		movs	r3, #0
 230 0006 0093     		str	r3, [sp]
 231 0008 0193     		str	r3, [sp, #4]
 232 000a 0293     		str	r3, [sp, #8]
 233 000c 0393     		str	r3, [sp, #12]
 113:Src/sdadc.c   **** 
 114:Src/sdadc.c   ****   /**Configure the SDADC low power mode, fast conversion mode,
 115:Src/sdadc.c   ****   slow clock mode and SDADC1 reference voltage 
 116:Src/sdadc.c   ****   */
 117:Src/sdadc.c   ****   hsdadc2.Instance = SDADC2;
 234              		.loc 1 117 3 is_stmt 1 view .LVU58
 235              		.loc 1 117 20 is_stmt 0 view .LVU59
 236 000e 1448     		ldr	r0, .L27
 237 0010 144A     		ldr	r2, .L27+4
 238 0012 0260     		str	r2, [r0]
 118:Src/sdadc.c   ****   hsdadc2.Init.IdleLowPowerMode = SDADC_LOWPOWER_NONE;
 239              		.loc 1 118 3 is_stmt 1 view .LVU60
 240              		.loc 1 118 33 is_stmt 0 view .LVU61
 241 0014 4360     		str	r3, [r0, #4]
 119:Src/sdadc.c   ****   hsdadc2.Init.FastConversionMode = SDADC_FAST_CONV_DISABLE;
 242              		.loc 1 119 3 is_stmt 1 view .LVU62
 243              		.loc 1 119 35 is_stmt 0 view .LVU63
 244 0016 8360     		str	r3, [r0, #8]
 120:Src/sdadc.c   ****   hsdadc2.Init.SlowClockMode = SDADC_SLOW_CLOCK_DISABLE;
 245              		.loc 1 120 3 is_stmt 1 view .LVU64
 246              		.loc 1 120 30 is_stmt 0 view .LVU65
 247 0018 C360     		str	r3, [r0, #12]
 121:Src/sdadc.c   ****   hsdadc2.Init.ReferenceVoltage = SDADC_VREF_VDDA;
 248              		.loc 1 121 3 is_stmt 1 view .LVU66
 249              		.loc 1 121 33 is_stmt 0 view .LVU67
 250 001a 4FF44073 		mov	r3, #768
 251 001e 0361     		str	r3, [r0, #16]
 122:Src/sdadc.c   ****   if (HAL_SDADC_Init(&hsdadc2) != HAL_OK)
 252              		.loc 1 122 3 is_stmt 1 view .LVU68
 253              		.loc 1 122 7 is_stmt 0 view .LVU69
 254 0020 FFF7FEFF 		bl	HAL_SDADC_Init
 255              	.LVL14:
 256              		.loc 1 122 6 view .LVU70
 257 0024 98B9     		cbnz	r0, .L24
 258              	.L20:
 123:Src/sdadc.c   ****   {
 124:Src/sdadc.c   ****     Error_Handler();
 125:Src/sdadc.c   ****   }
 126:Src/sdadc.c   ****   /**Configure The Regular Mode 
 127:Src/sdadc.c   ****   */
 128:Src/sdadc.c   ****   if (HAL_SDADC_SelectRegularTrigger(&hsdadc2, SDADC_SOFTWARE_TRIGGER) != HAL_OK)
 259              		.loc 1 128 3 is_stmt 1 view .LVU71
 260              		.loc 1 128 7 is_stmt 0 view .LVU72
 261 0026 0021     		movs	r1, #0
 262 0028 0D48     		ldr	r0, .L27
 263 002a FFF7FEFF 		bl	HAL_SDADC_SelectRegularTrigger
 264              	.LVL15:
 265              		.loc 1 128 6 view .LVU73
 266 002e 88B9     		cbnz	r0, .L25
 267              	.L21:
ARM GAS  /var/folders/80/65lm4rm97rv_n74c85vt01040000gn/T//cckpz0JK.s 			page 8


 129:Src/sdadc.c   ****   {
 130:Src/sdadc.c   ****     Error_Handler();
 131:Src/sdadc.c   ****   }
 132:Src/sdadc.c   ****   /**Set parameters for SDADC configuration 0 Register 
 133:Src/sdadc.c   ****   */
 134:Src/sdadc.c   ****   ConfParamStruct.InputMode = SDADC_INPUT_MODE_SE_ZERO_REFERENCE;
 268              		.loc 1 134 3 is_stmt 1 view .LVU74
 269              		.loc 1 134 29 is_stmt 0 view .LVU75
 270 0030 4FF04063 		mov	r3, #201326592
 271 0034 0093     		str	r3, [sp]
 135:Src/sdadc.c   ****   ConfParamStruct.Gain = SDADC_GAIN_1;
 272              		.loc 1 135 3 is_stmt 1 view .LVU76
 273              		.loc 1 135 24 is_stmt 0 view .LVU77
 274 0036 0021     		movs	r1, #0
 275 0038 0191     		str	r1, [sp, #4]
 136:Src/sdadc.c   ****   ConfParamStruct.CommonMode = SDADC_COMMON_MODE_VSSA;
 276              		.loc 1 136 3 is_stmt 1 view .LVU78
 277              		.loc 1 136 30 is_stmt 0 view .LVU79
 278 003a 0291     		str	r1, [sp, #8]
 137:Src/sdadc.c   ****   ConfParamStruct.Offset = 0;
 279              		.loc 1 137 3 is_stmt 1 view .LVU80
 280              		.loc 1 137 26 is_stmt 0 view .LVU81
 281 003c 0391     		str	r1, [sp, #12]
 138:Src/sdadc.c   ****   if (HAL_SDADC_PrepareChannelConfig(&hsdadc2, SDADC_CONF_INDEX_0, &ConfParamStruct) != HAL_OK)
 282              		.loc 1 138 3 is_stmt 1 view .LVU82
 283              		.loc 1 138 7 is_stmt 0 view .LVU83
 284 003e 6A46     		mov	r2, sp
 285 0040 0748     		ldr	r0, .L27
 286 0042 FFF7FEFF 		bl	HAL_SDADC_PrepareChannelConfig
 287              	.LVL16:
 288              		.loc 1 138 6 view .LVU84
 289 0046 40B9     		cbnz	r0, .L26
 290              	.L19:
 139:Src/sdadc.c   ****   {
 140:Src/sdadc.c   ****     Error_Handler();
 141:Src/sdadc.c   ****   }
 142:Src/sdadc.c   **** 
 143:Src/sdadc.c   **** }
 291              		.loc 1 143 1 view .LVU85
 292 0048 05B0     		add	sp, sp, #20
 293              	.LCFI6:
 294              		.cfi_remember_state
 295              		.cfi_def_cfa_offset 4
 296              		@ sp needed
 297 004a 5DF804FB 		ldr	pc, [sp], #4
 298              	.L24:
 299              	.LCFI7:
 300              		.cfi_restore_state
 124:Src/sdadc.c   ****   }
 301              		.loc 1 124 5 is_stmt 1 view .LVU86
 302 004e FFF7FEFF 		bl	Error_Handler
 303              	.LVL17:
 304 0052 E8E7     		b	.L20
 305              	.L25:
 130:Src/sdadc.c   ****   }
 306              		.loc 1 130 5 view .LVU87
 307 0054 FFF7FEFF 		bl	Error_Handler
ARM GAS  /var/folders/80/65lm4rm97rv_n74c85vt01040000gn/T//cckpz0JK.s 			page 9


 308              	.LVL18:
 309 0058 EAE7     		b	.L21
 310              	.L26:
 140:Src/sdadc.c   ****   }
 311              		.loc 1 140 5 view .LVU88
 312 005a FFF7FEFF 		bl	Error_Handler
 313              	.LVL19:
 314              		.loc 1 143 1 is_stmt 0 view .LVU89
 315 005e F3E7     		b	.L19
 316              	.L28:
 317              		.align	2
 318              	.L27:
 319 0060 00000000 		.word	.LANCHOR1
 320 0064 00640140 		.word	1073832960
 321              		.cfi_endproc
 322              	.LFE127:
 324              		.section	.text.MX_SDADC3_Init,"ax",%progbits
 325              		.align	1
 326              		.global	MX_SDADC3_Init
 327              		.syntax unified
 328              		.thumb
 329              		.thumb_func
 330              		.fpu fpv4-sp-d16
 332              	MX_SDADC3_Init:
 333              	.LFB128:
 144:Src/sdadc.c   **** /* SDADC3 init function */
 145:Src/sdadc.c   **** void MX_SDADC3_Init(void)
 146:Src/sdadc.c   **** {
 334              		.loc 1 146 1 is_stmt 1 view -0
 335              		.cfi_startproc
 336              		@ args = 0, pretend = 0, frame = 16
 337              		@ frame_needed = 0, uses_anonymous_args = 0
 338 0000 00B5     		push	{lr}
 339              	.LCFI8:
 340              		.cfi_def_cfa_offset 4
 341              		.cfi_offset 14, -4
 342 0002 85B0     		sub	sp, sp, #20
 343              	.LCFI9:
 344              		.cfi_def_cfa_offset 24
 147:Src/sdadc.c   ****   SDADC_ConfParamTypeDef ConfParamStruct = {0};
 345              		.loc 1 147 3 view .LVU91
 346              		.loc 1 147 26 is_stmt 0 view .LVU92
 347 0004 0023     		movs	r3, #0
 348 0006 0093     		str	r3, [sp]
 349 0008 0193     		str	r3, [sp, #4]
 350 000a 0293     		str	r3, [sp, #8]
 351 000c 0393     		str	r3, [sp, #12]
 148:Src/sdadc.c   **** 
 149:Src/sdadc.c   ****   /**Configure the SDADC low power mode, fast conversion mode,
 150:Src/sdadc.c   ****   slow clock mode and SDADC1 reference voltage 
 151:Src/sdadc.c   ****   */
 152:Src/sdadc.c   ****   hsdadc3.Instance = SDADC3;
 352              		.loc 1 152 3 is_stmt 1 view .LVU93
 353              		.loc 1 152 20 is_stmt 0 view .LVU94
 354 000e 1448     		ldr	r0, .L37
 355 0010 144A     		ldr	r2, .L37+4
 356 0012 0260     		str	r2, [r0]
ARM GAS  /var/folders/80/65lm4rm97rv_n74c85vt01040000gn/T//cckpz0JK.s 			page 10


 153:Src/sdadc.c   ****   hsdadc3.Init.IdleLowPowerMode = SDADC_LOWPOWER_NONE;
 357              		.loc 1 153 3 is_stmt 1 view .LVU95
 358              		.loc 1 153 33 is_stmt 0 view .LVU96
 359 0014 4360     		str	r3, [r0, #4]
 154:Src/sdadc.c   ****   hsdadc3.Init.FastConversionMode = SDADC_FAST_CONV_DISABLE;
 360              		.loc 1 154 3 is_stmt 1 view .LVU97
 361              		.loc 1 154 35 is_stmt 0 view .LVU98
 362 0016 8360     		str	r3, [r0, #8]
 155:Src/sdadc.c   ****   hsdadc3.Init.SlowClockMode = SDADC_SLOW_CLOCK_DISABLE;
 363              		.loc 1 155 3 is_stmt 1 view .LVU99
 364              		.loc 1 155 30 is_stmt 0 view .LVU100
 365 0018 C360     		str	r3, [r0, #12]
 156:Src/sdadc.c   ****   hsdadc3.Init.ReferenceVoltage = SDADC_VREF_VDDA;
 366              		.loc 1 156 3 is_stmt 1 view .LVU101
 367              		.loc 1 156 33 is_stmt 0 view .LVU102
 368 001a 4FF44073 		mov	r3, #768
 369 001e 0361     		str	r3, [r0, #16]
 157:Src/sdadc.c   ****   if (HAL_SDADC_Init(&hsdadc3) != HAL_OK)
 370              		.loc 1 157 3 is_stmt 1 view .LVU103
 371              		.loc 1 157 7 is_stmt 0 view .LVU104
 372 0020 FFF7FEFF 		bl	HAL_SDADC_Init
 373              	.LVL20:
 374              		.loc 1 157 6 view .LVU105
 375 0024 98B9     		cbnz	r0, .L34
 376              	.L30:
 158:Src/sdadc.c   ****   {
 159:Src/sdadc.c   ****     Error_Handler();
 160:Src/sdadc.c   ****   }
 161:Src/sdadc.c   ****   /**Configure The Regular Mode 
 162:Src/sdadc.c   ****   */
 163:Src/sdadc.c   ****   if (HAL_SDADC_SelectRegularTrigger(&hsdadc3, SDADC_SOFTWARE_TRIGGER) != HAL_OK)
 377              		.loc 1 163 3 is_stmt 1 view .LVU106
 378              		.loc 1 163 7 is_stmt 0 view .LVU107
 379 0026 0021     		movs	r1, #0
 380 0028 0D48     		ldr	r0, .L37
 381 002a FFF7FEFF 		bl	HAL_SDADC_SelectRegularTrigger
 382              	.LVL21:
 383              		.loc 1 163 6 view .LVU108
 384 002e 88B9     		cbnz	r0, .L35
 385              	.L31:
 164:Src/sdadc.c   ****   {
 165:Src/sdadc.c   ****     Error_Handler();
 166:Src/sdadc.c   ****   }
 167:Src/sdadc.c   ****   /**Set parameters for SDADC configuration 0 Register 
 168:Src/sdadc.c   ****   */
 169:Src/sdadc.c   ****   ConfParamStruct.InputMode = SDADC_INPUT_MODE_SE_ZERO_REFERENCE;
 386              		.loc 1 169 3 is_stmt 1 view .LVU109
 387              		.loc 1 169 29 is_stmt 0 view .LVU110
 388 0030 4FF04063 		mov	r3, #201326592
 389 0034 0093     		str	r3, [sp]
 170:Src/sdadc.c   ****   ConfParamStruct.Gain = SDADC_GAIN_1;
 390              		.loc 1 170 3 is_stmt 1 view .LVU111
 391              		.loc 1 170 24 is_stmt 0 view .LVU112
 392 0036 0021     		movs	r1, #0
 393 0038 0191     		str	r1, [sp, #4]
 171:Src/sdadc.c   ****   ConfParamStruct.CommonMode = SDADC_COMMON_MODE_VSSA;
 394              		.loc 1 171 3 is_stmt 1 view .LVU113
ARM GAS  /var/folders/80/65lm4rm97rv_n74c85vt01040000gn/T//cckpz0JK.s 			page 11


 395              		.loc 1 171 30 is_stmt 0 view .LVU114
 396 003a 0291     		str	r1, [sp, #8]
 172:Src/sdadc.c   ****   ConfParamStruct.Offset = 0;
 397              		.loc 1 172 3 is_stmt 1 view .LVU115
 398              		.loc 1 172 26 is_stmt 0 view .LVU116
 399 003c 0391     		str	r1, [sp, #12]
 173:Src/sdadc.c   ****   if (HAL_SDADC_PrepareChannelConfig(&hsdadc3, SDADC_CONF_INDEX_0, &ConfParamStruct) != HAL_OK)
 400              		.loc 1 173 3 is_stmt 1 view .LVU117
 401              		.loc 1 173 7 is_stmt 0 view .LVU118
 402 003e 6A46     		mov	r2, sp
 403 0040 0748     		ldr	r0, .L37
 404 0042 FFF7FEFF 		bl	HAL_SDADC_PrepareChannelConfig
 405              	.LVL22:
 406              		.loc 1 173 6 view .LVU119
 407 0046 40B9     		cbnz	r0, .L36
 408              	.L29:
 174:Src/sdadc.c   ****   {
 175:Src/sdadc.c   ****     Error_Handler();
 176:Src/sdadc.c   ****   }
 177:Src/sdadc.c   **** 
 178:Src/sdadc.c   **** }
 409              		.loc 1 178 1 view .LVU120
 410 0048 05B0     		add	sp, sp, #20
 411              	.LCFI10:
 412              		.cfi_remember_state
 413              		.cfi_def_cfa_offset 4
 414              		@ sp needed
 415 004a 5DF804FB 		ldr	pc, [sp], #4
 416              	.L34:
 417              	.LCFI11:
 418              		.cfi_restore_state
 159:Src/sdadc.c   ****   }
 419              		.loc 1 159 5 is_stmt 1 view .LVU121
 420 004e FFF7FEFF 		bl	Error_Handler
 421              	.LVL23:
 422 0052 E8E7     		b	.L30
 423              	.L35:
 165:Src/sdadc.c   ****   }
 424              		.loc 1 165 5 view .LVU122
 425 0054 FFF7FEFF 		bl	Error_Handler
 426              	.LVL24:
 427 0058 EAE7     		b	.L31
 428              	.L36:
 175:Src/sdadc.c   ****   }
 429              		.loc 1 175 5 view .LVU123
 430 005a FFF7FEFF 		bl	Error_Handler
 431              	.LVL25:
 432              		.loc 1 178 1 is_stmt 0 view .LVU124
 433 005e F3E7     		b	.L29
 434              	.L38:
 435              		.align	2
 436              	.L37:
 437 0060 00000000 		.word	.LANCHOR2
 438 0064 00680140 		.word	1073833984
 439              		.cfi_endproc
 440              	.LFE128:
 442              		.section	.text.HAL_SDADC_MspInit,"ax",%progbits
ARM GAS  /var/folders/80/65lm4rm97rv_n74c85vt01040000gn/T//cckpz0JK.s 			page 12


 443              		.align	1
 444              		.global	HAL_SDADC_MspInit
 445              		.syntax unified
 446              		.thumb
 447              		.thumb_func
 448              		.fpu fpv4-sp-d16
 450              	HAL_SDADC_MspInit:
 451              	.LVL26:
 452              	.LFB129:
 179:Src/sdadc.c   **** 
 180:Src/sdadc.c   **** void HAL_SDADC_MspInit(SDADC_HandleTypeDef* sdadcHandle)
 181:Src/sdadc.c   **** {
 453              		.loc 1 181 1 is_stmt 1 view -0
 454              		.cfi_startproc
 455              		@ args = 0, pretend = 0, frame = 48
 456              		@ frame_needed = 0, uses_anonymous_args = 0
 457              		.loc 1 181 1 is_stmt 0 view .LVU126
 458 0000 30B5     		push	{r4, r5, lr}
 459              	.LCFI12:
 460              		.cfi_def_cfa_offset 12
 461              		.cfi_offset 4, -12
 462              		.cfi_offset 5, -8
 463              		.cfi_offset 14, -4
 464 0002 8DB0     		sub	sp, sp, #52
 465              	.LCFI13:
 466              		.cfi_def_cfa_offset 64
 467 0004 0446     		mov	r4, r0
 182:Src/sdadc.c   **** 
 183:Src/sdadc.c   ****   GPIO_InitTypeDef GPIO_InitStruct = {0};
 468              		.loc 1 183 3 is_stmt 1 view .LVU127
 469              		.loc 1 183 20 is_stmt 0 view .LVU128
 470 0006 0023     		movs	r3, #0
 471 0008 0793     		str	r3, [sp, #28]
 472 000a 0893     		str	r3, [sp, #32]
 473 000c 0993     		str	r3, [sp, #36]
 474 000e 0A93     		str	r3, [sp, #40]
 475 0010 0B93     		str	r3, [sp, #44]
 184:Src/sdadc.c   ****   if(sdadcHandle->Instance==SDADC1)
 476              		.loc 1 184 3 is_stmt 1 view .LVU129
 477              		.loc 1 184 17 is_stmt 0 view .LVU130
 478 0012 0368     		ldr	r3, [r0]
 479              		.loc 1 184 5 view .LVU131
 480 0014 574A     		ldr	r2, .L53
 481 0016 9342     		cmp	r3, r2
 482 0018 07D0     		beq	.L47
 185:Src/sdadc.c   ****   {
 186:Src/sdadc.c   ****   /* USER CODE BEGIN SDADC1_MspInit 0 */
 187:Src/sdadc.c   **** 
 188:Src/sdadc.c   ****   /* USER CODE END SDADC1_MspInit 0 */
 189:Src/sdadc.c   ****     /* SDADC1 clock enable */
 190:Src/sdadc.c   ****     __HAL_RCC_SDADC1_CLK_ENABLE();
 191:Src/sdadc.c   ****   
 192:Src/sdadc.c   ****     __HAL_RCC_GPIOB_CLK_ENABLE();
 193:Src/sdadc.c   ****     /**SDADC1 GPIO Configuration    
 194:Src/sdadc.c   ****     PB0     ------> SDADC1_AIN6P 
 195:Src/sdadc.c   ****     */
 196:Src/sdadc.c   ****     GPIO_InitStruct.Pin = GPIO_PIN_0;
ARM GAS  /var/folders/80/65lm4rm97rv_n74c85vt01040000gn/T//cckpz0JK.s 			page 13


 197:Src/sdadc.c   ****     GPIO_InitStruct.Mode = GPIO_MODE_ANALOG;
 198:Src/sdadc.c   ****     GPIO_InitStruct.Pull = GPIO_NOPULL;
 199:Src/sdadc.c   ****     HAL_GPIO_Init(GPIOB, &GPIO_InitStruct);
 200:Src/sdadc.c   **** 
 201:Src/sdadc.c   ****     /* SDADC1 DMA Init */
 202:Src/sdadc.c   ****     /* SDADC1 Init */
 203:Src/sdadc.c   ****     hdma_sdadc1.Instance = DMA2_Channel3;
 204:Src/sdadc.c   ****     hdma_sdadc1.Init.Direction = DMA_PERIPH_TO_MEMORY;
 205:Src/sdadc.c   ****     hdma_sdadc1.Init.PeriphInc = DMA_PINC_DISABLE;
 206:Src/sdadc.c   ****     hdma_sdadc1.Init.MemInc = DMA_MINC_ENABLE;
 207:Src/sdadc.c   ****     hdma_sdadc1.Init.PeriphDataAlignment = DMA_PDATAALIGN_HALFWORD;
 208:Src/sdadc.c   ****     hdma_sdadc1.Init.MemDataAlignment = DMA_MDATAALIGN_HALFWORD;
 209:Src/sdadc.c   ****     hdma_sdadc1.Init.Mode = DMA_NORMAL;
 210:Src/sdadc.c   ****     hdma_sdadc1.Init.Priority = DMA_PRIORITY_HIGH;
 211:Src/sdadc.c   ****     if (HAL_DMA_Init(&hdma_sdadc1) != HAL_OK)
 212:Src/sdadc.c   ****     {
 213:Src/sdadc.c   ****       Error_Handler();
 214:Src/sdadc.c   ****     }
 215:Src/sdadc.c   **** 
 216:Src/sdadc.c   ****     __HAL_LINKDMA(sdadcHandle,hdma,hdma_sdadc1);
 217:Src/sdadc.c   **** 
 218:Src/sdadc.c   ****   /* USER CODE BEGIN SDADC1_MspInit 1 */
 219:Src/sdadc.c   **** 
 220:Src/sdadc.c   ****   /* USER CODE END SDADC1_MspInit 1 */
 221:Src/sdadc.c   ****   }
 222:Src/sdadc.c   ****   else if(sdadcHandle->Instance==SDADC2)
 483              		.loc 1 222 8 is_stmt 1 view .LVU132
 484              		.loc 1 222 10 is_stmt 0 view .LVU133
 485 001a 574A     		ldr	r2, .L53+4
 486 001c 9342     		cmp	r3, r2
 487 001e 3BD0     		beq	.L48
 223:Src/sdadc.c   ****   {
 224:Src/sdadc.c   ****   /* USER CODE BEGIN SDADC2_MspInit 0 */
 225:Src/sdadc.c   **** 
 226:Src/sdadc.c   ****   /* USER CODE END SDADC2_MspInit 0 */
 227:Src/sdadc.c   ****     /* SDADC2 clock enable */
 228:Src/sdadc.c   ****     __HAL_RCC_SDADC2_CLK_ENABLE();
 229:Src/sdadc.c   ****   
 230:Src/sdadc.c   ****     __HAL_RCC_GPIOB_CLK_ENABLE();
 231:Src/sdadc.c   ****     /**SDADC2 GPIO Configuration    
 232:Src/sdadc.c   ****     PB2     ------> SDADC2_AIN6P 
 233:Src/sdadc.c   ****     */
 234:Src/sdadc.c   ****     GPIO_InitStruct.Pin = GPIO_PIN_2;
 235:Src/sdadc.c   ****     GPIO_InitStruct.Mode = GPIO_MODE_ANALOG;
 236:Src/sdadc.c   ****     GPIO_InitStruct.Pull = GPIO_NOPULL;
 237:Src/sdadc.c   ****     HAL_GPIO_Init(GPIOB, &GPIO_InitStruct);
 238:Src/sdadc.c   **** 
 239:Src/sdadc.c   ****     /* SDADC2 DMA Init */
 240:Src/sdadc.c   ****     /* SDADC2 Init */
 241:Src/sdadc.c   ****     hdma_sdadc2.Instance = DMA2_Channel4;
 242:Src/sdadc.c   ****     hdma_sdadc2.Init.Direction = DMA_PERIPH_TO_MEMORY;
 243:Src/sdadc.c   ****     hdma_sdadc2.Init.PeriphInc = DMA_PINC_DISABLE;
 244:Src/sdadc.c   ****     hdma_sdadc2.Init.MemInc = DMA_MINC_ENABLE;
 245:Src/sdadc.c   ****     hdma_sdadc2.Init.PeriphDataAlignment = DMA_PDATAALIGN_HALFWORD;
 246:Src/sdadc.c   ****     hdma_sdadc2.Init.MemDataAlignment = DMA_MDATAALIGN_HALFWORD;
 247:Src/sdadc.c   ****     hdma_sdadc2.Init.Mode = DMA_NORMAL;
 248:Src/sdadc.c   ****     hdma_sdadc2.Init.Priority = DMA_PRIORITY_HIGH;
ARM GAS  /var/folders/80/65lm4rm97rv_n74c85vt01040000gn/T//cckpz0JK.s 			page 14


 249:Src/sdadc.c   ****     if (HAL_DMA_Init(&hdma_sdadc2) != HAL_OK)
 250:Src/sdadc.c   ****     {
 251:Src/sdadc.c   ****       Error_Handler();
 252:Src/sdadc.c   ****     }
 253:Src/sdadc.c   **** 
 254:Src/sdadc.c   ****     __HAL_LINKDMA(sdadcHandle,hdma,hdma_sdadc2);
 255:Src/sdadc.c   **** 
 256:Src/sdadc.c   ****   /* USER CODE BEGIN SDADC2_MspInit 1 */
 257:Src/sdadc.c   **** 
 258:Src/sdadc.c   ****   /* USER CODE END SDADC2_MspInit 1 */
 259:Src/sdadc.c   ****   }
 260:Src/sdadc.c   ****   else if(sdadcHandle->Instance==SDADC3)
 488              		.loc 1 260 8 is_stmt 1 view .LVU134
 489              		.loc 1 260 10 is_stmt 0 view .LVU135
 490 0020 564A     		ldr	r2, .L53+8
 491 0022 9342     		cmp	r3, r2
 492 0024 6FD0     		beq	.L49
 493              	.LVL27:
 494              	.L39:
 261:Src/sdadc.c   ****   {
 262:Src/sdadc.c   ****   /* USER CODE BEGIN SDADC3_MspInit 0 */
 263:Src/sdadc.c   **** 
 264:Src/sdadc.c   ****   /* USER CODE END SDADC3_MspInit 0 */
 265:Src/sdadc.c   ****     /* SDADC3 clock enable */
 266:Src/sdadc.c   ****     __HAL_RCC_SDADC3_CLK_ENABLE();
 267:Src/sdadc.c   ****   
 268:Src/sdadc.c   ****     __HAL_RCC_GPIOD_CLK_ENABLE();
 269:Src/sdadc.c   ****     /**SDADC3 GPIO Configuration    
 270:Src/sdadc.c   ****     PD8     ------> SDADC3_AIN6P 
 271:Src/sdadc.c   ****     */
 272:Src/sdadc.c   ****     GPIO_InitStruct.Pin = GPIO_PIN_8;
 273:Src/sdadc.c   ****     GPIO_InitStruct.Mode = GPIO_MODE_ANALOG;
 274:Src/sdadc.c   ****     GPIO_InitStruct.Pull = GPIO_NOPULL;
 275:Src/sdadc.c   ****     HAL_GPIO_Init(GPIOD, &GPIO_InitStruct);
 276:Src/sdadc.c   **** 
 277:Src/sdadc.c   ****     /* SDADC3 DMA Init */
 278:Src/sdadc.c   ****     /* SDADC3 Init */
 279:Src/sdadc.c   ****     hdma_sdadc3.Instance = DMA2_Channel5;
 280:Src/sdadc.c   ****     hdma_sdadc3.Init.Direction = DMA_PERIPH_TO_MEMORY;
 281:Src/sdadc.c   ****     hdma_sdadc3.Init.PeriphInc = DMA_PINC_DISABLE;
 282:Src/sdadc.c   ****     hdma_sdadc3.Init.MemInc = DMA_MINC_ENABLE;
 283:Src/sdadc.c   ****     hdma_sdadc3.Init.PeriphDataAlignment = DMA_PDATAALIGN_HALFWORD;
 284:Src/sdadc.c   ****     hdma_sdadc3.Init.MemDataAlignment = DMA_MDATAALIGN_HALFWORD;
 285:Src/sdadc.c   ****     hdma_sdadc3.Init.Mode = DMA_NORMAL;
 286:Src/sdadc.c   ****     hdma_sdadc3.Init.Priority = DMA_PRIORITY_HIGH;
 287:Src/sdadc.c   ****     if (HAL_DMA_Init(&hdma_sdadc3) != HAL_OK)
 288:Src/sdadc.c   ****     {
 289:Src/sdadc.c   ****       Error_Handler();
 290:Src/sdadc.c   ****     }
 291:Src/sdadc.c   **** 
 292:Src/sdadc.c   ****     __HAL_LINKDMA(sdadcHandle,hdma,hdma_sdadc3);
 293:Src/sdadc.c   **** 
 294:Src/sdadc.c   ****   /* USER CODE BEGIN SDADC3_MspInit 1 */
 295:Src/sdadc.c   **** 
 296:Src/sdadc.c   ****   /* USER CODE END SDADC3_MspInit 1 */
 297:Src/sdadc.c   ****   }
 298:Src/sdadc.c   **** }
ARM GAS  /var/folders/80/65lm4rm97rv_n74c85vt01040000gn/T//cckpz0JK.s 			page 15


 495              		.loc 1 298 1 view .LVU136
 496 0026 0DB0     		add	sp, sp, #52
 497              	.LCFI14:
 498              		.cfi_remember_state
 499              		.cfi_def_cfa_offset 12
 500              		@ sp needed
 501 0028 30BD     		pop	{r4, r5, pc}
 502              	.LVL28:
 503              	.L47:
 504              	.LCFI15:
 505              		.cfi_restore_state
 190:Src/sdadc.c   ****   
 506              		.loc 1 190 5 is_stmt 1 view .LVU137
 507              	.LBB2:
 190:Src/sdadc.c   ****   
 508              		.loc 1 190 5 view .LVU138
 190:Src/sdadc.c   ****   
 509              		.loc 1 190 5 view .LVU139
 510 002a 554B     		ldr	r3, .L53+12
 511 002c 9A69     		ldr	r2, [r3, #24]
 512 002e 42F08072 		orr	r2, r2, #16777216
 513 0032 9A61     		str	r2, [r3, #24]
 190:Src/sdadc.c   ****   
 514              		.loc 1 190 5 view .LVU140
 515 0034 9A69     		ldr	r2, [r3, #24]
 516 0036 02F08072 		and	r2, r2, #16777216
 517 003a 0192     		str	r2, [sp, #4]
 190:Src/sdadc.c   ****   
 518              		.loc 1 190 5 view .LVU141
 519 003c 019A     		ldr	r2, [sp, #4]
 520              	.LBE2:
 190:Src/sdadc.c   ****   
 521              		.loc 1 190 5 view .LVU142
 192:Src/sdadc.c   ****     /**SDADC1 GPIO Configuration    
 522              		.loc 1 192 5 view .LVU143
 523              	.LBB3:
 192:Src/sdadc.c   ****     /**SDADC1 GPIO Configuration    
 524              		.loc 1 192 5 view .LVU144
 192:Src/sdadc.c   ****     /**SDADC1 GPIO Configuration    
 525              		.loc 1 192 5 view .LVU145
 526 003e 5A69     		ldr	r2, [r3, #20]
 527 0040 42F48022 		orr	r2, r2, #262144
 528 0044 5A61     		str	r2, [r3, #20]
 192:Src/sdadc.c   ****     /**SDADC1 GPIO Configuration    
 529              		.loc 1 192 5 view .LVU146
 530 0046 5B69     		ldr	r3, [r3, #20]
 531 0048 03F48023 		and	r3, r3, #262144
 532 004c 0293     		str	r3, [sp, #8]
 192:Src/sdadc.c   ****     /**SDADC1 GPIO Configuration    
 533              		.loc 1 192 5 view .LVU147
 534 004e 029B     		ldr	r3, [sp, #8]
 535              	.LBE3:
 192:Src/sdadc.c   ****     /**SDADC1 GPIO Configuration    
 536              		.loc 1 192 5 view .LVU148
 196:Src/sdadc.c   ****     GPIO_InitStruct.Mode = GPIO_MODE_ANALOG;
 537              		.loc 1 196 5 view .LVU149
 196:Src/sdadc.c   ****     GPIO_InitStruct.Mode = GPIO_MODE_ANALOG;
ARM GAS  /var/folders/80/65lm4rm97rv_n74c85vt01040000gn/T//cckpz0JK.s 			page 16


 538              		.loc 1 196 25 is_stmt 0 view .LVU150
 539 0050 0123     		movs	r3, #1
 540 0052 0793     		str	r3, [sp, #28]
 197:Src/sdadc.c   ****     GPIO_InitStruct.Pull = GPIO_NOPULL;
 541              		.loc 1 197 5 is_stmt 1 view .LVU151
 197:Src/sdadc.c   ****     GPIO_InitStruct.Pull = GPIO_NOPULL;
 542              		.loc 1 197 26 is_stmt 0 view .LVU152
 543 0054 0323     		movs	r3, #3
 544 0056 0893     		str	r3, [sp, #32]
 198:Src/sdadc.c   ****     HAL_GPIO_Init(GPIOB, &GPIO_InitStruct);
 545              		.loc 1 198 5 is_stmt 1 view .LVU153
 199:Src/sdadc.c   **** 
 546              		.loc 1 199 5 view .LVU154
 547 0058 07A9     		add	r1, sp, #28
 548 005a 4A48     		ldr	r0, .L53+16
 549              	.LVL29:
 199:Src/sdadc.c   **** 
 550              		.loc 1 199 5 is_stmt 0 view .LVU155
 551 005c FFF7FEFF 		bl	HAL_GPIO_Init
 552              	.LVL30:
 203:Src/sdadc.c   ****     hdma_sdadc1.Init.Direction = DMA_PERIPH_TO_MEMORY;
 553              		.loc 1 203 5 is_stmt 1 view .LVU156
 203:Src/sdadc.c   ****     hdma_sdadc1.Init.Direction = DMA_PERIPH_TO_MEMORY;
 554              		.loc 1 203 26 is_stmt 0 view .LVU157
 555 0060 4948     		ldr	r0, .L53+20
 556 0062 4A4B     		ldr	r3, .L53+24
 557 0064 0360     		str	r3, [r0]
 204:Src/sdadc.c   ****     hdma_sdadc1.Init.PeriphInc = DMA_PINC_DISABLE;
 558              		.loc 1 204 5 is_stmt 1 view .LVU158
 204:Src/sdadc.c   ****     hdma_sdadc1.Init.PeriphInc = DMA_PINC_DISABLE;
 559              		.loc 1 204 32 is_stmt 0 view .LVU159
 560 0066 0023     		movs	r3, #0
 561 0068 4360     		str	r3, [r0, #4]
 205:Src/sdadc.c   ****     hdma_sdadc1.Init.MemInc = DMA_MINC_ENABLE;
 562              		.loc 1 205 5 is_stmt 1 view .LVU160
 205:Src/sdadc.c   ****     hdma_sdadc1.Init.MemInc = DMA_MINC_ENABLE;
 563              		.loc 1 205 32 is_stmt 0 view .LVU161
 564 006a 8360     		str	r3, [r0, #8]
 206:Src/sdadc.c   ****     hdma_sdadc1.Init.PeriphDataAlignment = DMA_PDATAALIGN_HALFWORD;
 565              		.loc 1 206 5 is_stmt 1 view .LVU162
 206:Src/sdadc.c   ****     hdma_sdadc1.Init.PeriphDataAlignment = DMA_PDATAALIGN_HALFWORD;
 566              		.loc 1 206 29 is_stmt 0 view .LVU163
 567 006c 8022     		movs	r2, #128
 568 006e C260     		str	r2, [r0, #12]
 207:Src/sdadc.c   ****     hdma_sdadc1.Init.MemDataAlignment = DMA_MDATAALIGN_HALFWORD;
 569              		.loc 1 207 5 is_stmt 1 view .LVU164
 207:Src/sdadc.c   ****     hdma_sdadc1.Init.MemDataAlignment = DMA_MDATAALIGN_HALFWORD;
 570              		.loc 1 207 42 is_stmt 0 view .LVU165
 571 0070 4FF48072 		mov	r2, #256
 572 0074 0261     		str	r2, [r0, #16]
 208:Src/sdadc.c   ****     hdma_sdadc1.Init.Mode = DMA_NORMAL;
 573              		.loc 1 208 5 is_stmt 1 view .LVU166
 208:Src/sdadc.c   ****     hdma_sdadc1.Init.Mode = DMA_NORMAL;
 574              		.loc 1 208 39 is_stmt 0 view .LVU167
 575 0076 4FF48062 		mov	r2, #1024
 576 007a 4261     		str	r2, [r0, #20]
 209:Src/sdadc.c   ****     hdma_sdadc1.Init.Priority = DMA_PRIORITY_HIGH;
ARM GAS  /var/folders/80/65lm4rm97rv_n74c85vt01040000gn/T//cckpz0JK.s 			page 17


 577              		.loc 1 209 5 is_stmt 1 view .LVU168
 209:Src/sdadc.c   ****     hdma_sdadc1.Init.Priority = DMA_PRIORITY_HIGH;
 578              		.loc 1 209 27 is_stmt 0 view .LVU169
 579 007c 8361     		str	r3, [r0, #24]
 210:Src/sdadc.c   ****     if (HAL_DMA_Init(&hdma_sdadc1) != HAL_OK)
 580              		.loc 1 210 5 is_stmt 1 view .LVU170
 210:Src/sdadc.c   ****     if (HAL_DMA_Init(&hdma_sdadc1) != HAL_OK)
 581              		.loc 1 210 31 is_stmt 0 view .LVU171
 582 007e 4FF40053 		mov	r3, #8192
 583 0082 C361     		str	r3, [r0, #28]
 211:Src/sdadc.c   ****     {
 584              		.loc 1 211 5 is_stmt 1 view .LVU172
 211:Src/sdadc.c   ****     {
 585              		.loc 1 211 9 is_stmt 0 view .LVU173
 586 0084 FFF7FEFF 		bl	HAL_DMA_Init
 587              	.LVL31:
 211:Src/sdadc.c   ****     {
 588              		.loc 1 211 8 view .LVU174
 589 0088 18B9     		cbnz	r0, .L50
 590              	.L41:
 216:Src/sdadc.c   **** 
 591              		.loc 1 216 5 is_stmt 1 view .LVU175
 216:Src/sdadc.c   **** 
 592              		.loc 1 216 5 view .LVU176
 593 008a 3F4B     		ldr	r3, .L53+20
 594 008c 6361     		str	r3, [r4, #20]
 216:Src/sdadc.c   **** 
 595              		.loc 1 216 5 view .LVU177
 596 008e 5C62     		str	r4, [r3, #36]
 216:Src/sdadc.c   **** 
 597              		.loc 1 216 5 view .LVU178
 598 0090 C9E7     		b	.L39
 599              	.L50:
 213:Src/sdadc.c   ****     }
 600              		.loc 1 213 7 view .LVU179
 601 0092 FFF7FEFF 		bl	Error_Handler
 602              	.LVL32:
 603 0096 F8E7     		b	.L41
 604              	.LVL33:
 605              	.L48:
 228:Src/sdadc.c   ****   
 606              		.loc 1 228 5 view .LVU180
 607              	.LBB4:
 228:Src/sdadc.c   ****   
 608              		.loc 1 228 5 view .LVU181
 228:Src/sdadc.c   ****   
 609              		.loc 1 228 5 view .LVU182
 610 0098 394B     		ldr	r3, .L53+12
 611 009a 9A69     		ldr	r2, [r3, #24]
 612 009c 42F00072 		orr	r2, r2, #33554432
 613 00a0 9A61     		str	r2, [r3, #24]
 228:Src/sdadc.c   ****   
 614              		.loc 1 228 5 view .LVU183
 615 00a2 9A69     		ldr	r2, [r3, #24]
 616 00a4 02F00072 		and	r2, r2, #33554432
 617 00a8 0392     		str	r2, [sp, #12]
 228:Src/sdadc.c   ****   
ARM GAS  /var/folders/80/65lm4rm97rv_n74c85vt01040000gn/T//cckpz0JK.s 			page 18


 618              		.loc 1 228 5 view .LVU184
 619 00aa 039A     		ldr	r2, [sp, #12]
 620              	.LBE4:
 228:Src/sdadc.c   ****   
 621              		.loc 1 228 5 view .LVU185
 230:Src/sdadc.c   ****     /**SDADC2 GPIO Configuration    
 622              		.loc 1 230 5 view .LVU186
 623              	.LBB5:
 230:Src/sdadc.c   ****     /**SDADC2 GPIO Configuration    
 624              		.loc 1 230 5 view .LVU187
 230:Src/sdadc.c   ****     /**SDADC2 GPIO Configuration    
 625              		.loc 1 230 5 view .LVU188
 626 00ac 5A69     		ldr	r2, [r3, #20]
 627 00ae 42F48022 		orr	r2, r2, #262144
 628 00b2 5A61     		str	r2, [r3, #20]
 230:Src/sdadc.c   ****     /**SDADC2 GPIO Configuration    
 629              		.loc 1 230 5 view .LVU189
 630 00b4 5B69     		ldr	r3, [r3, #20]
 631 00b6 03F48023 		and	r3, r3, #262144
 632 00ba 0493     		str	r3, [sp, #16]
 230:Src/sdadc.c   ****     /**SDADC2 GPIO Configuration    
 633              		.loc 1 230 5 view .LVU190
 634 00bc 049B     		ldr	r3, [sp, #16]
 635              	.LBE5:
 230:Src/sdadc.c   ****     /**SDADC2 GPIO Configuration    
 636              		.loc 1 230 5 view .LVU191
 234:Src/sdadc.c   ****     GPIO_InitStruct.Mode = GPIO_MODE_ANALOG;
 637              		.loc 1 234 5 view .LVU192
 234:Src/sdadc.c   ****     GPIO_InitStruct.Mode = GPIO_MODE_ANALOG;
 638              		.loc 1 234 25 is_stmt 0 view .LVU193
 639 00be 0423     		movs	r3, #4
 640 00c0 0793     		str	r3, [sp, #28]
 235:Src/sdadc.c   ****     GPIO_InitStruct.Pull = GPIO_NOPULL;
 641              		.loc 1 235 5 is_stmt 1 view .LVU194
 235:Src/sdadc.c   ****     GPIO_InitStruct.Pull = GPIO_NOPULL;
 642              		.loc 1 235 26 is_stmt 0 view .LVU195
 643 00c2 0323     		movs	r3, #3
 644 00c4 0893     		str	r3, [sp, #32]
 236:Src/sdadc.c   ****     HAL_GPIO_Init(GPIOB, &GPIO_InitStruct);
 645              		.loc 1 236 5 is_stmt 1 view .LVU196
 237:Src/sdadc.c   **** 
 646              		.loc 1 237 5 view .LVU197
 647 00c6 07A9     		add	r1, sp, #28
 648 00c8 2E48     		ldr	r0, .L53+16
 649              	.LVL34:
 237:Src/sdadc.c   **** 
 650              		.loc 1 237 5 is_stmt 0 view .LVU198
 651 00ca FFF7FEFF 		bl	HAL_GPIO_Init
 652              	.LVL35:
 241:Src/sdadc.c   ****     hdma_sdadc2.Init.Direction = DMA_PERIPH_TO_MEMORY;
 653              		.loc 1 241 5 is_stmt 1 view .LVU199
 241:Src/sdadc.c   ****     hdma_sdadc2.Init.Direction = DMA_PERIPH_TO_MEMORY;
 654              		.loc 1 241 26 is_stmt 0 view .LVU200
 655 00ce 3048     		ldr	r0, .L53+28
 656 00d0 304B     		ldr	r3, .L53+32
 657 00d2 0360     		str	r3, [r0]
 242:Src/sdadc.c   ****     hdma_sdadc2.Init.PeriphInc = DMA_PINC_DISABLE;
ARM GAS  /var/folders/80/65lm4rm97rv_n74c85vt01040000gn/T//cckpz0JK.s 			page 19


 658              		.loc 1 242 5 is_stmt 1 view .LVU201
 242:Src/sdadc.c   ****     hdma_sdadc2.Init.PeriphInc = DMA_PINC_DISABLE;
 659              		.loc 1 242 32 is_stmt 0 view .LVU202
 660 00d4 0023     		movs	r3, #0
 661 00d6 4360     		str	r3, [r0, #4]
 243:Src/sdadc.c   ****     hdma_sdadc2.Init.MemInc = DMA_MINC_ENABLE;
 662              		.loc 1 243 5 is_stmt 1 view .LVU203
 243:Src/sdadc.c   ****     hdma_sdadc2.Init.MemInc = DMA_MINC_ENABLE;
 663              		.loc 1 243 32 is_stmt 0 view .LVU204
 664 00d8 8360     		str	r3, [r0, #8]
 244:Src/sdadc.c   ****     hdma_sdadc2.Init.PeriphDataAlignment = DMA_PDATAALIGN_HALFWORD;
 665              		.loc 1 244 5 is_stmt 1 view .LVU205
 244:Src/sdadc.c   ****     hdma_sdadc2.Init.PeriphDataAlignment = DMA_PDATAALIGN_HALFWORD;
 666              		.loc 1 244 29 is_stmt 0 view .LVU206
 667 00da 8022     		movs	r2, #128
 668 00dc C260     		str	r2, [r0, #12]
 245:Src/sdadc.c   ****     hdma_sdadc2.Init.MemDataAlignment = DMA_MDATAALIGN_HALFWORD;
 669              		.loc 1 245 5 is_stmt 1 view .LVU207
 245:Src/sdadc.c   ****     hdma_sdadc2.Init.MemDataAlignment = DMA_MDATAALIGN_HALFWORD;
 670              		.loc 1 245 42 is_stmt 0 view .LVU208
 671 00de 4FF48072 		mov	r2, #256
 672 00e2 0261     		str	r2, [r0, #16]
 246:Src/sdadc.c   ****     hdma_sdadc2.Init.Mode = DMA_NORMAL;
 673              		.loc 1 246 5 is_stmt 1 view .LVU209
 246:Src/sdadc.c   ****     hdma_sdadc2.Init.Mode = DMA_NORMAL;
 674              		.loc 1 246 39 is_stmt 0 view .LVU210
 675 00e4 4FF48062 		mov	r2, #1024
 676 00e8 4261     		str	r2, [r0, #20]
 247:Src/sdadc.c   ****     hdma_sdadc2.Init.Priority = DMA_PRIORITY_HIGH;
 677              		.loc 1 247 5 is_stmt 1 view .LVU211
 247:Src/sdadc.c   ****     hdma_sdadc2.Init.Priority = DMA_PRIORITY_HIGH;
 678              		.loc 1 247 27 is_stmt 0 view .LVU212
 679 00ea 8361     		str	r3, [r0, #24]
 248:Src/sdadc.c   ****     if (HAL_DMA_Init(&hdma_sdadc2) != HAL_OK)
 680              		.loc 1 248 5 is_stmt 1 view .LVU213
 248:Src/sdadc.c   ****     if (HAL_DMA_Init(&hdma_sdadc2) != HAL_OK)
 681              		.loc 1 248 31 is_stmt 0 view .LVU214
 682 00ec 4FF40053 		mov	r3, #8192
 683 00f0 C361     		str	r3, [r0, #28]
 249:Src/sdadc.c   ****     {
 684              		.loc 1 249 5 is_stmt 1 view .LVU215
 249:Src/sdadc.c   ****     {
 685              		.loc 1 249 9 is_stmt 0 view .LVU216
 686 00f2 FFF7FEFF 		bl	HAL_DMA_Init
 687              	.LVL36:
 249:Src/sdadc.c   ****     {
 688              		.loc 1 249 8 view .LVU217
 689 00f6 18B9     		cbnz	r0, .L51
 690              	.L44:
 254:Src/sdadc.c   **** 
 691              		.loc 1 254 5 is_stmt 1 view .LVU218
 254:Src/sdadc.c   **** 
 692              		.loc 1 254 5 view .LVU219
 693 00f8 254B     		ldr	r3, .L53+28
 694 00fa 6361     		str	r3, [r4, #20]
 254:Src/sdadc.c   **** 
 695              		.loc 1 254 5 view .LVU220
ARM GAS  /var/folders/80/65lm4rm97rv_n74c85vt01040000gn/T//cckpz0JK.s 			page 20


 696 00fc 5C62     		str	r4, [r3, #36]
 254:Src/sdadc.c   **** 
 697              		.loc 1 254 5 view .LVU221
 698 00fe 92E7     		b	.L39
 699              	.L51:
 251:Src/sdadc.c   ****     }
 700              		.loc 1 251 7 view .LVU222
 701 0100 FFF7FEFF 		bl	Error_Handler
 702              	.LVL37:
 703 0104 F8E7     		b	.L44
 704              	.LVL38:
 705              	.L49:
 266:Src/sdadc.c   ****   
 706              		.loc 1 266 5 view .LVU223
 707              	.LBB6:
 266:Src/sdadc.c   ****   
 708              		.loc 1 266 5 view .LVU224
 266:Src/sdadc.c   ****   
 709              		.loc 1 266 5 view .LVU225
 710 0106 1E4B     		ldr	r3, .L53+12
 711 0108 9A69     		ldr	r2, [r3, #24]
 712 010a 42F08062 		orr	r2, r2, #67108864
 713 010e 9A61     		str	r2, [r3, #24]
 266:Src/sdadc.c   ****   
 714              		.loc 1 266 5 view .LVU226
 715 0110 9A69     		ldr	r2, [r3, #24]
 716 0112 02F08062 		and	r2, r2, #67108864
 717 0116 0592     		str	r2, [sp, #20]
 266:Src/sdadc.c   ****   
 718              		.loc 1 266 5 view .LVU227
 719 0118 059A     		ldr	r2, [sp, #20]
 720              	.LBE6:
 266:Src/sdadc.c   ****   
 721              		.loc 1 266 5 view .LVU228
 268:Src/sdadc.c   ****     /**SDADC3 GPIO Configuration    
 722              		.loc 1 268 5 view .LVU229
 723              	.LBB7:
 268:Src/sdadc.c   ****     /**SDADC3 GPIO Configuration    
 724              		.loc 1 268 5 view .LVU230
 268:Src/sdadc.c   ****     /**SDADC3 GPIO Configuration    
 725              		.loc 1 268 5 view .LVU231
 726 011a 5A69     		ldr	r2, [r3, #20]
 727 011c 42F48012 		orr	r2, r2, #1048576
 728 0120 5A61     		str	r2, [r3, #20]
 268:Src/sdadc.c   ****     /**SDADC3 GPIO Configuration    
 729              		.loc 1 268 5 view .LVU232
 730 0122 5B69     		ldr	r3, [r3, #20]
 731 0124 03F48013 		and	r3, r3, #1048576
 732 0128 0693     		str	r3, [sp, #24]
 268:Src/sdadc.c   ****     /**SDADC3 GPIO Configuration    
 733              		.loc 1 268 5 view .LVU233
 734 012a 069B     		ldr	r3, [sp, #24]
 735              	.LBE7:
 268:Src/sdadc.c   ****     /**SDADC3 GPIO Configuration    
 736              		.loc 1 268 5 view .LVU234
 272:Src/sdadc.c   ****     GPIO_InitStruct.Mode = GPIO_MODE_ANALOG;
 737              		.loc 1 272 5 view .LVU235
ARM GAS  /var/folders/80/65lm4rm97rv_n74c85vt01040000gn/T//cckpz0JK.s 			page 21


 272:Src/sdadc.c   ****     GPIO_InitStruct.Mode = GPIO_MODE_ANALOG;
 738              		.loc 1 272 25 is_stmt 0 view .LVU236
 739 012c 4FF48075 		mov	r5, #256
 740 0130 0795     		str	r5, [sp, #28]
 273:Src/sdadc.c   ****     GPIO_InitStruct.Pull = GPIO_NOPULL;
 741              		.loc 1 273 5 is_stmt 1 view .LVU237
 273:Src/sdadc.c   ****     GPIO_InitStruct.Pull = GPIO_NOPULL;
 742              		.loc 1 273 26 is_stmt 0 view .LVU238
 743 0132 0323     		movs	r3, #3
 744 0134 0893     		str	r3, [sp, #32]
 274:Src/sdadc.c   ****     HAL_GPIO_Init(GPIOD, &GPIO_InitStruct);
 745              		.loc 1 274 5 is_stmt 1 view .LVU239
 275:Src/sdadc.c   **** 
 746              		.loc 1 275 5 view .LVU240
 747 0136 07A9     		add	r1, sp, #28
 748 0138 1748     		ldr	r0, .L53+36
 749              	.LVL39:
 275:Src/sdadc.c   **** 
 750              		.loc 1 275 5 is_stmt 0 view .LVU241
 751 013a FFF7FEFF 		bl	HAL_GPIO_Init
 752              	.LVL40:
 279:Src/sdadc.c   ****     hdma_sdadc3.Init.Direction = DMA_PERIPH_TO_MEMORY;
 753              		.loc 1 279 5 is_stmt 1 view .LVU242
 279:Src/sdadc.c   ****     hdma_sdadc3.Init.Direction = DMA_PERIPH_TO_MEMORY;
 754              		.loc 1 279 26 is_stmt 0 view .LVU243
 755 013e 1748     		ldr	r0, .L53+40
 756 0140 174B     		ldr	r3, .L53+44
 757 0142 0360     		str	r3, [r0]
 280:Src/sdadc.c   ****     hdma_sdadc3.Init.PeriphInc = DMA_PINC_DISABLE;
 758              		.loc 1 280 5 is_stmt 1 view .LVU244
 280:Src/sdadc.c   ****     hdma_sdadc3.Init.PeriphInc = DMA_PINC_DISABLE;
 759              		.loc 1 280 32 is_stmt 0 view .LVU245
 760 0144 0023     		movs	r3, #0
 761 0146 4360     		str	r3, [r0, #4]
 281:Src/sdadc.c   ****     hdma_sdadc3.Init.MemInc = DMA_MINC_ENABLE;
 762              		.loc 1 281 5 is_stmt 1 view .LVU246
 281:Src/sdadc.c   ****     hdma_sdadc3.Init.MemInc = DMA_MINC_ENABLE;
 763              		.loc 1 281 32 is_stmt 0 view .LVU247
 764 0148 8360     		str	r3, [r0, #8]
 282:Src/sdadc.c   ****     hdma_sdadc3.Init.PeriphDataAlignment = DMA_PDATAALIGN_HALFWORD;
 765              		.loc 1 282 5 is_stmt 1 view .LVU248
 282:Src/sdadc.c   ****     hdma_sdadc3.Init.PeriphDataAlignment = DMA_PDATAALIGN_HALFWORD;
 766              		.loc 1 282 29 is_stmt 0 view .LVU249
 767 014a 8022     		movs	r2, #128
 768 014c C260     		str	r2, [r0, #12]
 283:Src/sdadc.c   ****     hdma_sdadc3.Init.MemDataAlignment = DMA_MDATAALIGN_HALFWORD;
 769              		.loc 1 283 5 is_stmt 1 view .LVU250
 283:Src/sdadc.c   ****     hdma_sdadc3.Init.MemDataAlignment = DMA_MDATAALIGN_HALFWORD;
 770              		.loc 1 283 42 is_stmt 0 view .LVU251
 771 014e 0561     		str	r5, [r0, #16]
 284:Src/sdadc.c   ****     hdma_sdadc3.Init.Mode = DMA_NORMAL;
 772              		.loc 1 284 5 is_stmt 1 view .LVU252
 284:Src/sdadc.c   ****     hdma_sdadc3.Init.Mode = DMA_NORMAL;
 773              		.loc 1 284 39 is_stmt 0 view .LVU253
 774 0150 4FF48062 		mov	r2, #1024
 775 0154 4261     		str	r2, [r0, #20]
 285:Src/sdadc.c   ****     hdma_sdadc3.Init.Priority = DMA_PRIORITY_HIGH;
ARM GAS  /var/folders/80/65lm4rm97rv_n74c85vt01040000gn/T//cckpz0JK.s 			page 22


 776              		.loc 1 285 5 is_stmt 1 view .LVU254
 285:Src/sdadc.c   ****     hdma_sdadc3.Init.Priority = DMA_PRIORITY_HIGH;
 777              		.loc 1 285 27 is_stmt 0 view .LVU255
 778 0156 8361     		str	r3, [r0, #24]
 286:Src/sdadc.c   ****     if (HAL_DMA_Init(&hdma_sdadc3) != HAL_OK)
 779              		.loc 1 286 5 is_stmt 1 view .LVU256
 286:Src/sdadc.c   ****     if (HAL_DMA_Init(&hdma_sdadc3) != HAL_OK)
 780              		.loc 1 286 31 is_stmt 0 view .LVU257
 781 0158 4FF40053 		mov	r3, #8192
 782 015c C361     		str	r3, [r0, #28]
 287:Src/sdadc.c   ****     {
 783              		.loc 1 287 5 is_stmt 1 view .LVU258
 287:Src/sdadc.c   ****     {
 784              		.loc 1 287 9 is_stmt 0 view .LVU259
 785 015e FFF7FEFF 		bl	HAL_DMA_Init
 786              	.LVL41:
 287:Src/sdadc.c   ****     {
 787              		.loc 1 287 8 view .LVU260
 788 0162 18B9     		cbnz	r0, .L52
 789              	.L45:
 292:Src/sdadc.c   **** 
 790              		.loc 1 292 5 is_stmt 1 view .LVU261
 292:Src/sdadc.c   **** 
 791              		.loc 1 292 5 view .LVU262
 792 0164 0D4B     		ldr	r3, .L53+40
 793 0166 6361     		str	r3, [r4, #20]
 292:Src/sdadc.c   **** 
 794              		.loc 1 292 5 view .LVU263
 795 0168 5C62     		str	r4, [r3, #36]
 292:Src/sdadc.c   **** 
 796              		.loc 1 292 5 view .LVU264
 797              		.loc 1 298 1 is_stmt 0 view .LVU265
 798 016a 5CE7     		b	.L39
 799              	.L52:
 289:Src/sdadc.c   ****     }
 800              		.loc 1 289 7 is_stmt 1 view .LVU266
 801 016c FFF7FEFF 		bl	Error_Handler
 802              	.LVL42:
 803 0170 F8E7     		b	.L45
 804              	.L54:
 805 0172 00BF     		.align	2
 806              	.L53:
 807 0174 00600140 		.word	1073831936
 808 0178 00640140 		.word	1073832960
 809 017c 00680140 		.word	1073833984
 810 0180 00100240 		.word	1073876992
 811 0184 00040048 		.word	1207960576
 812 0188 00000000 		.word	.LANCHOR3
 813 018c 30040240 		.word	1073873968
 814 0190 00000000 		.word	.LANCHOR4
 815 0194 44040240 		.word	1073873988
 816 0198 000C0048 		.word	1207962624
 817 019c 00000000 		.word	.LANCHOR5
 818 01a0 58040240 		.word	1073874008
 819              		.cfi_endproc
 820              	.LFE129:
 822              		.section	.text.HAL_SDADC_MspDeInit,"ax",%progbits
ARM GAS  /var/folders/80/65lm4rm97rv_n74c85vt01040000gn/T//cckpz0JK.s 			page 23


 823              		.align	1
 824              		.global	HAL_SDADC_MspDeInit
 825              		.syntax unified
 826              		.thumb
 827              		.thumb_func
 828              		.fpu fpv4-sp-d16
 830              	HAL_SDADC_MspDeInit:
 831              	.LVL43:
 832              	.LFB130:
 299:Src/sdadc.c   **** 
 300:Src/sdadc.c   **** void HAL_SDADC_MspDeInit(SDADC_HandleTypeDef* sdadcHandle)
 301:Src/sdadc.c   **** {
 833              		.loc 1 301 1 view -0
 834              		.cfi_startproc
 835              		@ args = 0, pretend = 0, frame = 0
 836              		@ frame_needed = 0, uses_anonymous_args = 0
 837              		.loc 1 301 1 is_stmt 0 view .LVU268
 838 0000 10B5     		push	{r4, lr}
 839              	.LCFI16:
 840              		.cfi_def_cfa_offset 8
 841              		.cfi_offset 4, -8
 842              		.cfi_offset 14, -4
 843 0002 0446     		mov	r4, r0
 302:Src/sdadc.c   **** 
 303:Src/sdadc.c   ****   if(sdadcHandle->Instance==SDADC1)
 844              		.loc 1 303 3 is_stmt 1 view .LVU269
 845              		.loc 1 303 17 is_stmt 0 view .LVU270
 846 0004 0368     		ldr	r3, [r0]
 847              		.loc 1 303 5 view .LVU271
 848 0006 1A4A     		ldr	r2, .L63
 849 0008 9342     		cmp	r3, r2
 850 000a 06D0     		beq	.L60
 304:Src/sdadc.c   ****   {
 305:Src/sdadc.c   ****   /* USER CODE BEGIN SDADC1_MspDeInit 0 */
 306:Src/sdadc.c   **** 
 307:Src/sdadc.c   ****   /* USER CODE END SDADC1_MspDeInit 0 */
 308:Src/sdadc.c   ****     /* Peripheral clock disable */
 309:Src/sdadc.c   ****     __HAL_RCC_SDADC1_CLK_DISABLE();
 310:Src/sdadc.c   ****   
 311:Src/sdadc.c   ****     /**SDADC1 GPIO Configuration    
 312:Src/sdadc.c   ****     PB0     ------> SDADC1_AIN6P 
 313:Src/sdadc.c   ****     */
 314:Src/sdadc.c   ****     HAL_GPIO_DeInit(GPIOB, GPIO_PIN_0);
 315:Src/sdadc.c   **** 
 316:Src/sdadc.c   ****     /* SDADC1 DMA DeInit */
 317:Src/sdadc.c   ****     HAL_DMA_DeInit(sdadcHandle->hdma);
 318:Src/sdadc.c   ****   /* USER CODE BEGIN SDADC1_MspDeInit 1 */
 319:Src/sdadc.c   **** 
 320:Src/sdadc.c   ****   /* USER CODE END SDADC1_MspDeInit 1 */
 321:Src/sdadc.c   ****   }
 322:Src/sdadc.c   ****   else if(sdadcHandle->Instance==SDADC2)
 851              		.loc 1 322 8 is_stmt 1 view .LVU272
 852              		.loc 1 322 10 is_stmt 0 view .LVU273
 853 000c 194A     		ldr	r2, .L63+4
 854 000e 9342     		cmp	r3, r2
 855 0010 11D0     		beq	.L61
 323:Src/sdadc.c   ****   {
ARM GAS  /var/folders/80/65lm4rm97rv_n74c85vt01040000gn/T//cckpz0JK.s 			page 24


 324:Src/sdadc.c   ****   /* USER CODE BEGIN SDADC2_MspDeInit 0 */
 325:Src/sdadc.c   **** 
 326:Src/sdadc.c   ****   /* USER CODE END SDADC2_MspDeInit 0 */
 327:Src/sdadc.c   ****     /* Peripheral clock disable */
 328:Src/sdadc.c   ****     __HAL_RCC_SDADC2_CLK_DISABLE();
 329:Src/sdadc.c   ****   
 330:Src/sdadc.c   ****     /**SDADC2 GPIO Configuration    
 331:Src/sdadc.c   ****     PB2     ------> SDADC2_AIN6P 
 332:Src/sdadc.c   ****     */
 333:Src/sdadc.c   ****     HAL_GPIO_DeInit(GPIOB, GPIO_PIN_2);
 334:Src/sdadc.c   **** 
 335:Src/sdadc.c   ****     /* SDADC2 DMA DeInit */
 336:Src/sdadc.c   ****     HAL_DMA_DeInit(sdadcHandle->hdma);
 337:Src/sdadc.c   ****   /* USER CODE BEGIN SDADC2_MspDeInit 1 */
 338:Src/sdadc.c   **** 
 339:Src/sdadc.c   ****   /* USER CODE END SDADC2_MspDeInit 1 */
 340:Src/sdadc.c   ****   }
 341:Src/sdadc.c   ****   else if(sdadcHandle->Instance==SDADC3)
 856              		.loc 1 341 8 is_stmt 1 view .LVU274
 857              		.loc 1 341 10 is_stmt 0 view .LVU275
 858 0012 194A     		ldr	r2, .L63+8
 859 0014 9342     		cmp	r3, r2
 860 0016 1CD0     		beq	.L62
 861              	.LVL44:
 862              	.L55:
 342:Src/sdadc.c   ****   {
 343:Src/sdadc.c   ****   /* USER CODE BEGIN SDADC3_MspDeInit 0 */
 344:Src/sdadc.c   **** 
 345:Src/sdadc.c   ****   /* USER CODE END SDADC3_MspDeInit 0 */
 346:Src/sdadc.c   ****     /* Peripheral clock disable */
 347:Src/sdadc.c   ****     __HAL_RCC_SDADC3_CLK_DISABLE();
 348:Src/sdadc.c   ****   
 349:Src/sdadc.c   ****     /**SDADC3 GPIO Configuration    
 350:Src/sdadc.c   ****     PD8     ------> SDADC3_AIN6P 
 351:Src/sdadc.c   ****     */
 352:Src/sdadc.c   ****     HAL_GPIO_DeInit(GPIOD, GPIO_PIN_8);
 353:Src/sdadc.c   **** 
 354:Src/sdadc.c   ****     /* SDADC3 DMA DeInit */
 355:Src/sdadc.c   ****     HAL_DMA_DeInit(sdadcHandle->hdma);
 356:Src/sdadc.c   ****   /* USER CODE BEGIN SDADC3_MspDeInit 1 */
 357:Src/sdadc.c   **** 
 358:Src/sdadc.c   ****   /* USER CODE END SDADC3_MspDeInit 1 */
 359:Src/sdadc.c   ****   }
 360:Src/sdadc.c   **** } 
 863              		.loc 1 360 1 view .LVU276
 864 0018 10BD     		pop	{r4, pc}
 865              	.LVL45:
 866              	.L60:
 309:Src/sdadc.c   ****   
 867              		.loc 1 309 5 is_stmt 1 view .LVU277
 868 001a 02F53042 		add	r2, r2, #45056
 869 001e 9369     		ldr	r3, [r2, #24]
 870 0020 23F08073 		bic	r3, r3, #16777216
 871 0024 9361     		str	r3, [r2, #24]
 314:Src/sdadc.c   **** 
 872              		.loc 1 314 5 view .LVU278
 873 0026 0121     		movs	r1, #1
ARM GAS  /var/folders/80/65lm4rm97rv_n74c85vt01040000gn/T//cckpz0JK.s 			page 25


 874 0028 1448     		ldr	r0, .L63+12
 875              	.LVL46:
 314:Src/sdadc.c   **** 
 876              		.loc 1 314 5 is_stmt 0 view .LVU279
 877 002a FFF7FEFF 		bl	HAL_GPIO_DeInit
 878              	.LVL47:
 317:Src/sdadc.c   ****   /* USER CODE BEGIN SDADC1_MspDeInit 1 */
 879              		.loc 1 317 5 is_stmt 1 view .LVU280
 880 002e 6069     		ldr	r0, [r4, #20]
 881 0030 FFF7FEFF 		bl	HAL_DMA_DeInit
 882              	.LVL48:
 883 0034 F0E7     		b	.L55
 884              	.LVL49:
 885              	.L61:
 328:Src/sdadc.c   ****   
 886              		.loc 1 328 5 view .LVU281
 887 0036 02F52C42 		add	r2, r2, #44032
 888 003a 9369     		ldr	r3, [r2, #24]
 889 003c 23F00073 		bic	r3, r3, #33554432
 890 0040 9361     		str	r3, [r2, #24]
 333:Src/sdadc.c   **** 
 891              		.loc 1 333 5 view .LVU282
 892 0042 0421     		movs	r1, #4
 893 0044 0D48     		ldr	r0, .L63+12
 894              	.LVL50:
 333:Src/sdadc.c   **** 
 895              		.loc 1 333 5 is_stmt 0 view .LVU283
 896 0046 FFF7FEFF 		bl	HAL_GPIO_DeInit
 897              	.LVL51:
 336:Src/sdadc.c   ****   /* USER CODE BEGIN SDADC2_MspDeInit 1 */
 898              		.loc 1 336 5 is_stmt 1 view .LVU284
 899 004a 6069     		ldr	r0, [r4, #20]
 900 004c FFF7FEFF 		bl	HAL_DMA_DeInit
 901              	.LVL52:
 902 0050 E2E7     		b	.L55
 903              	.LVL53:
 904              	.L62:
 347:Src/sdadc.c   ****   
 905              		.loc 1 347 5 view .LVU285
 906 0052 02F52842 		add	r2, r2, #43008
 907 0056 9369     		ldr	r3, [r2, #24]
 908 0058 23F08063 		bic	r3, r3, #67108864
 909 005c 9361     		str	r3, [r2, #24]
 352:Src/sdadc.c   **** 
 910              		.loc 1 352 5 view .LVU286
 911 005e 4FF48071 		mov	r1, #256
 912 0062 0748     		ldr	r0, .L63+16
 913              	.LVL54:
 352:Src/sdadc.c   **** 
 914              		.loc 1 352 5 is_stmt 0 view .LVU287
 915 0064 FFF7FEFF 		bl	HAL_GPIO_DeInit
 916              	.LVL55:
 355:Src/sdadc.c   ****   /* USER CODE BEGIN SDADC3_MspDeInit 1 */
 917              		.loc 1 355 5 is_stmt 1 view .LVU288
 918 0068 6069     		ldr	r0, [r4, #20]
 919 006a FFF7FEFF 		bl	HAL_DMA_DeInit
 920              	.LVL56:
ARM GAS  /var/folders/80/65lm4rm97rv_n74c85vt01040000gn/T//cckpz0JK.s 			page 26


 921              		.loc 1 360 1 is_stmt 0 view .LVU289
 922 006e D3E7     		b	.L55
 923              	.L64:
 924              		.align	2
 925              	.L63:
 926 0070 00600140 		.word	1073831936
 927 0074 00640140 		.word	1073832960
 928 0078 00680140 		.word	1073833984
 929 007c 00040048 		.word	1207960576
 930 0080 000C0048 		.word	1207962624
 931              		.cfi_endproc
 932              	.LFE130:
 934              		.global	hdma_sdadc3
 935              		.global	hdma_sdadc2
 936              		.global	hdma_sdadc1
 937              		.global	hsdadc3
 938              		.global	hsdadc2
 939              		.global	hsdadc1
 940              		.section	.bss.hdma_sdadc1,"aw",%nobits
 941              		.align	2
 942              		.set	.LANCHOR3,. + 0
 945              	hdma_sdadc1:
 946 0000 00000000 		.space	68
 946      00000000 
 946      00000000 
 946      00000000 
 946      00000000 
 947              		.section	.bss.hdma_sdadc2,"aw",%nobits
 948              		.align	2
 949              		.set	.LANCHOR4,. + 0
 952              	hdma_sdadc2:
 953 0000 00000000 		.space	68
 953      00000000 
 953      00000000 
 953      00000000 
 953      00000000 
 954              		.section	.bss.hdma_sdadc3,"aw",%nobits
 955              		.align	2
 956              		.set	.LANCHOR5,. + 0
 959              	hdma_sdadc3:
 960 0000 00000000 		.space	68
 960      00000000 
 960      00000000 
 960      00000000 
 960      00000000 
 961              		.section	.bss.hsdadc1,"aw",%nobits
 962              		.align	2
 963              		.set	.LANCHOR0,. + 0
 966              	hsdadc1:
 967 0000 00000000 		.space	68
 967      00000000 
 967      00000000 
 967      00000000 
 967      00000000 
 968              		.section	.bss.hsdadc2,"aw",%nobits
 969              		.align	2
 970              		.set	.LANCHOR1,. + 0
ARM GAS  /var/folders/80/65lm4rm97rv_n74c85vt01040000gn/T//cckpz0JK.s 			page 27


 973              	hsdadc2:
 974 0000 00000000 		.space	68
 974      00000000 
 974      00000000 
 974      00000000 
 974      00000000 
 975              		.section	.bss.hsdadc3,"aw",%nobits
 976              		.align	2
 977              		.set	.LANCHOR2,. + 0
 980              	hsdadc3:
 981 0000 00000000 		.space	68
 981      00000000 
 981      00000000 
 981      00000000 
 981      00000000 
 982              		.text
 983              	.Letext0:
 984              		.file 2 "/usr/local/Caskroom/gcc-arm-embedded/10-2020-q4-major/gcc-arm-none-eabi-10-2020-q4-major/
 985              		.file 3 "/usr/local/Caskroom/gcc-arm-embedded/10-2020-q4-major/gcc-arm-none-eabi-10-2020-q4-major/
 986              		.file 4 "Drivers/CMSIS/Device/ST/STM32F3xx/Include/stm32f373xc.h"
 987              		.file 5 "Drivers/STM32F3xx_HAL_Driver/Inc/stm32f3xx_hal_def.h"
 988              		.file 6 "Drivers/STM32F3xx_HAL_Driver/Inc/stm32f3xx_hal_gpio.h"
 989              		.file 7 "Drivers/STM32F3xx_HAL_Driver/Inc/stm32f3xx_hal_dma.h"
 990              		.file 8 "Drivers/STM32F3xx_HAL_Driver/Inc/stm32f3xx_hal_sdadc.h"
 991              		.file 9 "Inc/sdadc.h"
 992              		.file 10 "Inc/main.h"
ARM GAS  /var/folders/80/65lm4rm97rv_n74c85vt01040000gn/T//cckpz0JK.s 			page 28


DEFINED SYMBOLS
                            *ABS*:0000000000000000 sdadc.c
/var/folders/80/65lm4rm97rv_n74c85vt01040000gn/T//cckpz0JK.s:18     .text.MX_SDADC1_Init:0000000000000000 $t
/var/folders/80/65lm4rm97rv_n74c85vt01040000gn/T//cckpz0JK.s:26     .text.MX_SDADC1_Init:0000000000000000 MX_SDADC1_Init
/var/folders/80/65lm4rm97rv_n74c85vt01040000gn/T//cckpz0JK.s:200    .text.MX_SDADC1_Init:00000000000000b8 $d
/var/folders/80/65lm4rm97rv_n74c85vt01040000gn/T//cckpz0JK.s:207    .text.MX_SDADC2_Init:0000000000000000 $t
/var/folders/80/65lm4rm97rv_n74c85vt01040000gn/T//cckpz0JK.s:214    .text.MX_SDADC2_Init:0000000000000000 MX_SDADC2_Init
/var/folders/80/65lm4rm97rv_n74c85vt01040000gn/T//cckpz0JK.s:319    .text.MX_SDADC2_Init:0000000000000060 $d
/var/folders/80/65lm4rm97rv_n74c85vt01040000gn/T//cckpz0JK.s:325    .text.MX_SDADC3_Init:0000000000000000 $t
/var/folders/80/65lm4rm97rv_n74c85vt01040000gn/T//cckpz0JK.s:332    .text.MX_SDADC3_Init:0000000000000000 MX_SDADC3_Init
/var/folders/80/65lm4rm97rv_n74c85vt01040000gn/T//cckpz0JK.s:437    .text.MX_SDADC3_Init:0000000000000060 $d
/var/folders/80/65lm4rm97rv_n74c85vt01040000gn/T//cckpz0JK.s:443    .text.HAL_SDADC_MspInit:0000000000000000 $t
/var/folders/80/65lm4rm97rv_n74c85vt01040000gn/T//cckpz0JK.s:450    .text.HAL_SDADC_MspInit:0000000000000000 HAL_SDADC_MspInit
/var/folders/80/65lm4rm97rv_n74c85vt01040000gn/T//cckpz0JK.s:807    .text.HAL_SDADC_MspInit:0000000000000174 $d
/var/folders/80/65lm4rm97rv_n74c85vt01040000gn/T//cckpz0JK.s:823    .text.HAL_SDADC_MspDeInit:0000000000000000 $t
/var/folders/80/65lm4rm97rv_n74c85vt01040000gn/T//cckpz0JK.s:830    .text.HAL_SDADC_MspDeInit:0000000000000000 HAL_SDADC_MspDeInit
/var/folders/80/65lm4rm97rv_n74c85vt01040000gn/T//cckpz0JK.s:926    .text.HAL_SDADC_MspDeInit:0000000000000070 $d
/var/folders/80/65lm4rm97rv_n74c85vt01040000gn/T//cckpz0JK.s:959    .bss.hdma_sdadc3:0000000000000000 hdma_sdadc3
/var/folders/80/65lm4rm97rv_n74c85vt01040000gn/T//cckpz0JK.s:952    .bss.hdma_sdadc2:0000000000000000 hdma_sdadc2
/var/folders/80/65lm4rm97rv_n74c85vt01040000gn/T//cckpz0JK.s:945    .bss.hdma_sdadc1:0000000000000000 hdma_sdadc1
/var/folders/80/65lm4rm97rv_n74c85vt01040000gn/T//cckpz0JK.s:980    .bss.hsdadc3:0000000000000000 hsdadc3
/var/folders/80/65lm4rm97rv_n74c85vt01040000gn/T//cckpz0JK.s:973    .bss.hsdadc2:0000000000000000 hsdadc2
/var/folders/80/65lm4rm97rv_n74c85vt01040000gn/T//cckpz0JK.s:966    .bss.hsdadc1:0000000000000000 hsdadc1
/var/folders/80/65lm4rm97rv_n74c85vt01040000gn/T//cckpz0JK.s:941    .bss.hdma_sdadc1:0000000000000000 $d
/var/folders/80/65lm4rm97rv_n74c85vt01040000gn/T//cckpz0JK.s:948    .bss.hdma_sdadc2:0000000000000000 $d
/var/folders/80/65lm4rm97rv_n74c85vt01040000gn/T//cckpz0JK.s:955    .bss.hdma_sdadc3:0000000000000000 $d
/var/folders/80/65lm4rm97rv_n74c85vt01040000gn/T//cckpz0JK.s:962    .bss.hsdadc1:0000000000000000 $d
/var/folders/80/65lm4rm97rv_n74c85vt01040000gn/T//cckpz0JK.s:969    .bss.hsdadc2:0000000000000000 $d
/var/folders/80/65lm4rm97rv_n74c85vt01040000gn/T//cckpz0JK.s:976    .bss.hsdadc3:0000000000000000 $d

UNDEFINED SYMBOLS
HAL_SDADC_Init
HAL_SDADC_SelectInjectedDelay
HAL_SDADC_SelectInjectedExtTrigger
HAL_SDADC_SelectInjectedTrigger
HAL_SDADC_InjectedConfigChannel
HAL_SDADC_PrepareChannelConfig
HAL_SDADC_AssociateChannelConfig
Error_Handler
HAL_SDADC_SelectRegularTrigger
HAL_GPIO_Init
HAL_DMA_Init
HAL_GPIO_DeInit
HAL_DMA_DeInit
