ARM GAS  /var/folders/80/65lm4rm97rv_n74c85vt01040000gn/T//ccUAtYSw.s 			page 1


   1              		.cpu cortex-m4
   2              		.eabi_attribute 27, 1
   3              		.eabi_attribute 28, 1
   4              		.eabi_attribute 20, 1
   5              		.eabi_attribute 21, 1
   6              		.eabi_attribute 23, 3
   7              		.eabi_attribute 24, 1
   8              		.eabi_attribute 25, 1
   9              		.eabi_attribute 26, 1
  10              		.eabi_attribute 30, 1
  11              		.eabi_attribute 34, 1
  12              		.eabi_attribute 18, 4
  13              		.file	"stm32f3xx_hal.c"
  14              		.text
  15              	.Ltext0:
  16              		.cfi_sections	.debug_frame
  17              		.section	.text.HAL_MspInit,"ax",%progbits
  18              		.align	1
  19              		.weak	HAL_MspInit
  20              		.arch armv7e-m
  21              		.syntax unified
  22              		.thumb
  23              		.thumb_func
  24              		.fpu fpv4-sp-d16
  26              	HAL_MspInit:
  27              	.LFB128:
  28              		.file 1 "Drivers/STM32F3xx_HAL_Driver/Src/stm32f3xx_hal.c"
   1:Drivers/STM32F3xx_HAL_Driver/Src/stm32f3xx_hal.c **** /**
   2:Drivers/STM32F3xx_HAL_Driver/Src/stm32f3xx_hal.c ****   ******************************************************************************
   3:Drivers/STM32F3xx_HAL_Driver/Src/stm32f3xx_hal.c ****   * @file    stm32f3xx_hal.c
   4:Drivers/STM32F3xx_HAL_Driver/Src/stm32f3xx_hal.c ****   * @author  MCD Application Team
   5:Drivers/STM32F3xx_HAL_Driver/Src/stm32f3xx_hal.c ****   * @brief   HAL module driver.
   6:Drivers/STM32F3xx_HAL_Driver/Src/stm32f3xx_hal.c ****   *          This is the common part of the HAL initialization
   7:Drivers/STM32F3xx_HAL_Driver/Src/stm32f3xx_hal.c ****   *
   8:Drivers/STM32F3xx_HAL_Driver/Src/stm32f3xx_hal.c ****   @verbatim
   9:Drivers/STM32F3xx_HAL_Driver/Src/stm32f3xx_hal.c ****   ==============================================================================
  10:Drivers/STM32F3xx_HAL_Driver/Src/stm32f3xx_hal.c ****                      ##### How to use this driver #####
  11:Drivers/STM32F3xx_HAL_Driver/Src/stm32f3xx_hal.c ****   ==============================================================================
  12:Drivers/STM32F3xx_HAL_Driver/Src/stm32f3xx_hal.c ****     [..]
  13:Drivers/STM32F3xx_HAL_Driver/Src/stm32f3xx_hal.c ****     The common HAL driver contains a set of generic and common APIs that can be
  14:Drivers/STM32F3xx_HAL_Driver/Src/stm32f3xx_hal.c ****     used by the PPP peripheral drivers and the user to start using the HAL.
  15:Drivers/STM32F3xx_HAL_Driver/Src/stm32f3xx_hal.c ****     [..]
  16:Drivers/STM32F3xx_HAL_Driver/Src/stm32f3xx_hal.c ****     The HAL contains two APIs categories:
  17:Drivers/STM32F3xx_HAL_Driver/Src/stm32f3xx_hal.c ****          (+) HAL Initialization and de-initialization functions
  18:Drivers/STM32F3xx_HAL_Driver/Src/stm32f3xx_hal.c ****          (+) HAL Control functions
  19:Drivers/STM32F3xx_HAL_Driver/Src/stm32f3xx_hal.c **** 
  20:Drivers/STM32F3xx_HAL_Driver/Src/stm32f3xx_hal.c ****   @endverbatim
  21:Drivers/STM32F3xx_HAL_Driver/Src/stm32f3xx_hal.c ****   ******************************************************************************
  22:Drivers/STM32F3xx_HAL_Driver/Src/stm32f3xx_hal.c ****   * @attention
  23:Drivers/STM32F3xx_HAL_Driver/Src/stm32f3xx_hal.c ****   *
  24:Drivers/STM32F3xx_HAL_Driver/Src/stm32f3xx_hal.c ****   * <h2><center>&copy; COPYRIGHT(c) 2016 STMicroelectronics</center></h2>
  25:Drivers/STM32F3xx_HAL_Driver/Src/stm32f3xx_hal.c ****   *
  26:Drivers/STM32F3xx_HAL_Driver/Src/stm32f3xx_hal.c ****   * Redistribution and use in source and binary forms, with or without modification,
  27:Drivers/STM32F3xx_HAL_Driver/Src/stm32f3xx_hal.c ****   * are permitted provided that the following conditions are met:
  28:Drivers/STM32F3xx_HAL_Driver/Src/stm32f3xx_hal.c ****   *   1. Redistributions of source code must retain the above copyright notice,
  29:Drivers/STM32F3xx_HAL_Driver/Src/stm32f3xx_hal.c ****   *      this list of conditions and the following disclaimer.
  30:Drivers/STM32F3xx_HAL_Driver/Src/stm32f3xx_hal.c ****   *   2. Redistributions in binary form must reproduce the above copyright notice,
ARM GAS  /var/folders/80/65lm4rm97rv_n74c85vt01040000gn/T//ccUAtYSw.s 			page 2


  31:Drivers/STM32F3xx_HAL_Driver/Src/stm32f3xx_hal.c ****   *      this list of conditions and the following disclaimer in the documentation
  32:Drivers/STM32F3xx_HAL_Driver/Src/stm32f3xx_hal.c ****   *      and/or other materials provided with the distribution.
  33:Drivers/STM32F3xx_HAL_Driver/Src/stm32f3xx_hal.c ****   *   3. Neither the name of STMicroelectronics nor the names of its contributors
  34:Drivers/STM32F3xx_HAL_Driver/Src/stm32f3xx_hal.c ****   *      may be used to endorse or promote products derived from this software
  35:Drivers/STM32F3xx_HAL_Driver/Src/stm32f3xx_hal.c ****   *      without specific prior written permission.
  36:Drivers/STM32F3xx_HAL_Driver/Src/stm32f3xx_hal.c ****   *
  37:Drivers/STM32F3xx_HAL_Driver/Src/stm32f3xx_hal.c ****   * THIS SOFTWARE IS PROVIDED BY THE COPYRIGHT HOLDERS AND CONTRIBUTORS "AS IS"
  38:Drivers/STM32F3xx_HAL_Driver/Src/stm32f3xx_hal.c ****   * AND ANY EXPRESS OR IMPLIED WARRANTIES, INCLUDING, BUT NOT LIMITED TO, THE
  39:Drivers/STM32F3xx_HAL_Driver/Src/stm32f3xx_hal.c ****   * IMPLIED WARRANTIES OF MERCHANTABILITY AND FITNESS FOR A PARTICULAR PURPOSE ARE
  40:Drivers/STM32F3xx_HAL_Driver/Src/stm32f3xx_hal.c ****   * DISCLAIMED. IN NO EVENT SHALL THE COPYRIGHT HOLDER OR CONTRIBUTORS BE LIABLE
  41:Drivers/STM32F3xx_HAL_Driver/Src/stm32f3xx_hal.c ****   * FOR ANY DIRECT, INDIRECT, INCIDENTAL, SPECIAL, EXEMPLARY, OR CONSEQUENTIAL
  42:Drivers/STM32F3xx_HAL_Driver/Src/stm32f3xx_hal.c ****   * DAMAGES (INCLUDING, BUT NOT LIMITED TO, PROCUREMENT OF SUBSTITUTE GOODS OR
  43:Drivers/STM32F3xx_HAL_Driver/Src/stm32f3xx_hal.c ****   * SERVICES; LOSS OF USE, DATA, OR PROFITS; OR BUSINESS INTERRUPTION) HOWEVER
  44:Drivers/STM32F3xx_HAL_Driver/Src/stm32f3xx_hal.c ****   * CAUSED AND ON ANY THEORY OF LIABILITY, WHETHER IN CONTRACT, STRICT LIABILITY,
  45:Drivers/STM32F3xx_HAL_Driver/Src/stm32f3xx_hal.c ****   * OR TORT (INCLUDING NEGLIGENCE OR OTHERWISE) ARISING IN ANY WAY OUT OF THE USE
  46:Drivers/STM32F3xx_HAL_Driver/Src/stm32f3xx_hal.c ****   * OF THIS SOFTWARE, EVEN IF ADVISED OF THE POSSIBILITY OF SUCH DAMAGE.
  47:Drivers/STM32F3xx_HAL_Driver/Src/stm32f3xx_hal.c ****   *
  48:Drivers/STM32F3xx_HAL_Driver/Src/stm32f3xx_hal.c ****   ******************************************************************************  
  49:Drivers/STM32F3xx_HAL_Driver/Src/stm32f3xx_hal.c ****   */
  50:Drivers/STM32F3xx_HAL_Driver/Src/stm32f3xx_hal.c **** 
  51:Drivers/STM32F3xx_HAL_Driver/Src/stm32f3xx_hal.c **** /* Includes ------------------------------------------------------------------*/
  52:Drivers/STM32F3xx_HAL_Driver/Src/stm32f3xx_hal.c **** #include "stm32f3xx_hal.h"
  53:Drivers/STM32F3xx_HAL_Driver/Src/stm32f3xx_hal.c **** 
  54:Drivers/STM32F3xx_HAL_Driver/Src/stm32f3xx_hal.c **** /** @addtogroup STM32F3xx_HAL_Driver
  55:Drivers/STM32F3xx_HAL_Driver/Src/stm32f3xx_hal.c ****   * @{
  56:Drivers/STM32F3xx_HAL_Driver/Src/stm32f3xx_hal.c ****   */
  57:Drivers/STM32F3xx_HAL_Driver/Src/stm32f3xx_hal.c **** 
  58:Drivers/STM32F3xx_HAL_Driver/Src/stm32f3xx_hal.c **** /** @defgroup HAL HAL
  59:Drivers/STM32F3xx_HAL_Driver/Src/stm32f3xx_hal.c ****   * @brief HAL module driver.
  60:Drivers/STM32F3xx_HAL_Driver/Src/stm32f3xx_hal.c ****   * @{
  61:Drivers/STM32F3xx_HAL_Driver/Src/stm32f3xx_hal.c ****   */
  62:Drivers/STM32F3xx_HAL_Driver/Src/stm32f3xx_hal.c **** 
  63:Drivers/STM32F3xx_HAL_Driver/Src/stm32f3xx_hal.c **** #ifdef HAL_MODULE_ENABLED
  64:Drivers/STM32F3xx_HAL_Driver/Src/stm32f3xx_hal.c **** 
  65:Drivers/STM32F3xx_HAL_Driver/Src/stm32f3xx_hal.c **** /* Private typedef -----------------------------------------------------------*/
  66:Drivers/STM32F3xx_HAL_Driver/Src/stm32f3xx_hal.c **** /* Private define ------------------------------------------------------------*/
  67:Drivers/STM32F3xx_HAL_Driver/Src/stm32f3xx_hal.c **** /** @defgroup HAL_Private Constants
  68:Drivers/STM32F3xx_HAL_Driver/Src/stm32f3xx_hal.c ****   * @{
  69:Drivers/STM32F3xx_HAL_Driver/Src/stm32f3xx_hal.c ****   */
  70:Drivers/STM32F3xx_HAL_Driver/Src/stm32f3xx_hal.c **** /**
  71:Drivers/STM32F3xx_HAL_Driver/Src/stm32f3xx_hal.c ****  * @brief STM32F3xx HAL Driver version number V1.5.2
  72:Drivers/STM32F3xx_HAL_Driver/Src/stm32f3xx_hal.c ****    */
  73:Drivers/STM32F3xx_HAL_Driver/Src/stm32f3xx_hal.c **** #define __STM32F3xx_HAL_VERSION_MAIN   (0x01U) /*!< [31:24] main version */
  74:Drivers/STM32F3xx_HAL_Driver/Src/stm32f3xx_hal.c **** #define __STM32F3xx_HAL_VERSION_SUB1   (0x05U) /*!< [23:16] sub1 version */
  75:Drivers/STM32F3xx_HAL_Driver/Src/stm32f3xx_hal.c **** #define __STM32F3xx_HAL_VERSION_SUB2   (0x02U) /*!< [15:8]  sub2 version */
  76:Drivers/STM32F3xx_HAL_Driver/Src/stm32f3xx_hal.c **** #define __STM32F3xx_HAL_VERSION_RC     (0x00U) /*!< [7:0]  release candidate */
  77:Drivers/STM32F3xx_HAL_Driver/Src/stm32f3xx_hal.c **** #define __STM32F3xx_HAL_VERSION         ((__STM32F3xx_HAL_VERSION_MAIN << 24U)\
  78:Drivers/STM32F3xx_HAL_Driver/Src/stm32f3xx_hal.c ****                                         |(__STM32F3xx_HAL_VERSION_SUB1 << 16U)\
  79:Drivers/STM32F3xx_HAL_Driver/Src/stm32f3xx_hal.c ****                                         |(__STM32F3xx_HAL_VERSION_SUB2 << 8U )\
  80:Drivers/STM32F3xx_HAL_Driver/Src/stm32f3xx_hal.c ****                                         |(__STM32F3xx_HAL_VERSION_RC))
  81:Drivers/STM32F3xx_HAL_Driver/Src/stm32f3xx_hal.c **** 
  82:Drivers/STM32F3xx_HAL_Driver/Src/stm32f3xx_hal.c **** #define IDCODE_DEVID_MASK    (0x00000FFFU)
  83:Drivers/STM32F3xx_HAL_Driver/Src/stm32f3xx_hal.c **** /**
  84:Drivers/STM32F3xx_HAL_Driver/Src/stm32f3xx_hal.c ****   * @}
  85:Drivers/STM32F3xx_HAL_Driver/Src/stm32f3xx_hal.c ****   */
  86:Drivers/STM32F3xx_HAL_Driver/Src/stm32f3xx_hal.c ****   
  87:Drivers/STM32F3xx_HAL_Driver/Src/stm32f3xx_hal.c **** /* Private macro -------------------------------------------------------------*/
ARM GAS  /var/folders/80/65lm4rm97rv_n74c85vt01040000gn/T//ccUAtYSw.s 			page 3


  88:Drivers/STM32F3xx_HAL_Driver/Src/stm32f3xx_hal.c **** /* Exported variables --------------------------------------------------------*/
  89:Drivers/STM32F3xx_HAL_Driver/Src/stm32f3xx_hal.c **** /** @defgroup HAL_Exported_Variables HAL Exported Variables
  90:Drivers/STM32F3xx_HAL_Driver/Src/stm32f3xx_hal.c ****   * @{
  91:Drivers/STM32F3xx_HAL_Driver/Src/stm32f3xx_hal.c ****   */
  92:Drivers/STM32F3xx_HAL_Driver/Src/stm32f3xx_hal.c **** __IO uint32_t uwTick;
  93:Drivers/STM32F3xx_HAL_Driver/Src/stm32f3xx_hal.c **** uint32_t uwTickPrio   = (1UL << __NVIC_PRIO_BITS); /* Invalid PRIO */
  94:Drivers/STM32F3xx_HAL_Driver/Src/stm32f3xx_hal.c **** HAL_TickFreqTypeDef uwTickFreq = HAL_TICK_FREQ_DEFAULT;  /* 1KHz */
  95:Drivers/STM32F3xx_HAL_Driver/Src/stm32f3xx_hal.c **** /**
  96:Drivers/STM32F3xx_HAL_Driver/Src/stm32f3xx_hal.c ****   * @}
  97:Drivers/STM32F3xx_HAL_Driver/Src/stm32f3xx_hal.c ****   */
  98:Drivers/STM32F3xx_HAL_Driver/Src/stm32f3xx_hal.c **** /* Private function prototypes -----------------------------------------------*/
  99:Drivers/STM32F3xx_HAL_Driver/Src/stm32f3xx_hal.c **** /* Exported functions ---------------------------------------------------------*/
 100:Drivers/STM32F3xx_HAL_Driver/Src/stm32f3xx_hal.c **** 
 101:Drivers/STM32F3xx_HAL_Driver/Src/stm32f3xx_hal.c **** /** @defgroup HAL_Exported_Functions HAL Exported Functions
 102:Drivers/STM32F3xx_HAL_Driver/Src/stm32f3xx_hal.c ****   * @{
 103:Drivers/STM32F3xx_HAL_Driver/Src/stm32f3xx_hal.c ****   */
 104:Drivers/STM32F3xx_HAL_Driver/Src/stm32f3xx_hal.c **** 
 105:Drivers/STM32F3xx_HAL_Driver/Src/stm32f3xx_hal.c **** /** @defgroup HAL_Exported_Functions_Group1 Initialization and de-initialization Functions 
 106:Drivers/STM32F3xx_HAL_Driver/Src/stm32f3xx_hal.c ****  *  @brief    Initialization and de-initialization functions
 107:Drivers/STM32F3xx_HAL_Driver/Src/stm32f3xx_hal.c ****  *
 108:Drivers/STM32F3xx_HAL_Driver/Src/stm32f3xx_hal.c **** @verbatim
 109:Drivers/STM32F3xx_HAL_Driver/Src/stm32f3xx_hal.c ****  ===============================================================================
 110:Drivers/STM32F3xx_HAL_Driver/Src/stm32f3xx_hal.c ****               ##### Initialization and de-initialization functions #####
 111:Drivers/STM32F3xx_HAL_Driver/Src/stm32f3xx_hal.c ****  ===============================================================================
 112:Drivers/STM32F3xx_HAL_Driver/Src/stm32f3xx_hal.c ****     [..]  This section provides functions allowing to:
 113:Drivers/STM32F3xx_HAL_Driver/Src/stm32f3xx_hal.c ****       (+) Initializes the Flash interface, the NVIC allocation and initial clock 
 114:Drivers/STM32F3xx_HAL_Driver/Src/stm32f3xx_hal.c ****           configuration. It initializes the systick also when timeout is needed
 115:Drivers/STM32F3xx_HAL_Driver/Src/stm32f3xx_hal.c ****           and the backup domain when enabled.
 116:Drivers/STM32F3xx_HAL_Driver/Src/stm32f3xx_hal.c ****       (+) de-Initializes common part of the HAL.
 117:Drivers/STM32F3xx_HAL_Driver/Src/stm32f3xx_hal.c ****       (+) Configure The time base source to have 1ms time base with a dedicated 
 118:Drivers/STM32F3xx_HAL_Driver/Src/stm32f3xx_hal.c ****           Tick interrupt priority. 
 119:Drivers/STM32F3xx_HAL_Driver/Src/stm32f3xx_hal.c ****         (++) SysTick timer is used by default as source of time base, but user 
 120:Drivers/STM32F3xx_HAL_Driver/Src/stm32f3xx_hal.c ****              can eventually implement his proper time base source (a general purpose 
 121:Drivers/STM32F3xx_HAL_Driver/Src/stm32f3xx_hal.c ****              timer for example or other time source), keeping in mind that Time base 
 122:Drivers/STM32F3xx_HAL_Driver/Src/stm32f3xx_hal.c ****              duration should be kept 1ms since PPP_TIMEOUT_VALUEs are defined and 
 123:Drivers/STM32F3xx_HAL_Driver/Src/stm32f3xx_hal.c ****              handled in milliseconds basis.
 124:Drivers/STM32F3xx_HAL_Driver/Src/stm32f3xx_hal.c ****         (++) Time base configuration function (HAL_InitTick ()) is called automatically 
 125:Drivers/STM32F3xx_HAL_Driver/Src/stm32f3xx_hal.c ****              at the beginning of the program after reset by HAL_Init() or at any time 
 126:Drivers/STM32F3xx_HAL_Driver/Src/stm32f3xx_hal.c ****              when clock is configured, by HAL_RCC_ClockConfig(). 
 127:Drivers/STM32F3xx_HAL_Driver/Src/stm32f3xx_hal.c ****         (++) Source of time base is configured  to generate interrupts at regular 
 128:Drivers/STM32F3xx_HAL_Driver/Src/stm32f3xx_hal.c ****              time intervals. Care must be taken if HAL_Delay() is called from a 
 129:Drivers/STM32F3xx_HAL_Driver/Src/stm32f3xx_hal.c ****              peripheral ISR process, the Tick interrupt line must have higher priority 
 130:Drivers/STM32F3xx_HAL_Driver/Src/stm32f3xx_hal.c ****             (numerically lower) than the peripheral interrupt. Otherwise the caller 
 131:Drivers/STM32F3xx_HAL_Driver/Src/stm32f3xx_hal.c ****             ISR process will be blocked. 
 132:Drivers/STM32F3xx_HAL_Driver/Src/stm32f3xx_hal.c ****        (++) functions affecting time base configurations are declared as __Weak  
 133:Drivers/STM32F3xx_HAL_Driver/Src/stm32f3xx_hal.c ****              to make  override possible  in case of other  implementations in user file.
 134:Drivers/STM32F3xx_HAL_Driver/Src/stm32f3xx_hal.c **** 
 135:Drivers/STM32F3xx_HAL_Driver/Src/stm32f3xx_hal.c **** @endverbatim
 136:Drivers/STM32F3xx_HAL_Driver/Src/stm32f3xx_hal.c ****   * @{
 137:Drivers/STM32F3xx_HAL_Driver/Src/stm32f3xx_hal.c ****   */
 138:Drivers/STM32F3xx_HAL_Driver/Src/stm32f3xx_hal.c **** 
 139:Drivers/STM32F3xx_HAL_Driver/Src/stm32f3xx_hal.c **** /**
 140:Drivers/STM32F3xx_HAL_Driver/Src/stm32f3xx_hal.c ****   * @brief  This function configures the Flash prefetch, 
 141:Drivers/STM32F3xx_HAL_Driver/Src/stm32f3xx_hal.c ****   *         Configures time base source, NVIC and Low level hardware
 142:Drivers/STM32F3xx_HAL_Driver/Src/stm32f3xx_hal.c ****   * @note   This function is called at the beginning of program after reset and before 
 143:Drivers/STM32F3xx_HAL_Driver/Src/stm32f3xx_hal.c ****   *         the clock configuration
 144:Drivers/STM32F3xx_HAL_Driver/Src/stm32f3xx_hal.c ****   *             
ARM GAS  /var/folders/80/65lm4rm97rv_n74c85vt01040000gn/T//ccUAtYSw.s 			page 4


 145:Drivers/STM32F3xx_HAL_Driver/Src/stm32f3xx_hal.c ****   * @note   The Systick configuration is based on HSI clock, as HSI is the clock
 146:Drivers/STM32F3xx_HAL_Driver/Src/stm32f3xx_hal.c ****   *         used after a system Reset and the NVIC configuration is set to Priority group 4 
 147:Drivers/STM32F3xx_HAL_Driver/Src/stm32f3xx_hal.c ****   *            
 148:Drivers/STM32F3xx_HAL_Driver/Src/stm32f3xx_hal.c ****   * @note   The time base configuration is based on MSI clock when exting from Reset.
 149:Drivers/STM32F3xx_HAL_Driver/Src/stm32f3xx_hal.c ****   *         Once done, time base tick start incrementing.
 150:Drivers/STM32F3xx_HAL_Driver/Src/stm32f3xx_hal.c ****   *         In the default implementation,Systick is used as source of time base.
 151:Drivers/STM32F3xx_HAL_Driver/Src/stm32f3xx_hal.c ****   *       The tick variable is incremented each 1ms in its ISR.
 152:Drivers/STM32F3xx_HAL_Driver/Src/stm32f3xx_hal.c ****   * @retval HAL status
 153:Drivers/STM32F3xx_HAL_Driver/Src/stm32f3xx_hal.c ****   */
 154:Drivers/STM32F3xx_HAL_Driver/Src/stm32f3xx_hal.c **** HAL_StatusTypeDef HAL_Init(void)
 155:Drivers/STM32F3xx_HAL_Driver/Src/stm32f3xx_hal.c **** {
 156:Drivers/STM32F3xx_HAL_Driver/Src/stm32f3xx_hal.c ****   /* Configure Flash prefetch */
 157:Drivers/STM32F3xx_HAL_Driver/Src/stm32f3xx_hal.c **** #if (PREFETCH_ENABLE != 0U)
 158:Drivers/STM32F3xx_HAL_Driver/Src/stm32f3xx_hal.c ****   __HAL_FLASH_PREFETCH_BUFFER_ENABLE();
 159:Drivers/STM32F3xx_HAL_Driver/Src/stm32f3xx_hal.c **** #endif /* PREFETCH_ENABLE */
 160:Drivers/STM32F3xx_HAL_Driver/Src/stm32f3xx_hal.c **** 
 161:Drivers/STM32F3xx_HAL_Driver/Src/stm32f3xx_hal.c ****   /* Set Interrupt Group Priority */
 162:Drivers/STM32F3xx_HAL_Driver/Src/stm32f3xx_hal.c ****   HAL_NVIC_SetPriorityGrouping(NVIC_PRIORITYGROUP_4);
 163:Drivers/STM32F3xx_HAL_Driver/Src/stm32f3xx_hal.c **** 
 164:Drivers/STM32F3xx_HAL_Driver/Src/stm32f3xx_hal.c ****   /* Enable systick and configure 1ms tick (default clock after Reset is HSI) */
 165:Drivers/STM32F3xx_HAL_Driver/Src/stm32f3xx_hal.c ****   HAL_InitTick(TICK_INT_PRIORITY);
 166:Drivers/STM32F3xx_HAL_Driver/Src/stm32f3xx_hal.c **** 
 167:Drivers/STM32F3xx_HAL_Driver/Src/stm32f3xx_hal.c ****   /* Init the low level hardware */
 168:Drivers/STM32F3xx_HAL_Driver/Src/stm32f3xx_hal.c ****   HAL_MspInit();
 169:Drivers/STM32F3xx_HAL_Driver/Src/stm32f3xx_hal.c **** 
 170:Drivers/STM32F3xx_HAL_Driver/Src/stm32f3xx_hal.c ****   /* Return function status */
 171:Drivers/STM32F3xx_HAL_Driver/Src/stm32f3xx_hal.c ****   return HAL_OK;
 172:Drivers/STM32F3xx_HAL_Driver/Src/stm32f3xx_hal.c **** }
 173:Drivers/STM32F3xx_HAL_Driver/Src/stm32f3xx_hal.c **** 
 174:Drivers/STM32F3xx_HAL_Driver/Src/stm32f3xx_hal.c **** /**
 175:Drivers/STM32F3xx_HAL_Driver/Src/stm32f3xx_hal.c ****   * @brief  This function de-Initializes common part of the HAL and stops the systick.
 176:Drivers/STM32F3xx_HAL_Driver/Src/stm32f3xx_hal.c ****   * @note This function is optional.
 177:Drivers/STM32F3xx_HAL_Driver/Src/stm32f3xx_hal.c ****   * @retval HAL status
 178:Drivers/STM32F3xx_HAL_Driver/Src/stm32f3xx_hal.c ****   */
 179:Drivers/STM32F3xx_HAL_Driver/Src/stm32f3xx_hal.c **** HAL_StatusTypeDef HAL_DeInit(void)
 180:Drivers/STM32F3xx_HAL_Driver/Src/stm32f3xx_hal.c **** {
 181:Drivers/STM32F3xx_HAL_Driver/Src/stm32f3xx_hal.c ****   /* Reset of all peripherals */
 182:Drivers/STM32F3xx_HAL_Driver/Src/stm32f3xx_hal.c ****   __HAL_RCC_APB1_FORCE_RESET();
 183:Drivers/STM32F3xx_HAL_Driver/Src/stm32f3xx_hal.c ****   __HAL_RCC_APB1_RELEASE_RESET();
 184:Drivers/STM32F3xx_HAL_Driver/Src/stm32f3xx_hal.c **** 
 185:Drivers/STM32F3xx_HAL_Driver/Src/stm32f3xx_hal.c ****   __HAL_RCC_APB2_FORCE_RESET();
 186:Drivers/STM32F3xx_HAL_Driver/Src/stm32f3xx_hal.c ****   __HAL_RCC_APB2_RELEASE_RESET();
 187:Drivers/STM32F3xx_HAL_Driver/Src/stm32f3xx_hal.c **** 
 188:Drivers/STM32F3xx_HAL_Driver/Src/stm32f3xx_hal.c ****   __HAL_RCC_AHB_FORCE_RESET();
 189:Drivers/STM32F3xx_HAL_Driver/Src/stm32f3xx_hal.c ****   __HAL_RCC_AHB_RELEASE_RESET();
 190:Drivers/STM32F3xx_HAL_Driver/Src/stm32f3xx_hal.c **** 
 191:Drivers/STM32F3xx_HAL_Driver/Src/stm32f3xx_hal.c ****   /* De-Init the low level hardware */
 192:Drivers/STM32F3xx_HAL_Driver/Src/stm32f3xx_hal.c ****   HAL_MspDeInit();
 193:Drivers/STM32F3xx_HAL_Driver/Src/stm32f3xx_hal.c **** 
 194:Drivers/STM32F3xx_HAL_Driver/Src/stm32f3xx_hal.c ****   /* Return function status */
 195:Drivers/STM32F3xx_HAL_Driver/Src/stm32f3xx_hal.c ****   return HAL_OK;
 196:Drivers/STM32F3xx_HAL_Driver/Src/stm32f3xx_hal.c **** }
 197:Drivers/STM32F3xx_HAL_Driver/Src/stm32f3xx_hal.c **** 
 198:Drivers/STM32F3xx_HAL_Driver/Src/stm32f3xx_hal.c **** /**
 199:Drivers/STM32F3xx_HAL_Driver/Src/stm32f3xx_hal.c ****   * @brief  Initialize the MSP.
 200:Drivers/STM32F3xx_HAL_Driver/Src/stm32f3xx_hal.c ****   * @retval None
 201:Drivers/STM32F3xx_HAL_Driver/Src/stm32f3xx_hal.c ****   */
ARM GAS  /var/folders/80/65lm4rm97rv_n74c85vt01040000gn/T//ccUAtYSw.s 			page 5


 202:Drivers/STM32F3xx_HAL_Driver/Src/stm32f3xx_hal.c **** __weak void HAL_MspInit(void)
 203:Drivers/STM32F3xx_HAL_Driver/Src/stm32f3xx_hal.c **** {
  29              		.loc 1 203 1 view -0
  30              		.cfi_startproc
  31              		@ args = 0, pretend = 0, frame = 0
  32              		@ frame_needed = 0, uses_anonymous_args = 0
  33              		@ link register save eliminated.
 204:Drivers/STM32F3xx_HAL_Driver/Src/stm32f3xx_hal.c ****   /* NOTE : This function should not be modified, when the callback is needed,
 205:Drivers/STM32F3xx_HAL_Driver/Src/stm32f3xx_hal.c ****             the HAL_MspInit could be implemented in the user file
 206:Drivers/STM32F3xx_HAL_Driver/Src/stm32f3xx_hal.c ****    */
 207:Drivers/STM32F3xx_HAL_Driver/Src/stm32f3xx_hal.c **** }
  34              		.loc 1 207 1 view .LVU1
  35 0000 7047     		bx	lr
  36              		.cfi_endproc
  37              	.LFE128:
  39              		.section	.text.HAL_MspDeInit,"ax",%progbits
  40              		.align	1
  41              		.weak	HAL_MspDeInit
  42              		.syntax unified
  43              		.thumb
  44              		.thumb_func
  45              		.fpu fpv4-sp-d16
  47              	HAL_MspDeInit:
  48              	.LFB129:
 208:Drivers/STM32F3xx_HAL_Driver/Src/stm32f3xx_hal.c **** 
 209:Drivers/STM32F3xx_HAL_Driver/Src/stm32f3xx_hal.c **** /**
 210:Drivers/STM32F3xx_HAL_Driver/Src/stm32f3xx_hal.c ****   * @brief  DeInitialize the MSP.
 211:Drivers/STM32F3xx_HAL_Driver/Src/stm32f3xx_hal.c ****   * @retval None
 212:Drivers/STM32F3xx_HAL_Driver/Src/stm32f3xx_hal.c ****   */
 213:Drivers/STM32F3xx_HAL_Driver/Src/stm32f3xx_hal.c **** __weak void HAL_MspDeInit(void)
 214:Drivers/STM32F3xx_HAL_Driver/Src/stm32f3xx_hal.c **** {
  49              		.loc 1 214 1 view -0
  50              		.cfi_startproc
  51              		@ args = 0, pretend = 0, frame = 0
  52              		@ frame_needed = 0, uses_anonymous_args = 0
  53              		@ link register save eliminated.
 215:Drivers/STM32F3xx_HAL_Driver/Src/stm32f3xx_hal.c ****   /* NOTE : This function should not be modified, when the callback is needed,
 216:Drivers/STM32F3xx_HAL_Driver/Src/stm32f3xx_hal.c ****             the HAL_MspDeInit could be implemented in the user file
 217:Drivers/STM32F3xx_HAL_Driver/Src/stm32f3xx_hal.c ****    */
 218:Drivers/STM32F3xx_HAL_Driver/Src/stm32f3xx_hal.c **** }
  54              		.loc 1 218 1 view .LVU3
  55 0000 7047     		bx	lr
  56              		.cfi_endproc
  57              	.LFE129:
  59              		.section	.text.HAL_DeInit,"ax",%progbits
  60              		.align	1
  61              		.global	HAL_DeInit
  62              		.syntax unified
  63              		.thumb
  64              		.thumb_func
  65              		.fpu fpv4-sp-d16
  67              	HAL_DeInit:
  68              	.LFB127:
 180:Drivers/STM32F3xx_HAL_Driver/Src/stm32f3xx_hal.c ****   /* Reset of all peripherals */
  69              		.loc 1 180 1 view -0
  70              		.cfi_startproc
  71              		@ args = 0, pretend = 0, frame = 0
ARM GAS  /var/folders/80/65lm4rm97rv_n74c85vt01040000gn/T//ccUAtYSw.s 			page 6


  72              		@ frame_needed = 0, uses_anonymous_args = 0
  73 0000 10B5     		push	{r4, lr}
  74              	.LCFI0:
  75              		.cfi_def_cfa_offset 8
  76              		.cfi_offset 4, -8
  77              		.cfi_offset 14, -4
 182:Drivers/STM32F3xx_HAL_Driver/Src/stm32f3xx_hal.c ****   __HAL_RCC_APB1_RELEASE_RESET();
  78              		.loc 1 182 3 view .LVU5
  79 0002 074B     		ldr	r3, .L5
  80 0004 4FF0FF32 		mov	r2, #-1
  81 0008 1A61     		str	r2, [r3, #16]
 183:Drivers/STM32F3xx_HAL_Driver/Src/stm32f3xx_hal.c **** 
  82              		.loc 1 183 3 view .LVU6
  83 000a 0024     		movs	r4, #0
  84 000c 1C61     		str	r4, [r3, #16]
 185:Drivers/STM32F3xx_HAL_Driver/Src/stm32f3xx_hal.c ****   __HAL_RCC_APB2_RELEASE_RESET();
  85              		.loc 1 185 3 view .LVU7
  86 000e DA60     		str	r2, [r3, #12]
 186:Drivers/STM32F3xx_HAL_Driver/Src/stm32f3xx_hal.c **** 
  87              		.loc 1 186 3 view .LVU8
  88 0010 DC60     		str	r4, [r3, #12]
 188:Drivers/STM32F3xx_HAL_Driver/Src/stm32f3xx_hal.c ****   __HAL_RCC_AHB_RELEASE_RESET();
  89              		.loc 1 188 3 view .LVU9
  90 0012 9A62     		str	r2, [r3, #40]
 189:Drivers/STM32F3xx_HAL_Driver/Src/stm32f3xx_hal.c **** 
  91              		.loc 1 189 3 view .LVU10
  92 0014 9C62     		str	r4, [r3, #40]
 192:Drivers/STM32F3xx_HAL_Driver/Src/stm32f3xx_hal.c **** 
  93              		.loc 1 192 3 view .LVU11
  94 0016 FFF7FEFF 		bl	HAL_MspDeInit
  95              	.LVL0:
 195:Drivers/STM32F3xx_HAL_Driver/Src/stm32f3xx_hal.c **** }
  96              		.loc 1 195 3 view .LVU12
 196:Drivers/STM32F3xx_HAL_Driver/Src/stm32f3xx_hal.c **** 
  97              		.loc 1 196 1 is_stmt 0 view .LVU13
  98 001a 2046     		mov	r0, r4
  99 001c 10BD     		pop	{r4, pc}
 100              	.L6:
 101 001e 00BF     		.align	2
 102              	.L5:
 103 0020 00100240 		.word	1073876992
 104              		.cfi_endproc
 105              	.LFE127:
 107              		.section	.text.HAL_InitTick,"ax",%progbits
 108              		.align	1
 109              		.weak	HAL_InitTick
 110              		.syntax unified
 111              		.thumb
 112              		.thumb_func
 113              		.fpu fpv4-sp-d16
 115              	HAL_InitTick:
 116              	.LVL1:
 117              	.LFB130:
 219:Drivers/STM32F3xx_HAL_Driver/Src/stm32f3xx_hal.c **** 
 220:Drivers/STM32F3xx_HAL_Driver/Src/stm32f3xx_hal.c **** /**
 221:Drivers/STM32F3xx_HAL_Driver/Src/stm32f3xx_hal.c ****   * @brief  This function configures the source of the time base. 
 222:Drivers/STM32F3xx_HAL_Driver/Src/stm32f3xx_hal.c ****   *         The time source is configured  to have 1ms time base with a dedicated 
ARM GAS  /var/folders/80/65lm4rm97rv_n74c85vt01040000gn/T//ccUAtYSw.s 			page 7


 223:Drivers/STM32F3xx_HAL_Driver/Src/stm32f3xx_hal.c ****   *         Tick interrupt priority. 
 224:Drivers/STM32F3xx_HAL_Driver/Src/stm32f3xx_hal.c ****   * @note   This function is called  automatically at the beginning of program after
 225:Drivers/STM32F3xx_HAL_Driver/Src/stm32f3xx_hal.c ****   *         reset by HAL_Init() or at any time when clock is reconfigured  by HAL_RCC_ClockConfig()
 226:Drivers/STM32F3xx_HAL_Driver/Src/stm32f3xx_hal.c ****   * @note   In the default implementation , SysTick timer is the source of time base. 
 227:Drivers/STM32F3xx_HAL_Driver/Src/stm32f3xx_hal.c ****   *         It is used to generate interrupts at regular time intervals. 
 228:Drivers/STM32F3xx_HAL_Driver/Src/stm32f3xx_hal.c ****   *         Care must be taken if HAL_Delay() is called from a peripheral ISR process, 
 229:Drivers/STM32F3xx_HAL_Driver/Src/stm32f3xx_hal.c ****   *         The SysTick interrupt must have higher priority (numerically lower) 
 230:Drivers/STM32F3xx_HAL_Driver/Src/stm32f3xx_hal.c ****   *         than the peripheral interrupt. Otherwise the caller ISR process will be blocked.
 231:Drivers/STM32F3xx_HAL_Driver/Src/stm32f3xx_hal.c ****   *         The function is declared as __Weak  to be overwritten  in case of other
 232:Drivers/STM32F3xx_HAL_Driver/Src/stm32f3xx_hal.c ****   *         implementation  in user file.
 233:Drivers/STM32F3xx_HAL_Driver/Src/stm32f3xx_hal.c ****   * @param TickPriority Tick interrupt priority.
 234:Drivers/STM32F3xx_HAL_Driver/Src/stm32f3xx_hal.c ****   * @retval HAL status
 235:Drivers/STM32F3xx_HAL_Driver/Src/stm32f3xx_hal.c ****   */
 236:Drivers/STM32F3xx_HAL_Driver/Src/stm32f3xx_hal.c **** __weak HAL_StatusTypeDef HAL_InitTick(uint32_t TickPriority)
 237:Drivers/STM32F3xx_HAL_Driver/Src/stm32f3xx_hal.c **** {
 118              		.loc 1 237 1 is_stmt 1 view -0
 119              		.cfi_startproc
 120              		@ args = 0, pretend = 0, frame = 0
 121              		@ frame_needed = 0, uses_anonymous_args = 0
 122              		.loc 1 237 1 is_stmt 0 view .LVU15
 123 0000 10B5     		push	{r4, lr}
 124              	.LCFI1:
 125              		.cfi_def_cfa_offset 8
 126              		.cfi_offset 4, -8
 127              		.cfi_offset 14, -4
 128 0002 0446     		mov	r4, r0
 238:Drivers/STM32F3xx_HAL_Driver/Src/stm32f3xx_hal.c ****   /* Configure the SysTick to have interrupt in 1ms time basis*/
 239:Drivers/STM32F3xx_HAL_Driver/Src/stm32f3xx_hal.c ****   if (HAL_SYSTICK_Config(SystemCoreClock / (1000U / uwTickFreq)) > 0U)
 129              		.loc 1 239 3 is_stmt 1 view .LVU16
 130              		.loc 1 239 51 is_stmt 0 view .LVU17
 131 0004 0E4B     		ldr	r3, .L13
 132 0006 1878     		ldrb	r0, [r3]	@ zero_extendqisi2
 133              	.LVL2:
 134              		.loc 1 239 51 view .LVU18
 135 0008 4FF47A73 		mov	r3, #1000
 136 000c B3FBF0F3 		udiv	r3, r3, r0
 137              		.loc 1 239 7 view .LVU19
 138 0010 0C4A     		ldr	r2, .L13+4
 139 0012 1068     		ldr	r0, [r2]
 140 0014 B0FBF3F0 		udiv	r0, r0, r3
 141 0018 FFF7FEFF 		bl	HAL_SYSTICK_Config
 142              	.LVL3:
 143              		.loc 1 239 6 view .LVU20
 144 001c 68B9     		cbnz	r0, .L9
 240:Drivers/STM32F3xx_HAL_Driver/Src/stm32f3xx_hal.c ****   {
 241:Drivers/STM32F3xx_HAL_Driver/Src/stm32f3xx_hal.c ****     return HAL_ERROR;
 242:Drivers/STM32F3xx_HAL_Driver/Src/stm32f3xx_hal.c ****   }
 243:Drivers/STM32F3xx_HAL_Driver/Src/stm32f3xx_hal.c **** 
 244:Drivers/STM32F3xx_HAL_Driver/Src/stm32f3xx_hal.c ****   /* Configure the SysTick IRQ priority */
 245:Drivers/STM32F3xx_HAL_Driver/Src/stm32f3xx_hal.c ****   if (TickPriority < (1UL << __NVIC_PRIO_BITS))
 145              		.loc 1 245 3 is_stmt 1 view .LVU21
 146              		.loc 1 245 6 is_stmt 0 view .LVU22
 147 001e 0F2C     		cmp	r4, #15
 148 0020 01D9     		bls	.L12
 246:Drivers/STM32F3xx_HAL_Driver/Src/stm32f3xx_hal.c ****   {
 247:Drivers/STM32F3xx_HAL_Driver/Src/stm32f3xx_hal.c ****     HAL_NVIC_SetPriority(SysTick_IRQn, TickPriority, 0U);
 248:Drivers/STM32F3xx_HAL_Driver/Src/stm32f3xx_hal.c ****     uwTickPrio = TickPriority;
ARM GAS  /var/folders/80/65lm4rm97rv_n74c85vt01040000gn/T//ccUAtYSw.s 			page 8


 249:Drivers/STM32F3xx_HAL_Driver/Src/stm32f3xx_hal.c ****   }
 250:Drivers/STM32F3xx_HAL_Driver/Src/stm32f3xx_hal.c ****   else
 251:Drivers/STM32F3xx_HAL_Driver/Src/stm32f3xx_hal.c ****   {
 252:Drivers/STM32F3xx_HAL_Driver/Src/stm32f3xx_hal.c ****     return HAL_ERROR;
 149              		.loc 1 252 12 view .LVU23
 150 0022 0120     		movs	r0, #1
 151 0024 0AE0     		b	.L8
 152              	.L12:
 247:Drivers/STM32F3xx_HAL_Driver/Src/stm32f3xx_hal.c ****     uwTickPrio = TickPriority;
 153              		.loc 1 247 5 is_stmt 1 view .LVU24
 154 0026 0022     		movs	r2, #0
 155 0028 2146     		mov	r1, r4
 156 002a 4FF0FF30 		mov	r0, #-1
 157 002e FFF7FEFF 		bl	HAL_NVIC_SetPriority
 158              	.LVL4:
 248:Drivers/STM32F3xx_HAL_Driver/Src/stm32f3xx_hal.c ****   }
 159              		.loc 1 248 5 view .LVU25
 248:Drivers/STM32F3xx_HAL_Driver/Src/stm32f3xx_hal.c ****   }
 160              		.loc 1 248 16 is_stmt 0 view .LVU26
 161 0032 054B     		ldr	r3, .L13+8
 162 0034 1C60     		str	r4, [r3]
 253:Drivers/STM32F3xx_HAL_Driver/Src/stm32f3xx_hal.c ****   }
 254:Drivers/STM32F3xx_HAL_Driver/Src/stm32f3xx_hal.c ****    /* Return function status */
 255:Drivers/STM32F3xx_HAL_Driver/Src/stm32f3xx_hal.c ****   return HAL_OK;
 163              		.loc 1 255 3 is_stmt 1 view .LVU27
 164              		.loc 1 255 10 is_stmt 0 view .LVU28
 165 0036 0020     		movs	r0, #0
 166 0038 00E0     		b	.L8
 167              	.L9:
 241:Drivers/STM32F3xx_HAL_Driver/Src/stm32f3xx_hal.c ****   }
 168              		.loc 1 241 12 view .LVU29
 169 003a 0120     		movs	r0, #1
 170              	.L8:
 256:Drivers/STM32F3xx_HAL_Driver/Src/stm32f3xx_hal.c **** }
 171              		.loc 1 256 1 view .LVU30
 172 003c 10BD     		pop	{r4, pc}
 173              	.LVL5:
 174              	.L14:
 175              		.loc 1 256 1 view .LVU31
 176 003e 00BF     		.align	2
 177              	.L13:
 178 0040 00000000 		.word	.LANCHOR0
 179 0044 00000000 		.word	SystemCoreClock
 180 0048 00000000 		.word	.LANCHOR1
 181              		.cfi_endproc
 182              	.LFE130:
 184              		.section	.text.HAL_Init,"ax",%progbits
 185              		.align	1
 186              		.global	HAL_Init
 187              		.syntax unified
 188              		.thumb
 189              		.thumb_func
 190              		.fpu fpv4-sp-d16
 192              	HAL_Init:
 193              	.LFB126:
 155:Drivers/STM32F3xx_HAL_Driver/Src/stm32f3xx_hal.c ****   /* Configure Flash prefetch */
 194              		.loc 1 155 1 is_stmt 1 view -0
ARM GAS  /var/folders/80/65lm4rm97rv_n74c85vt01040000gn/T//ccUAtYSw.s 			page 9


 195              		.cfi_startproc
 196              		@ args = 0, pretend = 0, frame = 0
 197              		@ frame_needed = 0, uses_anonymous_args = 0
 198 0000 08B5     		push	{r3, lr}
 199              	.LCFI2:
 200              		.cfi_def_cfa_offset 8
 201              		.cfi_offset 3, -8
 202              		.cfi_offset 14, -4
 158:Drivers/STM32F3xx_HAL_Driver/Src/stm32f3xx_hal.c **** #endif /* PREFETCH_ENABLE */
 203              		.loc 1 158 3 view .LVU33
 204 0002 074A     		ldr	r2, .L17
 205 0004 1368     		ldr	r3, [r2]
 206 0006 43F01003 		orr	r3, r3, #16
 207 000a 1360     		str	r3, [r2]
 162:Drivers/STM32F3xx_HAL_Driver/Src/stm32f3xx_hal.c **** 
 208              		.loc 1 162 3 view .LVU34
 209 000c 0320     		movs	r0, #3
 210 000e FFF7FEFF 		bl	HAL_NVIC_SetPriorityGrouping
 211              	.LVL6:
 165:Drivers/STM32F3xx_HAL_Driver/Src/stm32f3xx_hal.c **** 
 212              		.loc 1 165 3 view .LVU35
 213 0012 0020     		movs	r0, #0
 214 0014 FFF7FEFF 		bl	HAL_InitTick
 215              	.LVL7:
 168:Drivers/STM32F3xx_HAL_Driver/Src/stm32f3xx_hal.c **** 
 216              		.loc 1 168 3 view .LVU36
 217 0018 FFF7FEFF 		bl	HAL_MspInit
 218              	.LVL8:
 171:Drivers/STM32F3xx_HAL_Driver/Src/stm32f3xx_hal.c **** }
 219              		.loc 1 171 3 view .LVU37
 172:Drivers/STM32F3xx_HAL_Driver/Src/stm32f3xx_hal.c **** 
 220              		.loc 1 172 1 is_stmt 0 view .LVU38
 221 001c 0020     		movs	r0, #0
 222 001e 08BD     		pop	{r3, pc}
 223              	.L18:
 224              		.align	2
 225              	.L17:
 226 0020 00200240 		.word	1073881088
 227              		.cfi_endproc
 228              	.LFE126:
 230              		.section	.text.HAL_IncTick,"ax",%progbits
 231              		.align	1
 232              		.weak	HAL_IncTick
 233              		.syntax unified
 234              		.thumb
 235              		.thumb_func
 236              		.fpu fpv4-sp-d16
 238              	HAL_IncTick:
 239              	.LFB131:
 257:Drivers/STM32F3xx_HAL_Driver/Src/stm32f3xx_hal.c **** 
 258:Drivers/STM32F3xx_HAL_Driver/Src/stm32f3xx_hal.c **** /**
 259:Drivers/STM32F3xx_HAL_Driver/Src/stm32f3xx_hal.c ****   * @}
 260:Drivers/STM32F3xx_HAL_Driver/Src/stm32f3xx_hal.c ****   */
 261:Drivers/STM32F3xx_HAL_Driver/Src/stm32f3xx_hal.c **** 
 262:Drivers/STM32F3xx_HAL_Driver/Src/stm32f3xx_hal.c **** /** @defgroup HAL_Exported_Functions_Group2 HAL Control functions 
 263:Drivers/STM32F3xx_HAL_Driver/Src/stm32f3xx_hal.c ****  *  @brief    HAL Control functions
 264:Drivers/STM32F3xx_HAL_Driver/Src/stm32f3xx_hal.c ****  *
ARM GAS  /var/folders/80/65lm4rm97rv_n74c85vt01040000gn/T//ccUAtYSw.s 			page 10


 265:Drivers/STM32F3xx_HAL_Driver/Src/stm32f3xx_hal.c **** @verbatim
 266:Drivers/STM32F3xx_HAL_Driver/Src/stm32f3xx_hal.c ****  ===============================================================================
 267:Drivers/STM32F3xx_HAL_Driver/Src/stm32f3xx_hal.c ****                       ##### HAL Control functions #####
 268:Drivers/STM32F3xx_HAL_Driver/Src/stm32f3xx_hal.c ****  ===============================================================================
 269:Drivers/STM32F3xx_HAL_Driver/Src/stm32f3xx_hal.c ****     [..]  This section provides functions allowing to:
 270:Drivers/STM32F3xx_HAL_Driver/Src/stm32f3xx_hal.c ****       (+) Provide a tick value in millisecond
 271:Drivers/STM32F3xx_HAL_Driver/Src/stm32f3xx_hal.c ****       (+) Provide a blocking delay in millisecond
 272:Drivers/STM32F3xx_HAL_Driver/Src/stm32f3xx_hal.c ****       (+) Suspend the time base source interrupt
 273:Drivers/STM32F3xx_HAL_Driver/Src/stm32f3xx_hal.c ****       (+) Resume the time base source interrupt
 274:Drivers/STM32F3xx_HAL_Driver/Src/stm32f3xx_hal.c ****       (+) Get the HAL API driver version
 275:Drivers/STM32F3xx_HAL_Driver/Src/stm32f3xx_hal.c ****       (+) Get the device identifier
 276:Drivers/STM32F3xx_HAL_Driver/Src/stm32f3xx_hal.c ****       (+) Get the device revision identifier
 277:Drivers/STM32F3xx_HAL_Driver/Src/stm32f3xx_hal.c ****       (+) Enable/Disable Debug module during Sleep mode
 278:Drivers/STM32F3xx_HAL_Driver/Src/stm32f3xx_hal.c ****       (+) Enable/Disable Debug module during STOP mode
 279:Drivers/STM32F3xx_HAL_Driver/Src/stm32f3xx_hal.c ****       (+) Enable/Disable Debug module during STANDBY mode
 280:Drivers/STM32F3xx_HAL_Driver/Src/stm32f3xx_hal.c ****       
 281:Drivers/STM32F3xx_HAL_Driver/Src/stm32f3xx_hal.c **** @endverbatim
 282:Drivers/STM32F3xx_HAL_Driver/Src/stm32f3xx_hal.c ****   * @{
 283:Drivers/STM32F3xx_HAL_Driver/Src/stm32f3xx_hal.c ****   */
 284:Drivers/STM32F3xx_HAL_Driver/Src/stm32f3xx_hal.c **** 
 285:Drivers/STM32F3xx_HAL_Driver/Src/stm32f3xx_hal.c **** /**
 286:Drivers/STM32F3xx_HAL_Driver/Src/stm32f3xx_hal.c ****   * @brief  This function is called to increment  a global variable "uwTick"
 287:Drivers/STM32F3xx_HAL_Driver/Src/stm32f3xx_hal.c ****   *         used as application time base.
 288:Drivers/STM32F3xx_HAL_Driver/Src/stm32f3xx_hal.c ****   * @note In the default implementation, this variable is incremented each 1ms
 289:Drivers/STM32F3xx_HAL_Driver/Src/stm32f3xx_hal.c ****   *         in SysTick ISR.
 290:Drivers/STM32F3xx_HAL_Driver/Src/stm32f3xx_hal.c ****   * @note This function is declared as __weak to be overwritten in case of other 
 291:Drivers/STM32F3xx_HAL_Driver/Src/stm32f3xx_hal.c ****   *         implementations  in user file.
 292:Drivers/STM32F3xx_HAL_Driver/Src/stm32f3xx_hal.c ****   * @retval None
 293:Drivers/STM32F3xx_HAL_Driver/Src/stm32f3xx_hal.c ****   */
 294:Drivers/STM32F3xx_HAL_Driver/Src/stm32f3xx_hal.c **** __weak void HAL_IncTick(void)
 295:Drivers/STM32F3xx_HAL_Driver/Src/stm32f3xx_hal.c **** {
 240              		.loc 1 295 1 is_stmt 1 view -0
 241              		.cfi_startproc
 242              		@ args = 0, pretend = 0, frame = 0
 243              		@ frame_needed = 0, uses_anonymous_args = 0
 244              		@ link register save eliminated.
 296:Drivers/STM32F3xx_HAL_Driver/Src/stm32f3xx_hal.c ****   uwTick += uwTickFreq;
 245              		.loc 1 296 3 view .LVU40
 246              		.loc 1 296 10 is_stmt 0 view .LVU41
 247 0000 034A     		ldr	r2, .L20
 248 0002 1168     		ldr	r1, [r2]
 249 0004 034B     		ldr	r3, .L20+4
 250 0006 1B78     		ldrb	r3, [r3]	@ zero_extendqisi2
 251 0008 0B44     		add	r3, r3, r1
 252 000a 1360     		str	r3, [r2]
 297:Drivers/STM32F3xx_HAL_Driver/Src/stm32f3xx_hal.c **** }
 253              		.loc 1 297 1 view .LVU42
 254 000c 7047     		bx	lr
 255              	.L21:
 256 000e 00BF     		.align	2
 257              	.L20:
 258 0010 00000000 		.word	.LANCHOR2
 259 0014 00000000 		.word	.LANCHOR0
 260              		.cfi_endproc
 261              	.LFE131:
 263              		.section	.text.HAL_GetTick,"ax",%progbits
 264              		.align	1
ARM GAS  /var/folders/80/65lm4rm97rv_n74c85vt01040000gn/T//ccUAtYSw.s 			page 11


 265              		.weak	HAL_GetTick
 266              		.syntax unified
 267              		.thumb
 268              		.thumb_func
 269              		.fpu fpv4-sp-d16
 271              	HAL_GetTick:
 272              	.LFB132:
 298:Drivers/STM32F3xx_HAL_Driver/Src/stm32f3xx_hal.c **** 
 299:Drivers/STM32F3xx_HAL_Driver/Src/stm32f3xx_hal.c **** /**
 300:Drivers/STM32F3xx_HAL_Driver/Src/stm32f3xx_hal.c ****   * @brief  Povides a tick value in millisecond.
 301:Drivers/STM32F3xx_HAL_Driver/Src/stm32f3xx_hal.c ****   * @note   The function is declared as __Weak  to be overwritten  in case of other 
 302:Drivers/STM32F3xx_HAL_Driver/Src/stm32f3xx_hal.c ****   *         implementations  in user file.
 303:Drivers/STM32F3xx_HAL_Driver/Src/stm32f3xx_hal.c ****   * @retval tick value
 304:Drivers/STM32F3xx_HAL_Driver/Src/stm32f3xx_hal.c ****   */
 305:Drivers/STM32F3xx_HAL_Driver/Src/stm32f3xx_hal.c **** __weak uint32_t HAL_GetTick(void)
 306:Drivers/STM32F3xx_HAL_Driver/Src/stm32f3xx_hal.c **** {
 273              		.loc 1 306 1 is_stmt 1 view -0
 274              		.cfi_startproc
 275              		@ args = 0, pretend = 0, frame = 0
 276              		@ frame_needed = 0, uses_anonymous_args = 0
 277              		@ link register save eliminated.
 307:Drivers/STM32F3xx_HAL_Driver/Src/stm32f3xx_hal.c ****   return uwTick;  
 278              		.loc 1 307 3 view .LVU44
 279              		.loc 1 307 10 is_stmt 0 view .LVU45
 280 0000 014B     		ldr	r3, .L23
 281 0002 1868     		ldr	r0, [r3]
 308:Drivers/STM32F3xx_HAL_Driver/Src/stm32f3xx_hal.c **** }
 282              		.loc 1 308 1 view .LVU46
 283 0004 7047     		bx	lr
 284              	.L24:
 285 0006 00BF     		.align	2
 286              	.L23:
 287 0008 00000000 		.word	.LANCHOR2
 288              		.cfi_endproc
 289              	.LFE132:
 291              		.section	.text.HAL_GetTickPrio,"ax",%progbits
 292              		.align	1
 293              		.global	HAL_GetTickPrio
 294              		.syntax unified
 295              		.thumb
 296              		.thumb_func
 297              		.fpu fpv4-sp-d16
 299              	HAL_GetTickPrio:
 300              	.LFB133:
 309:Drivers/STM32F3xx_HAL_Driver/Src/stm32f3xx_hal.c **** 
 310:Drivers/STM32F3xx_HAL_Driver/Src/stm32f3xx_hal.c **** /**
 311:Drivers/STM32F3xx_HAL_Driver/Src/stm32f3xx_hal.c ****   * @brief This function returns a tick priority.
 312:Drivers/STM32F3xx_HAL_Driver/Src/stm32f3xx_hal.c ****   * @retval tick priority
 313:Drivers/STM32F3xx_HAL_Driver/Src/stm32f3xx_hal.c ****   */
 314:Drivers/STM32F3xx_HAL_Driver/Src/stm32f3xx_hal.c **** uint32_t HAL_GetTickPrio(void)
 315:Drivers/STM32F3xx_HAL_Driver/Src/stm32f3xx_hal.c **** {
 301              		.loc 1 315 1 is_stmt 1 view -0
 302              		.cfi_startproc
 303              		@ args = 0, pretend = 0, frame = 0
 304              		@ frame_needed = 0, uses_anonymous_args = 0
 305              		@ link register save eliminated.
 316:Drivers/STM32F3xx_HAL_Driver/Src/stm32f3xx_hal.c ****   return uwTickPrio;
ARM GAS  /var/folders/80/65lm4rm97rv_n74c85vt01040000gn/T//ccUAtYSw.s 			page 12


 306              		.loc 1 316 3 view .LVU48
 317:Drivers/STM32F3xx_HAL_Driver/Src/stm32f3xx_hal.c **** }
 307              		.loc 1 317 1 is_stmt 0 view .LVU49
 308 0000 014B     		ldr	r3, .L26
 309 0002 1868     		ldr	r0, [r3]
 310 0004 7047     		bx	lr
 311              	.L27:
 312 0006 00BF     		.align	2
 313              	.L26:
 314 0008 00000000 		.word	.LANCHOR1
 315              		.cfi_endproc
 316              	.LFE133:
 318              		.section	.text.HAL_SetTickFreq,"ax",%progbits
 319              		.align	1
 320              		.global	HAL_SetTickFreq
 321              		.syntax unified
 322              		.thumb
 323              		.thumb_func
 324              		.fpu fpv4-sp-d16
 326              	HAL_SetTickFreq:
 327              	.LVL9:
 328              	.LFB134:
 318:Drivers/STM32F3xx_HAL_Driver/Src/stm32f3xx_hal.c **** 
 319:Drivers/STM32F3xx_HAL_Driver/Src/stm32f3xx_hal.c **** /**
 320:Drivers/STM32F3xx_HAL_Driver/Src/stm32f3xx_hal.c ****   * @brief Set new tick Freq.
 321:Drivers/STM32F3xx_HAL_Driver/Src/stm32f3xx_hal.c ****   * @retval Status
 322:Drivers/STM32F3xx_HAL_Driver/Src/stm32f3xx_hal.c ****   */
 323:Drivers/STM32F3xx_HAL_Driver/Src/stm32f3xx_hal.c **** HAL_StatusTypeDef HAL_SetTickFreq(HAL_TickFreqTypeDef Freq)
 324:Drivers/STM32F3xx_HAL_Driver/Src/stm32f3xx_hal.c **** {
 329              		.loc 1 324 1 is_stmt 1 view -0
 330              		.cfi_startproc
 331              		@ args = 0, pretend = 0, frame = 0
 332              		@ frame_needed = 0, uses_anonymous_args = 0
 333              		.loc 1 324 1 is_stmt 0 view .LVU51
 334 0000 08B5     		push	{r3, lr}
 335              	.LCFI3:
 336              		.cfi_def_cfa_offset 8
 337              		.cfi_offset 3, -8
 338              		.cfi_offset 14, -4
 325:Drivers/STM32F3xx_HAL_Driver/Src/stm32f3xx_hal.c ****   HAL_StatusTypeDef status  = HAL_OK;
 339              		.loc 1 325 3 is_stmt 1 view .LVU52
 340              	.LVL10:
 326:Drivers/STM32F3xx_HAL_Driver/Src/stm32f3xx_hal.c ****   assert_param(IS_TICKFREQ(Freq));
 341              		.loc 1 326 3 view .LVU53
 327:Drivers/STM32F3xx_HAL_Driver/Src/stm32f3xx_hal.c **** 
 328:Drivers/STM32F3xx_HAL_Driver/Src/stm32f3xx_hal.c ****   if (uwTickFreq != Freq)
 342              		.loc 1 328 3 view .LVU54
 343              		.loc 1 328 18 is_stmt 0 view .LVU55
 344 0002 064B     		ldr	r3, .L33
 345 0004 1B78     		ldrb	r3, [r3]	@ zero_extendqisi2
 346              		.loc 1 328 6 view .LVU56
 347 0006 8342     		cmp	r3, r0
 348 0008 01D1     		bne	.L32
 325:Drivers/STM32F3xx_HAL_Driver/Src/stm32f3xx_hal.c ****   assert_param(IS_TICKFREQ(Freq));
 349              		.loc 1 325 21 view .LVU57
 350 000a 0020     		movs	r0, #0
 351              	.LVL11:
ARM GAS  /var/folders/80/65lm4rm97rv_n74c85vt01040000gn/T//ccUAtYSw.s 			page 13


 352              	.L29:
 329:Drivers/STM32F3xx_HAL_Driver/Src/stm32f3xx_hal.c ****   {
 330:Drivers/STM32F3xx_HAL_Driver/Src/stm32f3xx_hal.c ****     uwTickFreq = Freq;
 331:Drivers/STM32F3xx_HAL_Driver/Src/stm32f3xx_hal.c **** 
 332:Drivers/STM32F3xx_HAL_Driver/Src/stm32f3xx_hal.c ****     /* Apply the new tick Freq  */
 333:Drivers/STM32F3xx_HAL_Driver/Src/stm32f3xx_hal.c ****     status = HAL_InitTick(uwTickPrio);
 334:Drivers/STM32F3xx_HAL_Driver/Src/stm32f3xx_hal.c ****   }
 335:Drivers/STM32F3xx_HAL_Driver/Src/stm32f3xx_hal.c **** 
 336:Drivers/STM32F3xx_HAL_Driver/Src/stm32f3xx_hal.c ****   return status;
 353              		.loc 1 336 3 is_stmt 1 view .LVU58
 337:Drivers/STM32F3xx_HAL_Driver/Src/stm32f3xx_hal.c **** }
 354              		.loc 1 337 1 is_stmt 0 view .LVU59
 355 000c 08BD     		pop	{r3, pc}
 356              	.LVL12:
 357              	.L32:
 330:Drivers/STM32F3xx_HAL_Driver/Src/stm32f3xx_hal.c **** 
 358              		.loc 1 330 5 is_stmt 1 view .LVU60
 330:Drivers/STM32F3xx_HAL_Driver/Src/stm32f3xx_hal.c **** 
 359              		.loc 1 330 16 is_stmt 0 view .LVU61
 360 000e 034B     		ldr	r3, .L33
 361 0010 1870     		strb	r0, [r3]
 333:Drivers/STM32F3xx_HAL_Driver/Src/stm32f3xx_hal.c ****   }
 362              		.loc 1 333 5 is_stmt 1 view .LVU62
 333:Drivers/STM32F3xx_HAL_Driver/Src/stm32f3xx_hal.c ****   }
 363              		.loc 1 333 14 is_stmt 0 view .LVU63
 364 0012 034B     		ldr	r3, .L33+4
 365 0014 1868     		ldr	r0, [r3]
 366              	.LVL13:
 333:Drivers/STM32F3xx_HAL_Driver/Src/stm32f3xx_hal.c ****   }
 367              		.loc 1 333 14 view .LVU64
 368 0016 FFF7FEFF 		bl	HAL_InitTick
 369              	.LVL14:
 333:Drivers/STM32F3xx_HAL_Driver/Src/stm32f3xx_hal.c ****   }
 370              		.loc 1 333 14 view .LVU65
 371 001a F7E7     		b	.L29
 372              	.L34:
 373              		.align	2
 374              	.L33:
 375 001c 00000000 		.word	.LANCHOR0
 376 0020 00000000 		.word	.LANCHOR1
 377              		.cfi_endproc
 378              	.LFE134:
 380              		.section	.text.HAL_GetTickFreq,"ax",%progbits
 381              		.align	1
 382              		.global	HAL_GetTickFreq
 383              		.syntax unified
 384              		.thumb
 385              		.thumb_func
 386              		.fpu fpv4-sp-d16
 388              	HAL_GetTickFreq:
 389              	.LFB135:
 338:Drivers/STM32F3xx_HAL_Driver/Src/stm32f3xx_hal.c **** 
 339:Drivers/STM32F3xx_HAL_Driver/Src/stm32f3xx_hal.c **** /**
 340:Drivers/STM32F3xx_HAL_Driver/Src/stm32f3xx_hal.c ****   * @brief Return tick frequency.
 341:Drivers/STM32F3xx_HAL_Driver/Src/stm32f3xx_hal.c ****   * @retval tick period in Hz
 342:Drivers/STM32F3xx_HAL_Driver/Src/stm32f3xx_hal.c ****   */
 343:Drivers/STM32F3xx_HAL_Driver/Src/stm32f3xx_hal.c **** HAL_TickFreqTypeDef HAL_GetTickFreq(void)
ARM GAS  /var/folders/80/65lm4rm97rv_n74c85vt01040000gn/T//ccUAtYSw.s 			page 14


 344:Drivers/STM32F3xx_HAL_Driver/Src/stm32f3xx_hal.c **** {
 390              		.loc 1 344 1 is_stmt 1 view -0
 391              		.cfi_startproc
 392              		@ args = 0, pretend = 0, frame = 0
 393              		@ frame_needed = 0, uses_anonymous_args = 0
 394              		@ link register save eliminated.
 345:Drivers/STM32F3xx_HAL_Driver/Src/stm32f3xx_hal.c ****   return uwTickFreq;
 395              		.loc 1 345 3 view .LVU67
 346:Drivers/STM32F3xx_HAL_Driver/Src/stm32f3xx_hal.c **** }
 396              		.loc 1 346 1 is_stmt 0 view .LVU68
 397 0000 014B     		ldr	r3, .L36
 398 0002 1878     		ldrb	r0, [r3]	@ zero_extendqisi2
 399 0004 7047     		bx	lr
 400              	.L37:
 401 0006 00BF     		.align	2
 402              	.L36:
 403 0008 00000000 		.word	.LANCHOR0
 404              		.cfi_endproc
 405              	.LFE135:
 407              		.section	.text.HAL_Delay,"ax",%progbits
 408              		.align	1
 409              		.weak	HAL_Delay
 410              		.syntax unified
 411              		.thumb
 412              		.thumb_func
 413              		.fpu fpv4-sp-d16
 415              	HAL_Delay:
 416              	.LVL15:
 417              	.LFB136:
 347:Drivers/STM32F3xx_HAL_Driver/Src/stm32f3xx_hal.c **** 
 348:Drivers/STM32F3xx_HAL_Driver/Src/stm32f3xx_hal.c **** /**
 349:Drivers/STM32F3xx_HAL_Driver/Src/stm32f3xx_hal.c ****   * @brief  This function provides accurate delay (in milliseconds) based 
 350:Drivers/STM32F3xx_HAL_Driver/Src/stm32f3xx_hal.c ****   *         on variable incremented.
 351:Drivers/STM32F3xx_HAL_Driver/Src/stm32f3xx_hal.c ****   * @note   In the default implementation , SysTick timer is the source of time base. 
 352:Drivers/STM32F3xx_HAL_Driver/Src/stm32f3xx_hal.c ****   *         It is used to generate interrupts at regular time intervals where uwTick
 353:Drivers/STM32F3xx_HAL_Driver/Src/stm32f3xx_hal.c ****   *         is incremented.
 354:Drivers/STM32F3xx_HAL_Driver/Src/stm32f3xx_hal.c ****   *         The function is declared as __Weak  to be overwritten  in case of other
 355:Drivers/STM32F3xx_HAL_Driver/Src/stm32f3xx_hal.c ****   *         implementations  in user file.
 356:Drivers/STM32F3xx_HAL_Driver/Src/stm32f3xx_hal.c ****   * @param  Delay specifies the delay time length, in milliseconds.
 357:Drivers/STM32F3xx_HAL_Driver/Src/stm32f3xx_hal.c ****   * @retval None
 358:Drivers/STM32F3xx_HAL_Driver/Src/stm32f3xx_hal.c ****   */
 359:Drivers/STM32F3xx_HAL_Driver/Src/stm32f3xx_hal.c **** __weak void HAL_Delay(uint32_t Delay)
 360:Drivers/STM32F3xx_HAL_Driver/Src/stm32f3xx_hal.c **** {
 418              		.loc 1 360 1 is_stmt 1 view -0
 419              		.cfi_startproc
 420              		@ args = 0, pretend = 0, frame = 0
 421              		@ frame_needed = 0, uses_anonymous_args = 0
 422              		.loc 1 360 1 is_stmt 0 view .LVU70
 423 0000 38B5     		push	{r3, r4, r5, lr}
 424              	.LCFI4:
 425              		.cfi_def_cfa_offset 16
 426              		.cfi_offset 3, -16
 427              		.cfi_offset 4, -12
 428              		.cfi_offset 5, -8
 429              		.cfi_offset 14, -4
 430 0002 0446     		mov	r4, r0
 361:Drivers/STM32F3xx_HAL_Driver/Src/stm32f3xx_hal.c ****   uint32_t tickstart = HAL_GetTick();
ARM GAS  /var/folders/80/65lm4rm97rv_n74c85vt01040000gn/T//ccUAtYSw.s 			page 15


 431              		.loc 1 361 3 is_stmt 1 view .LVU71
 432              		.loc 1 361 24 is_stmt 0 view .LVU72
 433 0004 FFF7FEFF 		bl	HAL_GetTick
 434              	.LVL16:
 435              		.loc 1 361 24 view .LVU73
 436 0008 0546     		mov	r5, r0
 437              	.LVL17:
 362:Drivers/STM32F3xx_HAL_Driver/Src/stm32f3xx_hal.c ****   uint32_t wait = Delay;
 438              		.loc 1 362 3 is_stmt 1 view .LVU74
 363:Drivers/STM32F3xx_HAL_Driver/Src/stm32f3xx_hal.c ****   
 364:Drivers/STM32F3xx_HAL_Driver/Src/stm32f3xx_hal.c ****   /* Add freq to guarantee minimum wait */
 365:Drivers/STM32F3xx_HAL_Driver/Src/stm32f3xx_hal.c ****   if (wait < HAL_MAX_DELAY)
 439              		.loc 1 365 3 view .LVU75
 440              		.loc 1 365 6 is_stmt 0 view .LVU76
 441 000a B4F1FF3F 		cmp	r4, #-1
 442 000e 02D0     		beq	.L40
 366:Drivers/STM32F3xx_HAL_Driver/Src/stm32f3xx_hal.c ****   {
 367:Drivers/STM32F3xx_HAL_Driver/Src/stm32f3xx_hal.c ****     wait += (uint32_t)(uwTickFreq);
 443              		.loc 1 367 5 is_stmt 1 view .LVU77
 444              		.loc 1 367 13 is_stmt 0 view .LVU78
 445 0010 044B     		ldr	r3, .L42
 446 0012 1B78     		ldrb	r3, [r3]	@ zero_extendqisi2
 447              		.loc 1 367 10 view .LVU79
 448 0014 1C44     		add	r4, r4, r3
 449              	.LVL18:
 450              	.L40:
 368:Drivers/STM32F3xx_HAL_Driver/Src/stm32f3xx_hal.c ****   }
 369:Drivers/STM32F3xx_HAL_Driver/Src/stm32f3xx_hal.c ****   
 370:Drivers/STM32F3xx_HAL_Driver/Src/stm32f3xx_hal.c ****   while((HAL_GetTick() - tickstart) < wait)
 371:Drivers/STM32F3xx_HAL_Driver/Src/stm32f3xx_hal.c ****   {
 372:Drivers/STM32F3xx_HAL_Driver/Src/stm32f3xx_hal.c ****   }
 451              		.loc 1 372 3 is_stmt 1 discriminator 1 view .LVU80
 370:Drivers/STM32F3xx_HAL_Driver/Src/stm32f3xx_hal.c ****   {
 452              		.loc 1 370 8 discriminator 1 view .LVU81
 370:Drivers/STM32F3xx_HAL_Driver/Src/stm32f3xx_hal.c ****   {
 453              		.loc 1 370 10 is_stmt 0 discriminator 1 view .LVU82
 454 0016 FFF7FEFF 		bl	HAL_GetTick
 455              	.LVL19:
 370:Drivers/STM32F3xx_HAL_Driver/Src/stm32f3xx_hal.c ****   {
 456              		.loc 1 370 24 discriminator 1 view .LVU83
 457 001a 401B     		subs	r0, r0, r5
 370:Drivers/STM32F3xx_HAL_Driver/Src/stm32f3xx_hal.c ****   {
 458              		.loc 1 370 8 discriminator 1 view .LVU84
 459 001c A042     		cmp	r0, r4
 460 001e FAD3     		bcc	.L40
 373:Drivers/STM32F3xx_HAL_Driver/Src/stm32f3xx_hal.c **** }
 461              		.loc 1 373 1 view .LVU85
 462 0020 38BD     		pop	{r3, r4, r5, pc}
 463              	.LVL20:
 464              	.L43:
 465              		.loc 1 373 1 view .LVU86
 466 0022 00BF     		.align	2
 467              	.L42:
 468 0024 00000000 		.word	.LANCHOR0
 469              		.cfi_endproc
 470              	.LFE136:
 472              		.section	.text.HAL_SuspendTick,"ax",%progbits
ARM GAS  /var/folders/80/65lm4rm97rv_n74c85vt01040000gn/T//ccUAtYSw.s 			page 16


 473              		.align	1
 474              		.weak	HAL_SuspendTick
 475              		.syntax unified
 476              		.thumb
 477              		.thumb_func
 478              		.fpu fpv4-sp-d16
 480              	HAL_SuspendTick:
 481              	.LFB137:
 374:Drivers/STM32F3xx_HAL_Driver/Src/stm32f3xx_hal.c **** 
 375:Drivers/STM32F3xx_HAL_Driver/Src/stm32f3xx_hal.c **** /**
 376:Drivers/STM32F3xx_HAL_Driver/Src/stm32f3xx_hal.c ****   * @brief  Suspend Tick increment.
 377:Drivers/STM32F3xx_HAL_Driver/Src/stm32f3xx_hal.c ****   * @note   In the default implementation , SysTick timer is the source of time base. It is  
 378:Drivers/STM32F3xx_HAL_Driver/Src/stm32f3xx_hal.c ****   *         used to generate interrupts at regular time intervals. Once HAL_SuspendTick()
 379:Drivers/STM32F3xx_HAL_Driver/Src/stm32f3xx_hal.c ****   *         is called, the the SysTick interrupt will be disabled and so Tick increment 
 380:Drivers/STM32F3xx_HAL_Driver/Src/stm32f3xx_hal.c ****   *         is suspended.
 381:Drivers/STM32F3xx_HAL_Driver/Src/stm32f3xx_hal.c ****   * @note This function is declared as __weak to be overwritten in case of other
 382:Drivers/STM32F3xx_HAL_Driver/Src/stm32f3xx_hal.c ****   *         implementations  in user file.
 383:Drivers/STM32F3xx_HAL_Driver/Src/stm32f3xx_hal.c ****   * @retval None
 384:Drivers/STM32F3xx_HAL_Driver/Src/stm32f3xx_hal.c ****   */
 385:Drivers/STM32F3xx_HAL_Driver/Src/stm32f3xx_hal.c **** __weak void HAL_SuspendTick(void)
 386:Drivers/STM32F3xx_HAL_Driver/Src/stm32f3xx_hal.c **** 
 387:Drivers/STM32F3xx_HAL_Driver/Src/stm32f3xx_hal.c **** {
 482              		.loc 1 387 1 is_stmt 1 view -0
 483              		.cfi_startproc
 484              		@ args = 0, pretend = 0, frame = 0
 485              		@ frame_needed = 0, uses_anonymous_args = 0
 486              		@ link register save eliminated.
 388:Drivers/STM32F3xx_HAL_Driver/Src/stm32f3xx_hal.c ****   /* Disable SysTick Interrupt */
 389:Drivers/STM32F3xx_HAL_Driver/Src/stm32f3xx_hal.c ****   SysTick->CTRL &= ~SysTick_CTRL_TICKINT_Msk;
 487              		.loc 1 389 3 view .LVU88
 488              		.loc 1 389 17 is_stmt 0 view .LVU89
 489 0000 4FF0E022 		mov	r2, #-536813568
 490 0004 1369     		ldr	r3, [r2, #16]
 491 0006 23F00203 		bic	r3, r3, #2
 492 000a 1361     		str	r3, [r2, #16]
 390:Drivers/STM32F3xx_HAL_Driver/Src/stm32f3xx_hal.c ****                                                    
 391:Drivers/STM32F3xx_HAL_Driver/Src/stm32f3xx_hal.c **** }
 493              		.loc 1 391 1 view .LVU90
 494 000c 7047     		bx	lr
 495              		.cfi_endproc
 496              	.LFE137:
 498              		.section	.text.HAL_ResumeTick,"ax",%progbits
 499              		.align	1
 500              		.weak	HAL_ResumeTick
 501              		.syntax unified
 502              		.thumb
 503              		.thumb_func
 504              		.fpu fpv4-sp-d16
 506              	HAL_ResumeTick:
 507              	.LFB138:
 392:Drivers/STM32F3xx_HAL_Driver/Src/stm32f3xx_hal.c **** 
 393:Drivers/STM32F3xx_HAL_Driver/Src/stm32f3xx_hal.c **** /**
 394:Drivers/STM32F3xx_HAL_Driver/Src/stm32f3xx_hal.c ****   * @brief  Resume Tick increment.
 395:Drivers/STM32F3xx_HAL_Driver/Src/stm32f3xx_hal.c ****   * @note   In the default implementation , SysTick timer is the source of time base. It is  
 396:Drivers/STM32F3xx_HAL_Driver/Src/stm32f3xx_hal.c ****   *         used to generate interrupts at regular time intervals. Once HAL_ResumeTick()
 397:Drivers/STM32F3xx_HAL_Driver/Src/stm32f3xx_hal.c ****   *         is called, the the SysTick interrupt will be enabled and so Tick increment 
 398:Drivers/STM32F3xx_HAL_Driver/Src/stm32f3xx_hal.c ****   *         is resumed.
ARM GAS  /var/folders/80/65lm4rm97rv_n74c85vt01040000gn/T//ccUAtYSw.s 			page 17


 399:Drivers/STM32F3xx_HAL_Driver/Src/stm32f3xx_hal.c ****   *         The function is declared as __Weak  to be overwritten  in case of other
 400:Drivers/STM32F3xx_HAL_Driver/Src/stm32f3xx_hal.c ****   *         implementations  in user file.
 401:Drivers/STM32F3xx_HAL_Driver/Src/stm32f3xx_hal.c ****   * @retval None
 402:Drivers/STM32F3xx_HAL_Driver/Src/stm32f3xx_hal.c ****   */
 403:Drivers/STM32F3xx_HAL_Driver/Src/stm32f3xx_hal.c **** __weak void HAL_ResumeTick(void)
 404:Drivers/STM32F3xx_HAL_Driver/Src/stm32f3xx_hal.c **** {
 508              		.loc 1 404 1 is_stmt 1 view -0
 509              		.cfi_startproc
 510              		@ args = 0, pretend = 0, frame = 0
 511              		@ frame_needed = 0, uses_anonymous_args = 0
 512              		@ link register save eliminated.
 405:Drivers/STM32F3xx_HAL_Driver/Src/stm32f3xx_hal.c ****   /* Enable SysTick Interrupt */
 406:Drivers/STM32F3xx_HAL_Driver/Src/stm32f3xx_hal.c ****   SysTick->CTRL  |= SysTick_CTRL_TICKINT_Msk;
 513              		.loc 1 406 3 view .LVU92
 514              		.loc 1 406 18 is_stmt 0 view .LVU93
 515 0000 4FF0E022 		mov	r2, #-536813568
 516 0004 1369     		ldr	r3, [r2, #16]
 517 0006 43F00203 		orr	r3, r3, #2
 518 000a 1361     		str	r3, [r2, #16]
 407:Drivers/STM32F3xx_HAL_Driver/Src/stm32f3xx_hal.c ****   
 408:Drivers/STM32F3xx_HAL_Driver/Src/stm32f3xx_hal.c **** }
 519              		.loc 1 408 1 view .LVU94
 520 000c 7047     		bx	lr
 521              		.cfi_endproc
 522              	.LFE138:
 524              		.section	.text.HAL_GetHalVersion,"ax",%progbits
 525              		.align	1
 526              		.global	HAL_GetHalVersion
 527              		.syntax unified
 528              		.thumb
 529              		.thumb_func
 530              		.fpu fpv4-sp-d16
 532              	HAL_GetHalVersion:
 533              	.LFB139:
 409:Drivers/STM32F3xx_HAL_Driver/Src/stm32f3xx_hal.c **** 
 410:Drivers/STM32F3xx_HAL_Driver/Src/stm32f3xx_hal.c **** /**
 411:Drivers/STM32F3xx_HAL_Driver/Src/stm32f3xx_hal.c ****   * @brief  This function returns the HAL revision
 412:Drivers/STM32F3xx_HAL_Driver/Src/stm32f3xx_hal.c ****   * @retval version 0xXYZR (8bits for each decimal, R for RC)
 413:Drivers/STM32F3xx_HAL_Driver/Src/stm32f3xx_hal.c ****   */
 414:Drivers/STM32F3xx_HAL_Driver/Src/stm32f3xx_hal.c **** uint32_t HAL_GetHalVersion(void)
 415:Drivers/STM32F3xx_HAL_Driver/Src/stm32f3xx_hal.c **** {
 534              		.loc 1 415 1 is_stmt 1 view -0
 535              		.cfi_startproc
 536              		@ args = 0, pretend = 0, frame = 0
 537              		@ frame_needed = 0, uses_anonymous_args = 0
 538              		@ link register save eliminated.
 416:Drivers/STM32F3xx_HAL_Driver/Src/stm32f3xx_hal.c ****  return __STM32F3xx_HAL_VERSION;
 539              		.loc 1 416 2 view .LVU96
 417:Drivers/STM32F3xx_HAL_Driver/Src/stm32f3xx_hal.c **** }
 540              		.loc 1 417 1 is_stmt 0 view .LVU97
 541 0000 0048     		ldr	r0, .L47
 542 0002 7047     		bx	lr
 543              	.L48:
 544              		.align	2
 545              	.L47:
 546 0004 00020501 		.word	17105408
 547              		.cfi_endproc
ARM GAS  /var/folders/80/65lm4rm97rv_n74c85vt01040000gn/T//ccUAtYSw.s 			page 18


 548              	.LFE139:
 550              		.section	.text.HAL_GetREVID,"ax",%progbits
 551              		.align	1
 552              		.global	HAL_GetREVID
 553              		.syntax unified
 554              		.thumb
 555              		.thumb_func
 556              		.fpu fpv4-sp-d16
 558              	HAL_GetREVID:
 559              	.LFB140:
 418:Drivers/STM32F3xx_HAL_Driver/Src/stm32f3xx_hal.c **** 
 419:Drivers/STM32F3xx_HAL_Driver/Src/stm32f3xx_hal.c **** /**
 420:Drivers/STM32F3xx_HAL_Driver/Src/stm32f3xx_hal.c ****   * @brief  Returns the device revision identifier.
 421:Drivers/STM32F3xx_HAL_Driver/Src/stm32f3xx_hal.c ****   * @retval Device revision identifier
 422:Drivers/STM32F3xx_HAL_Driver/Src/stm32f3xx_hal.c ****   */
 423:Drivers/STM32F3xx_HAL_Driver/Src/stm32f3xx_hal.c **** uint32_t HAL_GetREVID(void)
 424:Drivers/STM32F3xx_HAL_Driver/Src/stm32f3xx_hal.c **** {
 560              		.loc 1 424 1 is_stmt 1 view -0
 561              		.cfi_startproc
 562              		@ args = 0, pretend = 0, frame = 0
 563              		@ frame_needed = 0, uses_anonymous_args = 0
 564              		@ link register save eliminated.
 425:Drivers/STM32F3xx_HAL_Driver/Src/stm32f3xx_hal.c ****   return((DBGMCU->IDCODE) >> 16U);
 565              		.loc 1 425 3 view .LVU99
 566              		.loc 1 425 17 is_stmt 0 view .LVU100
 567 0000 014B     		ldr	r3, .L50
 568 0002 1868     		ldr	r0, [r3]
 426:Drivers/STM32F3xx_HAL_Driver/Src/stm32f3xx_hal.c **** }
 569              		.loc 1 426 1 view .LVU101
 570 0004 000C     		lsrs	r0, r0, #16
 571 0006 7047     		bx	lr
 572              	.L51:
 573              		.align	2
 574              	.L50:
 575 0008 002004E0 		.word	-536600576
 576              		.cfi_endproc
 577              	.LFE140:
 579              		.section	.text.HAL_GetDEVID,"ax",%progbits
 580              		.align	1
 581              		.global	HAL_GetDEVID
 582              		.syntax unified
 583              		.thumb
 584              		.thumb_func
 585              		.fpu fpv4-sp-d16
 587              	HAL_GetDEVID:
 588              	.LFB141:
 427:Drivers/STM32F3xx_HAL_Driver/Src/stm32f3xx_hal.c **** 
 428:Drivers/STM32F3xx_HAL_Driver/Src/stm32f3xx_hal.c **** /**
 429:Drivers/STM32F3xx_HAL_Driver/Src/stm32f3xx_hal.c ****   * @brief  Returns the device identifier.
 430:Drivers/STM32F3xx_HAL_Driver/Src/stm32f3xx_hal.c ****   * @retval Device identifier
 431:Drivers/STM32F3xx_HAL_Driver/Src/stm32f3xx_hal.c ****   */
 432:Drivers/STM32F3xx_HAL_Driver/Src/stm32f3xx_hal.c **** uint32_t HAL_GetDEVID(void)
 433:Drivers/STM32F3xx_HAL_Driver/Src/stm32f3xx_hal.c **** {
 589              		.loc 1 433 1 is_stmt 1 view -0
 590              		.cfi_startproc
 591              		@ args = 0, pretend = 0, frame = 0
 592              		@ frame_needed = 0, uses_anonymous_args = 0
ARM GAS  /var/folders/80/65lm4rm97rv_n74c85vt01040000gn/T//ccUAtYSw.s 			page 19


 593              		@ link register save eliminated.
 434:Drivers/STM32F3xx_HAL_Driver/Src/stm32f3xx_hal.c ****   return((DBGMCU->IDCODE) & IDCODE_DEVID_MASK);
 594              		.loc 1 434 3 view .LVU103
 595              		.loc 1 434 17 is_stmt 0 view .LVU104
 596 0000 024B     		ldr	r3, .L53
 597 0002 1868     		ldr	r0, [r3]
 435:Drivers/STM32F3xx_HAL_Driver/Src/stm32f3xx_hal.c **** }
 598              		.loc 1 435 1 view .LVU105
 599 0004 C0F30B00 		ubfx	r0, r0, #0, #12
 600 0008 7047     		bx	lr
 601              	.L54:
 602 000a 00BF     		.align	2
 603              	.L53:
 604 000c 002004E0 		.word	-536600576
 605              		.cfi_endproc
 606              	.LFE141:
 608              		.section	.text.HAL_GetUIDw0,"ax",%progbits
 609              		.align	1
 610              		.global	HAL_GetUIDw0
 611              		.syntax unified
 612              		.thumb
 613              		.thumb_func
 614              		.fpu fpv4-sp-d16
 616              	HAL_GetUIDw0:
 617              	.LFB142:
 436:Drivers/STM32F3xx_HAL_Driver/Src/stm32f3xx_hal.c **** 
 437:Drivers/STM32F3xx_HAL_Driver/Src/stm32f3xx_hal.c **** /**
 438:Drivers/STM32F3xx_HAL_Driver/Src/stm32f3xx_hal.c ****   * @brief  Returns first word of the unique device identifier (UID based on 96 bits)
 439:Drivers/STM32F3xx_HAL_Driver/Src/stm32f3xx_hal.c ****   * @retval Device identifier
 440:Drivers/STM32F3xx_HAL_Driver/Src/stm32f3xx_hal.c ****   */
 441:Drivers/STM32F3xx_HAL_Driver/Src/stm32f3xx_hal.c **** uint32_t HAL_GetUIDw0(void)
 442:Drivers/STM32F3xx_HAL_Driver/Src/stm32f3xx_hal.c **** {
 618              		.loc 1 442 1 is_stmt 1 view -0
 619              		.cfi_startproc
 620              		@ args = 0, pretend = 0, frame = 0
 621              		@ frame_needed = 0, uses_anonymous_args = 0
 622              		@ link register save eliminated.
 443:Drivers/STM32F3xx_HAL_Driver/Src/stm32f3xx_hal.c ****    return(READ_REG(*((uint32_t *)UID_BASE)));
 623              		.loc 1 443 4 view .LVU107
 444:Drivers/STM32F3xx_HAL_Driver/Src/stm32f3xx_hal.c **** }
 624              		.loc 1 444 1 is_stmt 0 view .LVU108
 625 0000 014B     		ldr	r3, .L56
 626 0002 D3F8AC07 		ldr	r0, [r3, #1964]
 627 0006 7047     		bx	lr
 628              	.L57:
 629              		.align	2
 630              	.L56:
 631 0008 00F0FF1F 		.word	536866816
 632              		.cfi_endproc
 633              	.LFE142:
 635              		.section	.text.HAL_GetUIDw1,"ax",%progbits
 636              		.align	1
 637              		.global	HAL_GetUIDw1
 638              		.syntax unified
 639              		.thumb
 640              		.thumb_func
 641              		.fpu fpv4-sp-d16
ARM GAS  /var/folders/80/65lm4rm97rv_n74c85vt01040000gn/T//ccUAtYSw.s 			page 20


 643              	HAL_GetUIDw1:
 644              	.LFB143:
 445:Drivers/STM32F3xx_HAL_Driver/Src/stm32f3xx_hal.c **** 
 446:Drivers/STM32F3xx_HAL_Driver/Src/stm32f3xx_hal.c **** /**
 447:Drivers/STM32F3xx_HAL_Driver/Src/stm32f3xx_hal.c ****   * @brief  Returns second word of the unique device identifier (UID based on 96 bits)
 448:Drivers/STM32F3xx_HAL_Driver/Src/stm32f3xx_hal.c ****   * @retval Device identifier
 449:Drivers/STM32F3xx_HAL_Driver/Src/stm32f3xx_hal.c ****   */
 450:Drivers/STM32F3xx_HAL_Driver/Src/stm32f3xx_hal.c **** uint32_t HAL_GetUIDw1(void)
 451:Drivers/STM32F3xx_HAL_Driver/Src/stm32f3xx_hal.c **** {
 645              		.loc 1 451 1 is_stmt 1 view -0
 646              		.cfi_startproc
 647              		@ args = 0, pretend = 0, frame = 0
 648              		@ frame_needed = 0, uses_anonymous_args = 0
 649              		@ link register save eliminated.
 452:Drivers/STM32F3xx_HAL_Driver/Src/stm32f3xx_hal.c ****    return(READ_REG(*((uint32_t *)(UID_BASE + 4U))));
 650              		.loc 1 452 4 view .LVU110
 453:Drivers/STM32F3xx_HAL_Driver/Src/stm32f3xx_hal.c **** }
 651              		.loc 1 453 1 is_stmt 0 view .LVU111
 652 0000 014B     		ldr	r3, .L59
 653 0002 D3F8B007 		ldr	r0, [r3, #1968]
 654 0006 7047     		bx	lr
 655              	.L60:
 656              		.align	2
 657              	.L59:
 658 0008 00F0FF1F 		.word	536866816
 659              		.cfi_endproc
 660              	.LFE143:
 662              		.section	.text.HAL_GetUIDw2,"ax",%progbits
 663              		.align	1
 664              		.global	HAL_GetUIDw2
 665              		.syntax unified
 666              		.thumb
 667              		.thumb_func
 668              		.fpu fpv4-sp-d16
 670              	HAL_GetUIDw2:
 671              	.LFB144:
 454:Drivers/STM32F3xx_HAL_Driver/Src/stm32f3xx_hal.c **** 
 455:Drivers/STM32F3xx_HAL_Driver/Src/stm32f3xx_hal.c **** /**
 456:Drivers/STM32F3xx_HAL_Driver/Src/stm32f3xx_hal.c ****   * @brief  Returns third word of the unique device identifier (UID based on 96 bits)
 457:Drivers/STM32F3xx_HAL_Driver/Src/stm32f3xx_hal.c ****   * @retval Device identifier
 458:Drivers/STM32F3xx_HAL_Driver/Src/stm32f3xx_hal.c ****   */
 459:Drivers/STM32F3xx_HAL_Driver/Src/stm32f3xx_hal.c **** uint32_t HAL_GetUIDw2(void)
 460:Drivers/STM32F3xx_HAL_Driver/Src/stm32f3xx_hal.c **** {
 672              		.loc 1 460 1 is_stmt 1 view -0
 673              		.cfi_startproc
 674              		@ args = 0, pretend = 0, frame = 0
 675              		@ frame_needed = 0, uses_anonymous_args = 0
 676              		@ link register save eliminated.
 461:Drivers/STM32F3xx_HAL_Driver/Src/stm32f3xx_hal.c ****    return(READ_REG(*((uint32_t *)(UID_BASE + 8U))));
 677              		.loc 1 461 4 view .LVU113
 462:Drivers/STM32F3xx_HAL_Driver/Src/stm32f3xx_hal.c **** }
 678              		.loc 1 462 1 is_stmt 0 view .LVU114
 679 0000 014B     		ldr	r3, .L62
 680 0002 D3F8B407 		ldr	r0, [r3, #1972]
 681 0006 7047     		bx	lr
 682              	.L63:
 683              		.align	2
ARM GAS  /var/folders/80/65lm4rm97rv_n74c85vt01040000gn/T//ccUAtYSw.s 			page 21


 684              	.L62:
 685 0008 00F0FF1F 		.word	536866816
 686              		.cfi_endproc
 687              	.LFE144:
 689              		.section	.text.HAL_DBGMCU_EnableDBGSleepMode,"ax",%progbits
 690              		.align	1
 691              		.global	HAL_DBGMCU_EnableDBGSleepMode
 692              		.syntax unified
 693              		.thumb
 694              		.thumb_func
 695              		.fpu fpv4-sp-d16
 697              	HAL_DBGMCU_EnableDBGSleepMode:
 698              	.LFB145:
 463:Drivers/STM32F3xx_HAL_Driver/Src/stm32f3xx_hal.c **** 
 464:Drivers/STM32F3xx_HAL_Driver/Src/stm32f3xx_hal.c **** /**
 465:Drivers/STM32F3xx_HAL_Driver/Src/stm32f3xx_hal.c ****   * @brief  Enable the Debug Module during SLEEP mode
 466:Drivers/STM32F3xx_HAL_Driver/Src/stm32f3xx_hal.c ****   * @retval None
 467:Drivers/STM32F3xx_HAL_Driver/Src/stm32f3xx_hal.c ****   */
 468:Drivers/STM32F3xx_HAL_Driver/Src/stm32f3xx_hal.c **** void HAL_DBGMCU_EnableDBGSleepMode(void)
 469:Drivers/STM32F3xx_HAL_Driver/Src/stm32f3xx_hal.c **** {
 699              		.loc 1 469 1 is_stmt 1 view -0
 700              		.cfi_startproc
 701              		@ args = 0, pretend = 0, frame = 0
 702              		@ frame_needed = 0, uses_anonymous_args = 0
 703              		@ link register save eliminated.
 470:Drivers/STM32F3xx_HAL_Driver/Src/stm32f3xx_hal.c ****   SET_BIT(DBGMCU->CR, DBGMCU_CR_DBG_SLEEP);
 704              		.loc 1 470 3 view .LVU116
 705 0000 024A     		ldr	r2, .L65
 706 0002 5368     		ldr	r3, [r2, #4]
 707 0004 43F00103 		orr	r3, r3, #1
 708 0008 5360     		str	r3, [r2, #4]
 471:Drivers/STM32F3xx_HAL_Driver/Src/stm32f3xx_hal.c **** }
 709              		.loc 1 471 1 is_stmt 0 view .LVU117
 710 000a 7047     		bx	lr
 711              	.L66:
 712              		.align	2
 713              	.L65:
 714 000c 002004E0 		.word	-536600576
 715              		.cfi_endproc
 716              	.LFE145:
 718              		.section	.text.HAL_DBGMCU_DisableDBGSleepMode,"ax",%progbits
 719              		.align	1
 720              		.global	HAL_DBGMCU_DisableDBGSleepMode
 721              		.syntax unified
 722              		.thumb
 723              		.thumb_func
 724              		.fpu fpv4-sp-d16
 726              	HAL_DBGMCU_DisableDBGSleepMode:
 727              	.LFB146:
 472:Drivers/STM32F3xx_HAL_Driver/Src/stm32f3xx_hal.c **** 
 473:Drivers/STM32F3xx_HAL_Driver/Src/stm32f3xx_hal.c **** /**
 474:Drivers/STM32F3xx_HAL_Driver/Src/stm32f3xx_hal.c ****   * @brief  Disable the Debug Module during SLEEP mode
 475:Drivers/STM32F3xx_HAL_Driver/Src/stm32f3xx_hal.c ****   * @retval None
 476:Drivers/STM32F3xx_HAL_Driver/Src/stm32f3xx_hal.c ****   */
 477:Drivers/STM32F3xx_HAL_Driver/Src/stm32f3xx_hal.c **** void HAL_DBGMCU_DisableDBGSleepMode(void)
 478:Drivers/STM32F3xx_HAL_Driver/Src/stm32f3xx_hal.c **** {
 728              		.loc 1 478 1 is_stmt 1 view -0
ARM GAS  /var/folders/80/65lm4rm97rv_n74c85vt01040000gn/T//ccUAtYSw.s 			page 22


 729              		.cfi_startproc
 730              		@ args = 0, pretend = 0, frame = 0
 731              		@ frame_needed = 0, uses_anonymous_args = 0
 732              		@ link register save eliminated.
 479:Drivers/STM32F3xx_HAL_Driver/Src/stm32f3xx_hal.c ****   CLEAR_BIT(DBGMCU->CR, DBGMCU_CR_DBG_SLEEP);
 733              		.loc 1 479 3 view .LVU119
 734 0000 024A     		ldr	r2, .L68
 735 0002 5368     		ldr	r3, [r2, #4]
 736 0004 23F00103 		bic	r3, r3, #1
 737 0008 5360     		str	r3, [r2, #4]
 480:Drivers/STM32F3xx_HAL_Driver/Src/stm32f3xx_hal.c **** }
 738              		.loc 1 480 1 is_stmt 0 view .LVU120
 739 000a 7047     		bx	lr
 740              	.L69:
 741              		.align	2
 742              	.L68:
 743 000c 002004E0 		.word	-536600576
 744              		.cfi_endproc
 745              	.LFE146:
 747              		.section	.text.HAL_DBGMCU_EnableDBGStopMode,"ax",%progbits
 748              		.align	1
 749              		.global	HAL_DBGMCU_EnableDBGStopMode
 750              		.syntax unified
 751              		.thumb
 752              		.thumb_func
 753              		.fpu fpv4-sp-d16
 755              	HAL_DBGMCU_EnableDBGStopMode:
 756              	.LFB147:
 481:Drivers/STM32F3xx_HAL_Driver/Src/stm32f3xx_hal.c **** 
 482:Drivers/STM32F3xx_HAL_Driver/Src/stm32f3xx_hal.c **** /**
 483:Drivers/STM32F3xx_HAL_Driver/Src/stm32f3xx_hal.c ****   * @brief  Enable the Debug Module during STOP mode
 484:Drivers/STM32F3xx_HAL_Driver/Src/stm32f3xx_hal.c ****   * @retval None
 485:Drivers/STM32F3xx_HAL_Driver/Src/stm32f3xx_hal.c ****   */
 486:Drivers/STM32F3xx_HAL_Driver/Src/stm32f3xx_hal.c **** void HAL_DBGMCU_EnableDBGStopMode(void)
 487:Drivers/STM32F3xx_HAL_Driver/Src/stm32f3xx_hal.c **** {
 757              		.loc 1 487 1 is_stmt 1 view -0
 758              		.cfi_startproc
 759              		@ args = 0, pretend = 0, frame = 0
 760              		@ frame_needed = 0, uses_anonymous_args = 0
 761              		@ link register save eliminated.
 488:Drivers/STM32F3xx_HAL_Driver/Src/stm32f3xx_hal.c ****   SET_BIT(DBGMCU->CR, DBGMCU_CR_DBG_STOP);
 762              		.loc 1 488 3 view .LVU122
 763 0000 024A     		ldr	r2, .L71
 764 0002 5368     		ldr	r3, [r2, #4]
 765 0004 43F00203 		orr	r3, r3, #2
 766 0008 5360     		str	r3, [r2, #4]
 489:Drivers/STM32F3xx_HAL_Driver/Src/stm32f3xx_hal.c **** }
 767              		.loc 1 489 1 is_stmt 0 view .LVU123
 768 000a 7047     		bx	lr
 769              	.L72:
 770              		.align	2
 771              	.L71:
 772 000c 002004E0 		.word	-536600576
 773              		.cfi_endproc
 774              	.LFE147:
 776              		.section	.text.HAL_DBGMCU_DisableDBGStopMode,"ax",%progbits
 777              		.align	1
ARM GAS  /var/folders/80/65lm4rm97rv_n74c85vt01040000gn/T//ccUAtYSw.s 			page 23


 778              		.global	HAL_DBGMCU_DisableDBGStopMode
 779              		.syntax unified
 780              		.thumb
 781              		.thumb_func
 782              		.fpu fpv4-sp-d16
 784              	HAL_DBGMCU_DisableDBGStopMode:
 785              	.LFB148:
 490:Drivers/STM32F3xx_HAL_Driver/Src/stm32f3xx_hal.c **** 
 491:Drivers/STM32F3xx_HAL_Driver/Src/stm32f3xx_hal.c **** /**
 492:Drivers/STM32F3xx_HAL_Driver/Src/stm32f3xx_hal.c ****   * @brief  Disable the Debug Module during STOP mode
 493:Drivers/STM32F3xx_HAL_Driver/Src/stm32f3xx_hal.c ****   * @retval None
 494:Drivers/STM32F3xx_HAL_Driver/Src/stm32f3xx_hal.c ****   */
 495:Drivers/STM32F3xx_HAL_Driver/Src/stm32f3xx_hal.c **** void HAL_DBGMCU_DisableDBGStopMode(void)
 496:Drivers/STM32F3xx_HAL_Driver/Src/stm32f3xx_hal.c **** {
 786              		.loc 1 496 1 is_stmt 1 view -0
 787              		.cfi_startproc
 788              		@ args = 0, pretend = 0, frame = 0
 789              		@ frame_needed = 0, uses_anonymous_args = 0
 790              		@ link register save eliminated.
 497:Drivers/STM32F3xx_HAL_Driver/Src/stm32f3xx_hal.c ****   CLEAR_BIT(DBGMCU->CR, DBGMCU_CR_DBG_STOP);
 791              		.loc 1 497 3 view .LVU125
 792 0000 024A     		ldr	r2, .L74
 793 0002 5368     		ldr	r3, [r2, #4]
 794 0004 23F00203 		bic	r3, r3, #2
 795 0008 5360     		str	r3, [r2, #4]
 498:Drivers/STM32F3xx_HAL_Driver/Src/stm32f3xx_hal.c **** }
 796              		.loc 1 498 1 is_stmt 0 view .LVU126
 797 000a 7047     		bx	lr
 798              	.L75:
 799              		.align	2
 800              	.L74:
 801 000c 002004E0 		.word	-536600576
 802              		.cfi_endproc
 803              	.LFE148:
 805              		.section	.text.HAL_DBGMCU_EnableDBGStandbyMode,"ax",%progbits
 806              		.align	1
 807              		.global	HAL_DBGMCU_EnableDBGStandbyMode
 808              		.syntax unified
 809              		.thumb
 810              		.thumb_func
 811              		.fpu fpv4-sp-d16
 813              	HAL_DBGMCU_EnableDBGStandbyMode:
 814              	.LFB149:
 499:Drivers/STM32F3xx_HAL_Driver/Src/stm32f3xx_hal.c **** 
 500:Drivers/STM32F3xx_HAL_Driver/Src/stm32f3xx_hal.c **** /**
 501:Drivers/STM32F3xx_HAL_Driver/Src/stm32f3xx_hal.c ****   * @brief  Enable the Debug Module during STANDBY mode
 502:Drivers/STM32F3xx_HAL_Driver/Src/stm32f3xx_hal.c ****   * @retval None
 503:Drivers/STM32F3xx_HAL_Driver/Src/stm32f3xx_hal.c ****   */
 504:Drivers/STM32F3xx_HAL_Driver/Src/stm32f3xx_hal.c **** void HAL_DBGMCU_EnableDBGStandbyMode(void)
 505:Drivers/STM32F3xx_HAL_Driver/Src/stm32f3xx_hal.c **** {
 815              		.loc 1 505 1 is_stmt 1 view -0
 816              		.cfi_startproc
 817              		@ args = 0, pretend = 0, frame = 0
 818              		@ frame_needed = 0, uses_anonymous_args = 0
 819              		@ link register save eliminated.
 506:Drivers/STM32F3xx_HAL_Driver/Src/stm32f3xx_hal.c ****   SET_BIT(DBGMCU->CR, DBGMCU_CR_DBG_STANDBY);
 820              		.loc 1 506 3 view .LVU128
ARM GAS  /var/folders/80/65lm4rm97rv_n74c85vt01040000gn/T//ccUAtYSw.s 			page 24


 821 0000 024A     		ldr	r2, .L77
 822 0002 5368     		ldr	r3, [r2, #4]
 823 0004 43F00403 		orr	r3, r3, #4
 824 0008 5360     		str	r3, [r2, #4]
 507:Drivers/STM32F3xx_HAL_Driver/Src/stm32f3xx_hal.c **** }
 825              		.loc 1 507 1 is_stmt 0 view .LVU129
 826 000a 7047     		bx	lr
 827              	.L78:
 828              		.align	2
 829              	.L77:
 830 000c 002004E0 		.word	-536600576
 831              		.cfi_endproc
 832              	.LFE149:
 834              		.section	.text.HAL_DBGMCU_DisableDBGStandbyMode,"ax",%progbits
 835              		.align	1
 836              		.global	HAL_DBGMCU_DisableDBGStandbyMode
 837              		.syntax unified
 838              		.thumb
 839              		.thumb_func
 840              		.fpu fpv4-sp-d16
 842              	HAL_DBGMCU_DisableDBGStandbyMode:
 843              	.LFB150:
 508:Drivers/STM32F3xx_HAL_Driver/Src/stm32f3xx_hal.c **** 
 509:Drivers/STM32F3xx_HAL_Driver/Src/stm32f3xx_hal.c **** /**
 510:Drivers/STM32F3xx_HAL_Driver/Src/stm32f3xx_hal.c ****   * @brief  Disable the Debug Module during STANDBY mode
 511:Drivers/STM32F3xx_HAL_Driver/Src/stm32f3xx_hal.c ****   * @retval None
 512:Drivers/STM32F3xx_HAL_Driver/Src/stm32f3xx_hal.c ****   */
 513:Drivers/STM32F3xx_HAL_Driver/Src/stm32f3xx_hal.c **** void HAL_DBGMCU_DisableDBGStandbyMode(void)
 514:Drivers/STM32F3xx_HAL_Driver/Src/stm32f3xx_hal.c **** {
 844              		.loc 1 514 1 is_stmt 1 view -0
 845              		.cfi_startproc
 846              		@ args = 0, pretend = 0, frame = 0
 847              		@ frame_needed = 0, uses_anonymous_args = 0
 848              		@ link register save eliminated.
 515:Drivers/STM32F3xx_HAL_Driver/Src/stm32f3xx_hal.c ****   CLEAR_BIT(DBGMCU->CR, DBGMCU_CR_DBG_STANDBY);
 849              		.loc 1 515 3 view .LVU131
 850 0000 024A     		ldr	r2, .L80
 851 0002 5368     		ldr	r3, [r2, #4]
 852 0004 23F00403 		bic	r3, r3, #4
 853 0008 5360     		str	r3, [r2, #4]
 516:Drivers/STM32F3xx_HAL_Driver/Src/stm32f3xx_hal.c **** }
 854              		.loc 1 516 1 is_stmt 0 view .LVU132
 855 000a 7047     		bx	lr
 856              	.L81:
 857              		.align	2
 858              	.L80:
 859 000c 002004E0 		.word	-536600576
 860              		.cfi_endproc
 861              	.LFE150:
 863              		.global	uwTickFreq
 864              		.global	uwTickPrio
 865              		.global	uwTick
 866              		.section	.bss.uwTick,"aw",%nobits
 867              		.align	2
 868              		.set	.LANCHOR2,. + 0
 871              	uwTick:
 872 0000 00000000 		.space	4
ARM GAS  /var/folders/80/65lm4rm97rv_n74c85vt01040000gn/T//ccUAtYSw.s 			page 25


 873              		.section	.data.uwTickFreq,"aw"
 874              		.set	.LANCHOR0,. + 0
 877              	uwTickFreq:
 878 0000 01       		.byte	1
 879              		.section	.data.uwTickPrio,"aw"
 880              		.align	2
 881              		.set	.LANCHOR1,. + 0
 884              	uwTickPrio:
 885 0000 10000000 		.word	16
 886              		.text
 887              	.Letext0:
 888              		.file 2 "/usr/local/Caskroom/gcc-arm-embedded/10-2020-q4-major/gcc-arm-none-eabi-10-2020-q4-major/
 889              		.file 3 "/usr/local/Caskroom/gcc-arm-embedded/10-2020-q4-major/gcc-arm-none-eabi-10-2020-q4-major/
 890              		.file 4 "Drivers/CMSIS/Include/core_cm4.h"
 891              		.file 5 "Drivers/CMSIS/Device/ST/STM32F3xx/Include/stm32f373xc.h"
 892              		.file 6 "Drivers/STM32F3xx_HAL_Driver/Inc/stm32f3xx_hal_def.h"
 893              		.file 7 "Drivers/STM32F3xx_HAL_Driver/Inc/stm32f3xx_hal.h"
 894              		.file 8 "Drivers/CMSIS/Device/ST/STM32F3xx/Include/system_stm32f3xx.h"
 895              		.file 9 "Drivers/STM32F3xx_HAL_Driver/Inc/stm32f3xx_hal_cortex.h"
ARM GAS  /var/folders/80/65lm4rm97rv_n74c85vt01040000gn/T//ccUAtYSw.s 			page 26


DEFINED SYMBOLS
                            *ABS*:0000000000000000 stm32f3xx_hal.c
/var/folders/80/65lm4rm97rv_n74c85vt01040000gn/T//ccUAtYSw.s:18     .text.HAL_MspInit:0000000000000000 $t
/var/folders/80/65lm4rm97rv_n74c85vt01040000gn/T//ccUAtYSw.s:26     .text.HAL_MspInit:0000000000000000 HAL_MspInit
/var/folders/80/65lm4rm97rv_n74c85vt01040000gn/T//ccUAtYSw.s:40     .text.HAL_MspDeInit:0000000000000000 $t
/var/folders/80/65lm4rm97rv_n74c85vt01040000gn/T//ccUAtYSw.s:47     .text.HAL_MspDeInit:0000000000000000 HAL_MspDeInit
/var/folders/80/65lm4rm97rv_n74c85vt01040000gn/T//ccUAtYSw.s:60     .text.HAL_DeInit:0000000000000000 $t
/var/folders/80/65lm4rm97rv_n74c85vt01040000gn/T//ccUAtYSw.s:67     .text.HAL_DeInit:0000000000000000 HAL_DeInit
/var/folders/80/65lm4rm97rv_n74c85vt01040000gn/T//ccUAtYSw.s:103    .text.HAL_DeInit:0000000000000020 $d
/var/folders/80/65lm4rm97rv_n74c85vt01040000gn/T//ccUAtYSw.s:108    .text.HAL_InitTick:0000000000000000 $t
/var/folders/80/65lm4rm97rv_n74c85vt01040000gn/T//ccUAtYSw.s:115    .text.HAL_InitTick:0000000000000000 HAL_InitTick
/var/folders/80/65lm4rm97rv_n74c85vt01040000gn/T//ccUAtYSw.s:178    .text.HAL_InitTick:0000000000000040 $d
/var/folders/80/65lm4rm97rv_n74c85vt01040000gn/T//ccUAtYSw.s:185    .text.HAL_Init:0000000000000000 $t
/var/folders/80/65lm4rm97rv_n74c85vt01040000gn/T//ccUAtYSw.s:192    .text.HAL_Init:0000000000000000 HAL_Init
/var/folders/80/65lm4rm97rv_n74c85vt01040000gn/T//ccUAtYSw.s:226    .text.HAL_Init:0000000000000020 $d
/var/folders/80/65lm4rm97rv_n74c85vt01040000gn/T//ccUAtYSw.s:231    .text.HAL_IncTick:0000000000000000 $t
/var/folders/80/65lm4rm97rv_n74c85vt01040000gn/T//ccUAtYSw.s:238    .text.HAL_IncTick:0000000000000000 HAL_IncTick
/var/folders/80/65lm4rm97rv_n74c85vt01040000gn/T//ccUAtYSw.s:258    .text.HAL_IncTick:0000000000000010 $d
/var/folders/80/65lm4rm97rv_n74c85vt01040000gn/T//ccUAtYSw.s:264    .text.HAL_GetTick:0000000000000000 $t
/var/folders/80/65lm4rm97rv_n74c85vt01040000gn/T//ccUAtYSw.s:271    .text.HAL_GetTick:0000000000000000 HAL_GetTick
/var/folders/80/65lm4rm97rv_n74c85vt01040000gn/T//ccUAtYSw.s:287    .text.HAL_GetTick:0000000000000008 $d
/var/folders/80/65lm4rm97rv_n74c85vt01040000gn/T//ccUAtYSw.s:292    .text.HAL_GetTickPrio:0000000000000000 $t
/var/folders/80/65lm4rm97rv_n74c85vt01040000gn/T//ccUAtYSw.s:299    .text.HAL_GetTickPrio:0000000000000000 HAL_GetTickPrio
/var/folders/80/65lm4rm97rv_n74c85vt01040000gn/T//ccUAtYSw.s:314    .text.HAL_GetTickPrio:0000000000000008 $d
/var/folders/80/65lm4rm97rv_n74c85vt01040000gn/T//ccUAtYSw.s:319    .text.HAL_SetTickFreq:0000000000000000 $t
/var/folders/80/65lm4rm97rv_n74c85vt01040000gn/T//ccUAtYSw.s:326    .text.HAL_SetTickFreq:0000000000000000 HAL_SetTickFreq
/var/folders/80/65lm4rm97rv_n74c85vt01040000gn/T//ccUAtYSw.s:375    .text.HAL_SetTickFreq:000000000000001c $d
/var/folders/80/65lm4rm97rv_n74c85vt01040000gn/T//ccUAtYSw.s:381    .text.HAL_GetTickFreq:0000000000000000 $t
/var/folders/80/65lm4rm97rv_n74c85vt01040000gn/T//ccUAtYSw.s:388    .text.HAL_GetTickFreq:0000000000000000 HAL_GetTickFreq
/var/folders/80/65lm4rm97rv_n74c85vt01040000gn/T//ccUAtYSw.s:403    .text.HAL_GetTickFreq:0000000000000008 $d
/var/folders/80/65lm4rm97rv_n74c85vt01040000gn/T//ccUAtYSw.s:408    .text.HAL_Delay:0000000000000000 $t
/var/folders/80/65lm4rm97rv_n74c85vt01040000gn/T//ccUAtYSw.s:415    .text.HAL_Delay:0000000000000000 HAL_Delay
/var/folders/80/65lm4rm97rv_n74c85vt01040000gn/T//ccUAtYSw.s:468    .text.HAL_Delay:0000000000000024 $d
/var/folders/80/65lm4rm97rv_n74c85vt01040000gn/T//ccUAtYSw.s:473    .text.HAL_SuspendTick:0000000000000000 $t
/var/folders/80/65lm4rm97rv_n74c85vt01040000gn/T//ccUAtYSw.s:480    .text.HAL_SuspendTick:0000000000000000 HAL_SuspendTick
/var/folders/80/65lm4rm97rv_n74c85vt01040000gn/T//ccUAtYSw.s:499    .text.HAL_ResumeTick:0000000000000000 $t
/var/folders/80/65lm4rm97rv_n74c85vt01040000gn/T//ccUAtYSw.s:506    .text.HAL_ResumeTick:0000000000000000 HAL_ResumeTick
/var/folders/80/65lm4rm97rv_n74c85vt01040000gn/T//ccUAtYSw.s:525    .text.HAL_GetHalVersion:0000000000000000 $t
/var/folders/80/65lm4rm97rv_n74c85vt01040000gn/T//ccUAtYSw.s:532    .text.HAL_GetHalVersion:0000000000000000 HAL_GetHalVersion
/var/folders/80/65lm4rm97rv_n74c85vt01040000gn/T//ccUAtYSw.s:546    .text.HAL_GetHalVersion:0000000000000004 $d
/var/folders/80/65lm4rm97rv_n74c85vt01040000gn/T//ccUAtYSw.s:551    .text.HAL_GetREVID:0000000000000000 $t
/var/folders/80/65lm4rm97rv_n74c85vt01040000gn/T//ccUAtYSw.s:558    .text.HAL_GetREVID:0000000000000000 HAL_GetREVID
/var/folders/80/65lm4rm97rv_n74c85vt01040000gn/T//ccUAtYSw.s:575    .text.HAL_GetREVID:0000000000000008 $d
/var/folders/80/65lm4rm97rv_n74c85vt01040000gn/T//ccUAtYSw.s:580    .text.HAL_GetDEVID:0000000000000000 $t
/var/folders/80/65lm4rm97rv_n74c85vt01040000gn/T//ccUAtYSw.s:587    .text.HAL_GetDEVID:0000000000000000 HAL_GetDEVID
/var/folders/80/65lm4rm97rv_n74c85vt01040000gn/T//ccUAtYSw.s:604    .text.HAL_GetDEVID:000000000000000c $d
/var/folders/80/65lm4rm97rv_n74c85vt01040000gn/T//ccUAtYSw.s:609    .text.HAL_GetUIDw0:0000000000000000 $t
/var/folders/80/65lm4rm97rv_n74c85vt01040000gn/T//ccUAtYSw.s:616    .text.HAL_GetUIDw0:0000000000000000 HAL_GetUIDw0
/var/folders/80/65lm4rm97rv_n74c85vt01040000gn/T//ccUAtYSw.s:631    .text.HAL_GetUIDw0:0000000000000008 $d
/var/folders/80/65lm4rm97rv_n74c85vt01040000gn/T//ccUAtYSw.s:636    .text.HAL_GetUIDw1:0000000000000000 $t
/var/folders/80/65lm4rm97rv_n74c85vt01040000gn/T//ccUAtYSw.s:643    .text.HAL_GetUIDw1:0000000000000000 HAL_GetUIDw1
/var/folders/80/65lm4rm97rv_n74c85vt01040000gn/T//ccUAtYSw.s:658    .text.HAL_GetUIDw1:0000000000000008 $d
/var/folders/80/65lm4rm97rv_n74c85vt01040000gn/T//ccUAtYSw.s:663    .text.HAL_GetUIDw2:0000000000000000 $t
/var/folders/80/65lm4rm97rv_n74c85vt01040000gn/T//ccUAtYSw.s:670    .text.HAL_GetUIDw2:0000000000000000 HAL_GetUIDw2
/var/folders/80/65lm4rm97rv_n74c85vt01040000gn/T//ccUAtYSw.s:685    .text.HAL_GetUIDw2:0000000000000008 $d
/var/folders/80/65lm4rm97rv_n74c85vt01040000gn/T//ccUAtYSw.s:690    .text.HAL_DBGMCU_EnableDBGSleepMode:0000000000000000 $t
/var/folders/80/65lm4rm97rv_n74c85vt01040000gn/T//ccUAtYSw.s:697    .text.HAL_DBGMCU_EnableDBGSleepMode:0000000000000000 HAL_DBGMCU_EnableDBGSleepMode
ARM GAS  /var/folders/80/65lm4rm97rv_n74c85vt01040000gn/T//ccUAtYSw.s 			page 27


/var/folders/80/65lm4rm97rv_n74c85vt01040000gn/T//ccUAtYSw.s:714    .text.HAL_DBGMCU_EnableDBGSleepMode:000000000000000c $d
/var/folders/80/65lm4rm97rv_n74c85vt01040000gn/T//ccUAtYSw.s:719    .text.HAL_DBGMCU_DisableDBGSleepMode:0000000000000000 $t
/var/folders/80/65lm4rm97rv_n74c85vt01040000gn/T//ccUAtYSw.s:726    .text.HAL_DBGMCU_DisableDBGSleepMode:0000000000000000 HAL_DBGMCU_DisableDBGSleepMode
/var/folders/80/65lm4rm97rv_n74c85vt01040000gn/T//ccUAtYSw.s:743    .text.HAL_DBGMCU_DisableDBGSleepMode:000000000000000c $d
/var/folders/80/65lm4rm97rv_n74c85vt01040000gn/T//ccUAtYSw.s:748    .text.HAL_DBGMCU_EnableDBGStopMode:0000000000000000 $t
/var/folders/80/65lm4rm97rv_n74c85vt01040000gn/T//ccUAtYSw.s:755    .text.HAL_DBGMCU_EnableDBGStopMode:0000000000000000 HAL_DBGMCU_EnableDBGStopMode
/var/folders/80/65lm4rm97rv_n74c85vt01040000gn/T//ccUAtYSw.s:772    .text.HAL_DBGMCU_EnableDBGStopMode:000000000000000c $d
/var/folders/80/65lm4rm97rv_n74c85vt01040000gn/T//ccUAtYSw.s:777    .text.HAL_DBGMCU_DisableDBGStopMode:0000000000000000 $t
/var/folders/80/65lm4rm97rv_n74c85vt01040000gn/T//ccUAtYSw.s:784    .text.HAL_DBGMCU_DisableDBGStopMode:0000000000000000 HAL_DBGMCU_DisableDBGStopMode
/var/folders/80/65lm4rm97rv_n74c85vt01040000gn/T//ccUAtYSw.s:801    .text.HAL_DBGMCU_DisableDBGStopMode:000000000000000c $d
/var/folders/80/65lm4rm97rv_n74c85vt01040000gn/T//ccUAtYSw.s:806    .text.HAL_DBGMCU_EnableDBGStandbyMode:0000000000000000 $t
/var/folders/80/65lm4rm97rv_n74c85vt01040000gn/T//ccUAtYSw.s:813    .text.HAL_DBGMCU_EnableDBGStandbyMode:0000000000000000 HAL_DBGMCU_EnableDBGStandbyMode
/var/folders/80/65lm4rm97rv_n74c85vt01040000gn/T//ccUAtYSw.s:830    .text.HAL_DBGMCU_EnableDBGStandbyMode:000000000000000c $d
/var/folders/80/65lm4rm97rv_n74c85vt01040000gn/T//ccUAtYSw.s:835    .text.HAL_DBGMCU_DisableDBGStandbyMode:0000000000000000 $t
/var/folders/80/65lm4rm97rv_n74c85vt01040000gn/T//ccUAtYSw.s:842    .text.HAL_DBGMCU_DisableDBGStandbyMode:0000000000000000 HAL_DBGMCU_DisableDBGStandbyMode
/var/folders/80/65lm4rm97rv_n74c85vt01040000gn/T//ccUAtYSw.s:859    .text.HAL_DBGMCU_DisableDBGStandbyMode:000000000000000c $d
/var/folders/80/65lm4rm97rv_n74c85vt01040000gn/T//ccUAtYSw.s:877    .data.uwTickFreq:0000000000000000 uwTickFreq
/var/folders/80/65lm4rm97rv_n74c85vt01040000gn/T//ccUAtYSw.s:884    .data.uwTickPrio:0000000000000000 uwTickPrio
/var/folders/80/65lm4rm97rv_n74c85vt01040000gn/T//ccUAtYSw.s:871    .bss.uwTick:0000000000000000 uwTick
/var/folders/80/65lm4rm97rv_n74c85vt01040000gn/T//ccUAtYSw.s:867    .bss.uwTick:0000000000000000 $d
/var/folders/80/65lm4rm97rv_n74c85vt01040000gn/T//ccUAtYSw.s:880    .data.uwTickPrio:0000000000000000 $d

UNDEFINED SYMBOLS
HAL_SYSTICK_Config
HAL_NVIC_SetPriority
SystemCoreClock
HAL_NVIC_SetPriorityGrouping
