ARM GAS  /var/folders/k_/r2bh2pj93_jff4n9gmtn9jvr0000gn/T//ccSVfMWr.s 			page 1


   1              		.cpu cortex-m4
   2              		.eabi_attribute 27, 1
   3              		.eabi_attribute 28, 1
   4              		.eabi_attribute 20, 1
   5              		.eabi_attribute 21, 1
   6              		.eabi_attribute 23, 3
   7              		.eabi_attribute 24, 1
   8              		.eabi_attribute 25, 1
   9              		.eabi_attribute 26, 1
  10              		.eabi_attribute 30, 1
  11              		.eabi_attribute 34, 1
  12              		.eabi_attribute 18, 4
  13              		.file	"stm32f3xx_it.c"
  14              		.text
  15              	.Ltext0:
  16              		.cfi_sections	.debug_frame
  17              		.section	.text.NMI_Handler,"ax",%progbits
  18              		.align	1
  19              		.global	NMI_Handler
  20              		.syntax unified
  21              		.thumb
  22              		.thumb_func
  23              		.fpu fpv4-sp-d16
  25              	NMI_Handler:
  26              	.LFB126:
  27              		.file 1 "Src/stm32f3xx_it.c"
   1:Src/stm32f3xx_it.c **** /* USER CODE BEGIN Header */
   2:Src/stm32f3xx_it.c **** /**
   3:Src/stm32f3xx_it.c ****   ******************************************************************************
   4:Src/stm32f3xx_it.c ****   * @file    stm32f3xx_it.c
   5:Src/stm32f3xx_it.c ****   * @brief   Interrupt Service Routines.
   6:Src/stm32f3xx_it.c ****   ******************************************************************************
   7:Src/stm32f3xx_it.c ****   * @attention
   8:Src/stm32f3xx_it.c ****   *
   9:Src/stm32f3xx_it.c ****   * <h2><center>&copy; Copyright (c) 2020 STMicroelectronics.
  10:Src/stm32f3xx_it.c ****   * All rights reserved.</center></h2>
  11:Src/stm32f3xx_it.c ****   *
  12:Src/stm32f3xx_it.c ****   * This software component is licensed by ST under BSD 3-Clause license,
  13:Src/stm32f3xx_it.c ****   * the "License"; You may not use this file except in compliance with the
  14:Src/stm32f3xx_it.c ****   * License. You may obtain a copy of the License at:
  15:Src/stm32f3xx_it.c ****   *                        opensource.org/licenses/BSD-3-Clause
  16:Src/stm32f3xx_it.c ****   *
  17:Src/stm32f3xx_it.c ****   ******************************************************************************
  18:Src/stm32f3xx_it.c ****   */
  19:Src/stm32f3xx_it.c **** /* USER CODE END Header */
  20:Src/stm32f3xx_it.c **** 
  21:Src/stm32f3xx_it.c **** /* Includes ------------------------------------------------------------------*/
  22:Src/stm32f3xx_it.c **** #include "main.h"
  23:Src/stm32f3xx_it.c **** #include "stm32f3xx_it.h"
  24:Src/stm32f3xx_it.c **** /* Private includes ----------------------------------------------------------*/
  25:Src/stm32f3xx_it.c **** /* USER CODE BEGIN Includes */
  26:Src/stm32f3xx_it.c **** /* USER CODE END Includes */
  27:Src/stm32f3xx_it.c **** 
  28:Src/stm32f3xx_it.c **** /* Private typedef -----------------------------------------------------------*/
  29:Src/stm32f3xx_it.c **** /* USER CODE BEGIN TD */
  30:Src/stm32f3xx_it.c **** 
  31:Src/stm32f3xx_it.c **** /* USER CODE END TD */
ARM GAS  /var/folders/k_/r2bh2pj93_jff4n9gmtn9jvr0000gn/T//ccSVfMWr.s 			page 2


  32:Src/stm32f3xx_it.c **** 
  33:Src/stm32f3xx_it.c **** /* Private define ------------------------------------------------------------*/
  34:Src/stm32f3xx_it.c **** /* USER CODE BEGIN PD */
  35:Src/stm32f3xx_it.c ****  
  36:Src/stm32f3xx_it.c **** /* USER CODE END PD */
  37:Src/stm32f3xx_it.c **** 
  38:Src/stm32f3xx_it.c **** /* Private macro -------------------------------------------------------------*/
  39:Src/stm32f3xx_it.c **** /* USER CODE BEGIN PM */
  40:Src/stm32f3xx_it.c **** 
  41:Src/stm32f3xx_it.c **** /* USER CODE END PM */
  42:Src/stm32f3xx_it.c **** 
  43:Src/stm32f3xx_it.c **** /* Private variables ---------------------------------------------------------*/
  44:Src/stm32f3xx_it.c **** /* USER CODE BEGIN PV */
  45:Src/stm32f3xx_it.c **** 
  46:Src/stm32f3xx_it.c **** /* USER CODE END PV */
  47:Src/stm32f3xx_it.c **** 
  48:Src/stm32f3xx_it.c **** /* Private function prototypes -----------------------------------------------*/
  49:Src/stm32f3xx_it.c **** /* USER CODE BEGIN PFP */
  50:Src/stm32f3xx_it.c **** 
  51:Src/stm32f3xx_it.c **** /* USER CODE END PFP */
  52:Src/stm32f3xx_it.c **** 
  53:Src/stm32f3xx_it.c **** /* Private user code ---------------------------------------------------------*/
  54:Src/stm32f3xx_it.c **** /* USER CODE BEGIN 0 */
  55:Src/stm32f3xx_it.c **** 
  56:Src/stm32f3xx_it.c **** /* USER CODE END 0 */
  57:Src/stm32f3xx_it.c **** 
  58:Src/stm32f3xx_it.c **** /* External variables --------------------------------------------------------*/
  59:Src/stm32f3xx_it.c **** extern DMA_HandleTypeDef hdma_sdadc1;
  60:Src/stm32f3xx_it.c **** extern DMA_HandleTypeDef hdma_sdadc2;
  61:Src/stm32f3xx_it.c **** extern DMA_HandleTypeDef hdma_sdadc3;
  62:Src/stm32f3xx_it.c **** /* USER CODE BEGIN EV */
  63:Src/stm32f3xx_it.c **** 
  64:Src/stm32f3xx_it.c **** /* USER CODE END EV */
  65:Src/stm32f3xx_it.c **** 
  66:Src/stm32f3xx_it.c **** /******************************************************************************/
  67:Src/stm32f3xx_it.c **** /*           Cortex-M4 Processor Interruption and Exception Handlers          */ 
  68:Src/stm32f3xx_it.c **** /******************************************************************************/
  69:Src/stm32f3xx_it.c **** /**
  70:Src/stm32f3xx_it.c ****   * @brief This function handles Non maskable interrupt.
  71:Src/stm32f3xx_it.c ****   */
  72:Src/stm32f3xx_it.c **** void NMI_Handler(void)
  73:Src/stm32f3xx_it.c **** {
  28              		.loc 1 73 0
  29              		.cfi_startproc
  30              		@ args = 0, pretend = 0, frame = 0
  31              		@ frame_needed = 0, uses_anonymous_args = 0
  32              		@ link register save eliminated.
  74:Src/stm32f3xx_it.c ****   /* USER CODE BEGIN NonMaskableInt_IRQn 0 */
  75:Src/stm32f3xx_it.c **** 
  76:Src/stm32f3xx_it.c ****   /* USER CODE END NonMaskableInt_IRQn 0 */
  77:Src/stm32f3xx_it.c ****   /* USER CODE BEGIN NonMaskableInt_IRQn 1 */
  78:Src/stm32f3xx_it.c **** 
  79:Src/stm32f3xx_it.c ****   /* USER CODE END NonMaskableInt_IRQn 1 */
  80:Src/stm32f3xx_it.c **** }
  33              		.loc 1 80 0
  34 0000 7047     		bx	lr
  35              		.cfi_endproc
ARM GAS  /var/folders/k_/r2bh2pj93_jff4n9gmtn9jvr0000gn/T//ccSVfMWr.s 			page 3


  36              	.LFE126:
  38              		.section	.text.HardFault_Handler,"ax",%progbits
  39              		.align	1
  40              		.global	HardFault_Handler
  41              		.syntax unified
  42              		.thumb
  43              		.thumb_func
  44              		.fpu fpv4-sp-d16
  46              	HardFault_Handler:
  47              	.LFB127:
  81:Src/stm32f3xx_it.c **** 
  82:Src/stm32f3xx_it.c **** /**
  83:Src/stm32f3xx_it.c ****   * @brief This function handles Hard fault interrupt.
  84:Src/stm32f3xx_it.c ****   */
  85:Src/stm32f3xx_it.c **** void HardFault_Handler(void)
  86:Src/stm32f3xx_it.c **** {
  48              		.loc 1 86 0
  49              		.cfi_startproc
  50              		@ Volatile: function does not return.
  51              		@ args = 0, pretend = 0, frame = 0
  52              		@ frame_needed = 0, uses_anonymous_args = 0
  53              		@ link register save eliminated.
  54              	.L3:
  55 0000 FEE7     		b	.L3
  56              		.cfi_endproc
  57              	.LFE127:
  59              		.section	.text.MemManage_Handler,"ax",%progbits
  60              		.align	1
  61              		.global	MemManage_Handler
  62              		.syntax unified
  63              		.thumb
  64              		.thumb_func
  65              		.fpu fpv4-sp-d16
  67              	MemManage_Handler:
  68              	.LFB128:
  87:Src/stm32f3xx_it.c ****   /* USER CODE BEGIN HardFault_IRQn 0 */
  88:Src/stm32f3xx_it.c **** 
  89:Src/stm32f3xx_it.c ****   /* USER CODE END HardFault_IRQn 0 */
  90:Src/stm32f3xx_it.c ****   while (1)
  91:Src/stm32f3xx_it.c ****   {
  92:Src/stm32f3xx_it.c ****     /* USER CODE BEGIN W1_HardFault_IRQn 0 */
  93:Src/stm32f3xx_it.c ****     /* USER CODE END W1_HardFault_IRQn 0 */
  94:Src/stm32f3xx_it.c ****   }
  95:Src/stm32f3xx_it.c **** }
  96:Src/stm32f3xx_it.c **** 
  97:Src/stm32f3xx_it.c **** /**
  98:Src/stm32f3xx_it.c ****   * @brief This function handles Memory management fault.
  99:Src/stm32f3xx_it.c ****   */
 100:Src/stm32f3xx_it.c **** void MemManage_Handler(void)
 101:Src/stm32f3xx_it.c **** {
  69              		.loc 1 101 0
  70              		.cfi_startproc
  71              		@ Volatile: function does not return.
  72              		@ args = 0, pretend = 0, frame = 0
  73              		@ frame_needed = 0, uses_anonymous_args = 0
  74              		@ link register save eliminated.
  75              	.L5:
ARM GAS  /var/folders/k_/r2bh2pj93_jff4n9gmtn9jvr0000gn/T//ccSVfMWr.s 			page 4


  76 0000 FEE7     		b	.L5
  77              		.cfi_endproc
  78              	.LFE128:
  80              		.section	.text.BusFault_Handler,"ax",%progbits
  81              		.align	1
  82              		.global	BusFault_Handler
  83              		.syntax unified
  84              		.thumb
  85              		.thumb_func
  86              		.fpu fpv4-sp-d16
  88              	BusFault_Handler:
  89              	.LFB129:
 102:Src/stm32f3xx_it.c ****   /* USER CODE BEGIN MemoryManagement_IRQn 0 */
 103:Src/stm32f3xx_it.c **** 
 104:Src/stm32f3xx_it.c ****   /* USER CODE END MemoryManagement_IRQn 0 */
 105:Src/stm32f3xx_it.c ****   while (1)
 106:Src/stm32f3xx_it.c ****   {
 107:Src/stm32f3xx_it.c ****     /* USER CODE BEGIN W1_MemoryManagement_IRQn 0 */
 108:Src/stm32f3xx_it.c ****     /* USER CODE END W1_MemoryManagement_IRQn 0 */
 109:Src/stm32f3xx_it.c ****   }
 110:Src/stm32f3xx_it.c **** }
 111:Src/stm32f3xx_it.c **** 
 112:Src/stm32f3xx_it.c **** /**
 113:Src/stm32f3xx_it.c ****   * @brief This function handles Prefetch fault, memory access fault.
 114:Src/stm32f3xx_it.c ****   */
 115:Src/stm32f3xx_it.c **** void BusFault_Handler(void)
 116:Src/stm32f3xx_it.c **** {
  90              		.loc 1 116 0
  91              		.cfi_startproc
  92              		@ Volatile: function does not return.
  93              		@ args = 0, pretend = 0, frame = 0
  94              		@ frame_needed = 0, uses_anonymous_args = 0
  95              		@ link register save eliminated.
  96              	.L7:
  97 0000 FEE7     		b	.L7
  98              		.cfi_endproc
  99              	.LFE129:
 101              		.section	.text.UsageFault_Handler,"ax",%progbits
 102              		.align	1
 103              		.global	UsageFault_Handler
 104              		.syntax unified
 105              		.thumb
 106              		.thumb_func
 107              		.fpu fpv4-sp-d16
 109              	UsageFault_Handler:
 110              	.LFB130:
 117:Src/stm32f3xx_it.c ****   /* USER CODE BEGIN BusFault_IRQn 0 */
 118:Src/stm32f3xx_it.c **** 
 119:Src/stm32f3xx_it.c ****   /* USER CODE END BusFault_IRQn 0 */
 120:Src/stm32f3xx_it.c ****   while (1)
 121:Src/stm32f3xx_it.c ****   {
 122:Src/stm32f3xx_it.c ****     /* USER CODE BEGIN W1_BusFault_IRQn 0 */
 123:Src/stm32f3xx_it.c ****     /* USER CODE END W1_BusFault_IRQn 0 */
 124:Src/stm32f3xx_it.c ****   }
 125:Src/stm32f3xx_it.c **** }
 126:Src/stm32f3xx_it.c **** 
 127:Src/stm32f3xx_it.c **** /**
ARM GAS  /var/folders/k_/r2bh2pj93_jff4n9gmtn9jvr0000gn/T//ccSVfMWr.s 			page 5


 128:Src/stm32f3xx_it.c ****   * @brief This function handles Undefined instruction or illegal state.
 129:Src/stm32f3xx_it.c ****   */
 130:Src/stm32f3xx_it.c **** void UsageFault_Handler(void)
 131:Src/stm32f3xx_it.c **** {
 111              		.loc 1 131 0
 112              		.cfi_startproc
 113              		@ Volatile: function does not return.
 114              		@ args = 0, pretend = 0, frame = 0
 115              		@ frame_needed = 0, uses_anonymous_args = 0
 116              		@ link register save eliminated.
 117              	.L9:
 118 0000 FEE7     		b	.L9
 119              		.cfi_endproc
 120              	.LFE130:
 122              		.section	.text.SVC_Handler,"ax",%progbits
 123              		.align	1
 124              		.global	SVC_Handler
 125              		.syntax unified
 126              		.thumb
 127              		.thumb_func
 128              		.fpu fpv4-sp-d16
 130              	SVC_Handler:
 131              	.LFB131:
 132:Src/stm32f3xx_it.c ****   /* USER CODE BEGIN UsageFault_IRQn 0 */
 133:Src/stm32f3xx_it.c **** 
 134:Src/stm32f3xx_it.c ****   /* USER CODE END UsageFault_IRQn 0 */
 135:Src/stm32f3xx_it.c ****   while (1)
 136:Src/stm32f3xx_it.c ****   {
 137:Src/stm32f3xx_it.c ****     /* USER CODE BEGIN W1_UsageFault_IRQn 0 */
 138:Src/stm32f3xx_it.c ****     /* USER CODE END W1_UsageFault_IRQn 0 */
 139:Src/stm32f3xx_it.c ****   }
 140:Src/stm32f3xx_it.c **** }
 141:Src/stm32f3xx_it.c **** 
 142:Src/stm32f3xx_it.c **** /**
 143:Src/stm32f3xx_it.c ****   * @brief This function handles System service call via SWI instruction.
 144:Src/stm32f3xx_it.c ****   */
 145:Src/stm32f3xx_it.c **** void SVC_Handler(void)
 146:Src/stm32f3xx_it.c **** {
 132              		.loc 1 146 0
 133              		.cfi_startproc
 134              		@ args = 0, pretend = 0, frame = 0
 135              		@ frame_needed = 0, uses_anonymous_args = 0
 136              		@ link register save eliminated.
 147:Src/stm32f3xx_it.c ****   /* USER CODE BEGIN SVCall_IRQn 0 */
 148:Src/stm32f3xx_it.c **** 
 149:Src/stm32f3xx_it.c ****   /* USER CODE END SVCall_IRQn 0 */
 150:Src/stm32f3xx_it.c ****   /* USER CODE BEGIN SVCall_IRQn 1 */
 151:Src/stm32f3xx_it.c **** 
 152:Src/stm32f3xx_it.c ****   /* USER CODE END SVCall_IRQn 1 */
 153:Src/stm32f3xx_it.c **** }
 137              		.loc 1 153 0
 138 0000 7047     		bx	lr
 139              		.cfi_endproc
 140              	.LFE131:
 142              		.section	.text.DebugMon_Handler,"ax",%progbits
 143              		.align	1
 144              		.global	DebugMon_Handler
ARM GAS  /var/folders/k_/r2bh2pj93_jff4n9gmtn9jvr0000gn/T//ccSVfMWr.s 			page 6


 145              		.syntax unified
 146              		.thumb
 147              		.thumb_func
 148              		.fpu fpv4-sp-d16
 150              	DebugMon_Handler:
 151              	.LFB132:
 154:Src/stm32f3xx_it.c **** 
 155:Src/stm32f3xx_it.c **** /**
 156:Src/stm32f3xx_it.c ****   * @brief This function handles Debug monitor.
 157:Src/stm32f3xx_it.c ****   */
 158:Src/stm32f3xx_it.c **** void DebugMon_Handler(void)
 159:Src/stm32f3xx_it.c **** {
 152              		.loc 1 159 0
 153              		.cfi_startproc
 154              		@ args = 0, pretend = 0, frame = 0
 155              		@ frame_needed = 0, uses_anonymous_args = 0
 156              		@ link register save eliminated.
 160:Src/stm32f3xx_it.c ****   /* USER CODE BEGIN DebugMonitor_IRQn 0 */
 161:Src/stm32f3xx_it.c **** 
 162:Src/stm32f3xx_it.c ****   /* USER CODE END DebugMonitor_IRQn 0 */
 163:Src/stm32f3xx_it.c ****   /* USER CODE BEGIN DebugMonitor_IRQn 1 */
 164:Src/stm32f3xx_it.c **** 
 165:Src/stm32f3xx_it.c ****   /* USER CODE END DebugMonitor_IRQn 1 */
 166:Src/stm32f3xx_it.c **** }
 157              		.loc 1 166 0
 158 0000 7047     		bx	lr
 159              		.cfi_endproc
 160              	.LFE132:
 162              		.section	.text.PendSV_Handler,"ax",%progbits
 163              		.align	1
 164              		.global	PendSV_Handler
 165              		.syntax unified
 166              		.thumb
 167              		.thumb_func
 168              		.fpu fpv4-sp-d16
 170              	PendSV_Handler:
 171              	.LFB133:
 167:Src/stm32f3xx_it.c **** 
 168:Src/stm32f3xx_it.c **** /**
 169:Src/stm32f3xx_it.c ****   * @brief This function handles Pendable request for system service.
 170:Src/stm32f3xx_it.c ****   */
 171:Src/stm32f3xx_it.c **** void PendSV_Handler(void)
 172:Src/stm32f3xx_it.c **** {
 172              		.loc 1 172 0
 173              		.cfi_startproc
 174              		@ args = 0, pretend = 0, frame = 0
 175              		@ frame_needed = 0, uses_anonymous_args = 0
 176              		@ link register save eliminated.
 173:Src/stm32f3xx_it.c ****   /* USER CODE BEGIN PendSV_IRQn 0 */
 174:Src/stm32f3xx_it.c **** 
 175:Src/stm32f3xx_it.c ****   /* USER CODE END PendSV_IRQn 0 */
 176:Src/stm32f3xx_it.c ****   /* USER CODE BEGIN PendSV_IRQn 1 */
 177:Src/stm32f3xx_it.c **** 
 178:Src/stm32f3xx_it.c ****   /* USER CODE END PendSV_IRQn 1 */
 179:Src/stm32f3xx_it.c **** }
 177              		.loc 1 179 0
 178 0000 7047     		bx	lr
ARM GAS  /var/folders/k_/r2bh2pj93_jff4n9gmtn9jvr0000gn/T//ccSVfMWr.s 			page 7


 179              		.cfi_endproc
 180              	.LFE133:
 182              		.section	.text.SysTick_Handler,"ax",%progbits
 183              		.align	1
 184              		.global	SysTick_Handler
 185              		.syntax unified
 186              		.thumb
 187              		.thumb_func
 188              		.fpu fpv4-sp-d16
 190              	SysTick_Handler:
 191              	.LFB134:
 180:Src/stm32f3xx_it.c **** 
 181:Src/stm32f3xx_it.c **** /**
 182:Src/stm32f3xx_it.c ****   * @brief This function handles System tick timer.
 183:Src/stm32f3xx_it.c ****   */
 184:Src/stm32f3xx_it.c **** void SysTick_Handler(void)
 185:Src/stm32f3xx_it.c **** {
 192              		.loc 1 185 0
 193              		.cfi_startproc
 194              		@ args = 0, pretend = 0, frame = 0
 195              		@ frame_needed = 0, uses_anonymous_args = 0
 196 0000 08B5     		push	{r3, lr}
 197              	.LCFI0:
 198              		.cfi_def_cfa_offset 8
 199              		.cfi_offset 3, -8
 200              		.cfi_offset 14, -4
 186:Src/stm32f3xx_it.c ****   /* USER CODE BEGIN SysTick_IRQn 0 */
 187:Src/stm32f3xx_it.c **** 
 188:Src/stm32f3xx_it.c ****   /* USER CODE END SysTick_IRQn 0 */
 189:Src/stm32f3xx_it.c ****   HAL_IncTick();
 201              		.loc 1 189 0
 202 0002 FFF7FEFF 		bl	HAL_IncTick
 203              	.LVL0:
 190:Src/stm32f3xx_it.c ****   /* USER CODE BEGIN SysTick_IRQn 1 */
 191:Src/stm32f3xx_it.c **** 
 192:Src/stm32f3xx_it.c ****   /* USER CODE END SysTick_IRQn 1 */
 193:Src/stm32f3xx_it.c **** }
 204              		.loc 1 193 0
 205 0006 08BD     		pop	{r3, pc}
 206              		.cfi_endproc
 207              	.LFE134:
 209              		.section	.text.EXTI3_IRQHandler,"ax",%progbits
 210              		.align	1
 211              		.global	EXTI3_IRQHandler
 212              		.syntax unified
 213              		.thumb
 214              		.thumb_func
 215              		.fpu fpv4-sp-d16
 217              	EXTI3_IRQHandler:
 218              	.LFB135:
 194:Src/stm32f3xx_it.c **** 
 195:Src/stm32f3xx_it.c **** /******************************************************************************/
 196:Src/stm32f3xx_it.c **** /* STM32F3xx Peripheral Interrupt Handlers                                    */
 197:Src/stm32f3xx_it.c **** /* Add here the Interrupt Handlers for the used peripherals.                  */
 198:Src/stm32f3xx_it.c **** /* For the available peripheral interrupt handler names,                      */
 199:Src/stm32f3xx_it.c **** /* please refer to the startup file (startup_stm32f3xx.s).                    */
 200:Src/stm32f3xx_it.c **** /******************************************************************************/
ARM GAS  /var/folders/k_/r2bh2pj93_jff4n9gmtn9jvr0000gn/T//ccSVfMWr.s 			page 8


 201:Src/stm32f3xx_it.c **** 
 202:Src/stm32f3xx_it.c **** /**
 203:Src/stm32f3xx_it.c ****   * @brief This function handles EXTI line3 interrupt.
 204:Src/stm32f3xx_it.c ****   */
 205:Src/stm32f3xx_it.c **** void EXTI3_IRQHandler(void)
 206:Src/stm32f3xx_it.c **** {
 219              		.loc 1 206 0
 220              		.cfi_startproc
 221              		@ args = 0, pretend = 0, frame = 0
 222              		@ frame_needed = 0, uses_anonymous_args = 0
 223 0000 08B5     		push	{r3, lr}
 224              	.LCFI1:
 225              		.cfi_def_cfa_offset 8
 226              		.cfi_offset 3, -8
 227              		.cfi_offset 14, -4
 207:Src/stm32f3xx_it.c ****   /* USER CODE BEGIN EXTI3_IRQn 0 */
 208:Src/stm32f3xx_it.c **** 
 209:Src/stm32f3xx_it.c ****   /* USER CODE END EXTI3_IRQn 0 */
 210:Src/stm32f3xx_it.c ****   HAL_GPIO_EXTI_IRQHandler(GPIO_PIN_3);
 228              		.loc 1 210 0
 229 0002 0820     		movs	r0, #8
 230 0004 FFF7FEFF 		bl	HAL_GPIO_EXTI_IRQHandler
 231              	.LVL1:
 211:Src/stm32f3xx_it.c ****   /* USER CODE BEGIN EXTI3_IRQn 1 */
 212:Src/stm32f3xx_it.c **** 
 213:Src/stm32f3xx_it.c ****   /* USER CODE END EXTI3_IRQn 1 */
 214:Src/stm32f3xx_it.c **** }
 232              		.loc 1 214 0
 233 0008 08BD     		pop	{r3, pc}
 234              		.cfi_endproc
 235              	.LFE135:
 237              		.section	.text.EXTI9_5_IRQHandler,"ax",%progbits
 238              		.align	1
 239              		.global	EXTI9_5_IRQHandler
 240              		.syntax unified
 241              		.thumb
 242              		.thumb_func
 243              		.fpu fpv4-sp-d16
 245              	EXTI9_5_IRQHandler:
 246              	.LFB136:
 215:Src/stm32f3xx_it.c **** 
 216:Src/stm32f3xx_it.c **** /**
 217:Src/stm32f3xx_it.c ****   * @brief This function handles EXTI line[9:5] interrupts.
 218:Src/stm32f3xx_it.c ****   */
 219:Src/stm32f3xx_it.c **** void EXTI9_5_IRQHandler(void)
 220:Src/stm32f3xx_it.c **** {
 247              		.loc 1 220 0
 248              		.cfi_startproc
 249              		@ args = 0, pretend = 0, frame = 0
 250              		@ frame_needed = 0, uses_anonymous_args = 0
 251 0000 08B5     		push	{r3, lr}
 252              	.LCFI2:
 253              		.cfi_def_cfa_offset 8
 254              		.cfi_offset 3, -8
 255              		.cfi_offset 14, -4
 221:Src/stm32f3xx_it.c ****   /* USER CODE BEGIN EXTI9_5_IRQn 0 */
 222:Src/stm32f3xx_it.c **** 
ARM GAS  /var/folders/k_/r2bh2pj93_jff4n9gmtn9jvr0000gn/T//ccSVfMWr.s 			page 9


 223:Src/stm32f3xx_it.c ****   /* USER CODE END EXTI9_5_IRQn 0 */
 224:Src/stm32f3xx_it.c ****   HAL_GPIO_EXTI_IRQHandler(GPIO_PIN_5);
 256              		.loc 1 224 0
 257 0002 2020     		movs	r0, #32
 258 0004 FFF7FEFF 		bl	HAL_GPIO_EXTI_IRQHandler
 259              	.LVL2:
 225:Src/stm32f3xx_it.c ****   HAL_GPIO_EXTI_IRQHandler(GPIO_PIN_8);
 260              		.loc 1 225 0
 261 0008 4FF48070 		mov	r0, #256
 262 000c FFF7FEFF 		bl	HAL_GPIO_EXTI_IRQHandler
 263              	.LVL3:
 226:Src/stm32f3xx_it.c ****   HAL_GPIO_EXTI_IRQHandler(GPIO_PIN_9);
 264              		.loc 1 226 0
 265 0010 4FF40070 		mov	r0, #512
 266 0014 FFF7FEFF 		bl	HAL_GPIO_EXTI_IRQHandler
 267              	.LVL4:
 227:Src/stm32f3xx_it.c ****   /* USER CODE BEGIN EXTI9_5_IRQn 1 */
 228:Src/stm32f3xx_it.c **** 
 229:Src/stm32f3xx_it.c ****   /* USER CODE END EXTI9_5_IRQn 1 */
 230:Src/stm32f3xx_it.c **** }
 268              		.loc 1 230 0
 269 0018 08BD     		pop	{r3, pc}
 270              		.cfi_endproc
 271              	.LFE136:
 273              		.section	.text.DMA2_Channel3_IRQHandler,"ax",%progbits
 274              		.align	1
 275              		.global	DMA2_Channel3_IRQHandler
 276              		.syntax unified
 277              		.thumb
 278              		.thumb_func
 279              		.fpu fpv4-sp-d16
 281              	DMA2_Channel3_IRQHandler:
 282              	.LFB137:
 231:Src/stm32f3xx_it.c **** 
 232:Src/stm32f3xx_it.c **** /**
 233:Src/stm32f3xx_it.c ****   * @brief This function handles DMA2 channel3 global interrupt.
 234:Src/stm32f3xx_it.c ****   */
 235:Src/stm32f3xx_it.c **** void DMA2_Channel3_IRQHandler(void)
 236:Src/stm32f3xx_it.c **** {
 283              		.loc 1 236 0
 284              		.cfi_startproc
 285              		@ args = 0, pretend = 0, frame = 0
 286              		@ frame_needed = 0, uses_anonymous_args = 0
 287 0000 08B5     		push	{r3, lr}
 288              	.LCFI3:
 289              		.cfi_def_cfa_offset 8
 290              		.cfi_offset 3, -8
 291              		.cfi_offset 14, -4
 237:Src/stm32f3xx_it.c ****   /* USER CODE BEGIN DMA2_Channel3_IRQn 0 */
 238:Src/stm32f3xx_it.c **** 
 239:Src/stm32f3xx_it.c ****   /* USER CODE END DMA2_Channel3_IRQn 0 */
 240:Src/stm32f3xx_it.c ****   HAL_DMA_IRQHandler(&hdma_sdadc1);
 292              		.loc 1 240 0
 293 0002 0248     		ldr	r0, .L21
 294 0004 FFF7FEFF 		bl	HAL_DMA_IRQHandler
 295              	.LVL5:
 241:Src/stm32f3xx_it.c ****   /* USER CODE BEGIN DMA2_Channel3_IRQn 1 */
ARM GAS  /var/folders/k_/r2bh2pj93_jff4n9gmtn9jvr0000gn/T//ccSVfMWr.s 			page 10


 242:Src/stm32f3xx_it.c **** 
 243:Src/stm32f3xx_it.c ****   /* USER CODE END DMA2_Channel3_IRQn 1 */
 244:Src/stm32f3xx_it.c **** }
 296              		.loc 1 244 0
 297 0008 08BD     		pop	{r3, pc}
 298              	.L22:
 299 000a 00BF     		.align	2
 300              	.L21:
 301 000c 00000000 		.word	hdma_sdadc1
 302              		.cfi_endproc
 303              	.LFE137:
 305              		.section	.text.DMA2_Channel4_IRQHandler,"ax",%progbits
 306              		.align	1
 307              		.global	DMA2_Channel4_IRQHandler
 308              		.syntax unified
 309              		.thumb
 310              		.thumb_func
 311              		.fpu fpv4-sp-d16
 313              	DMA2_Channel4_IRQHandler:
 314              	.LFB138:
 245:Src/stm32f3xx_it.c **** 
 246:Src/stm32f3xx_it.c **** /**
 247:Src/stm32f3xx_it.c ****   * @brief This function handles DMA2 channel4 global interrupt.
 248:Src/stm32f3xx_it.c ****   */
 249:Src/stm32f3xx_it.c **** void DMA2_Channel4_IRQHandler(void)
 250:Src/stm32f3xx_it.c **** {
 315              		.loc 1 250 0
 316              		.cfi_startproc
 317              		@ args = 0, pretend = 0, frame = 0
 318              		@ frame_needed = 0, uses_anonymous_args = 0
 319 0000 08B5     		push	{r3, lr}
 320              	.LCFI4:
 321              		.cfi_def_cfa_offset 8
 322              		.cfi_offset 3, -8
 323              		.cfi_offset 14, -4
 251:Src/stm32f3xx_it.c ****   /* USER CODE BEGIN DMA2_Channel4_IRQn 0 */
 252:Src/stm32f3xx_it.c **** 
 253:Src/stm32f3xx_it.c ****   /* USER CODE END DMA2_Channel4_IRQn 0 */
 254:Src/stm32f3xx_it.c ****   HAL_DMA_IRQHandler(&hdma_sdadc2);
 324              		.loc 1 254 0
 325 0002 0248     		ldr	r0, .L25
 326 0004 FFF7FEFF 		bl	HAL_DMA_IRQHandler
 327              	.LVL6:
 255:Src/stm32f3xx_it.c ****   /* USER CODE BEGIN DMA2_Channel4_IRQn 1 */
 256:Src/stm32f3xx_it.c **** 
 257:Src/stm32f3xx_it.c ****   /* USER CODE END DMA2_Channel4_IRQn 1 */
 258:Src/stm32f3xx_it.c **** }
 328              		.loc 1 258 0
 329 0008 08BD     		pop	{r3, pc}
 330              	.L26:
 331 000a 00BF     		.align	2
 332              	.L25:
 333 000c 00000000 		.word	hdma_sdadc2
 334              		.cfi_endproc
 335              	.LFE138:
 337              		.section	.text.DMA2_Channel5_IRQHandler,"ax",%progbits
 338              		.align	1
ARM GAS  /var/folders/k_/r2bh2pj93_jff4n9gmtn9jvr0000gn/T//ccSVfMWr.s 			page 11


 339              		.global	DMA2_Channel5_IRQHandler
 340              		.syntax unified
 341              		.thumb
 342              		.thumb_func
 343              		.fpu fpv4-sp-d16
 345              	DMA2_Channel5_IRQHandler:
 346              	.LFB139:
 259:Src/stm32f3xx_it.c **** 
 260:Src/stm32f3xx_it.c **** /**
 261:Src/stm32f3xx_it.c ****   * @brief This function handles DMA2 channel5 global interrupt.
 262:Src/stm32f3xx_it.c ****   */
 263:Src/stm32f3xx_it.c **** void DMA2_Channel5_IRQHandler(void)
 264:Src/stm32f3xx_it.c **** {
 347              		.loc 1 264 0
 348              		.cfi_startproc
 349              		@ args = 0, pretend = 0, frame = 0
 350              		@ frame_needed = 0, uses_anonymous_args = 0
 351 0000 08B5     		push	{r3, lr}
 352              	.LCFI5:
 353              		.cfi_def_cfa_offset 8
 354              		.cfi_offset 3, -8
 355              		.cfi_offset 14, -4
 265:Src/stm32f3xx_it.c ****   /* USER CODE BEGIN DMA2_Channel5_IRQn 0 */
 266:Src/stm32f3xx_it.c **** 
 267:Src/stm32f3xx_it.c ****   /* USER CODE END DMA2_Channel5_IRQn 0 */
 268:Src/stm32f3xx_it.c ****   HAL_DMA_IRQHandler(&hdma_sdadc3);
 356              		.loc 1 268 0
 357 0002 0248     		ldr	r0, .L29
 358 0004 FFF7FEFF 		bl	HAL_DMA_IRQHandler
 359              	.LVL7:
 269:Src/stm32f3xx_it.c ****   /* USER CODE BEGIN DMA2_Channel5_IRQn 1 */
 270:Src/stm32f3xx_it.c **** 
 271:Src/stm32f3xx_it.c ****   /* USER CODE END DMA2_Channel5_IRQn 1 */
 272:Src/stm32f3xx_it.c **** }
 360              		.loc 1 272 0
 361 0008 08BD     		pop	{r3, pc}
 362              	.L30:
 363 000a 00BF     		.align	2
 364              	.L29:
 365 000c 00000000 		.word	hdma_sdadc3
 366              		.cfi_endproc
 367              	.LFE139:
 369              		.text
 370              	.Letext0:
 371              		.file 2 "/usr/local/Cellar/arm-none-eabi-gcc/7-2018-q2-update/gcc/arm-none-eabi/include/machine/_d
 372              		.file 3 "/usr/local/Cellar/arm-none-eabi-gcc/7-2018-q2-update/gcc/arm-none-eabi/include/sys/_stdin
 373              		.file 4 "Drivers/CMSIS/Include/core_cm4.h"
 374              		.file 5 "Drivers/CMSIS/Device/ST/STM32F3xx/Include/system_stm32f3xx.h"
 375              		.file 6 "Drivers/CMSIS/Device/ST/STM32F3xx/Include/stm32f373xc.h"
 376              		.file 7 "/usr/local/Cellar/arm-none-eabi-gcc/7-2018-q2-update/gcc/arm-none-eabi/include/sys/lock.h
 377              		.file 8 "/usr/local/Cellar/arm-none-eabi-gcc/7-2018-q2-update/gcc/arm-none-eabi/include/sys/_types
 378              		.file 9 "/usr/local/Cellar/arm-none-eabi-gcc/7-2018-q2-update/gcc/lib/gcc/arm-none-eabi/7.3.1/incl
 379              		.file 10 "/usr/local/Cellar/arm-none-eabi-gcc/7-2018-q2-update/gcc/arm-none-eabi/include/sys/reent
 380              		.file 11 "Drivers/STM32F3xx_HAL_Driver/Inc/stm32f3xx_hal_def.h"
 381              		.file 12 "Drivers/STM32F3xx_HAL_Driver/Inc/stm32f3xx_hal_dma.h"
 382              		.file 13 "Drivers/STM32F3xx_HAL_Driver/Inc/stm32f3xx_hal.h"
 383              		.file 14 "Drivers/STM32F3xx_HAL_Driver/Inc/stm32f3xx_hal_gpio.h"
ARM GAS  /var/folders/k_/r2bh2pj93_jff4n9gmtn9jvr0000gn/T//ccSVfMWr.s 			page 12


ARM GAS  /var/folders/k_/r2bh2pj93_jff4n9gmtn9jvr0000gn/T//ccSVfMWr.s 			page 13


DEFINED SYMBOLS
                            *ABS*:0000000000000000 stm32f3xx_it.c
/var/folders/k_/r2bh2pj93_jff4n9gmtn9jvr0000gn/T//ccSVfMWr.s:18     .text.NMI_Handler:0000000000000000 $t
/var/folders/k_/r2bh2pj93_jff4n9gmtn9jvr0000gn/T//ccSVfMWr.s:25     .text.NMI_Handler:0000000000000000 NMI_Handler
/var/folders/k_/r2bh2pj93_jff4n9gmtn9jvr0000gn/T//ccSVfMWr.s:39     .text.HardFault_Handler:0000000000000000 $t
/var/folders/k_/r2bh2pj93_jff4n9gmtn9jvr0000gn/T//ccSVfMWr.s:46     .text.HardFault_Handler:0000000000000000 HardFault_Handler
/var/folders/k_/r2bh2pj93_jff4n9gmtn9jvr0000gn/T//ccSVfMWr.s:60     .text.MemManage_Handler:0000000000000000 $t
/var/folders/k_/r2bh2pj93_jff4n9gmtn9jvr0000gn/T//ccSVfMWr.s:67     .text.MemManage_Handler:0000000000000000 MemManage_Handler
/var/folders/k_/r2bh2pj93_jff4n9gmtn9jvr0000gn/T//ccSVfMWr.s:81     .text.BusFault_Handler:0000000000000000 $t
/var/folders/k_/r2bh2pj93_jff4n9gmtn9jvr0000gn/T//ccSVfMWr.s:88     .text.BusFault_Handler:0000000000000000 BusFault_Handler
/var/folders/k_/r2bh2pj93_jff4n9gmtn9jvr0000gn/T//ccSVfMWr.s:102    .text.UsageFault_Handler:0000000000000000 $t
/var/folders/k_/r2bh2pj93_jff4n9gmtn9jvr0000gn/T//ccSVfMWr.s:109    .text.UsageFault_Handler:0000000000000000 UsageFault_Handler
/var/folders/k_/r2bh2pj93_jff4n9gmtn9jvr0000gn/T//ccSVfMWr.s:123    .text.SVC_Handler:0000000000000000 $t
/var/folders/k_/r2bh2pj93_jff4n9gmtn9jvr0000gn/T//ccSVfMWr.s:130    .text.SVC_Handler:0000000000000000 SVC_Handler
/var/folders/k_/r2bh2pj93_jff4n9gmtn9jvr0000gn/T//ccSVfMWr.s:143    .text.DebugMon_Handler:0000000000000000 $t
/var/folders/k_/r2bh2pj93_jff4n9gmtn9jvr0000gn/T//ccSVfMWr.s:150    .text.DebugMon_Handler:0000000000000000 DebugMon_Handler
/var/folders/k_/r2bh2pj93_jff4n9gmtn9jvr0000gn/T//ccSVfMWr.s:163    .text.PendSV_Handler:0000000000000000 $t
/var/folders/k_/r2bh2pj93_jff4n9gmtn9jvr0000gn/T//ccSVfMWr.s:170    .text.PendSV_Handler:0000000000000000 PendSV_Handler
/var/folders/k_/r2bh2pj93_jff4n9gmtn9jvr0000gn/T//ccSVfMWr.s:183    .text.SysTick_Handler:0000000000000000 $t
/var/folders/k_/r2bh2pj93_jff4n9gmtn9jvr0000gn/T//ccSVfMWr.s:190    .text.SysTick_Handler:0000000000000000 SysTick_Handler
/var/folders/k_/r2bh2pj93_jff4n9gmtn9jvr0000gn/T//ccSVfMWr.s:210    .text.EXTI3_IRQHandler:0000000000000000 $t
/var/folders/k_/r2bh2pj93_jff4n9gmtn9jvr0000gn/T//ccSVfMWr.s:217    .text.EXTI3_IRQHandler:0000000000000000 EXTI3_IRQHandler
/var/folders/k_/r2bh2pj93_jff4n9gmtn9jvr0000gn/T//ccSVfMWr.s:238    .text.EXTI9_5_IRQHandler:0000000000000000 $t
/var/folders/k_/r2bh2pj93_jff4n9gmtn9jvr0000gn/T//ccSVfMWr.s:245    .text.EXTI9_5_IRQHandler:0000000000000000 EXTI9_5_IRQHandler
/var/folders/k_/r2bh2pj93_jff4n9gmtn9jvr0000gn/T//ccSVfMWr.s:274    .text.DMA2_Channel3_IRQHandler:0000000000000000 $t
/var/folders/k_/r2bh2pj93_jff4n9gmtn9jvr0000gn/T//ccSVfMWr.s:281    .text.DMA2_Channel3_IRQHandler:0000000000000000 DMA2_Channel3_IRQHandler
/var/folders/k_/r2bh2pj93_jff4n9gmtn9jvr0000gn/T//ccSVfMWr.s:301    .text.DMA2_Channel3_IRQHandler:000000000000000c $d
/var/folders/k_/r2bh2pj93_jff4n9gmtn9jvr0000gn/T//ccSVfMWr.s:306    .text.DMA2_Channel4_IRQHandler:0000000000000000 $t
/var/folders/k_/r2bh2pj93_jff4n9gmtn9jvr0000gn/T//ccSVfMWr.s:313    .text.DMA2_Channel4_IRQHandler:0000000000000000 DMA2_Channel4_IRQHandler
/var/folders/k_/r2bh2pj93_jff4n9gmtn9jvr0000gn/T//ccSVfMWr.s:333    .text.DMA2_Channel4_IRQHandler:000000000000000c $d
/var/folders/k_/r2bh2pj93_jff4n9gmtn9jvr0000gn/T//ccSVfMWr.s:338    .text.DMA2_Channel5_IRQHandler:0000000000000000 $t
/var/folders/k_/r2bh2pj93_jff4n9gmtn9jvr0000gn/T//ccSVfMWr.s:345    .text.DMA2_Channel5_IRQHandler:0000000000000000 DMA2_Channel5_IRQHandler
/var/folders/k_/r2bh2pj93_jff4n9gmtn9jvr0000gn/T//ccSVfMWr.s:365    .text.DMA2_Channel5_IRQHandler:000000000000000c $d

UNDEFINED SYMBOLS
HAL_IncTick
HAL_GPIO_EXTI_IRQHandler
HAL_DMA_IRQHandler
hdma_sdadc1
hdma_sdadc2
hdma_sdadc3
