ARM GAS  /var/folders/80/65lm4rm97rv_n74c85vt01040000gn/T//ccWDebSk.s 			page 1


   1              		.cpu cortex-m4
   2              		.eabi_attribute 27, 1
   3              		.eabi_attribute 28, 1
   4              		.eabi_attribute 20, 1
   5              		.eabi_attribute 21, 1
   6              		.eabi_attribute 23, 3
   7              		.eabi_attribute 24, 1
   8              		.eabi_attribute 25, 1
   9              		.eabi_attribute 26, 1
  10              		.eabi_attribute 30, 1
  11              		.eabi_attribute 34, 1
  12              		.eabi_attribute 18, 4
  13              		.file	"system_stm32f3xx.c"
  14              		.text
  15              	.Ltext0:
  16              		.cfi_sections	.debug_frame
  17              		.section	.text.SystemInit,"ax",%progbits
  18              		.align	1
  19              		.global	SystemInit
  20              		.arch armv7e-m
  21              		.syntax unified
  22              		.thumb
  23              		.thumb_func
  24              		.fpu fpv4-sp-d16
  26              	SystemInit:
  27              	.LFB126:
  28              		.file 1 "Src/system_stm32f3xx.c"
   1:Src/system_stm32f3xx.c **** /**
   2:Src/system_stm32f3xx.c ****   ******************************************************************************
   3:Src/system_stm32f3xx.c ****   * @file    system_stm32f3xx.c
   4:Src/system_stm32f3xx.c ****   * @author  MCD Application Team
   5:Src/system_stm32f3xx.c ****   * @brief   CMSIS Cortex-M4 Device Peripheral Access Layer System Source File.
   6:Src/system_stm32f3xx.c ****   *
   7:Src/system_stm32f3xx.c ****   * 1. This file provides two functions and one global variable to be called from
   8:Src/system_stm32f3xx.c ****   *    user application:
   9:Src/system_stm32f3xx.c ****   *      - SystemInit(): This function is called at startup just after reset and 
  10:Src/system_stm32f3xx.c ****   *                      before branch to main program. This call is made inside
  11:Src/system_stm32f3xx.c ****   *                      the "startup_stm32f3xx.s" file.
  12:Src/system_stm32f3xx.c ****   *
  13:Src/system_stm32f3xx.c ****   *      - SystemCoreClock variable: Contains the core clock (HCLK), it can be used
  14:Src/system_stm32f3xx.c ****   *                                  by the user application to setup the SysTick
  15:Src/system_stm32f3xx.c ****   *                                  timer or configure other parameters.
  16:Src/system_stm32f3xx.c ****   *
  17:Src/system_stm32f3xx.c ****   *      - SystemCoreClockUpdate(): Updates the variable SystemCoreClock and must
  18:Src/system_stm32f3xx.c ****   *                                 be called whenever the core clock is changed
  19:Src/system_stm32f3xx.c ****   *                                 during program execution.
  20:Src/system_stm32f3xx.c ****   *
  21:Src/system_stm32f3xx.c ****   * 2. After each device reset the HSI (8 MHz) is used as system clock source.
  22:Src/system_stm32f3xx.c ****   *    Then SystemInit() function is called, in "startup_stm32f3xx.s" file, to
  23:Src/system_stm32f3xx.c ****   *    configure the system clock before to branch to main program.
  24:Src/system_stm32f3xx.c ****   *
  25:Src/system_stm32f3xx.c ****   * 3. This file configures the system clock as follows:
  26:Src/system_stm32f3xx.c ****   *=============================================================================
  27:Src/system_stm32f3xx.c ****   *                         Supported STM32F3xx device
  28:Src/system_stm32f3xx.c ****   *-----------------------------------------------------------------------------
  29:Src/system_stm32f3xx.c ****   *        System Clock source                    | HSI
  30:Src/system_stm32f3xx.c ****   *-----------------------------------------------------------------------------
ARM GAS  /var/folders/80/65lm4rm97rv_n74c85vt01040000gn/T//ccWDebSk.s 			page 2


  31:Src/system_stm32f3xx.c ****   *        SYSCLK(Hz)                             | 8000000
  32:Src/system_stm32f3xx.c ****   *-----------------------------------------------------------------------------
  33:Src/system_stm32f3xx.c ****   *        HCLK(Hz)                               | 8000000
  34:Src/system_stm32f3xx.c ****   *-----------------------------------------------------------------------------
  35:Src/system_stm32f3xx.c ****   *        AHB Prescaler                          | 1
  36:Src/system_stm32f3xx.c ****   *-----------------------------------------------------------------------------
  37:Src/system_stm32f3xx.c ****   *        APB2 Prescaler                         | 1
  38:Src/system_stm32f3xx.c ****   *-----------------------------------------------------------------------------
  39:Src/system_stm32f3xx.c ****   *        APB1 Prescaler                         | 1
  40:Src/system_stm32f3xx.c ****   *-----------------------------------------------------------------------------
  41:Src/system_stm32f3xx.c ****   *        USB Clock                              | DISABLE
  42:Src/system_stm32f3xx.c ****   *-----------------------------------------------------------------------------
  43:Src/system_stm32f3xx.c ****   *=============================================================================
  44:Src/system_stm32f3xx.c ****   ******************************************************************************
  45:Src/system_stm32f3xx.c ****   * @attention
  46:Src/system_stm32f3xx.c ****   *
  47:Src/system_stm32f3xx.c ****   * <h2><center>&copy; Copyright (c) 2016 STMicroelectronics.
  48:Src/system_stm32f3xx.c ****   * All rights reserved.</center></h2>
  49:Src/system_stm32f3xx.c ****   *
  50:Src/system_stm32f3xx.c ****   * This software component is licensed by ST under BSD 3-Clause license,
  51:Src/system_stm32f3xx.c ****   * the "License"; You may not use this file except in compliance with the
  52:Src/system_stm32f3xx.c ****   * License. You may obtain a copy of the License at:
  53:Src/system_stm32f3xx.c ****   *                        opensource.org/licenses/BSD-3-Clause
  54:Src/system_stm32f3xx.c ****   *
  55:Src/system_stm32f3xx.c ****   ******************************************************************************
  56:Src/system_stm32f3xx.c ****   */
  57:Src/system_stm32f3xx.c **** 
  58:Src/system_stm32f3xx.c **** /** @addtogroup CMSIS
  59:Src/system_stm32f3xx.c ****   * @{
  60:Src/system_stm32f3xx.c ****   */
  61:Src/system_stm32f3xx.c **** 
  62:Src/system_stm32f3xx.c **** /** @addtogroup stm32f3xx_system
  63:Src/system_stm32f3xx.c ****   * @{
  64:Src/system_stm32f3xx.c ****   */
  65:Src/system_stm32f3xx.c **** 
  66:Src/system_stm32f3xx.c **** /** @addtogroup STM32F3xx_System_Private_Includes
  67:Src/system_stm32f3xx.c ****   * @{
  68:Src/system_stm32f3xx.c ****   */
  69:Src/system_stm32f3xx.c **** 
  70:Src/system_stm32f3xx.c **** #include "stm32f3xx.h"
  71:Src/system_stm32f3xx.c **** 
  72:Src/system_stm32f3xx.c **** /**
  73:Src/system_stm32f3xx.c ****   * @}
  74:Src/system_stm32f3xx.c ****   */
  75:Src/system_stm32f3xx.c **** 
  76:Src/system_stm32f3xx.c **** /** @addtogroup STM32F3xx_System_Private_TypesDefinitions
  77:Src/system_stm32f3xx.c ****   * @{
  78:Src/system_stm32f3xx.c ****   */
  79:Src/system_stm32f3xx.c **** 
  80:Src/system_stm32f3xx.c **** /**
  81:Src/system_stm32f3xx.c ****   * @}
  82:Src/system_stm32f3xx.c ****   */
  83:Src/system_stm32f3xx.c **** 
  84:Src/system_stm32f3xx.c **** /** @addtogroup STM32F3xx_System_Private_Defines
  85:Src/system_stm32f3xx.c ****   * @{
  86:Src/system_stm32f3xx.c ****   */
  87:Src/system_stm32f3xx.c **** #if !defined  (HSE_VALUE) 
ARM GAS  /var/folders/80/65lm4rm97rv_n74c85vt01040000gn/T//ccWDebSk.s 			page 3


  88:Src/system_stm32f3xx.c ****   #define HSE_VALUE    ((uint32_t)8000000) /*!< Default value of the External oscillator in Hz.
  89:Src/system_stm32f3xx.c ****                                                 This value can be provided and adapted by the user 
  90:Src/system_stm32f3xx.c **** #endif /* HSE_VALUE */
  91:Src/system_stm32f3xx.c **** 
  92:Src/system_stm32f3xx.c **** #if !defined  (HSI_VALUE)
  93:Src/system_stm32f3xx.c ****   #define HSI_VALUE    ((uint32_t)8000000) /*!< Default value of the Internal oscillator in Hz.
  94:Src/system_stm32f3xx.c ****                                                 This value can be provided and adapted by the user 
  95:Src/system_stm32f3xx.c **** #endif /* HSI_VALUE */
  96:Src/system_stm32f3xx.c **** 
  97:Src/system_stm32f3xx.c **** /*!< Uncomment the following line if you need to relocate your vector Table in
  98:Src/system_stm32f3xx.c ****      Internal SRAM. */
  99:Src/system_stm32f3xx.c **** /* #define VECT_TAB_SRAM */
 100:Src/system_stm32f3xx.c **** #define VECT_TAB_OFFSET  0x0 /*!< Vector Table base offset field.
 101:Src/system_stm32f3xx.c ****                                   This value must be a multiple of 0x200. */
 102:Src/system_stm32f3xx.c **** /**
 103:Src/system_stm32f3xx.c ****   * @}
 104:Src/system_stm32f3xx.c ****   */
 105:Src/system_stm32f3xx.c **** 
 106:Src/system_stm32f3xx.c **** /** @addtogroup STM32F3xx_System_Private_Macros
 107:Src/system_stm32f3xx.c ****   * @{
 108:Src/system_stm32f3xx.c ****   */
 109:Src/system_stm32f3xx.c **** 
 110:Src/system_stm32f3xx.c **** /**
 111:Src/system_stm32f3xx.c ****   * @}
 112:Src/system_stm32f3xx.c ****   */
 113:Src/system_stm32f3xx.c **** 
 114:Src/system_stm32f3xx.c **** /** @addtogroup STM32F3xx_System_Private_Variables
 115:Src/system_stm32f3xx.c ****   * @{
 116:Src/system_stm32f3xx.c ****   */
 117:Src/system_stm32f3xx.c ****   /* This variable is updated in three ways:
 118:Src/system_stm32f3xx.c ****       1) by calling CMSIS function SystemCoreClockUpdate()
 119:Src/system_stm32f3xx.c ****       2) by calling HAL API function HAL_RCC_GetHCLKFreq()
 120:Src/system_stm32f3xx.c ****       3) each time HAL_RCC_ClockConfig() is called to configure the system clock frequency
 121:Src/system_stm32f3xx.c ****          Note: If you use this function to configure the system clock there is no need to
 122:Src/system_stm32f3xx.c ****                call the 2 first functions listed above, since SystemCoreClock variable is 
 123:Src/system_stm32f3xx.c ****                updated automatically.
 124:Src/system_stm32f3xx.c ****   */
 125:Src/system_stm32f3xx.c **** uint32_t SystemCoreClock = 8000000;
 126:Src/system_stm32f3xx.c **** 
 127:Src/system_stm32f3xx.c **** const uint8_t AHBPrescTable[16] = {0, 0, 0, 0, 0, 0, 0, 0, 1, 2, 3, 4, 6, 7, 8, 9};
 128:Src/system_stm32f3xx.c **** const uint8_t APBPrescTable[8]  = {0, 0, 0, 0, 1, 2, 3, 4};
 129:Src/system_stm32f3xx.c **** 
 130:Src/system_stm32f3xx.c **** /**
 131:Src/system_stm32f3xx.c ****   * @}
 132:Src/system_stm32f3xx.c ****   */
 133:Src/system_stm32f3xx.c **** 
 134:Src/system_stm32f3xx.c **** /** @addtogroup STM32F3xx_System_Private_FunctionPrototypes
 135:Src/system_stm32f3xx.c ****   * @{
 136:Src/system_stm32f3xx.c ****   */
 137:Src/system_stm32f3xx.c **** 
 138:Src/system_stm32f3xx.c **** /**
 139:Src/system_stm32f3xx.c ****   * @}
 140:Src/system_stm32f3xx.c ****   */
 141:Src/system_stm32f3xx.c **** 
 142:Src/system_stm32f3xx.c **** /** @addtogroup STM32F3xx_System_Private_Functions
 143:Src/system_stm32f3xx.c ****   * @{
 144:Src/system_stm32f3xx.c ****   */
ARM GAS  /var/folders/80/65lm4rm97rv_n74c85vt01040000gn/T//ccWDebSk.s 			page 4


 145:Src/system_stm32f3xx.c **** 
 146:Src/system_stm32f3xx.c **** /**
 147:Src/system_stm32f3xx.c ****   * @brief  Setup the microcontroller system
 148:Src/system_stm32f3xx.c ****   * @param  None
 149:Src/system_stm32f3xx.c ****   * @retval None
 150:Src/system_stm32f3xx.c ****   */
 151:Src/system_stm32f3xx.c **** void SystemInit(void)
 152:Src/system_stm32f3xx.c **** {
  29              		.loc 1 152 1 view -0
  30              		.cfi_startproc
  31              		@ args = 0, pretend = 0, frame = 0
  32              		@ frame_needed = 0, uses_anonymous_args = 0
  33              		@ link register save eliminated.
 153:Src/system_stm32f3xx.c **** /* FPU settings --------------------------------------------------------------*/
 154:Src/system_stm32f3xx.c **** #if (__FPU_PRESENT == 1) && (__FPU_USED == 1)
 155:Src/system_stm32f3xx.c ****   SCB->CPACR |= ((3UL << 10*2)|(3UL << 11*2));  /* set CP10 and CP11 Full Access */
  34              		.loc 1 155 3 view .LVU1
  35              		.loc 1 155 14 is_stmt 0 view .LVU2
  36 0000 054B     		ldr	r3, .L2
  37 0002 D3F88820 		ldr	r2, [r3, #136]
  38 0006 42F47002 		orr	r2, r2, #15728640
  39 000a C3F88820 		str	r2, [r3, #136]
 156:Src/system_stm32f3xx.c **** #endif
 157:Src/system_stm32f3xx.c **** 
 158:Src/system_stm32f3xx.c **** #ifdef VECT_TAB_SRAM
 159:Src/system_stm32f3xx.c ****   SCB->VTOR = SRAM_BASE | VECT_TAB_OFFSET; /* Vector Table Relocation in Internal SRAM */
 160:Src/system_stm32f3xx.c **** #else
 161:Src/system_stm32f3xx.c ****   SCB->VTOR = FLASH_BASE | VECT_TAB_OFFSET; /* Vector Table Relocation in Internal FLASH */
  40              		.loc 1 161 3 is_stmt 1 view .LVU3
  41              		.loc 1 161 13 is_stmt 0 view .LVU4
  42 000e 4FF00062 		mov	r2, #134217728
  43 0012 9A60     		str	r2, [r3, #8]
 162:Src/system_stm32f3xx.c **** #endif
 163:Src/system_stm32f3xx.c **** }
  44              		.loc 1 163 1 view .LVU5
  45 0014 7047     		bx	lr
  46              	.L3:
  47 0016 00BF     		.align	2
  48              	.L2:
  49 0018 00ED00E0 		.word	-536810240
  50              		.cfi_endproc
  51              	.LFE126:
  53              		.section	.text.SystemCoreClockUpdate,"ax",%progbits
  54              		.align	1
  55              		.global	SystemCoreClockUpdate
  56              		.syntax unified
  57              		.thumb
  58              		.thumb_func
  59              		.fpu fpv4-sp-d16
  61              	SystemCoreClockUpdate:
  62              	.LFB127:
 164:Src/system_stm32f3xx.c **** 
 165:Src/system_stm32f3xx.c **** /**
 166:Src/system_stm32f3xx.c ****    * @brief  Update SystemCoreClock variable according to Clock Register Values.
 167:Src/system_stm32f3xx.c ****   *         The SystemCoreClock variable contains the core clock (HCLK), it can
 168:Src/system_stm32f3xx.c ****   *         be used by the user application to setup the SysTick timer or configure
 169:Src/system_stm32f3xx.c ****   *         other parameters.
ARM GAS  /var/folders/80/65lm4rm97rv_n74c85vt01040000gn/T//ccWDebSk.s 			page 5


 170:Src/system_stm32f3xx.c ****   *
 171:Src/system_stm32f3xx.c ****   * @note   Each time the core clock (HCLK) changes, this function must be called
 172:Src/system_stm32f3xx.c ****   *         to update SystemCoreClock variable value. Otherwise, any configuration
 173:Src/system_stm32f3xx.c ****   *         based on this variable will be incorrect.
 174:Src/system_stm32f3xx.c ****   *
 175:Src/system_stm32f3xx.c ****   * @note   - The system frequency computed by this function is not the real
 176:Src/system_stm32f3xx.c ****   *           frequency in the chip. It is calculated based on the predefined
 177:Src/system_stm32f3xx.c ****   *           constant and the selected clock source:
 178:Src/system_stm32f3xx.c ****   *
 179:Src/system_stm32f3xx.c ****   *           - If SYSCLK source is HSI, SystemCoreClock will contain the HSI_VALUE(*)
 180:Src/system_stm32f3xx.c ****   *
 181:Src/system_stm32f3xx.c ****   *           - If SYSCLK source is HSE, SystemCoreClock will contain the HSE_VALUE(**)
 182:Src/system_stm32f3xx.c ****   *
 183:Src/system_stm32f3xx.c ****   *           - If SYSCLK source is PLL, SystemCoreClock will contain the HSE_VALUE(**)
 184:Src/system_stm32f3xx.c ****   *             or HSI_VALUE(*) multiplied/divided by the PLL factors.
 185:Src/system_stm32f3xx.c ****   *
 186:Src/system_stm32f3xx.c ****   *         (*) HSI_VALUE is a constant defined in stm32f3xx_hal.h file (default value
 187:Src/system_stm32f3xx.c ****   *             8 MHz) but the real value may vary depending on the variations
 188:Src/system_stm32f3xx.c ****   *             in voltage and temperature.
 189:Src/system_stm32f3xx.c ****   *
 190:Src/system_stm32f3xx.c ****   *         (**) HSE_VALUE is a constant defined in stm32f3xx_hal.h file (default value
 191:Src/system_stm32f3xx.c ****   *              8 MHz), user has to ensure that HSE_VALUE is same as the real
 192:Src/system_stm32f3xx.c ****   *              frequency of the crystal used. Otherwise, this function may
 193:Src/system_stm32f3xx.c ****   *              have wrong result.
 194:Src/system_stm32f3xx.c ****   *
 195:Src/system_stm32f3xx.c ****   *         - The result of this function could be not correct when using fractional
 196:Src/system_stm32f3xx.c ****   *           value for HSE crystal.
 197:Src/system_stm32f3xx.c ****   *
 198:Src/system_stm32f3xx.c ****   * @param  None
 199:Src/system_stm32f3xx.c ****   * @retval None
 200:Src/system_stm32f3xx.c ****   */
 201:Src/system_stm32f3xx.c **** void SystemCoreClockUpdate (void)
 202:Src/system_stm32f3xx.c **** {
  63              		.loc 1 202 1 is_stmt 1 view -0
  64              		.cfi_startproc
  65              		@ args = 0, pretend = 0, frame = 0
  66              		@ frame_needed = 0, uses_anonymous_args = 0
  67              		@ link register save eliminated.
 203:Src/system_stm32f3xx.c ****   uint32_t tmp = 0, pllmull = 0, pllsource = 0, predivfactor = 0;
  68              		.loc 1 203 3 view .LVU7
  69              	.LVL0:
 204:Src/system_stm32f3xx.c **** 
 205:Src/system_stm32f3xx.c ****   /* Get SYSCLK source -------------------------------------------------------*/
 206:Src/system_stm32f3xx.c ****   tmp = RCC->CFGR & RCC_CFGR_SWS;
  70              		.loc 1 206 3 view .LVU8
  71              		.loc 1 206 12 is_stmt 0 view .LVU9
  72 0000 1D4B     		ldr	r3, .L11
  73 0002 5B68     		ldr	r3, [r3, #4]
  74              		.loc 1 206 7 view .LVU10
  75 0004 03F00C03 		and	r3, r3, #12
  76              	.LVL1:
 207:Src/system_stm32f3xx.c **** 
 208:Src/system_stm32f3xx.c ****   switch (tmp)
  77              		.loc 1 208 3 is_stmt 1 view .LVU11
  78 0008 042B     		cmp	r3, #4
  79 000a 14D0     		beq	.L5
  80 000c 082B     		cmp	r3, #8
ARM GAS  /var/folders/80/65lm4rm97rv_n74c85vt01040000gn/T//ccWDebSk.s 			page 6


  81 000e 16D0     		beq	.L6
  82 0010 1BB1     		cbz	r3, .L10
 209:Src/system_stm32f3xx.c ****   {
 210:Src/system_stm32f3xx.c ****     case RCC_CFGR_SWS_HSI:  /* HSI used as system clock */
 211:Src/system_stm32f3xx.c ****       SystemCoreClock = HSI_VALUE;
 212:Src/system_stm32f3xx.c ****       break;
 213:Src/system_stm32f3xx.c ****     case RCC_CFGR_SWS_HSE:  /* HSE used as system clock */
 214:Src/system_stm32f3xx.c ****       SystemCoreClock = HSE_VALUE;
 215:Src/system_stm32f3xx.c ****       break;
 216:Src/system_stm32f3xx.c ****     case RCC_CFGR_SWS_PLL:  /* PLL used as system clock */
 217:Src/system_stm32f3xx.c ****       /* Get PLL clock source and multiplication factor ----------------------*/
 218:Src/system_stm32f3xx.c ****       pllmull = RCC->CFGR & RCC_CFGR_PLLMUL;
 219:Src/system_stm32f3xx.c ****       pllsource = RCC->CFGR & RCC_CFGR_PLLSRC;
 220:Src/system_stm32f3xx.c ****       pllmull = ( pllmull >> 18) + 2;
 221:Src/system_stm32f3xx.c **** 
 222:Src/system_stm32f3xx.c **** #if defined (STM32F302xE) || defined (STM32F303xE) || defined (STM32F398xx)
 223:Src/system_stm32f3xx.c ****         predivfactor = (RCC->CFGR2 & RCC_CFGR2_PREDIV) + 1;
 224:Src/system_stm32f3xx.c ****       if (pllsource == RCC_CFGR_PLLSRC_HSE_PREDIV)
 225:Src/system_stm32f3xx.c ****       {
 226:Src/system_stm32f3xx.c ****         /* HSE oscillator clock selected as PREDIV1 clock entry */
 227:Src/system_stm32f3xx.c ****         SystemCoreClock = (HSE_VALUE / predivfactor) * pllmull;
 228:Src/system_stm32f3xx.c ****       }
 229:Src/system_stm32f3xx.c ****       else
 230:Src/system_stm32f3xx.c ****       {
 231:Src/system_stm32f3xx.c ****         /* HSI oscillator clock selected as PREDIV1 clock entry */
 232:Src/system_stm32f3xx.c ****         SystemCoreClock = (HSI_VALUE / predivfactor) * pllmull;
 233:Src/system_stm32f3xx.c ****       }
 234:Src/system_stm32f3xx.c **** #else      
 235:Src/system_stm32f3xx.c ****       if (pllsource == RCC_CFGR_PLLSRC_HSI_DIV2)
 236:Src/system_stm32f3xx.c ****       {
 237:Src/system_stm32f3xx.c ****         /* HSI oscillator clock divided by 2 selected as PLL clock entry */
 238:Src/system_stm32f3xx.c ****         SystemCoreClock = (HSI_VALUE >> 1) * pllmull;
 239:Src/system_stm32f3xx.c ****       }
 240:Src/system_stm32f3xx.c ****       else
 241:Src/system_stm32f3xx.c ****       {
 242:Src/system_stm32f3xx.c ****         predivfactor = (RCC->CFGR2 & RCC_CFGR2_PREDIV) + 1;
 243:Src/system_stm32f3xx.c ****         /* HSE oscillator clock selected as PREDIV1 clock entry */
 244:Src/system_stm32f3xx.c ****         SystemCoreClock = (HSE_VALUE / predivfactor) * pllmull;
 245:Src/system_stm32f3xx.c ****       }
 246:Src/system_stm32f3xx.c **** #endif /* STM32F302xE || STM32F303xE || STM32F398xx */
 247:Src/system_stm32f3xx.c ****       break;
 248:Src/system_stm32f3xx.c ****     default: /* HSI used as system clock */
 249:Src/system_stm32f3xx.c ****       SystemCoreClock = HSI_VALUE;
  83              		.loc 1 249 7 view .LVU12
  84              		.loc 1 249 23 is_stmt 0 view .LVU13
  85 0012 1A4B     		ldr	r3, .L11+4
  86              	.LVL2:
  87              		.loc 1 249 23 view .LVU14
  88 0014 1A4A     		ldr	r2, .L11+8
  89 0016 1A60     		str	r2, [r3]
 250:Src/system_stm32f3xx.c ****       break;
  90              		.loc 1 250 7 is_stmt 1 view .LVU15
  91 0018 02E0     		b	.L8
  92              	.LVL3:
  93              	.L10:
 211:Src/system_stm32f3xx.c ****       break;
  94              		.loc 1 211 7 view .LVU16
ARM GAS  /var/folders/80/65lm4rm97rv_n74c85vt01040000gn/T//ccWDebSk.s 			page 7


 211:Src/system_stm32f3xx.c ****       break;
  95              		.loc 1 211 23 is_stmt 0 view .LVU17
  96 001a 184B     		ldr	r3, .L11+4
  97              	.LVL4:
 211:Src/system_stm32f3xx.c ****       break;
  98              		.loc 1 211 23 view .LVU18
  99 001c 184A     		ldr	r2, .L11+8
 100 001e 1A60     		str	r2, [r3]
 212:Src/system_stm32f3xx.c ****     case RCC_CFGR_SWS_HSE:  /* HSE used as system clock */
 101              		.loc 1 212 7 is_stmt 1 view .LVU19
 102              	.LVL5:
 103              	.L8:
 251:Src/system_stm32f3xx.c ****   }
 252:Src/system_stm32f3xx.c ****   /* Compute HCLK clock frequency ----------------*/
 253:Src/system_stm32f3xx.c ****   /* Get HCLK prescaler */
 254:Src/system_stm32f3xx.c ****   tmp = AHBPrescTable[((RCC->CFGR & RCC_CFGR_HPRE) >> 4)];
 104              		.loc 1 254 3 view .LVU20
 105              		.loc 1 254 28 is_stmt 0 view .LVU21
 106 0020 154B     		ldr	r3, .L11
 107 0022 5B68     		ldr	r3, [r3, #4]
 108              		.loc 1 254 52 view .LVU22
 109 0024 C3F30313 		ubfx	r3, r3, #4, #4
 110              		.loc 1 254 22 view .LVU23
 111 0028 164A     		ldr	r2, .L11+12
 112 002a D15C     		ldrb	r1, [r2, r3]	@ zero_extendqisi2
 113              	.LVL6:
 255:Src/system_stm32f3xx.c ****   /* HCLK clock frequency */
 256:Src/system_stm32f3xx.c ****   SystemCoreClock >>= tmp;
 114              		.loc 1 256 3 is_stmt 1 view .LVU24
 115              		.loc 1 256 19 is_stmt 0 view .LVU25
 116 002c 134A     		ldr	r2, .L11+4
 117 002e 1368     		ldr	r3, [r2]
 118 0030 CB40     		lsrs	r3, r3, r1
 119 0032 1360     		str	r3, [r2]
 257:Src/system_stm32f3xx.c **** }
 120              		.loc 1 257 1 view .LVU26
 121 0034 7047     		bx	lr
 122              	.LVL7:
 123              	.L5:
 214:Src/system_stm32f3xx.c ****       break;
 124              		.loc 1 214 7 is_stmt 1 view .LVU27
 214:Src/system_stm32f3xx.c ****       break;
 125              		.loc 1 214 23 is_stmt 0 view .LVU28
 126 0036 114B     		ldr	r3, .L11+4
 127              	.LVL8:
 214:Src/system_stm32f3xx.c ****       break;
 128              		.loc 1 214 23 view .LVU29
 129 0038 114A     		ldr	r2, .L11+8
 130 003a 1A60     		str	r2, [r3]
 215:Src/system_stm32f3xx.c ****     case RCC_CFGR_SWS_PLL:  /* PLL used as system clock */
 131              		.loc 1 215 7 is_stmt 1 view .LVU30
 132 003c F0E7     		b	.L8
 133              	.LVL9:
 134              	.L6:
 218:Src/system_stm32f3xx.c ****       pllsource = RCC->CFGR & RCC_CFGR_PLLSRC;
 135              		.loc 1 218 7 view .LVU31
 218:Src/system_stm32f3xx.c ****       pllsource = RCC->CFGR & RCC_CFGR_PLLSRC;
ARM GAS  /var/folders/80/65lm4rm97rv_n74c85vt01040000gn/T//ccWDebSk.s 			page 8


 136              		.loc 1 218 20 is_stmt 0 view .LVU32
 137 003e 0E4A     		ldr	r2, .L11
 138 0040 5368     		ldr	r3, [r2, #4]
 139              	.LVL10:
 219:Src/system_stm32f3xx.c ****       pllmull = ( pllmull >> 18) + 2;
 140              		.loc 1 219 7 is_stmt 1 view .LVU33
 219:Src/system_stm32f3xx.c ****       pllmull = ( pllmull >> 18) + 2;
 141              		.loc 1 219 22 is_stmt 0 view .LVU34
 142 0042 5268     		ldr	r2, [r2, #4]
 143              	.LVL11:
 220:Src/system_stm32f3xx.c **** 
 144              		.loc 1 220 7 is_stmt 1 view .LVU35
 220:Src/system_stm32f3xx.c **** 
 145              		.loc 1 220 27 is_stmt 0 view .LVU36
 146 0044 C3F38343 		ubfx	r3, r3, #18, #4
 147              	.LVL12:
 220:Src/system_stm32f3xx.c **** 
 148              		.loc 1 220 15 view .LVU37
 149 0048 0233     		adds	r3, r3, #2
 150              	.LVL13:
 235:Src/system_stm32f3xx.c ****       {
 151              		.loc 1 235 7 is_stmt 1 view .LVU38
 235:Src/system_stm32f3xx.c ****       {
 152              		.loc 1 235 10 is_stmt 0 view .LVU39
 153 004a 12F4803F 		tst	r2, #65536
 154 004e 05D1     		bne	.L9
 238:Src/system_stm32f3xx.c ****       }
 155              		.loc 1 238 9 is_stmt 1 view .LVU40
 238:Src/system_stm32f3xx.c ****       }
 156              		.loc 1 238 44 is_stmt 0 view .LVU41
 157 0050 0D4A     		ldr	r2, .L11+16
 158              	.LVL14:
 238:Src/system_stm32f3xx.c ****       }
 159              		.loc 1 238 44 view .LVU42
 160 0052 02FB03F3 		mul	r3, r2, r3
 161              	.LVL15:
 238:Src/system_stm32f3xx.c ****       }
 162              		.loc 1 238 25 view .LVU43
 163 0056 094A     		ldr	r2, .L11+4
 164 0058 1360     		str	r3, [r2]
 165 005a E1E7     		b	.L8
 166              	.LVL16:
 167              	.L9:
 242:Src/system_stm32f3xx.c ****         /* HSE oscillator clock selected as PREDIV1 clock entry */
 168              		.loc 1 242 9 is_stmt 1 view .LVU44
 242:Src/system_stm32f3xx.c ****         /* HSE oscillator clock selected as PREDIV1 clock entry */
 169              		.loc 1 242 28 is_stmt 0 view .LVU45
 170 005c 064A     		ldr	r2, .L11
 171              	.LVL17:
 242:Src/system_stm32f3xx.c ****         /* HSE oscillator clock selected as PREDIV1 clock entry */
 172              		.loc 1 242 28 view .LVU46
 173 005e D26A     		ldr	r2, [r2, #44]
 242:Src/system_stm32f3xx.c ****         /* HSE oscillator clock selected as PREDIV1 clock entry */
 174              		.loc 1 242 36 view .LVU47
 175 0060 02F00F02 		and	r2, r2, #15
 242:Src/system_stm32f3xx.c ****         /* HSE oscillator clock selected as PREDIV1 clock entry */
 176              		.loc 1 242 22 view .LVU48
ARM GAS  /var/folders/80/65lm4rm97rv_n74c85vt01040000gn/T//ccWDebSk.s 			page 9


 177 0064 511C     		adds	r1, r2, #1
 178              	.LVL18:
 244:Src/system_stm32f3xx.c ****       }
 179              		.loc 1 244 9 is_stmt 1 view .LVU49
 244:Src/system_stm32f3xx.c ****       }
 180              		.loc 1 244 38 is_stmt 0 view .LVU50
 181 0066 064A     		ldr	r2, .L11+8
 182 0068 B2FBF1F2 		udiv	r2, r2, r1
 244:Src/system_stm32f3xx.c ****       }
 183              		.loc 1 244 54 view .LVU51
 184 006c 02FB03F3 		mul	r3, r2, r3
 185              	.LVL19:
 244:Src/system_stm32f3xx.c ****       }
 186              		.loc 1 244 25 view .LVU52
 187 0070 024A     		ldr	r2, .L11+4
 188 0072 1360     		str	r3, [r2]
 189 0074 D4E7     		b	.L8
 190              	.L12:
 191 0076 00BF     		.align	2
 192              	.L11:
 193 0078 00100240 		.word	1073876992
 194 007c 00000000 		.word	.LANCHOR0
 195 0080 00127A00 		.word	8000000
 196 0084 00000000 		.word	.LANCHOR1
 197 0088 00093D00 		.word	4000000
 198              		.cfi_endproc
 199              	.LFE127:
 201              		.global	APBPrescTable
 202              		.global	AHBPrescTable
 203              		.global	SystemCoreClock
 204              		.section	.data.SystemCoreClock,"aw"
 205              		.align	2
 206              		.set	.LANCHOR0,. + 0
 209              	SystemCoreClock:
 210 0000 00127A00 		.word	8000000
 211              		.section	.rodata.AHBPrescTable,"a"
 212              		.align	2
 213              		.set	.LANCHOR1,. + 0
 216              	AHBPrescTable:
 217 0000 00000000 		.ascii	"\000\000\000\000\000\000\000\000\001\002\003\004\006"
 217      00000000 
 217      01020304 
 217      06
 218 000d 070809   		.ascii	"\007\010\011"
 219              		.section	.rodata.APBPrescTable,"a"
 220              		.align	2
 223              	APBPrescTable:
 224 0000 00000000 		.ascii	"\000\000\000\000\001\002\003\004"
 224      01020304 
 225              		.text
 226              	.Letext0:
 227              		.file 2 "/usr/local/Caskroom/gcc-arm-embedded/10-2020-q4-major/gcc-arm-none-eabi-10-2020-q4-major/
 228              		.file 3 "/usr/local/Caskroom/gcc-arm-embedded/10-2020-q4-major/gcc-arm-none-eabi-10-2020-q4-major/
 229              		.file 4 "Drivers/CMSIS/Include/core_cm4.h"
 230              		.file 5 "Drivers/CMSIS/Device/ST/STM32F3xx/Include/system_stm32f3xx.h"
 231              		.file 6 "Drivers/CMSIS/Device/ST/STM32F3xx/Include/stm32f373xc.h"
ARM GAS  /var/folders/80/65lm4rm97rv_n74c85vt01040000gn/T//ccWDebSk.s 			page 10


DEFINED SYMBOLS
                            *ABS*:0000000000000000 system_stm32f3xx.c
/var/folders/80/65lm4rm97rv_n74c85vt01040000gn/T//ccWDebSk.s:18     .text.SystemInit:0000000000000000 $t
/var/folders/80/65lm4rm97rv_n74c85vt01040000gn/T//ccWDebSk.s:26     .text.SystemInit:0000000000000000 SystemInit
/var/folders/80/65lm4rm97rv_n74c85vt01040000gn/T//ccWDebSk.s:49     .text.SystemInit:0000000000000018 $d
/var/folders/80/65lm4rm97rv_n74c85vt01040000gn/T//ccWDebSk.s:54     .text.SystemCoreClockUpdate:0000000000000000 $t
/var/folders/80/65lm4rm97rv_n74c85vt01040000gn/T//ccWDebSk.s:61     .text.SystemCoreClockUpdate:0000000000000000 SystemCoreClockUpdate
/var/folders/80/65lm4rm97rv_n74c85vt01040000gn/T//ccWDebSk.s:193    .text.SystemCoreClockUpdate:0000000000000078 $d
/var/folders/80/65lm4rm97rv_n74c85vt01040000gn/T//ccWDebSk.s:223    .rodata.APBPrescTable:0000000000000000 APBPrescTable
/var/folders/80/65lm4rm97rv_n74c85vt01040000gn/T//ccWDebSk.s:216    .rodata.AHBPrescTable:0000000000000000 AHBPrescTable
/var/folders/80/65lm4rm97rv_n74c85vt01040000gn/T//ccWDebSk.s:209    .data.SystemCoreClock:0000000000000000 SystemCoreClock
/var/folders/80/65lm4rm97rv_n74c85vt01040000gn/T//ccWDebSk.s:205    .data.SystemCoreClock:0000000000000000 $d
/var/folders/80/65lm4rm97rv_n74c85vt01040000gn/T//ccWDebSk.s:212    .rodata.AHBPrescTable:0000000000000000 $d
/var/folders/80/65lm4rm97rv_n74c85vt01040000gn/T//ccWDebSk.s:220    .rodata.APBPrescTable:0000000000000000 $d

NO UNDEFINED SYMBOLS
